115
265
231
213
226
212
147
112
158
118
122
129
147
151
117
106
95
99
89
101
106
131
114
102
141
151
181
127
131
149
148
137
136
146
153
184
148
180
179
187
173
232
169
177
250
216
245
214
176
175
174
180
244
194
194
368
199
198
174
213
173
218
336
359
370
467
381
368
346
283
339
382
274
234
190
209
237
261
224
187
134
123
143
160
139
141
169
174
165
185
294
182
231
195
227
188
335
219
204
223
259
249
253
350
327
256
217
210
244
207
186
213
274
275
313
280
228
254
262
431
261
266
293
295
264
227
215
172
145
135
131
181
139
143
106
113
111
100
105
102
159
136
178
199
178
198
143
99
144
97
94
103
105
116
114
116
122
150
131
229
145
171
142
141
149
158
152
153
160
177
175
180
177
299
177
182
177
218
241
196
237
215
269
231
225
251
234
242
190
221
293
207
259
269
249
173
170
237
268
239
219
212
275
275
281
254
275
197
203
229
201
244
250
167
199
213
246
322
266
201
280
195
218
198
272
234
223
217
262
244
348
351
311
253
210
288
258
262
237
221
172
223
243
208
269
230
222
279
242
203
309
243
226
214
253
243
234
204
228
296
265
224
226
187
223
231
210
265
278
291
365
341
298
266
247
227
180
198
200
172
199
217
260
212
213
197
191
234
223
229
63
300
218
244
209
216
178
201
353
207
192
208
225
227
269
332
326
348
390
270
207
213
205
229
400
428
351
311
202
282
227
189
199
191
226
229
198
176
193
189
222
316
330
278
310
315
375
346
264
313
284
351
405
370
385
390
345
337
368
372
84
333
338
272
224
284
237
229
230
231
205
222
251
204
192
206
186
209
223
229
166
209
201
185
224
222
289
286
277
268
254
253
267
267
273
272
196
211
204
216
202
223
226
187
324
197
231
290
387
485
308
300
256
268
256
237
277
280
217
209
218
237
212
227
201
184
205
224
217
232
403
262
248
217
181
212
232
208
251
221
185
233
209
189
224
265
246
266
248
260
228
247
310
292
248
216
334
196
211
226
185
184
213
212
199
281
237
286
261
223
248
230
219
267
223
292
256
202
184
220
256
212
221
247
235
282
240
264
275
222
234
218
199
173
209
276
279
220
236
268
274
275
263
255
234
261
219
224
165
212
226
263
286
270
275
293
279
280
265
271
260
263
249
217
273
241
215
215
221
235
276
247
222
275
273
371
390
453
346
293
348
282
274
228
251
229
251
239
245
232
234
307
261
210
337
349
246
243
190
204
242
243
274
214
192
157
151
144
142
148
144
115
123
150
133
126
127
135
146
137
145
222
159
158
179
187
187
219
226
238
246
260
215
202
226
196
221
207
186
215
224
250
231
216
224
206
221
247
205
184
212
227
222
212
250
249
388
288
320
281
259
319
242
347
319
205
275
235
246
359
318
342
257
489
260
307
310
201
192
172
153
271
193
128
144
151
156
158
152
159
186
162
173
193
172
160
143
139
155
180
111
111
144
106
104
120
127
147
146
197
190
161
170
167
137
143
148
156
149
148
208
156
185
219
171
201
162
193
258
202
243
212
226
241
197
217
221
241
252
242
359
328
222
228
242
274
254
242
241
197
245
355
263
239
248
263
290
307
240
214
239
229
250
253
265
269
226
220
263
274
274
231
234
262
249
227
212
263
331
222
244
281
301
313
221
242
255
219
228
232
276
348
254
259
248
255
298
312
241
291
316
258
232
264
256
273
278
211
253
285
285
299
202
268
298
233
252
281
278
282
267
239
270
266
265
328
272
307
302
323
335
406
449
310
291
391
265
280
319
306
280
219
204
181
193
242
347
356
348
261
265
295
390
306
179
314
263
309
228
307
291
196
284
177
246
413
230
247
210
217
216
387
532
399
466
387
344
356
358
333
387
382
394
366
350
373
335
341
336
339
297
320
337
316
327
361
362
389
342
347
385
394
357
381
346
397
412
439
413
445
451
408
415
433
489
546
495
623
494
570
576
567
543
517
510
528
534
512
559
567
545
565
555
564
554
532
529
545
530
507
485
575
527
513
552
493
591
572
558
506
500
452
467
492
467
500
477
458
498
507
526
551
493
517
468
443
513
447
532
488
466
470
433
495
430
497
448
380
442
453
441
503
462
476
496
493
490
480
453
415
415
476
474
501
506
505
467
476
414
432
476
372
461
383
444
386
374
314
330
297
369
341
314
328
324
362
348
284
297
326
327
268
333
335
406
364
295
341
385
420
461
488
545
509
513
532
487
477
502
446
382
456
510
475
494
381
424
456
445
493
480
471
504
461
479
399
467
572
522
510
525
524
464
449
545
405
481
566
419
483
485
533
466
525
474
472
437
502
492
456
334
394
429
442
464
554
529
488
470
533
525
506
479
429
458
459
578
553
512
485
488
449
392
470
519
535
498
390
385
402
441
457
514
510
390
537
545
461
504
439
410
453
443
489
431
373
413
451
547
521
403
369
377
396
419
432
529
426
471
466
557
503
381
385
461
461
441
440
309
270
248
278
365
361
384
364
338
363
384
398
359
408
306
345
403
428
402
445
416
441
453
442
490
503
458
474
530
593
571
459
533
545
465
612
579
632
626
633
554
496
525
583
581
623
699
637
576
650
564
622
597
553
704
680
461
614
539
566
499
513
566
536
500
611
540
335
188
176
178
238
162
212
164
188
210
176
211
210
209
199
197
220
242
330
421
444
472
450
495
443
472
465
526
517
502
526
509
507
496
517
511
516
515
581
634
589
556
535
565
546
609
501
531
630
525
560
478
451
507
489
594
547
571
486
481
466
500
530
437
442
526
662
598
476
576
556
554
609
579
599
649
571
540
696
536
464
451
513
636
496
513
577
432
429
471
434
395
348
425
388
367
349
356
416
400
448
513
421
379
390
417
466
405
377
389
472
418
469
