27
123
158
148
181
129
121
128
123
160
140
135
197
123
117
124
136
98
114
116
110
111
116
101
104
112
104
97
97
95
92
96
99
93
105
109
123
104
105
110
103
106
103
101
106
105
97
101
107
99
98
103
106
98
105
112
106
106
114
103
109
150
108
103
96
99
100
109
105
108
101
98
103
94
95
106
103
99
99
96
104
101
102
100
103
99
111
100
93
95
90
107
98
111
103
104
100
93
105
93
107
95
91
85
89
78
81
83
83
102
157
100
84
110
81
79
105
76
87
86
88
99
75
78
89
85
98
76
83
82
134
84
77
77
76
43
14
14
224
104
126
109
83
86
79
90
99
88
81
83
97
83
96
99
94
100
82
80
93
73
87
93
80
81
85
89
94
99
90
92
99
95
99
93
94
90
105
86
84
90
93
93
95
92
94
82
97
81
80
80
83
87
109
92
99
94
92
100
89
98
98
85
97
87
85
99
117
95
102
78
105
101
127
91
91
86
87
89
91
81
89
95
86
94
94
85
100
105
89
91
75
92
92
92
84
86
91
106
95
118
113
101
93
87
83
81
86
91
102
94
89
86
166
84
95
125
233
117
127
197
134
122
120
122
156
139
243
133
247
217
178
164
164
206
127
219
144
177
106
95
83
83
185
146
246
151
222
167
129
284
322
172
172
83
84
82
102
79
112
84
91
87
122
79
87
86
100
99
101
102
94
92
76
85
79
75
84
91
89
89
87
84
94
97
90
104
91
93
85
81
93
100
106
94
95
95
96
99
96
90
78
92
99
107
94
94
96
100
104
91
93
96
93
102
102
105
105
95
99
96
87
88
98
89
89
91
84
98
96
136
90
101
79
80
85
84
78
89
98
100
101
97
91
98
94
95
90
94
96
88
96
107
103
98
77
96
100
99
106
100
106
93
96
93
83
90
96
98
103
90
104
98
95
104
93
78
86
95
99
97
93
106
97
92
103
98
84
104
91
103
116
103
100
90
91
85
88
94
93
87
83
95
141
140
87
90
91
86
95
91
99
102
86
90
100
110
97
98
102
97
95
102
90
105
96
135
92
105
107
82
93
91
86
97
99
101
89
97
95
96
94
86
85
100
95
88
99
95
98
86
100
93
91
106
94
88
84
89
80
93
94
95
87
97
95
91
111
91
96
89
127
89
101
95
92
89
79
77
84
88
99
94
87
111
96
102
97
93
101
100
98
148
97
92
94
102
101
104
100
93
95
95
98
107
138
97
72
119
91
108
93
105
96
91
95
97
104
102
103
104
101
100
90
90
102
104
94
96
94
99
94
108
93
88
86
91
93
97
82
92
101
151
103
101
102
96
103
93
102
117
106
108
98
95
97
94
85
77
80
100
99
99
98
97
103
96
100
98
101
100
98
101
96
100
99
99
95
100
95
94
95
94
83
89
104
103
101
96
102
105
98
104
101
99
102
103
92
101
88
105
100
95
97
97
101
122
121
95
84
93
104
97
105
102
100
105
104
114
110
94
95
107
90
95
103
105
92
93
106
99
116
88
89
80
92
98
100
104
103
100
107
89
97
111
98
102
101
97
99
97
104
105
107
102
95
85
101
90
88
80
93
96
99
97
99
101
105
101
101
101
96
101
106
134
105
102
104
102
101
101
103
86
107
116
86
84
86
92
91
92
92
90
96
89
94
86
93
88
91
110
98
88
90
87
91
79
111
97
78
80
105
87
87
77
121
83
119
81
76
75
77
90
93
75
92
94
92
108
170
142
102
85
93
77
78
89
82
80
79
82
79
80
154
281
29
294
265
11
294
213
33
396
193
210
99
169
173
321
16
285
152
236
168
155
196
239
141
130
130
117
124
167
102
88
81
114
107
151
286
94
192
196
157
188
179
176
116
168
143
99
105
86
98
85
106
106
83
88
85
83
78
79
110
89
82
90
85
83
81
82
76
122
136
95
87
82
82
75
85
86
82
83
74
93
86
81
91
101
94
102
78
101
97
87
92
90
92
87
89
126
80
86
96
99
89
88
90
84
89
138
88
101
102
104
93
95
105
98
99
97
82
95
99
93
98
105
120
104
109
108
91
102
102
94
95
86
93
96
80
84
94
90
101
99
102
100
88
94
94
92
108
101
87
93
83
89
82
97
96
102
100
102
102
89
92
97
91
95
99
96
106
106
107
87
96
101
88
94
91
89
89
79
100
103
98
107
102
162
98
97
129
109
91
100
94
84
92
99
96
113
168
113
99
91
93
95
86
83
88
84
96
93
98
96
80
93
81
99
94
87
85
82
90
96
89
120
124
102
93
93
99
93
96
91
99
89
90
92
85
91
90
90
88
97
93
99
92
91
99
96
118
110
93
101
93
97
84
94
96
89
91
93
82
96
90
89
93
92
131
91
87
88
95
80
90
85
82
121
125
139
92
89
92
94
88
94
95
86
95
82
75
87
86
87
86
97
97
88
88
89
82
107
99
94
93
89
86
119
92
93
102
97
93
96
101
93
95
94
96
92
106
103
99
99
93
78
103
106
128
95
94
87
89
97
99
104
97
101
101
153
105
94
101
94
106
103
103
100
91
94
106
92
116
104
98
97
110
93
96
107
111
98
109
103
101
98
104
99
91
96
86
97
99
105
103
99
100
87
110
94
85
90
85
100
114
108
112
105
103
103
103
86
97
108
103
99
102
97
104
102
103
110
88
95
119
95
93
91
104
136
98
106
100
98
100
95
97
107
96
97
101
96
98
93
102
110
100
88
109
98
90
86
82
91
101
105
103
99
107
107
101
99
100
97
102
108
102
102
102
105
102
106
99
99
107
98
93
99
89
93
97
93
91
143
91
90
91
96
94
94
94
89
89
90
90
81
96
82
86
97
164
126
105
105
84
96
98
87
80
85
92
101
89
86
99
105
86
79
85
88
93
87
91
93
81
102
119
82
90
89
99
90
86
86
97
104
102
94
98
92
92
101
105
102
101
103
92
109
94
97
99
93
106
95
90
110
100
111
104
108
104
89
95
103
99
110
102
105
101
105
97
97
102
108
105
103
99
94
91
97
142
101
99
101
107
111
108
98
109
101
105
109
107
102
103
99
104
99
103
99
86
89
118
126
120
86
96
98
91
95
100
93
82
90
94
102
101
107
104
103
101
140
193
161
182
205
205
90
135
226
151
139
301
281
213
185
222
225
206
231
73
152
193
126
175
137
77
195
181
154
85
104
92
182
222
174
16
419
98
122
72
91
40
30
24
21
20
20
18
18
20
19
19
19
23
21
23
982
193
191
241
163
146
131
133
166
149
143
125
131
137
163
94
92
87
88
88
93
83
92
86
88
90
109
96
140
88
93
90
87
88
96
97
94
91
84
138
96
96
96
94
97
93
95
97
93
85
90
91
88
105
124
100
90
94
89
101
107
106
104
107
100
102
103
92
104
103
105
91
90
87
98
93
96
106
87
102
118
109
105
148
96
102
89
95
92
107
98
101
103
96
106
97
97
93
92
96
105
95
105
89
99
70
150
108
95
82
79
81
129
85
78
96
92
90
97
95
94
87
89
95
86
91
91
94
98
101
113
89
111
132
101
103
88
88
87
90
97
105
105
112
104
106
106
112
105
106
106
107
92
94
84
92
165
106
115
110
105
105
105
105
104
106
100
89
94
92
112
104
104
102
99
106
104
105
101
100
96
97
105
87
90
93
92
98
96
86
90
96
106
97
90
92
93
96
89
93
98
96
96
95
107
94
91
120
110
99
95
100
96
97
101
94
98
91
88
101
90
95
99
96
114
91
95
93
136
101
90
86
92
126
97
96
102
91
99
90
95
107
100
109
106
91
97
106
99
105
101
100
103
92
97
147
108
96
88
102
115
135
99
93
88
99
104
96
100
104
90
103
101
105
108
103
110
97
116
105
104
99
92
92
118
88
93
88
94
156
105
108
115
98
108
100
104
89
94
100
96
89
101
92
95
101
101
90
84
93
96
99
110
117
103
113
98
98
97
85
94
94
97
99
96
92
115
103
93
96
90
88
93
93
90
108
117
109
107
95
104
91
98
93
99
91
102
89
95
101
98
90
91
90
90
89
96
95
93
87
95
100
131
119
93
95
100
99
95
92
87
96
102
92
90
138
94
93
100
92
100
97
99
91
115
91
87
95
169
101
90
95
101
97
96
86
90
90
101
94
101
92
97
97
105
92
105
95
98
90
89
89
123
112
103
103
93
94
96
96
99
99
91
99
89
82
94
96
94
100
87
92
107
101
97
99
89
110
112
99
100
96
87
96
96
96
95
137
102
105
95
103
94
100
97
94
102
103
97
90
96
96
95
166
118
106
98
96
94
92
92
96
98
93
97
90
100
92
91
87
93
90
93
93
90
96
110
98
107
99
98
91
89
92
99
103
96
99
97
108
100
105
95
92
98
100
101
94
105
101
113
98
97
96
99
103
107
106
98
98
101
147
91
94
102
93
92
95
117
97
115
107
105
105
106
104
98
103
98
125
98
108
103
104
106
97
101
111
108
93
197
148
169
71
162
166
206
160
152
184
81
200
135
207
166
111
200
255
152
195
170
170
255
175
127
131
123
88
100
136
187
267
248
243
129
131
126
137
128
123
117
133
121
91
88
94
92
85
108
97
85
98
97
94
90
91
94
84
89
93
97
85
85
88
85
77
96
108
102
94
101
104
154
96
91
92
91
90
86
95
96
92
92
91
100
106
98
99
88
90
95
104
107
104
105
104
100
92
100
96
89
93
92
88
94
100
90
93
88
102
103
105
103
107
105
105
99
102
136
116
89
90
100
99
115
104
104
102
91
110
104
101
104
105
102
173
105
114
105
100
108
96
96
114
139
93
94
87
93
135
105
105
98
92
95
114
105
104
107
108
112
108
103
94
90
104
110
103
95
106
113
100
96
94
91
108
102
92
89
95
94
94
103
98
95
89
97
104
94
97
103
107
106
95
99
106
107
108
90
93
106
104
111
117
106
99
100
99
102
108
103
107
106
108
107
136
107
100
107
101
107
88
93
107
112
102
112
108
116
103
112
108
109
102
109
102
103
102
102
109
108
104
107
106
97
103
101
121
109
85
89
115
110
99
97
99
102
113
117
115
111
106
102
107
101
111
113
105
159
90
106
161
95
92
86
90
93
112
106
116
99
130
92
138
113
86
95
101
103
93
91
98
96
99
95
90
98
124
91
116
105
104
110
109
100
104
98
101
99
106
102
104
109
98
97
105
107
98
96
99
99
110
122
124
126
101
89
92
98
97
96
103
95
98
91
92
111
104
103
111
104
108
103
104
108
103
118
113
110
140
105
103
109
112
98
102
108
107
111
107
110
115
109
104
135
107
105
100
107
101
107
87
98
109
113
113
101
122
113
103
105
110
98
93
102
112
99
96
109
95
103
91
108
100
97
106
107
101
117
153
320
180
204
149
160
132
114
137
117
119
96
159
109
113
107
135
107
113
143
118
89
98
96
132
91
94
88
105
91
89
92
106
102
107
155
143
146
109
149
103
203
122
17
220
115
313
222
260
172
139
211
212
166
163
141
260
183
243
299
27
316
166
191
232
177
233
151
177
200
117
107
108
99
101
185
224
29
249
471
252
206
266
281
236
244
205
94
88
99
118
125
133
95
93
87
94
110
108
99
84
130
90
92
100
105
91
88
117
163
157
115
102
97
102
96
105
86
96
93
97
100
92
86
91
98
95
87
87
98
118
98
109
97
129
96
83
93
87
86
98
88
91
86
101
159
114
162
129
117
93
68
91
89
230
142
126
117
97
99
96
91
102
96
91
91
91
99
94
97
87
127
102
100
92
92
92
130
88
107
130
119
90
94
93
94
94
94
97
88
165
93
87
94
101
92
88
89
93
92
101
97
104
92
119
107
120
106
103
111
106
96
95
87
90
97
100
110
100
102
100
90
90
99
100
103
96
105
97
107
128
120
124
120
93
109
100
111
107
124
95
93
92
108
105
99
101
91
105
101
106
108
98
95
101
124
112
112
102
85
102
140
102
98
98
110
109
112
108
102
101
108
129
100
103
104
97
96
103
163
168
171
202
204
121
96
94
107
91
93
102
112
105
92
117
84
106
101
88
122
118
99
113
91
120
108
106
104
113
123
116
102
96
143
134
106
103
101
95
92
90
109
108
101
101
101
101
101
104
104
81
34
48
48
34
26
29
36
26
25
24
29
48
28
34
31
34
24
28
27
22
1227
241
125
151
142
137
308
323
247
197
213
244
213
195
121
103
99
95
106
89
97
99
101
105
114
101
101
89
94
94
93
85
98
102
117
143
101
98
103
94
98
93
108
106
101
100
101
95
99
93
104
98
124
95
95
95
97
105
134
127
119
109
99
98
97
102
95
103
101
107
97
104
105
105
92
100
99
99
100
100
143
107
112
104
160
108
104
103
98
99
98
143
97
96
94
100
105
106
103
99
103
104
103
109
104
111
104
121
113
119
111
149
142
126
106
98
102
97
104
117
108
105
105
116
112
117
113
108
104
108
126
118
122
108
108
104
114
127
118
108
98
112
108
110
98
114
113
170
123
114
104
113
120
119
112
113
113
112
114
106
141
105
120
112
113
104
109
120
109
107
111
111
111
113
121
115
113
104
118
112
116
119
103
115
105
98
120
151
119
112
104
106
100
111
110
117
112
117
116
113
112
114
109
106
107
113
120
115
108
110
109
111
121
125
109
97
99
77
83
111
85
104
79
109
106
84
77
75
71
94
68
136
66
102
77
104
104
114
206
206
25
343
124
192
197
113
188
161
184
200
89
204
128
221
195
122
142
197
163
160
23
205
117
149
220
137
130
149
169
105
112
107
126
285
201
194
267
166
183
143
138
125
116
101
104
126
97
98
99
162
129
117
105
99
124
110
93
101
104
107
104
100
109
108
94
94
109
95
99
96
96
99
105
101
120
120
100
105
91
104
113
102
101
95
96
181
103
109
88
95
89
93
106
94
94
114
104
104
93
101
107
171
145
119
115
99
97
103
101
112
107
121
100
108
106
106
105
109
105
109
111
110
106
117
106
100
121
143
129
119
108
90
108
96
101
105
101
105
102
107
108
110
107
103
114
104
104
117
123
102
113
105
127
125
109
117
113
105
117
108
116
112
117
111
108
109
106
151
103
109
118
177
108
115
106
101
107
122
133
120
104
109
119
106
108
106
108
109
122
130
112
118
124
118
118
101
109
128
101
108
108
111
129
140
110
110
108
115
100
106
110
103
102
117
113
115
109
114
98
102
109
108
104
113
106
120
107
113
120
154
103
116
109
102
105
107
110
113
113
107
114
111
108
108
109
109
154
111
121
120
112
115
126
135
113
107
107
104
108
112
114
112
107
112
109
106
110
124
108
108
114
115
104
115
117
109
117
111
118
126
113
107
101
107
102
112
102
102
107
118
112
118
115
114
119
115
109
116
107
114
114
115
99
117
111
112
143
118
117
106
114
107
118
115
118
106
111
108
150
123
102
111
109
104
110
107
111
139
102
112
129
121
114
106
109
113
120
121
105
106
102
103
108
101
122
112
112
111
117
111
119
127
110
118
106
118
105
103
104
104
104
107
102
101
110
112
115
105
106
110
107
113
106
107
115
109
110
113
117
103
149
110
100
97
119
172
103
110
94
118
105
126
108
98
102
116
116
116
115
124
112
109
109
102
108
116
116
117
112
121
120
121
111
126
105
117
128
109
117
115
111
113
123
121
113
121
113
100
100
99
131
120
132
105
116
117
155
106
107
106
105
103
107
124
111
121
119
129
123
129
120
123
125
146
106
108
120
127
122
116
100
105
103
104
107
102
106
104
115
99
110
104
110
99
95
105
111
110
119
112
110
115
126
121
122
105
118
101
105
112
111
117
113
112
99
107
105
111
111
106
105
112
111
111
118
125
111
114
115
142
145
129
122
116
115
117
112
111
114
103
115
124
127
124
126
132
123
123
117
124
119
118
124
43
47
185
61
56
126
108
115
112
116
128
122
66
113
124
72
53
57
109
122
63
121
66
66
58
59
65
74
90
68
58
58
60
59
62
97
112
115
77
67
62
68
63
73
61
57
62
59
118
123
68
76
134
62
57
56
87
97
63
57
124
129
70
121
62
72
115
67
65
61
122
68
128
73
124
68
64
63
78
133
182
164
87
154
168
168
149
74
83
202
122
147
93
94
70
70
208
134
87
72
71
64
161
77
64
86
91
73
78
111
178
229
269
258
247
105
166
96
100
95
116
57
110
114
65
61
61
112
81
149
100
64
67
57
108
125
62
112
73
59
58
65
59
60
62
57
61
57
61
64
60
119
73
62
82
62
119
114
70
65
59
59
60
128
69
121
123
137
130
73
63
124
68
69
64
114
122
127
60
58
73
76
81
67
70
62
102
102
59
119
58
63
61
65
124
78
61
63
63
112
129
66
62
74
64
67
80
64
83
74
72
128
112
117
72
60
65
124
66
60
129
124
66
74
118
78
67
70
130
69
65
142
92
63
68
120
135
143
128
88
118
81
127
68
117
75
63
65
63
67
67
62
72
63
65
135
79
77
65
74
81
67
125
92
127
134
75
78
131
71
126
74
68
123
133
80
71
63
71
65
64
124
75
144
75
107
158
137
79
63
68
65
78
119
76
73
83
66
71
129
78
64
67
68
63
127
71
121
76
69
75
64
71
75
63
67
66
132
113
76
72
76
75
65
62
67
69
74
128
70
72
126
73
72
75
141
77
76
123
67
123
72
70
80
76
124
74
116
134
77
71
79
115
72
132
136
75
122
70
83
75
88
70
69
122
126
79
68
117
98
64
65
59
71
75
73
76
66
76
70
61
66
62
121
74
68
82
66
64
70
71
67
73
74
125
76
78
72
118
75
124
81
132
81
69
128
81
61
80
66
79
85
65
143
137
74
139
83
136
75
62
137
82
122
140
76
61
134
74
70
76
58
69
71
134
136
86
134
74
111
99
64
78
67
72
121
74
79
121
78
107
77
64
122
135
89
71
68
124
132
133
136
86
131
65
73
68
71
70
131
137
131
71
58
60
122
81
63
131
87
77
68
64
78
72
65
79
136
72
69
121
65
132
85
119
81
120
76
73
75
142
83
128
67
61
129
76
68
61
45
45
47
49
56
47
46
45
45
44
45
43
45
47
43
43
46
46
44
43
46
44
43
43
44
44
44
44
52
86
69
61
46
47
48
46
50
50
50
49
51
56
49
67
58
47
49
49
48
55
53
50
46
49
52
61
70
91
65
55
3739
73
310
176
125
151
176
137
98
107
65
57
67
61
64
62
72
71
113
62
71
88
106
67
64
63
80
119
65
113
66
118
76
63
70
66
75
125
61
61
76
111
75
69
70
81
135
89
130
66
67
108
81
68
63
70
64
63
70
71
109
60
80
78
60
67
68
67
60
65
74
123
313
102
87
168
138
65
45
286
125
97
110
198
167
82
144
158
82
190
123
69
68
113
90
165
93
113
133
74
213
83
236
146
81
160
77
66
120
226
198
230
111
161
154
137
125
179
189
43
68
85
297
88
45
62
108
111
107
60
100
56
118
62
66
100
101
58
63
94
92
62
63
66
59
96
57
54
56
73
79
71
64
61
65
66
60
126
70
67
63
67
119
67
61
111
65
62
108
68
105
67
76
61
66
83
69
63
62
65
62
113
64
86
110
76
106
63
56
66
132
114
70
107
63
58
119
66
65
59
49
58
48
81
109
122
61
62
68
67
69
115
73
53
51
54
56
53
52
63
58
116
65
106
135
66
59
80
119
128
72
60
59
62
58
64
62
79
62
112
76
60
59
59
123
70
110
114
65
114
74
56
96
69
59
119
71
63
124
67
69
71
71
127
135
122
72
61
60
72
66
124
135
85
62
112
65
76
82
69
75
70
72
65
72
69
68
73
73
62
72
111
93
65
65
69
83
122
68
63
64
66
139
69
159
75
72
89
138
82
71
73
87
80
136
69
74
76
68
73
78
70
80
71
73
69
67
71
96
59
81
128
74
69
80
74
74
88
135
142
73
77
73
133
77
73
71
77
74
79
70
68
72
85
240
155
77
121
76
197
75
121
129
88
89
124
75
78
71
135
75
72
67
72
130
73
136
108
148
68
96
91
82
71
75
72
51
52
74
140
74
71
109
72
68
71
127
67
72
63
68
82
63
51
76
296
288
206
71
77
127
79
67
123
64
162
61
70
63
55
59
61
60
57
118
64
63
60
100
104
145
100
72
61
64
119
67
64
109
70
113
82
70
135
77
67
63
57
74
71
63
64
58
63
66
129
143
54
193
53
72
67
60
68
70
66
72
66
154
126
153
66
129
77
74
129
132
71
127
75
58
103
131
66
64
47
81
65
69
77
63
123
129
69
73
130
71
77
70
76
68
73
131
70
73
79
75
120
56
78
74
71
76
171
63
92
127
119
118
73
163
56
77
71
73
67
68
120
66
83
87
68
134
67
161
193
255
149
111
150
172
109
132
88
74
80
77
68
125
68
72
66
60
51
68
67
52
118
67
91
159
102
55
77
71
126
118
69
71
50
72
67
75
75
70
70
66
69
68
70
74
75
70
68
67
72
75
82
120
79
155
89
138
119
78
115
79
69
90
71
72
124
80
75
120
125
120
125
252
49
271
48
46
562
203
59
365
329
162
74
217
280
160
142
145
175
174
195
102
287
134
211
183
193
197
127
85
95
184
56
79
97
249
243
205
330
345
135
149
160
90
80
62
115
70
120
119
70
111
104
70
69
120
59
77
78
65
123
74
67
63
120
109
61
71
79
116
72
67
70
83
67
59
57
69
133
95
124
72
76
76
78
114
75
55
135
61
68
58
133
77
137
131
99
55
143
119
146
70
53
75
85
76
52
80
61
68
125
88
139
87
60
139
93
62
63
58
71
58
73
117
88
62
76
162
193
71
150
76
122
59
135
89
75
79
80
116
59
81
76
87
67
60
87
126
120
136
82
67
123
79
64
122
58
78
90
73
65
109
105
74
81
118
117
144
80
84
59
72
55
62
130
79
81
79
60
79
63
62
193
173
78
129
73
63
77
61
132
193
66
120
67
140
113
61
90
58
112
127
84
105
81
81
81
66
60
111
137
103
103
61
124
59
61
90
61
83
66
64
85
66
149
113
90
64
96
73
65
74
79
93
138
100
88
73
117
99
69
95
120
120
66
67
66
71
97
73
136
130
75
137
71
151
66
68
90
117
70
134
68
70
77
69
66
70
72
65
74
66
65
68
74
68
72
70
66
72
136
124
85
106
70
78
164
69
120
75
132
69
76
143
78
77
71
69
73
66
64
70
134
70
71
69
76
66
102
175
79
67
66
131
72
64
100
74
139
159
78
73
92
78
82
80
72
174
75
74
84
147
75
74
83
120
78
96
73
72
73
77
73
88
192
151
127
82
144
80
75
162
76
79
76
186
79
79
75
96
95
148
81
89
118
139
101
65
69
68
71
71
82
76
69
132
73
137
141
140
74
66
71
70
66
90
151
69
127
68
66
134
90
83
98
69
89
70
73
68
154
69
72
139
74
75
130
68
79
164
125
87
100
126
97
74
137
150
104
69
220
69
69
68
159
84
69
150
72
70
80
70
74
75
75
75
78
115
134
93
139
148
80
79
80
81
78
80
81
183
83
79
85
75
77
75
145
151
96
142
69
87
109
151
78
67
68
69
73
70
90
115
73
77
131
72
70
69
71
75
134
76
90
84
76
73
76
71
85
130
205
78
71
73
70
74
79
96
118
81
145
78
79
77
80
79
168
149
138
75
134
83
194
128
89
74
71
70
120
187
83
141
77
77
79
174
109
76
77
83
75
94
81
80
84
78
80
80
222
107
97
82
85
95
137
84
83
78
79
135
90
81
150
82
85
85
172
83
77
77
145
149
78
158
90
88
78
108
110
80
74
138
79
167
74
81
130
78
133
75
75
84
83
152
80
81
145
83
78
89
85
231
81
111
160
85
87
90
77
97
121
145
152
82
81
87
94
185
167
347
144
231
132
168
170
176
178
181
175
317
180
309
344
264
220
356
74
252
178
246
119
188
174
93
172
209
145
73
83
68
82
142
288
65
478
192
499
260
301
445
153
181
63
61
112
61
72
66
70
64
81
70
63
133
130
63
66
87
204
84
109
67
68
68
69
70
73
73
71
71
71
71
71
69
68
69
70
69
70
69
69
72
99
79
75
71
67
67
68
67
66
66
69
70
68
74
75
76
78
83
76
76
80
80
79
81
98
83
106
172
80
73
95
74
74
78
80
79
81
80
78
77
87
77
77
76
78
78
76
77
84
84
79
78
169
260
92
77
83
81
91
78
80
78
77
79
80
78
84
82
80
79
77
83
82
75
79
76
80
100
122
101
5341
2682
86
376
177
149
198
125
210
135
208
136
188
153
204
142
73
72
72
122
126
78
84
177
126
128
76
72
82
82
187
75
117
76
82
76
77
85
82
126
110
119
75
70
79
83
130
86
129
85
141
144
128
70
77
84
128
119
82
128
76
76
75
73
116
131
177
72
126
123
82
70
126
81
184
138
87
76
79
70
136
91
95
96
85
88
89
88
94
143
146
88
130
92
86
91
82
91
86
134
123
180
108
92
145
142
84
96
97
140
140
93
134
89
132
149
168
131
87
87
86
94
85
84
86
131
108
154
86
90
93
145
94
167
128
92
84
86
92
88
90
91
92
84
93
87
99
92
89
92
192
181
159
101
78
83
88
148
139
78
89
129
91
142
135
91
85
84
80
131
93
149
97
91
84
94
136
89
198
89
82
91
88
90
93
98
90
87
82
153
90
85
130
77
94
87
85
148
84
88
142
85
114
114
92
160
93
95
87
137
152
95
95
86
97
94
94
145
152
92
91
83
82
94
94
96
93
167
162
113
92
88
88
144
88
87
89
83
141
203
89
92
86
84
84
90
95
145
88
100
90
83
165
180
158
90
94
98
145
159
96
92
147
160
150
95
96
147
93
90
138
179
156
91
98
95
140
181
171
172
95
92
145
86
80
148
93
84
132
87
138
84
79
87
94
85
87
93
89
94
140
94
85
83
97
217
122
108
103
93
91
92
95
96
96
158
92
100
97
151
99
95
93
158
99
164
103
164
103
140
125
168
101
100
108
105
102
98
233
107
179
103
103
103
100
99
102
163
163
161
108
104
105
103
103
303
123
105
167
109
107
105
163
91
100
106
104
101
163
172
156
104
95
97
103
109
106
99
114
107
160
134
137
98
169
108
159
103
93
166
105
209
239
234
472
163
118
178
242
152
220
161
191
176
143
144
131
264
293
168
245
250
131
125
83
243
282
85
314
137
125
75
89
145
204
617
344
383
499
181
215
197
481
89
230
68
122
82
74
119
73
84
78
153
76
80
79
84
82
73
137
79
75
134
81
78
76
172
124
171
100
112
143
174
151
150
165
82
91
147
95
96
170
85
84
89
100
93
84
91
91
91
157
88
221
227
87
87
84
96
87
92
112
148
97
158
97
90
91
97
156
95
89
88
85
92
87
86
97
143
88
122
79
85
78
94
96
87
173
85
84
90
95
99
100
159
99
101
90
155
153
102
99
122
243
175
142
123
87
85
91
91
99
100
95
100
119
158
103
104
149
94
92
94
94
100
95
92
179
142
227
107
90
94
98
122
146
142
97
96
95
95
97
91
100
100
97
101
97
95
102
94
182
100
163
204
142
108
128
96
145
98
99
164
98
185
103
166
103
102
160
104
99
168
94
163
104
95
166
189
181
175
147
100
93
90
181
97
134
105
156
145
94
95
91
95
204
104
158
158
153
95
91
94
92
152
189
110
171
178
198
100
94
94
138
86
145
90
89
151
94
84
91
157
178
163
100
90
82
259
117
114
166
142
98
163
97
96
97
96
93
100
94
94
153
154
99
144
93
157
159
95
91
95
165
96
178
140
168
118
122
90
100
123
195
96
94
157
88
96
155
99
159
96
96
96
92
98
95
98
99
92
113
206
108
148
133
104
95
98
101
89
94
90
96
90
99
151
155
96
149
138
102
155
95
93
157
159
116
155
99
102
143
100
159
151
93
145
122
91
101
155
99
94
96
156
97
97
92
96
95
96
87
153
115
157
114
98
88
87
142
97
91
168
94
101
98
100
92
153
144
152
103
88
98
158
97
161
114
178
208
199
126
103
93
94
92
95
97
98
97
109
168
103
96
100
90
93
152
94
160
164
157
94
95
117
112
110
100
95
99
99
94
95
93
101
98
93
92
93
98
94
98
100
104
99
93
95
95
98
106
117
105
103
99
100
102
100
102
96
98
100
105
99
96
105
104
116
105
114
106
105
106
105
105
106
107
125
115
115
106
106
116
110
109
105
111
106
105
107
108
107
104
103
109
108
108
108
113
104
109
112
132
118
107
111
111
111
107
114
108
107
107
113
106
103
106
103
109
115
107
107
107
103
108
111
115
120
131
123
116
114
108
109
114
110
109
108
106
113
107
107
109
118
113
114
116
116
116
116
112
114
116
116
121
129
124
114
119
118
121
117
118
117
116
114
113
114
114
114
117
121
119
117
120
115
115
118
113
115
134
124
115
115
114
110
112
109
112
122
111
111
109
110
112
109
109
117
115
108
111
112
109
112
113
133
122
119
119
118
118
122
117
116
117
120
117
119
113
117
118
116
119
134
201
372
320
292
255
188
221
116
141
121
192
315
107
118
123
181
358
317
306
111
117
113
181
343
328
297
182
305
102
99
99
105
179
771
547
503
432
397
101
87
91
92
96
94
95
97
94
91
97
93
95
93
94
102
90
91
91
104
116
99
98
98
96
103
93
98
102
94
98
93
95
99
94
99
95
95
96
99
98
96
93
95
108
103
96
98
109
93
96
99
94
91
99
103
96
94
96
97
98
102
94
102
95
104
103
103
104
105
119
129
115
115
108
113
106
108
108
108
111
109
113
109
103
107
108
108
107
105
110
108
107
107
104
112
119
119
107
106
105
105
110
106
105
104
111
104
110
104
105
109
109
110
110
112
105
104
106
107
105
107
117
112
105
114
109
109
108
108
112
108
106
110
109
106
107
107
105
113
105
113
109
110
107
112
107
111
163
114
107
113
111
106
111
118
108
107
106
104
108
108
113
108
114
107
106
106
104
105
106
107
117
114
104
106
120
105
107
107
104
105
110
109
104
108
110
111
109
107
107
105
114
116
117
113
114
120
136
123
107
115
102
101
106
104
105
109
101
107
110
109
110
111
123
122
120
116
112
115
115
110
109
112
115
114
136
166
118
104
102
100
101
101
103
108
108
108
108
109
108
109
109
108
108
108
109
108
109
114
135
127
117
105
108
115
114
119
118
117
116
118
116
117
116
118
123
129
126
126
128
118
120
122
120
189
261
142
125
120
122
118
119
118
124
122
119
115
121
128
124
124
127
123
120
120
127
119
119
122
118
208
238
174
118
126
117
115
115
119
117
125
118
114
117
113
115
116
116
116
132
129
118
119
118
115
121
119
118
132
161
138
131
122
116
122
115
118
115
119
123
118
117
120
116
118
116
116
117
114
117
120
139
122
116
110
114
116
115
112
110
115
113
117
122
116
111
118
115
109
115
113
110
118
110
111
112
114
122
125
125
116
116
123
122
122
122
117
121
118
121
118
121
115
115
118
120
118
116
117
117
118
122
136
127
130
117
117
116
130
116
122
122
116
120
115
119
121
115
124
117
121
116
115
121
111
110
133
127
120
132
116
195
267
125
119
112
127
114
115
114
112
119
114
116
113
110
114
117
124
114
114
126
122
142
118
129
118
115
110
111
117
114
114
118
119
113
127
119
130
123
117
119
121
116
119
114
120
117
119
138
125
124
120
119
116
119
127
119
117
127
115
120
117
114
116
114
117
118
117
115
117
119
117
120
143
123
118
117
117
120
121
131
132
126
135
136
130
130
129
127
126
133
131
129
133
129
129
134
128
132
133
184
128
122
152
156
197
427
140
118
168
394
131
179
163
189
196
161
204
147
216
124
163
249
312
331
415
180
92
178
266
194
112
119
142
143
110
105
111
172
472
477
368
389
306
311
323
323
194
91
86
92
222
152
93
86
87
86
86
91
85
94
88
94
86
86
85
83
90
87
84
90
88
87
92
81
90
97
99
87
90
92
90
89
86
98
89
90
93
91
92
103
99
97
95
91
101
91
93
92
99
97
105
157
105
101
98
98
97
97
106
119
110
102
101
102
108
103
96
96
102
100
100
99
100
100
96
100
101
99
133
116
104
101
105
102
104
103
100
109
96
99
101
100
97
99
97
97
104
103
103
95
97
107
122
120
107
104
105
101
108
101
101
101
104
105
108
103
102
113
113
106
116
108
104
111
105
109
105
119
115
106
107
105
111
106
110
108
106
110
105
109
106
108
103
105
109
104
105
108
104
104
102
108
111
137
109
108
105
104
105
105
106
106
105
105
122
129
108
107
107
107
104
102
103
99
100
99
104
114
112
131
133
104
101
103
107
107
108
106
107
106
106
104
103
100
101
100
102
102
105
102
102
100
101
106
119
119
109
105
107
107
103
104
107
108
110
104
104
107
113
108
112
105
117
109
107
108
106
110
105
107
135
145
109
107
110
105
107
114
107
109
107
105
108
107
108
104
110
112
107
109
112
112
109
110
115
141
120
119
120
114
115
114
123
118
118
116
114
114
115
115
122
129
137
117
117
114
110
116
110
110
113
115
113
133
134
109
106
104
105
100
103
103
104
102
103
108
112
113
110
110
110
109
109
110
114
115
125
113
112
113
113
115
111
110
112
116
109
110
113
114
118
113
108
117
115
109
109
110
112
114
114
111
124
137
118
112
115
111
115
110
113
115
110
110
109
110
113
109
110
114
114
112
112
111
115
110
115
128
115
111
112
112
110
112
113
109
118
112
115
114
111
116
116
109
110
111
110
114
127
129
121
118
118
120
116
139
149
129
120
118
114
122
117
117
116
119
114
117
119
117
119
116
117
116
116
114
114
115
118
130
125
116
118
115
116
119
115
116
117
118
119
118
119
117
118
115
116
117
126
116
117
113
118
123
138
117
116
111
114
112
109
111
111
115
115
111
109
115
110
132
121
123
124
121
126
124
125
126
124
127
132
154
149
130
127
123
127
124
125
130
127
122
125
124
125
123
127
127
120
126
121
123
121
123
126
137
140
130
128
145
140
135
131
127
127
133
129
129
127
129
128
133
132
130
132
127
132
130
133
129
130
134
132
138
177
144
128
127
123
128
125
122
128
125
127
127
127
124
125
122
127
128
123
124
121
126
146
217
565
158
114
137
123
130
126
120
191
135
113
120
115
119
189
301
116
182
359
314
314
214
117
117
111
170
116
116
129
112
101
107
107
198
453
395
147
163
103
113
101
109
91
101
97
101
91
94
92
92
99
115
110
91
91
97
101
95
97
90
99
90
90
96
92
98
96
95
97
103
97
97
99
103
97
99
102
102
210
113
101
96
93
101
101
98
97
98
100
101
100
98
97
94
98
93
100
95
94
94
104
114
96
101
98
102
98
103
100
97
104
105
110
110
106
117
104
104
103
106
105
118
114
109
110
108
124
119
101
97
105
113
106
109
109
113
110
109
107
107
107
111
108
108
106
107
104
106
106
104
104
113
117
112
113
108
107
109
106
106
106
106
105
104
107
107
107
106
105
105
106
108
110
106
107
107
105
109
116
120
111
104
103
101
104
106
105
107
107
105
105
107
105
109
106
105
103
107
101
108
106
102
100
102
119
113
123
109
109
118
105
105
108
109
108
110
113
112
107
111
104
114
107
107
121
117
117
117
118
148
121
107
109
107
109
104
107
100
106
106
106
112
115
114
116
114
115
114
113
111
114
112
116
113
141
126
118
111
118
114
117
114
110
119
115
115
115
116
113
112
114
119
113
118
108
111
112
111
109
112
128
127
118
114
113
111
116
112
112
111
114
110
113
111
112
117
108
117
108
112
111
110
112
110
111
119
127
112
112
110
111
113
112
110
117
110
111
108
110
110
113
109
115
125
125
115
112
115
114
111
111
113
111
194
136
124
119
115
115
121
121
115
117
116
120
117
119
116
120
114
116
115
114
123
114
121
122
130
124
116
117
116
116
131
116
115
118
119
116
118
116
116
117
122
117
113
116
115
116
117
120
118
133
119
120
110
112
114
112
113
113
112
113
111
111
113
112
109
111
110
112
112
109
110
116
113
109
112
127
124
113
113
110
113
114
121
116
110
115
112
111
112
111
110
109
113
109
114
114
114
123
124
130
136
146
129
136
115
116
122
121
118
119
121
115
117
113
119
120
114
116
118
117
124
129
127
129
128
132
141
141
120
117
119
114
118
117
115
117
116
120
113
113
120
126
135
129
128
128
128
129
130
128
131
145
157
137
117
115
121
124
120
119
128
129
131
134
132
129
129
130
133
127
126
129
127
133
128
128
128
131
150
137
129
125
127
122
128
128
125
129
124
128
124
124
126
128
124
123
124
122
123
123
121
123
122
126
136
141
131
129
126
123
120
125
121
125
125
129
123
125
122
120
123
125
123
130
123
126
128
122
132
141
158
122
125
125
124
123
127
125
126
121
121
127
124
121
123
123
121
123
124
127
122
123
127
123
123
141
146
132
129
133
132
130
135
130
130
130
128
135
133
130
128
132
127
126
128
129
130
128
128
143
142
216
386
133
202
374
301
302
173
306
130
159
185
137
130
180
295
172
311
125
182
171
108
190
301
101
120
122
112
119
192
220
101
102
110
111
182
381
318
321
239
160
113
99
99
98
93
100
94
93
103
115
121
96
93
95
96
100
104
96
98
102
103
101
102
102
96
97
101
100
107
104
97
106
103
104
112
101
102
102
99
109
109
100
102
100
103
97
97
96
100
105
98
98
96
100
104
105
110
107
104
105
117
126
126
108
105
105
115
109
105
112
106
105
104
103
104
104
109
104
105
104
110
110
107
110
103
112
140
110
117
113
108
131
110
109
107
105
104
105
105
104
114
118
115
123
124
107
108
110
110
105
110
110
120
129
133
115
109
111
108
109
105
110
115
113
104
108
108
110
110
107
109
105
112
105
111
105
112
120
117
119
114
109
107
110
105
107
105
112
108
107
107
109
105
107
107
105
108
106
104
108
104
113
125
108
106
104
102
109
102
102
101
101
102
103
103
103
102
101
100
101
103
101
100
103
103
103
104
104
121
124
110
108
105
105
106
106
112
114
105
110
108
109
104
110
104
109
104
109
106
112
118
114
115
120
127
138
116
119
117
116
113
114
117
119
120
117
113
119
114
123
114
116
116
119
113
114
113
120
152
138
117
119
116
114
115
117
117
115
117
119
117
126
116
114
116
114
119
120
122
115
114
113
114
115
120
130
120
115
112
113
121
127
131
115
124
121
120
121
121
112
113
117
119
121
117
116
116
116
115
121
132
124
115
119
118
122
119
122
120
114
120
113
114
118
115
121
116
114
116
116
113
123
114
115
115
121
132
122
117
113
117
119
114
113
117
121
118
118
116
120
113
115
115
119
115
113
117
116
117
119
123
133
121
123
115
114
121
113
120
118
117
118
118
126
134
131
134
129
129
131
129
129
130
129
128
129
133
144
128
115
114
120
119
130
129
126
132
129
132
132
132
131
132
132
131
126
127
131
132
129
130
131
143
148
116
117
120
126
123
128
125
125
128
123
124
125
132
127
122
124
120
128
123
125
123
124
122
123
141
148
139
134
126
133
129
131
131
132
134
128
133
131
131
135
132
129
132
129
129
130
130
139
128
135
143
130
131
135
132
131
127
126
127
130
127
130
130
130
135
130
131
132
132
133
130
133
129
127
130
141
152
136
133
132
131
128
136
135
129
133
133
126
129
129
130
129
129
129
128
129
129
130
128
135
147
152
129
154
129
128
129
143
142
143
138
143
131
136
128
136
136
130
131
132
129
128
132
130
139
129
134
142
142
137
210
150
132
129
130
127
135
164
139
141
193
310
122
194
357
122
127
185
127
127
135
130
121
183
272
331
109
204
308
103
180
352
145
112
189
209
102
105
107
111
178
189
384
319
128
106
102
181
371
110
103
105
91
92
88
90
92
93
91
89
88
86
93
94
96
102
95
100
101
103
98
92
100
130
103
104
104
98
104
104
98
100
103
97
108
101
104
101
99
98
100
99
100
101
98
97
103
98
101
115
105
101
103
103
106
106
99
109
109
107
111
104
110
109
108
111
107
106
104
104
105
110
108
106
115
119
107
106
109
111
112
110
108
108
110
115
105
110
105
110
103
116
106
113
106
108
107
104
106
107
124
117
106
109
102
110
109
107
103
108
110
100
105
105
103
102
104
104
103
103
109
112
112
114
112
125
141
134
111
115
113
113
109
112
111
114
113
114
116
111
113
111
112
111
115
109
108
111
112
114
126
117
112
113
110
117
115
115
115
112
110
110
115
115
115
113
111
111
113
114
111
117
112
109
110
111
115
128
115
131
114
114
121
109
109
114
112
115
110
113
111
112
113
110
124
123
123
125
132
122
129
129
132
137
144
130
134
130
128
131
127
136
129
132
138
132
130
126
126
127
128
133
128
129
128
132
127
127
131
158
154
129
135
132
131
130
128
130
134
129
129
127
133
132
129
126
127
130
130
129
129
137
134
146
138
126
126
128
127
125
124
130
121
129
124
127
124
127
127
128
126
125
125
124
123
124
123
122
125
146
134
136
138
133
130
128
130
134
133
130
136
126
138
129
131
132
134
133
134
129
129
131
132
132
139
140
129
134
142
131
131
131
134
129
135
131
133
127
129
131
133
127
131
130
128
130
126
128
129
128
137
151
144
127
130
130
123
125
123
124
125
129
127
127
129
122
123
127
125
124
125
125
129
122
123
122
130
150
140
127
127
130
130
131
135
130
132
128
132
127
131
134
134
134
133
130
130
131
140
135
131
148
152
136
136
129
130
132
129
128
136
136
130
132
131
129
130
130
129
133
132
133
130
129
130
130
133
146
162
133
129
132
133
135
126
133
128
130
129
132
128
134
143
128
139
132
132
138
127
127
129
134
141
157
135
131
131
134
131
132
131
135
135
131
135
135
135
134
133
130
129
131
130
141
133
133
136
148
157
177
149
130
129
133
137
130
127
132
127
129
130
130
128
128
130
129
129
129
126
127
130
126
126
129
146
138
133
124
124
128
130
122
140
144
138
138
138
143
142
141
143
142
138
138
140
135
141
137
139
152
172
149
150
146
144
145
144
145
145
147
148
202
407
349
366
336
317
131
204
182
175
313
198
158
325
128
151
109
185
413
118
172
201
117
197
161
353
307
347
361
120
176
322
110
108
110
113
116
211
456
424
403
98
89
90
91
108
110
94
101
96
89
91
99
97
98
95
100
97
99
92
97
92
98
93
98
105
111
100
97
96
98
93
98
96
99
93
95
105
94
94
92
101
101
100
99
96
94
98
93
100
118
103
99
101
99
103
99
104
111
109
111
106
105
113
108
109
109
105
105
110
110
110
107
104
103
105
117
131
108
109
103
104
105
101
107
106
108
105
107
105
103
103
105
103
103
102
104
101
107
100
103
118
122
112
106
113
112
105
115
106
111
107
109
110
110
106
104
108
111
114
108
107
109
107
109
104
109
119
114
106
107
108
108
107
110
108
110
110
121
116
118
118
115
117
116
117
118
112
118
123
121
116
126
123
118
123
117
110
114
126
115
109
113
119
112
112
111
113
109
114
117
117
112
112
109
112
115
116
122
120
117
115
110
114
115
115
110
113
116
109
116
111
110
115
114
110
112
114
112
116
110
114
109
114
127
125
126
118
116
118
117
113
121
121
120
116
115
118
116
115
117
117
114
120
116
115
116
117
121
133
157
135
112
112
122
123
115
111
111
121
114
114
114
117
115
111
115
113
120
123
127
126
130
121
123
129
127
114
116
115
111
111
110
110
113
113
112
113
109
122
121
127
122
124
123
121
130
124
121
123
136
152
129
127
128
125
128
126
129
124
124
129
124
124
125
124
121
124
124
132
123
129
124
124
124
124
123
135
147
133
125
122
125
123
124
122
123
122
121
130
142
134
128
133
127
136
128
129
131
127
123
128
126
124
139
172
139
121
115
124
118
118
117
117
114
120
117
119
121
117
114
119
123
126
125
132
128
132
143
131
134
129
127
128
132
132
133
128
133
130
128
138
134
129
130
130
125
129
126
125
126
127
128
140
165
130
128
122
123
125
135
123
125
124
124
125
124
122
126
124
124
124
121
122
122
123
123
124
124
135
135
125
123
122
125
126
125
123
129
126
131
125
122
128
121
130
125
125
134
123
122
121
123
124
136
143
128
132
137
130
135
124
119
113
117
111
114
113
117
118
115
113
116
112
112
113
112
115
114
115
116
112
132
243
139
123
116
115
118
123
126
117
114
114
114
114
115
124
118
113
119
119
117
121
112
116
125
131
120
117
122
120
119
125
119
117
117
119
124
121
114
120
118
119
116
115
123
118
116
116
120
126
122
117
117
119
116
117
114
119
117
123
129
129
132
132
133
133
130
126
126
188
328
194
403
344
316
315
188
119
193
336
116
184
383
126
158
174
145
159
388
111
175
232
119
161
122
108
185
369
105
100
97
103
111
179
430
387
481
455
99
89
88
103
101
100
92
102
95
92
97
98
94
97
93
92
92
93
109
105
98
98
92
99
96
97
102
100
96
103
98
100
101
99
106
104
97
100
106
99
101
98
100
104
112
112
100
97
103
99
98
100
97
101
100
99
101
107
109
106
106
107
105
104
105
107
104
108
106
123
111
103
103
106
103
104
102
111
105
106
103
103
104
104
100
102
104
104
98
103
105
102
105
102
106
123
117
102
104
104
103
102
104
102
104
107
102
103
103
101
101
102
102
105
100
102
101
103
100
104
113
105
120
110
116
114
115
113
118
111
110
108
112
117
112
113
109
111
113
118
112
113
111
110
108
116
124
117
118
118
120
117
114
120
116
117
117
119
117
113
117
114
116
121
116
116
117
114
117
118
115
131
139
113
113
116
110
112
113
116
116
119
111
114
112
109
118
117
112
113
113
112
112
113
112
114
127
123
117
117
117
117
119
115
120
118
119
119
119
116
114
120
117
122
117
116
114
123
114
113
126
127
167
119
122
129
120
122
119
124
114
119
117
117
118
118
118
113
119
120
112
116
116
119
120
118
116
117
137
145
129
116
119
114
114
118
113
113
113
110
112
112
115
120
123
124
127
125
123
126
127
125
126
145
143
150
133
132
130
131
128
130
131
131
134
129
128
130
135
129
130
132
129
128
130
133
132
129
132
140
139
141
139
131
128
131
136
132
129
130
131
133
130
129
129
130
129
132
134
127
133
131
128
131
140
133
127
133
128
127
126
130
132
129
130
131
129
132
130
129
130
127
131
129
127
131
127
129
133
142
144
152
129
131
133
128
130
130
133
132
127
130
127
129
134
126
126
128
127
133
136
127
127
126
136
151
150
128
126
127
125
125
127
126
124
125
122
124
125
126
127
129
126
129
124
125
127
130
127
126
124
126
130
147
154
126
129
126
124
133
125
125
126
125
126
127
125
129
125
125
135
141
138
146
138
142
157
157
126
126
128
123
128
124
130
129
131
132
134
133
132
127
134
141
146
150
149
151
145
146
147
138
141
157
173
150
145
138
139
141
144
145
141
145
144
141
144
142
143
143
139
142
140
148
145
145
140
141
144
160
190
155
148
148
150
144
147
147
150
147
151
151
144
145
143
146
149
146
145
146
145
145
153
151
179
145
164
143
138
144
145
221
253
126
140
147
136
134
135
136
213
304
191
299
133
137
194
347
316
204
173
403
308
355
343
343
122
117
176
117
169
302
111
109
111
112
111
110
202
401
343
332
155
107
102
163
431
117
114
102
91
96
94
99
99
105
101
102
103
100
98
101
104
106
99
102
98
103
97
98
110
103
101
102
106
105
96
99
101
129
102
98
106
98
100
103
98
100
103
99
96
109
101
97
102
112
120
104
114
106
105
110
110
110
108
110
108
110
106
105
109
103
111
108
111
106
107
106
104
105
107
113
120
110
111
114
109
110
106
111
112
105
104
106
111
110
114
109
110
108
106
104
108
107
106
111
108
124
114
110
111
107
108
112
105
108
106
107
108
109
109
105
110
118
113
117
118
117
113
113
113
124
124
135
135
107
110
112
111
110
108
103
112
112
120
119
117
116
118
115
115
116
117
114
117
117
113
121
132
124
130
115
120
115
110
116
112
109
112
112
112
108
112
112
111
115
114
111
109
113
109
113
110
116
131
121
121
115
117
117
114
116
114
123
116
120
119
118
115
113
116
117
113
120
130
116
116
113
115
119
135
136
116
119
121
116
120
120
122
117
114
115
116
122
120
118
115
116
115
116
115
116
115
119
114
119
162
135
111
116
112
111
109
118
115
112
110
114
113
112
112
119
124
127
124
120
123
121
122
122
125
135
144
126
128
130
128
125
123
124
122
122
126
123
123
125
126
126
124
126
125
125
123
123
122
130
149
137
129
124
127
128
127
124
129
122
125
128
127
126
127
127
126
122
126
122
121
124
123
126
123
122
128
141
165
133
128
138
133
128
133
129
130
131
131
128
127
127
126
131
129
133
130
127
131
126
130
142
145
126
142
127
129
124
129
125
126
126
123
129
125
126
123
124
121
123
123
122
122
122
121
122
127
135
147
141
131
129
136
128
128
136
129
136
127
127
126
128
127
127
127
127
136
148
143
145
145
145
146
155
157
135
137
130
129
131
131
133
128
133
130
133
126
152
149
160
146
145
145
146
146
146
143
143
144
161
165
152
130
123
126
128
125
128
124
129
123
129
139
141
141
143
141
140
138
147
142
143
143
145
147
136
146
135
124
127
126
127
126
125
136
140
143
144
141
138
141
145
142
141
137
139
139
145
141
157
167
129
128
128
129
130
127
139
140
145
140
143
142
142
138
142
142
141
141
139
142
141
140
139
142
241
155
141
133
127
133
129
143
155
154
143
144
146
144
144
144
153
144
144
144
145
143
144
145
147
149
159
174
135
131
138
143
144
144
144
148
145
143
151
144
148
147
144
146
144
143
143
220
447
128
121
117
120
144
126
151
146
120
188
415
150
128
151
112
120
194
160
349
111
120
127
195
125
183
177
114
179
332
106
116
124
130
114
104
103
103
191
441
331
359
118
107
107
102
99
98
91
90
91
91
91
92
108
115
113
90
91
90
89
95
90
94
97
91
99
96
99
95
99
95
97
99
97
94
95
96
101
118
101
93
93
99
95
98
94
98
103
98
93
96
95
95
100
94
101
106
105
102
102
103
107
102
110
147
102
101
99
94
99
103
107
110
106
104
102
105
105
105
105
106
109
100
102
102
103
102
104
101
103
113
135
124
107
109
113
109
109
111
106
110
117
113
110
103
106
116
107
110
108
109
109
105
108
109
109
114
111
107
101
108
105
109
107
103
108
105
109
100
104
100
99
104
103
108
103
106
102
101
103
107
119
106
110
106
99
103
105
105
106
111
106
103
105
110
112
110
110
112
112
111
116
110
110
111
110
108
119
151
117
107
114
117
112
117
115
112
112
108
113
115
113
111
119
114
112
116
115
111
113
113
110
113
125
115
112
115
115
111
114
112
111
111
115
114
112
113
115
111
110
109
109
108
111
112
111
110
111
124
151
134
117
116
116
118
116
120
123
116
117
120
119
120
117
118
116
119
115
117
117
116
115
135
127
125
125
116
117
118
117
123
119
118
117
113
113
119
117
114
116
118
119
117
115
116
118
120
113
115
120
129
130
122
117
121
117
119
117
119
115
120
135
131
132
127
128
128
132
129
144
132
129
130
127
134
141
147
146
132
127
139
128
129
128
135
134
127
127
133
129
133
131
131
130
131
130
128
126
133
128
134
153
138
125
130
122
128
121
134
125
126
121
128
131
124
124
121
123
129
121
121
123
121
122
123
122
130
139
132
122
127
126
124
127
128
127
126
126
126
130
126
127
127
123
123
120
128
125
124
129
121
135
149
127
129
128
127
127
127
127
121
125
128
126
126
126
121
127
123
125
122
126
122
121
123
127
137
147
124
142
126
125
128
124
126
126
125
122
123
124
125
126
122
124
125
124
124
125
123
125
124
125
139
169
125
150
126
122
127
122
130
122
131
130
124
129
122
123
128
125
123
121
127
131
124
126
123
125
142
155
126
126
128
128
124
125
121
124
128
127
127
128
126
124
124
123
123
124
124
127
127
121
125
135
139
124
123
125
127
126
124
125
124
122
130
122
124
124
123
127
123
132
124
120
122
125
121
136
144
167
150
136
136
131
133
130
130
127
125
130
135
130
130
132
125
129
126
139
143
146
144
149
145
144
143
148
165
150
143
130
135
133
128
132
126
127
127
130
130
133
138
146
145
147
145
146
142
146
145
146
147
180
268
408
242
120
186
149
140
152
178
160
141
190
141
140
178
192
202
198
382
299
351
139
182
172
115
185
170
177
128
211
137
119
108
110
106
168
405
388
366
280
188
121
107
115
109
97
100
92
90
92
101
130
128
101
105
98
111
101
103
99
97
101
103
102
104
97
105
104
103
95
98
100
98
102
103
115
100
97
100
100
100
98
99
96
94
108
106
107
110
105
99
100
103
105
106
103
102
103
100
105
111
119
101
109
109
112
106
106
101
106
106
103
101
102
113
105
110
111
101
103
104
101
101
104
102
104
116
117
107
110
106
111
108
104
115
114
116
113
114
107
107
105
107
111
108
107
108
109
110
113
106
117
116
106
111
107
106
108
110
106
103
104
106
102
104
108
103
113
105
108
106
106
104
103
106
112
114
117
125
142
122
118
120
117
117
120
117
115
115
118
118
117
116
123
117
117
114
112
124
115
121
115
122
133
121
125
120
118
125
117
121
119
118
119
119
120
119
115
115
120
118
117
116
116
115
117
116
117
120
128
117
117
117
120
117
119
117
120
116
114
115
119
117
116
115
117
116
115
115
114
115
112
114
119
125
122
117
117
118
117
114
114
118
118
116
116
117
114
114
115
122
118
117
116
116
116
119
116
116
124
158
118
113
109
113
111
117
120
120
134
134
129
130
129
129
138
129
126
129
129
128
129
127
129
126
128
133
144
131
114
114
126
124
129
128
129
130
126
127
125
126
127
128
126
122
120
125
124
130
123
124
136
148
143
130
131
137
130
128
128
132
131
137
125
132
130
126
127
132
128
133
136
132
129
133
131
150
137
132
132
132
135
131
130
135
129
132
127
129
131
129
136
129
126
134
129
129
129
128
130
135
131
148
138
125
125
128
128
121
123
122
126
123
124
127
123
124
130
123
125
121
123
123
124
122
123
126
124
133
142
126
128
126
124
127
122
127
130
124
128
121
124
121
179
296
212
188
136
171
205
237
200
130
275
239
292
127
204
131
131
125
124
173
273
195
151
237
238
190
120
208
189
123
131
135
127
247
255
148
209
200
171
195
240
122
135
129
134
132
132
130
130
131
132
129
160
258
132
139
130
130
132
129
128
217
225
196
167
136
131
133
132
130
135
131
128
134
127
152
205
135
129
197
191
133
127
188
132
130
211
208
146
159
132
125
123
142
240
201
165
130
215
140
163
179
227
129
133
135
132
140
127
235
224
179
142
152
164
138
130
215
132
133
132
127
131
132
131
134
130
127
147
165
216
169
306
160
222
208
134
136
242
252
135
136
130
132
164
199
224
142
135
132
130
146
192
150
188
204
203
129
138
130
129
156
222
207
304
204
196
270
415
349
351
288
292
128
251
420
227
239
150
228
205
367
154
115
119
113
116
216
163
251
156
349
510
163
256
179
222
103
104
109
129
405
444
444
383
107
144
108
198
163
117
147
103
99
93
201
167
116
96
93
98
89
97
88
160
97
91
91
106
132
120
153
90
101
100
93
150
164
94
171
179
110
121
170
157
95
92
98
92
96
100
97
101
183
98
98
97
98
98
97
100
94
117
191
156
95
108
114
95
97
97
94
93
95
202
162
97
100
94
95
170
154
97
97
95
93
95
98
102
103
105
108
127
113
108
108
110
129
171
116
128
163
111
110
109
107
120
159
111
109
108
136
205
107
113
112
109
113
129
113
107
108
109
106
196
112
108
165
114
112
108
109
109
113
110
111
162
189
174
112
126
185
130
115
193
146
105
172
136
110
115
108
109
117
109
108
109
115
107
203
116
172
115
109
108
113
107
195
132
117
112
109
160
228
132
184
210
189
164
108
104
111
111
108
110
111
107
180
111
116
110
107
107
113
309
266
114
196
111
113
116
110
139
188
107
124
173
111
111
111
110
110
108
120
168
111
122
168
183
125
150
196
128
113
110
124
165
114
123
160
120
162
121
109
107
207
106
169
113
107
112
112
178
169
123
162
115
107
173
110
108
111
105
102
165
108
104
109
132
177
109
113
114
116
121
112
114
112
112
113
118
165
122
149
118
112
116
113
122
116
114
112
115
117
113
115
115
114
130
185
116
113
119
112
113
113
119
128
138
121
116
113
115
114
116
114
118
125
124
121
119
117
120
115
120
120
118
121
125
117
117
119
130
127
125
119
121
121
120
124
117
119
122
125
123
117
121
122
116
125
122
116
127
121
122
119
119
124
136
124
119
141
185
202
135
132
261
217
264
221
208
229
209
199
111
122
138
174
112
192
175
217
291
220
193
158
199
206
109
105
110
175
112
201
231
125
108
108
168
101
115
125
168
115
109
109
110
108
116
123
119
110
114
114
113
107
193
114
106
190
179
109
111
112
109
173
111
113
110
108
110
141
215
109
228
135
112
110
111
108
190
171
109
181
162
114
109
115
123
124
124
120
118
119
121
118
184
139
173
223
179
228
121
120
116
124
119
113
118
143
200
118
120
120
120
120
118
194
143
122
128
117
170
217
218
131
344
122
125
130
161
119
116
115
120
112
205
185
121
122
117
118
