45
204
178
153
172
190
143
160
148
156
161
170
143
145
144
129
143
147
142
143
142
141
155
28
106
87
186
210
172
173
210
150
175
155
150
165
167
167
166
163
178
170
171
165
167
158
175
166
148
157
140
132
121
134
107
121
120
124
110
110
117
108
105
125
121
124
123
112
119
120
115
118
133
134
139
148
127
128
126
133
133
152
156
151
155
152
149
155
156
153
171
185
200
195
193
196
289
205
214
227
213
233
251
271
258
239
252
252
277
272
267
236
242
193
187
166
151
163
191
185
157
151
150
156
158
155
171
163
180
180
181
165
173
173
165
163
169
206
213
207
214
252
208
243
224
250
243
255
225
278
266
267
280
334
232
268
277
226
244
252
265
245
245
260
263
312
272
348
272
215
247
278
253
260
260
210
188
179
160
153
154
190
149
135
139
134
135
126
121
139
142
151
157
143
159
151
137
138
149
168
170
178
170
177
173
180
239
180
182
197
228
217
218
254
166
145
186
164
167
167
165
211
218
175
163
189
159
170
177
188
226
183
154
159
159
192
159
158
170
185
371
154
154
165
208
194
190
199
226
286
202
222
210
199
169
174
155
153
146
137
129
135
129
123
132
116
127
115
113
108
110
119
112
117
114
106
117
119
126
110
117
111
127
125
135
132
126
133
128
128
129
129
143
143
154
147
147
148
160
143
146
181
215
149
142
138
148
130
121
133
138
126
137
164
106
98
106
109
114
123
117
116
100
107
96
108
115
105
108
110
110
108
110
107
101
115
109
113
111
117
113
110
111
116
128
147
123
150
157
132
135
130
122
116
124
131
133
128
143
136
135
134
128
147
142
138
142
145
144
226
151
155
147
157
165
168
186
182
174
187
181
189
150
157
185
189
179
193
190
194
183
183
177
180
188
188
240
231
211
176
181
219
219
208
219
229
226
200
190
210
178
182
205
214
180
193
219
230
216
230
293
178
170
184
177
177
131
166
173
202
178
194
211
243
250
265
438
270
267
259
276
182
191
181
219
255
280
302
277
267
286
298
253
245
247
255
204
269
214
218
189
178
216
221
214
227
224
264
184
154
180
170
168
180
201
212
217
207
217
276
281
260
300
222
180
191
148
164
170
207
295
316
322
256
271
253
306
214
215
190
193
221
214
234
218
353
289
154
168
164
167
169
184
201
201
208
196
223
268
229
158
180
203
195
204
201
249
265
211
173
190
191
153
169
170
196
192
362
206
243
192
171
203
233
213
211
184
199
213
183
224
249
217
262
204
187
180
189
204
166
172
171
201
210
201
210
206
205
376
203
236
211
205
219
295
182
208
208
199
200
238
276
266
259
218
193
212
203
200
202
238
233
155
161
216
201
189
207
224
213
171
163
207
199
189
205
228
277
256
213
157
187
164
181
171
207
372
195
197
156
167
175
161
166
166
190
179
156
172
161
193
196
192
197
169
170
192
200
217
210
206
163
204
210
198
194
215
261
255
275
258
265
243
191
197
196
196
232
216
167
160
195
187
159
162
167
196
209
197
193
153
149
157
195
153
171
155
194
170
156
189
218
327
154
175
174
331
187
164
163
217
208
263
230
213
230
219
210
206
211
286
279
190
174
187
262
264
235
233
229
217
250
187
209
218
245
209
218
178
197
207
225
203
247
264
268
265
271
262
268
265
293
245
178
155
161
193
195
157
160
166
182
159
167
156
183
164
153
160
173
201
201
197
206
231
178
179
211
206
197
200
219
176
195
193
198
210
284
279
237
178
209
173
169
163
172
196
158
155
164
172
164
172
211
217
263
235
262
237
223
240
260
285
217
252
226
231
235
279
268
241
233
233
245
253
241
206
242
261
271
251
253
273
242
235
242
240
248
250
282
274
275
252
260
258
287
252
233
239
237
258
263
263
255
262
247
242
239
254
249
254
277
267
240
242
286
284
268
208
247
244
253
265
206
186
247
241
252
266
204
214
187
181
182
174
215
186
182
158
193
209
209
204
221
206
279
274
270
266
233
189
195
158
164
171
363
227
178
170
174
195
156
162
290
190
184
185
165
175
193
214
219
226
201
192
193
198
195
195
207
230
192
219
209
204
213
243
303
285
208
194
243
216
220
225
236
244
170
174
214
201
203
200
243
260
233
214
191
199
205
199
210
229
273
277
248
231
303
278
281
248
322
316
240
239
259
323
411
251
273
317
285
190
181
225
220
206
230
238
279
426
205
157
161
164
196
209
213
206
197
209
183
204
209
207
208
254
277
233
180
220
205
204
198
239
270
263
281
277
295
337
322
283
290
263
299
254
249
209
178
167
213
174
164
168
172
215
219
212
204
184
168
211
204
207
199
196
182
216
232
216
205
204
189
219
215
210
208
254
286
280
268
266
241
175
205
202
204
219
280
222
173
184
223
216
220
225
215
226
175
208
202
202
200
287
307
267
260
224
206
218
227
247
286
282
232
188
162
171
165
172
223
190
171
180
206
182
169
159
169
191
342
177
169
189
156
163
166
171
187
168
177
169
190
165
323
161
181
195
219
211
213
208
201
194
200
163
170
193
213
203
204
264
333
308
312
307
262
188
195
302
260
191
209
225
229
230
251
266
411
270
174
177
172
171
179
182
225
215
227
204
187
208
345
187
176
229
271
198
181
183
203
171
181
200
175
194
174
182
171
199
237
197
176
183
177
210
242
195
185
171
194
164
196
166
218
179
169
170
173
194
229
229
171
181
198
224
211
216
217
227
237
298
314
310
252
299
435
320
235
195
278
292
228
198
226
275
269
234
198
168
187
232
368
234
177
188
196
225
225
221
228
287
244
184
191
232
215
381
215
239
306
279
292
294
287
293
253
212
255
358
275
232
306
237
226
243
270
294
302
277
277
346
298
246
231
258
339
282
260
239
193
280
278
237
218
237
212
213
205
206
205
190
194
197
219
209
195
225
227
203
198
228
228
217
232
212
219
225
206
195
229
209
220
214
212
200
221
200
190
225
206
260
224
198
206
212
255
254
249
248
245
249
250
238
204
195
184
168
176
161
146
155
149
152
167
161
164
181
171
289
171
164
172
189
171
186
172
167
173
212
203
204
201
201
207
196
197
203
198
212
218
200
210
202
184
250
275
239
212
183
125
139
154
155
189
179
169
167
155
177
184
152
173
171
198
188
182
189
161
209
226
188
178
166
193
227
174
183
171
221
219
190
179
178
244
219
174
162
185
221
213
188
227
205
227
220
232
216
228
229
218
210
188
202
250
292
192
193
207
190
256
229
185
204
204
225
220
196
214
199
230
222
183
213
208
209
211
209
215
216
204
232
220
213
198
209
216
206
206
203
210
266
208
203
210
216
253
230
208
233
259
270
228
220
250
226
217
217
210
206
227
218
223
216
217
278
227
229
219
222
263
273
238
208
216
232
263
247
209
221
217
248
291
216
233
260
261
286
236
255
254
252
257
238
243
216
215
269
270
215
183
178
201
201
164
142
146
171
195
142
125
123
137
153
130
124
126
143
160
135
119
133
153
181
132
141
132
166
177
138
148
143
154
167
156
235
155
152
198
166
149
161
159
175
179
182
170
117
254
180
183
174
172
183
164
173
174
210
212
198
200
216
201
196
201
202
211
208
220
244
238
234
234
312
290
274
276
276
291
295
304
325
315
306
279
292
331
318
313
246
188
234
223
232
225
259
322
238
172
218
269
199
184
201
190
221
178
191
194
244
220
183
183
178
234
176
172
195
224
183
181
186
183
213
223
232
262
219
199
218
187
170
189
208
181
180
177
199
213
179
182
184
209
185
186
204
241
201
344
193
184
218
227
229
224
224
240
217
232
250
229
221
240
202
235
229
231
219
266
294
312
295
250
238
330
264
250
236
247
308
285
324
299
300
259
217
185
193
227
228
235
279
325
274
267
429
309
397
347
303
336
262
356
287
254
257
347
468
328
214
204
238
236
254
233
234
275
354
252
188
204
238
390
192
188
193
233
238
252
228
202
232
184
186
183
190
224
198
186
183
224
225
223
195
188
219
184
186
184
183
218
179
176
188
206
177
195
175
200
209
181
181
192
216
182
185
183
216
260
191
204
195
233
191
195
191
204
236
335
191
225
209
187
192
186
248
184
190
189
190
214
217
182
176
188
220
184
178
197
208
194
179
214
204
233
301
196
195
202
245
231
226
234
236
304
324
240
220
231
222
245
316
249
181
214
244
231
226
238
254
248
342
185
206
231
234
238
231
251
313
268
190
211
249
222
226
229
245
309
301
229
206
213
239
236
301
374
270
187
197
253
269
231
230
235
274
317
327
312
264
222
231
265
295
249
212
240
195
205
209
213
222
193
219
213
209
190
187
196
194
220
203
184
190
219
236
239
230
217
186
211
231
225
224
237
245
220
245
232
236
247
405
278
217
225
235
224
229
271
315
312
302
259
232
216
176
178
221
189
184
192
204
231
228
245
233
256
308
263
194
228
231
229
224
285
313
261
287
374
297
250
197
324
373
381
235
208
314
363
317
264
265
297
298
207
283
254
256
260
269
308
318
347
331
355
288
357
239
239
259
213
241
232
249
225
227
241
240
235
241
239
285
309
306
267
195
222
243
258
240
241
274
254
196
198
225
226
243
229
253
311
314
317
257
196
230
235
224
236
259
300
244
381
206
269
234
236
240
257
288
239
229
369
237
235
234
248
225
231
229
239
232
237
204
232
229
225
234
269
307
319
259
187
213
249
242
233
252
313
236
206
296
225
230
242
306
305
248
193
195
235
220
229
229
279
310
328
308
266
234
193
193
237
217
190
186
184
205
187
212
228
253
256
237
233
226
238
246
237
236
284
238
192
224
230
242
236
240
400
225
234
251
262
201
185
220
245
240
239
229
304
323
315
273
227
237
214
198
203
238
185
190
198
232
244
234
232
265
312
249
196
198
241
248
242
237
265
298
316
311
320
340
313
273
248
238
255
251
278
317
260
204
230
256
245
248
271
329
231
374
233
241
236
244
238
246
218
238
224
231
230
267
327
332
255
198
257
244
237
245
276
327
333
325
319
320
315
318
271
232
251
234
305
360
325
320
285
283
405
299
306
250
283
376
334
268
272
403
313
228
220
260
247
253
250
263
320
250
218
226
240
226
196
205
250
232
197
196
250
280
227
198
198
201
232
229
192
207
354
225
195
196
193
209
234
265
285
252
246
256
222
232
244
238
248
300
350
345
244
251
241
429
239
286
328
330
313
251
207
236
237
238
233
262
316
263
226
193
195
199
223
234
256
256
237
220
211
240
386
240
233
249
207
247
235
241
243
278
340
322
316
273
414
240
247
271
325
243
430
297
277
262
266
275
301
321
322
334
316
322
350
293
249
252
240
245
283
236
293
254
244
242
279
318
324
329
326
258
239
229
208
216
225
246
248
235
235
208
233
201
201
192
193
231
183
196
211
230
188
204
193
200
214
251
242
235
257
223
225
239
251
246
253
252
212
238
235
252
249
273
345
328
235
211
243
411
245
237
260
327
267
188
212
241
245
249
244
269
318
318
317
328
279
236
231
187
208
233
182
203
193
203
211
222
354
203
210
190
191
207
197
244
194
188
199
186
224
201
191
205
230
194
211
190
214
230
194
182
187
237
210
194
199
201
243
221
190
191
282
336
316
258
207
271
350
285
254
209
312
386
254
214
210
244
283
256
265
253
274
332
370
334
331
311
290
263
240
211
221
260
203
203
198
238
256
270
235
209
195
243
252
256
247
275
295
228
236
236
244
238
272
209
237
236
244
241
299
322
322
333
245
231
223
201
205
273
362
346
357
358
397
403
344
302
326
