18
111
56
43
34
36
33
29
31
31
31
31
29
34
34
31
28
28
40
36
94
130
49
41
33
31
30
34
40
40
31
35
33
33
30
29
33
29
30
31
31
29
28
27
37
87
37
51
35
31
33
36
32
35
38
30
33
32
30
33
35
35
31
29
30
27
28
29
45
47
35
35
36
31
31
34
31
37
30
32
37
86
34
29
35
31
33
31
30
29
32
28
37
36
40
31
35
65
38
124
62
66
41
38
32
36
34
38
36
30
29
31
30
34
36
37
29
28
70
45
43
50
57
40
33
42
34
36
39
32
33
72
40
38
31
36
38
41
31
41
35
40
36
35
40
45
45
45
47
45
41
32
39
35
31
31
40
38
32
32
42
35
32
37
31
40
39
37
39
31
35
39
38
91
40
39
34
36
37
38
37
33
38
30
37
37
36
36
42
38
33
39
38
31
105
39
63
37
47
43
39
38
36
31
41
39
33
39
34
39
40
40
33
33
33
38
40
36
38
41
37
112
38
98
42
41
36
35
49
39
39
37
32
37
37
37
36
37
31
40
35
38
38
37
38
38
36
39
35
49
53
42
34
34
39
38
37
35
36
46
37
34
39
40
40
35
40
35
39
38
34
33
39
39
36
70
41
42
37
38
37
38
36
40
39
34
37
38
39
38
33
36
38
47
50
35
39
32
43
114
41
40
44
35
36
37
36
36
34
38
38
34
33
34
34
35
33
39
34
32
35
46
33
37
37
53
39
41
40
41
34
41
36
40
39
45
35
38
37
32
38
36
34
33
40
35
35
37
33
46
39
37
52
30
39
35
51
93
33
44
43
38
34
40
38
39
36
39
36
39
37
38
37
40
55
45
77
125
90
180
103
140
64
76
77
138
103
45
108
129
59
69
76
94
41
137
95
112
112
114
93
145
147
83
177
113
150
79
103
45
35
44
64
195
67
85
79
46
76
73
80
83
53
51
39
41
37
77
110
95
52
37
42
45
35
40
46
39
39
36
40
40
40
49
29
34
45
33
34
39
33
42
41
88
37
37
36
36
40
34
34
36
39
35
35
36
35
35
40
34
35
35
37
44
35
36
35
41
123
45
47
44
40
43
38
42
37
34
43
59
43
42
41
45
44
75
46
42
45
40
43
45
39
48
109
47
65
41
46
97
43
44
54
41
43
43
42
46
47
45
43
41
42
45
42
45
46
48
42
56
45
55
40
46
44
48
108
47
44
44
45
44
46
45
44
44
40
44
45
44
45
43
41
56
47
45
71
20
48
39
42
34
33
33
42
31
31
30
47
31
44
30
37
38
45
32
30
36
44
38
36
90
49
50
34
40
32
37
41
45
40
102
48
39
37
37
37
38
63
37
38
38
36
39
64
42
40
45
47
45
41
43
48
47
41
46
47
56
44
54
36
48
42
42
47
40
39
39
39
107
41
50
27
49
44
47
42
45
46
45
42
38
38
39
45
41
40
42
44
47
38
37
38
54
44
43
42
50
55
49
51
44
40
39
38
39
44
44
51
46
44
44
37
34
38
42
40
43
41
44
46
39
79
55
52
38
35
46
39
48
33
38
37
34
48
34
32
36
46
45
34
44
31
44
49
33
46
31
54
51
40
43
35
43
47
33
44
32
45
44
31
32
40
32
43
48
40
34
41
36
46
33
36
64
67
63
52
47
45
48
45
45
43
47
43
43
40
41
38
57
54
46
47
42
41
42
43
45
43
48
31
60
51
45
43
49
46
43
43
46
45
41
42
48
44
45
42
46
41
43
46
44
44
46
31
25
49
47
40
57
49
43
62
48
52
36
42
47
51
50
53
22
41
44
47
43
42
41
51
39
27
54
32
40
38
38
36
39
100
35
34
46
38
35
38
36
32
36
37
39
33
35
36
38
36
37
64
29
44
40
39
39
40
37
37
37
50
51
46
50
45
51
53
77
53
52
44
46
37
50
49
47
49
28
48
67
158
60
135
73
56
55
98
83
85
174
151
154
153
134
45
62
152
159
69
69
89
86
129
77
179
114
45
52
85
71
31
54
44
65
266
125
242
193
94
94
95
106
113
26
54
59
90
71
55
54
61
40
47
48
45
49
39
47
46
60
46
45
48
45
38
47
37
46
48
45
48
63
56
29
68
41
43
44
46
40
40
40
41
40
41
38
41
39
40
51
41
46
49
46
46
57
43
45
35
50
29
41
39
50
46
49
44
42
51
49
53
45
54
39
49
27
52
41
44
53
48
40
39
54
47
29
43
41
44
45
44
50
43
45
39
50
38
52
42
47
39
41
55
42
51
41
39
42
45
48
57
27
43
41
45
47
41
39
40
41
38
41
42
40
43
26
40
39
44
24
40
41
38
45
33
59
29
66
41
39
40
39
40
39
41
54
40
39
45
40
39
40
38
40
38
39
38
43
40
41
41
52
28
45
49
38
40
39
91
40
38
41
40
41
40
40
41
40
39
39
40
43
40
41
29
46
48
58
36
48
56
44
43
42
44
44
54
45
54
42
57
42
44
40
41
44
43
42
44
41
44
54
49
43
35
40
44
42
39
43
42
39
40
26
41
43
54
41
40
40
42
42
44
42
42
44
40
58
169
32
29
40
39
59
41
48
28
39
30
41
39
49
26
41
41
45
43
39
44
28
49
29
53
48
33
48
45
56
42
43
42
44
42
44
43
48
46
43
50
44
45
44
44
83
42
43
44
62
54
31
50
43
43
42
43
41
41
40
43
43
44
47
45
44
43
41
46
50
45
42
46
42
43
50
54
60
29
45
27
42
28
41
29
42
47
42
50
32
68
46
51
46
50
31
50
49
34
45
31
51
48
64
33
49
58
44
45
51
42
30
29
42
42
44
56
49
43
52
33
41
30
66
34
47
94
106
65
34
40
93
34
36
34
34
35
41
56
35
36
38
33
40
34
33
44
34
32
33
42
64
36
61
52
67
30
48
30
30
47
29
47
30
42
44
44
30
50
55
81
45
44
29
49
29
47
30
54
53
55
66
51
60
51
30
62
31
31
33
30
44
30
45
31
31
29
42
49
57
48
34
34
54
44
78
58
37
32
49
33
51
59
30
32
48
45
44
30
48
35
30
45
31
33
33
56
40
49
39
110
39
30
32
31
32
30
31
47
32
35
32
31
32
54
32
34
31
30
32
46
32
31
42
48
63
41
58
56
50
49
48
47
49
49
50
47
46
66
39
48
48
47
46
51
50
48
48
48
33
61
44
174
65
183
209
137
33
399
151
34
159
189
82
133
143
114
186
75
106
131
128
195
138
139
35
32
34
376
30
197
294
31
171
69
203
126
239
60
150
73
99
70
101
222
308
158
209
243
254
286
315
150
129
79
44
169
58
42
35
39
64
52
51
58
34
67
33
49
35
33
48
35
33
43
33
39
68
82
155
135
40
58
37
39
36
39
52
36
52
39
37
38
35
35
51
48
36
49
36
36
36
101
57
51
56
118
54
46
37
36
38
35
34
34
35
34
56
37
33
34
33
33
33
38
33
35
34
49
52
148
63
47
69
38
36
40
37
38
38
38
37
38
36
38
40
38
37
38
58
39
69
42
54
195
211
119
185
323
61
140
85
39
37
48
141
83
85
88
87
99
69
109
86
64
139
46
136
40
132
311
83
41
85
141
67
261
107
181
244
43
177
113
49
59
71
66
76
73
101
120
79
44
136
114
188
134
77
150
139
228
175
227
245
375
83
216
451
279
208
134
109
126
78
73
69
68
70
68
148
266
246
68
251
183
200
68
121
67
97
112
58
42
52
43
37
49
46
53
71
56
103
98
88
38
81
64
67
303
141
335
204
98
100
74
54
48
42
80
118
53
48
42
118
99
101
45
82
40
105
51
44
169
42
259
332
49
174
255
131
47
112
54
49
50
49
50
50
50
50
56
48
52
51
56
92
79
122
224
221
177
79
49
52
53
55
52
50
51
99
52
51
47
50
62
86
75
91
89
57
52
51
54
171
111
217
304
88
106
50
47
57
51
48
51
50
98
83
62
79
53
56
51
58
51
51
55
51
43
136
94
148
147
156
191
133
80
87
64
74
80
81
55
51
56
52
58
65
50
51
53
63
43
46
118
144
126
53
184
267
159
53
89
48
43
40
40
41
41
41
37
37
41
45
38
56
42
42
37
63
52
87
120
106
61
53
86
42
76
42
47
46
98
52
63
43
45
43
42
52
39
42
42
45
80
77
63
152
92
92
47
43
42
42
42
46
44
45
43
47
42
42
42
55
42
43
42
45
43
43
54
78
56
146
106
66
42
42
42
43
41
43
44
44
44
42
43
60
47
45
46
46
46
45
45
46
76
85
57
51
50
54
70
53
50
49
60
101
56
51
51
149
71
62
98
69
137
157
114
102
103
59
78
75
67
170
163
175
72
100
57
159
105
82
45
128
87
61
87
66
105
42
43
44
55
44
52
100
75
66
106
102
56
43
42
44
44
43
43
67
75
46
44
44
45
48
50
52
47
45
45
43
44
62
153
65
52
186
207
41
44
40
260
180
88
166
379
54
162
128
94
151
159
288
347
146
161
281
45
169
167
189
47
205
141
179
278
302
109
136
51
366
119
127
82
87
95
207
411
396
367
380
293
282
357
480
110
46
289
102
89
227
134
54
53
44
42
45
42
40
42
41
41
41
41
41
54
47
46
59
50
52
51
56
75
106
66
54
50
48
48
45
45
45
45
52
45
46
44
46
48
49
46
47
74
267
50
52
57
53
50
47
48
48
48
48
48
45
46
48
47
44
44
46
46
44
43
45
44
44
83
241
52
50
54
45
57
51
52
44
48
51
52
45
47
48
44
49
50
44
44
41
41
41
41
42
40
52
51
48
56
53
49
51
47
44
45
49
46
47
45
50
45
44
44
44
48
45
45
44
45
50
46
51
50
54
65
54
48
41
43
44
43
40
44
41
40
40
41
40
40
41
41
39
41
42
42
51
52
52
72
60
48
51
45
43
47
46
47
49
49
46
46
46
44
44
44
44
46
43
43
46
45
48
73
47
55
58
56
51
50
44
52
44
45
44
46
46
44
45
58
43
41
42
41
42
44
40
41
45
56
47
63
55
58
48
48
48
44
44
43
44
45
46
43
48
44
45
45
44
44
53
47
44
51
49
52
54
49
46
41
47
45
42
43
41
43
41
41
42
40
41
43
40
41
40
41
39
41
51
49
56
54
45
43
42
41
42
44
40
40
41
40
43
40
40
41
42
40
41
42
40
40
39
46
48
46
48
50
60
49
45
47
46
44
45
44
48
46
48
45
48
47
45
44
43
48
46
46
50
50
83
52
51
56
50
47
52
42
41
40
44
42
43
46
41
40
40
42
42
42
45
45
45
45
52
57
62
55
49
53
50
47
45
41
43
40
41
41
44
40
41
40
40
41
40
40
41
40
40
41
44
51
52
49
55
48
43
45
45
43
45
45
48
45
44
44
47
44
47
43
47
44
47
45
43
45
55
77
130
45
50
44
46
45
45
44
43
44
45
44
44
44
47
44
43
43
45
45
44
44
44
45
45
60
60
106
98
297
144
41
82
274
128
79
294
127
76
270
147
317
128
68
286
274
244
50
51
83
289
121
64
302
153
45
78
101
69
258
56
51
49
49
93
373
276
316
256
257
265
247
248
171
45
51
53
50
49
46
41
40
40
40
40
40
41
40
39
40
40
41
41
40
40
41
40
40
40
41
41
53
60
42
44
42
41
42
41
40
40
41
41
41
40
41
41
40
40
42
39
40
40
41
40
41
45
53
49
42
42
40
40
40
41
40
40
41
41
41
41
41
41
39
41
40
41
43
42
41
45
55
52
46
49
48
45
44
47
44
45
43
44
45
44
47
44
46
41
41
40
42
40
41
42
42
41
51
61
46
46
40
43
41
47
48
43
41
42
39
41
42
40
40
41
42
40
40
41
42
42
43
40
42
53
55
45
42
42
43
43
41
42
40
41
41
41
40
42
40
40
42
42
40
43
40
40
41
49
53
51
42
43
44
44
40
39
41
40
41
41
39
39
41
41
39
42
43
47
46
51
81
98
99
55
61
59
53
51
55
55
49
44
45
44
45
44
43
50
47
45
44
43
45
43
45
45
46
43
46
45
50
55
49
47
57
49
45
78
52
49
53
47
48
46
40
42
40
41
40
41
42
40
39
42
42
47
53
55
46
45
47
46
44
44
47
47
45
51
44
44
45
46
44
47
47
44
43
43
45
50
52
48
42
43
41
41
41
40
41
42
42
42
41
44
49
46
42
44
40
40
40
40
40
41
41
47
74
131
41
43
41
41
40
41
41
40
40
42
40
40
41
40
41
42
40
40
40
41
40
41
43
74
113
49
43
40
49
49
46
46
47
44
45
44
44
49
44
43
45
44
55
45
44
45
47
45
47
53
51
58
62
61
49
50
47
45
44
43
45
47
47
49
43
44
45
45
48
44
44
44
44
45
44
56
54
54
42
41
46
41
44
42
41
41
41
41
41
40
39
39
39
41
40
39
41
41
47
48
49
50
41
41
41
40
40
41
41
40
40
41
42
42
41
41
40
40
39
40
45
41
39
40
41
41
76
58
51
41
40
40
41
41
43
40
40
42
45
39
41
41
39
40
40
40
41
44
41
39
41
43
49
49
42
41
41
47
40
41
41
46
40
42
40
42
40
40
40
41
39
41
42
43
40
44
51
60
50
43
42
42
41
41
41
40
42
40
41
42
40
41
40
40
41
39
39
41
41
40
42
42
48
56
59
55
50
49
50
52
51
53
48
53
47
44
85
247
41
51
89
228
43
81
113
235
50
81
264
44
56
87
260
58
53
47
50
53
58
98
307
295
287
245
248
243
245
246
52
46
49
45
44
49
49
56
54
46
44
45
45
44
43
44
47
52
45
47
48
45
43
44
50
48
43
44
47
44
51
56
77
53
47
48
48
49
45
44
45
46
45
45
44
44
45
43
44
45
44
43
44
46
44
44
51
49
52
50
46
45
44
44
45
43
44
46
46
44
44
45
45
43
44
45
44
43
43
46
44
46
54
51
51
49
43
41
41
45
45
46
44
47
45
45
44
44
45
44
46
47
44
45
44
44
45
50
48
51
45
44
47
53
47
47
49
46
45
45
45
44
45
43
43
45
47
44
44
44
43
44
45
62
57
51
48
48
46
45
46
43
44
51
48
48
44
43
45
44
44
43
46
46
44
44
48
44
45
50
53
47
43
42
43
42
42
42
44
42
42
44
41
44
41
41
42
42
42
44
41
42
42
44
63
51
44
48
45
44
47
44
43
44
43
43
43
43
44
45
43
44
49
47
43
47
44
46
44
46
51
49
50
44
45
44
45
46
44
43
48
45
44
47
44
46
45
44
49
49
47
43
46
44
43
51
58
53
52
48
44
44
44
45
45
44
44
47
47
44
44
44
44
43
44
44
43
45
44
46
44
48
56
55
51
43
42
41
41
42
40
41
45
42
41
41
40
41
39
41
42
42
46
44
44
51
44
60
57
52
46
43
44
41
42
64
69
44
44
43
45
42
42
44
42
44
41
44
41
43
55
48
71
279
170
70
283
45
46
48
49
45
51
45
42
47
46
47
45
48
56
45
49
48
46
45
44
44
82
262
385
59
68
70
46
52
44
45
42
42
43
42
43
41
43
66
81
48
50
48
63
69
60
65
47
57
60
55
51
51
52
52
52
55
46
44
42
41
42
42
41
43
41
41
45
42
40
43
42
49
62
55
52
53
44
41
41
42
40
43
41
41
41
40
40
42
42
44
41
42
41
41
41
46
49
52
47
47
54
46
47
45
49
44
45
45
46
45
44
45
45
44
44
46
44
47
44
44
43
46
48
52
49
54
52
47
42
42
40
41
42
41
41
40
40
43
41
41
41
42
41
40
41
41
40
40
51
54
44
42
46
48
46
45
45
46
46
53
44
45
44
44
43
44
44
45
45
43
49
47
44
44
47
50
58
77
318
144
41
48
75
91
80
114
53
80
117
123
97
104
65
81
273
242
51
52
51
50
51
76
120
42
50
62
85
303
147
56
57
55
53
58
50
51
61
90
243
253
242
255
289
271
279
177
46
56
51
42
41
40
40
42
40
43
41
43
45
41
41
40
41
42
40
40
44
43
41
41
46
53
49
47
46
46
45
45
45
44
43
45
46
46
50
47
48
44
45
44
43
45
45
44
43
45
48
89
62
48
47
48
57
49
42
41
41
40
41
41
40
41
43
40
40
41
44
46
40
44
41
40
43
52
50
50
46
44
49
44
48
42
44
41
42
40
40
41
40
40
40
40
43
40
41
41
44
49
53
47
48
45
48
46
46
44
44
44
45
47
46
48
47
44
44
44
44
45
44
45
46
44
43
49
50
48
45
63
57
49
44
45
44
45
44
46
44
47
54
47
44
45
44
48
47
48
45
47
48
52
54
44
45
40
41
41
41
44
41
41
43
40
41
41
41
40
42
40
40
39
39
43
46
51
54
44
42
43
47
41
43
41
41
41
41
40
41
40
45
41
41
40
39
39
41
39
40
40
41
42
54
43
41
42
40
40
40
41
41
43
41
41
41
44
43
42
39
40
41
42
43
40
40
41
41
48
51
56
48
47
48
45
44
47
46
44
48
48
44
46
44
44
43
51
44
44
46
44
43
44
48
51
47
47
44
41
45
40
40
39
44
40
42
40
40
41
40
40
40
39
41
40
39
40
41
98
108
47
44
48
47
46
49
45
47
46
45
44
47
45
44
43
43
46
44
44
43
46
45
43
44
46
53
52
45
40
42
42
41
40
41
42
40
42
40
40
41
41
41
40
40
40
40
41
40
39
41
46
56
53
48
46
43
44
45
45
43
55
46
48
47
48
45
44
45
50
44
46
45
44
45
45
44
45
55
51
42
41
41
43
43
44
41
41
43
41
42
41
40
39
42
43
40
41
40
40
40
39
45
60
46
44
43
45
45
44
44
47
43
47
44
44
45
45
44
47
44
43
43
46
44
47
44
44
47
53
51
44
42
41
40
41
41
40
41
41
39
39
40
41
40
43
41
40
40
39
41
39
39
45
59
50
43
47
45
47
45
44
43
45
47
45
43
44
43
47
44
46
43
46
45
44
44
45
45
44
56
58
46
46
44
49
44
44
45
44
45
45
55
44
45
43
45
44
44
43
44
44
46
43
46
47
58
52
50
45
44
46
45
44
44
48
45
45
43
45
43
44
43
45
44
44
48
45
43
45
51
48
49
52
49
42
44
41
41
42
41
40
40
41
40
42
42
40
42
43
41
73
146
74
258
44
80
106
306
42
57
82
97
271
137
85
121
274
119
81
67
107
148
250
81
253
147
73
108
55
83
82
60
59
51
53
51
52
60
80
289
269
296
255
259
259
264
167
48
44
45
51
48
46
44
44
45
47
57
52
43
44
41
40
42
42
46
44
55
47
45
48
49
46
44
45
47
45
46
44
44
45
46
57
50
42
42
44
42
40
42
44
43
45
52
50
45
43
45
48
47
46
45
45
43
47
45
46
43
49
51
54
45
46
46
46
49
48
45
45
45
46
44
44
46
47
47
43
43
45
47
48
44
45
57
57
49
48
46
42
40
42
41
44
41
40
44
40
40
41
40
40
41
42
41
48
45
43
45
53
48
45
48
51
45
41
42
40
41
40
42
41
42
41
44
40
40
41
41
40
40
41
42
40
41
45
73
55
52
46
45
45
47
47
45
43
44
43
44
42
44
46
44
45
43
44
45
44
46
43
50
53
53
45
45
44
44
51
48
45
44
44
45
50
46
46
45
46
47
42
48
45
43
44
45
49
48
53
53
43
41
44
42
41
41
40
40
41
44
40
39
40
40
40
41
41
40
40
47
41
41
47
47
48
42
52
42
41
41
42
39
42
44
45
49
45
44
45
44
44
54
47
44
44
45
47
44
47
51
52
44
41
41
46
41
40
40
41
40
39
42
42
41
41
41
40
45
40
39
40
41
42
41
44
51
48
43
41
42
41
40
41
41
43
41
41
45
40
44
42
41
40
40
41
42
40
41
41
45
53
47
41
41
40
42
40
41
41
42
40
41
39
43
40
41
41
45
44
47
45
57
47
44
44
48
53
55
45
46
45
44
45
45
45
45
48
48
46
48
45
47
46
48
45
45
45
49
46
45
49
55
49
42
43
42
41
42
42
41
40
43
40
43
40
40
41
45
50
71
241
243
44
41
42
44
52
73
334
48
49
49
48
46
48
46
48
47
49
54
42
46
42
45
44
42
42
42
45
49
48
47
47
73
61
54
48
49
55
50
59
45
55
52
51
47
48
82
47
49
50
51
46
43
45
45
45
47
53
49
52
56
53
43
44
42
41
41
42
46
44
45
46
44
50
47
47
47
44
43
46
44
53
52
67
61
55
50
41
42
45
41
41
43
40
42
41
40
39
43
40
41
41
44
41
40
40
40
41
53
52
49
48
41
41
40
42
39
39
39
41
41
43
40
43
40
39
39
39
41
40
39
40
41
51
56
50
70
54
49
56
49
52
52
50
53
53
52
51
46
48
46
45
49
45
69
223
53
66
47
44
80
377
248
257
252
240
237
47
42
79
273
151
80
287
160
46
84
264
156
43
43
92
300
46
85
121
54
59
61
87
347
302
45
82
99
125
103
265
265
263
163
76
74
249
76
56
50
46
48
47
43
47
51
46
46
51
82
90
45
50
53
52
45
45
45
47
49
79
314
313
319
279
271
292
354
294
333
155
45
57
54
51
50
53
90
73
63
74
307
331
351
160
54
63
85
154
49
49
77
120
77
54
53
77
102
68
81
287
47
51
50
50
46
49
50
47
53
54
71
45
70
234
106
52
46
44
45
51
50
45
56
59
72
55
51
47
50
46
47
47
47
48
51
48
44
44
45
43
42
41
41
83
65
56
53
55
63
59
48
48
45
46
46
46
50
46
49
48
46
47
48
46
46
49
45
48
54
55
55
54
56
47
45
43
42
43
45
52
48
57
44
44
45
42
43
41
48
47
47
47
46
224
62
63
57
97
77
53
81
51
76
65
63
57
48
53
48
61
63
74
63
73
48
44
49
45
44
45
44
45
54
45
45
47
51
52
52
62
46
46
44
44
45
44
44
50
48
44
43
47
43
46
44
45
46
55
51
51
47
46
47
46
44
49
44
44
46
43
44
45
44
44
45
48
46
45
45
44
48
47
67
54
55
46
45
46
46
44
45
45
45
45
45
44
44
44
44
44
43
45
45
45
44
45
44
58
54
57
51
48
44
41
41
40
40
42
41
41
47
51
52
71
91
47
43
43
42
44
41
44
47
81
289
142
62
269
79
53
47
48
47
46
78
285
102
60
46
42
46
46
48
60
49
45
48
44
46
46
58
62
52
47
42
61
60
54
44
62
45
44
42
45
48
53
49
43
41
48
58
57
60
53
78
262
84
77
78
84
47
135
54
61
57
60
51
61
59
61
61
55
48
55
54
48
46
47
44
56
72
291
57
55
60
49
46
45
44
45
46
45
45
44
52
46
43
41
44
41
40
41
40
41
41
79
153
55
51
43
42
44
40
43
40
41
40
40
44
40
40
42
40
40
44
54
66
47
46
46
51
49
58
59
54
62
49
46
45
47
46
45
44
45
45
44
44
45
46
48
45
45
44
44
47
46
52
51
56
54
50
42
46
44
41
44
40
41
40
41
40
41
40
43
40
41
40
41
40
41
43
41
46
51
56
118
146
40
70
123
119
274
107
98
107
279
149
104
106
50
87
127
276
45
56
81
283
41
49
53
75
76
119
41
82
301
175
42
47
49
46
79
325
282
262
253
249
241
249
255
262
221
61
51
51
51
61
45
50
41
44
42
40
41
41
41
40
41
41
40
42
41
39
40
40
40
42
39
41
44
53
54
56
49
47
45
48
47
44
48
44
47
44
44
47
44
44
46
43
44
44
45
44
45
49
50
57
50
45
41
41
42
42
40
41
39
43
40
41
39
41
40
41
42
42
39
40
42
41
39
49
55
58
49
46
45
45
46
45
43
45
44
50
44
45
45
44
46
44
58
78
54
47
57
53
47
68
65
52
58
51
50
44
46
45
45
47
47
46
51
44
53
64
61
56
55
57
51
56
61
53
50
91
328
46
77
56
55
51
55
52
46
48
53
61
60
54
54
49
45
46
44
45
47
44
57
50
81
153
79
79
59
55
63
74
84
60
52
55
56
49
53
48
48
47
51
50
53
73
328
116
45
53
82
67
70
72
58
57
48
49
46
57
46
44
48
55
48
42
43
44
42
42
44
41
41
40
45
53
51
54
50
53
48
49
48
43
45
51
43
46
45
46
43
47
43
44
58
43
44
44
45
44
53
49
47
57
42
44
43
42
46
52
41
42
40
42
41
39
40
41
42
40
42
40
41
40
40
42
95
56
57
54
55
44
48
44
44
46
49
46
45
45
45
47
46
44
51
46
47
45
45
44
44
48
49
51
51
53
53
44
43
40
41
40
40
40
42
42
40
42
40
41
43
39
40
39
41
40
43
51
47
46
47
54
45
43
43
41
40
41
40
40
40
41
39
40
40
41
40
40
41
42
40
40
42
46
49
49
58
52
42
43
43
40
41
44
40
40
40
42
41
42
41
40
39
40
41
41
40
80
131
41
70
117
53
42
38
75
145
246
59
45
52
73
303
278
146
43
74
270
292
255
44
118
277
244
80
274
260
313
326
276
284
217
45
43
55
94
136
71
246
118
46
46
46
48
72
357
271
275
298
347
307
395
46
39
43
80
280
45
53
75
131
52
45
47
40
41
42
40
40
40
42
40
41
43
44
42
50
58
51
46
49
47
44
45
46
45
45
45
50
41
45
42
44
43
43
63
53
53
157
47
48
52
49
50
57
53
69
53
51
61
54
56
56
53
62
52
61
60
64
49
53
51
65
58
61
74
71
262
91
50
52
47
45
41
42
41
39
43
43
40
41
41
50
48
43
41
40
42
41
41
40
42
45
82
91
57
64
49
49
51
48
48
48
56
55
52
46
51
45
46
45
44
48
44
46
46
43
68
250
62
57
58
47
46
49
45
45
44
44
45
44
44
45
43
44
45
44
43
44
45
43
43
51
54
52
66
57
54
51
46
46
49
47
44
45
48
45
45
44
44
56
48
46
47
45
45
44
43
51
50
57
49
45
41
41
41
42
45
40
42
45
40
41
41
40
40
45
46
46
48
45
43
46
45
77
50
63
69
46
48
45
44
45
47
43
48
43
44
44
44
44
48
42
48
45
45
43
44
45
44
55
53
63
45
46
42
44
41
42
40
40
40
41
41
40
40
40
39
41
41
40
39
40
39
40
47
49
46
43
42
46
40
40
40
41
40
40
41
42
40
39
41
39
43
39
41
40
40
39
40
41
49
63
52
51
41
43
41
40
41
40
40
40
40
41
41
41
42
40
42
40
41
40
41
41
40
41
40
46
53
51
48
46
57
47
44
45
45
45
45
44
45
43
44
44
45
43
50
44
43
43
49
44
48
53
55
48
45
45
48
43
45
46
44
44
44
44
45
45
46
44
47
48
46
47
44
46
44
43
55
52
52
44
45
43
44
43
49
50
45
45
47
44
44
43
52
44
44
45
47
46
46
44
57
53
51
50
55
50
46
46
49
49
48
46
44
44
44
44
44
44
44
45
46
43
43
44
48
44
54
49
44
42
42
41
41
46
41
42
40
41
41
43
42
40
40
41
40
42
40
42
42
40
41
41
44
54
54
64
53
42
42
41
42
40
45
40
40
41
40
40
40
41
40
40
42
40
41
39
40
50
56
51
44
41
42
41
42
42
41
44
41
41
42
40
41
41
41
41
41
41
42
40
39
43
42
82
53
53
49
47
51
45
44
46
44
45
45
47
45
48
45
46
45
44
45
45
43
44
44
46
45
52
77
63
46
43
41
41
46
40
40
40
42
40
41
42
41
41
50
48
44
44
44
43
47
45
47
51
55
48
43
45
45
40
46
43
41
40
41
40
42
39
41
39
40
40
41
41
41
40
41
46
81
56
46
47
46
46
44
44
45
45
43
45
45
46
45
49
43
44
45
44
43
44
47
50
54
48
50
55
46
42
42
48
49
49
50
49
46
45
47
44
50
46
42
42
40
40
42
41
39
41
44
54
81
412
245
41
52
50
47
48
46
45
54
51
78
231
40
73
234
50
51
80
248
44
52
48
52
56
50
92
102
59
50
51
45
73
108
79
41
79
293
244
258
252
241
185
46
45
47
45
44
50
48
54
52
50
42
42
41
44
41
40
40
42
41
42
40
42
40
42
40
42
39
39
40
41
44
48
49
47
47
41
42
47
52
49
51
47
46
48
48
46
46
50
47
46
45
56
50
44
52
80
61
53
73
131
54
82
51
55
55
93
291
43
49
51
53
45
47
50
46
47
79
89
44
65
271
56
45
44
46
50
48
46
45
52
50
46
47
66
113
46
49
53
53
64
51
63
64
79
55
48
52
46
52
52
48
48
52
52
52
74
132
48
47
49
56
49
48
52
49
48
51
47
47
46
46
63
56
50
54
58
53
48
45
44
44
51
43
42
49
42
45
43
44
46
45
42
42
43
43
41
43
42
42
45
47
73
102
89
50
60
47
46
49
48
44
48
44
45
44
47
44
52
45
46
49
46
43
44
55
47
49
51
50
57
51
49
52
46
47
44
46
47
45
50
53
53
62
58
97
84
73
92
69
89
147
60
78
77
64
97
74
69
68
50
77
92
271
246
152
40
75
129
44
74
267
245
77
270
296
155
42
40
54
54
44
75
337
163
46
52
55
63
52
76
294
43
38
39
70
305
245
279
44
41
47
42
50
63
51
54
54
50
43
41
42
43
42
43
44
42
43
41
41
41
42
42
41
42
41
41
42
46
56
50
43
41
43
40
44
41
43
41
44
47
51
50
46
47
46
49
48
46
45
45
55
43
46
52
57
49
49
46
50
46
46
45
45
44
49
48
45
46
44
194
63
66
106
122
133
39
40
40
42
48
77
75
48
78
53
50
42
62
45
50
53
46
50
48
44
48
44
45
44
47
48
43
46
48
66
280
63
82
115
70
55
73
110
43
40
41
42
40
41
41
39
43
44
43
43
44
44
46
48
48
53
53
44
53
54
48
57
59
63
63
49
56
47
45
47
47
50
49
45
45
46
52
47
58
51
70
478
43
46
46
49
45
45
44
45
46
45
45
46
51
44
48
45
51
45
49
46
54
46
50
52
54
49
47
47
49
44
46
44
44
46
47
46
44
47
44
45
44
46
57
46
42
42
42
40
40
82
52
43
47
46
45
49
44
47
57
45
45
45
46
45
45
50
46
43
47
43
43
45
43
44
49
45
56
47
43
44
43
53
45
45
46
44
45
45
47
45
46
45
47
45
46
44
47
44
43
43
50
50
43
42
42
40
43
41
43
39
41
40
41
40
44
40
42
41
40
40
41
40
39
40
40
41
42
59
51
50
46
45
45
45
48
43
45
44
45
44
46
43
45
45
43
44
45
47
50
45
44
43
56
52
46
45
45
48
46
46
44
44
46
45
44
46
45
46
44
48
44
44
44
42
46
44
44
50
53
46
43
41
41
43
41
40
41
41
40
41
43
41
42
43
40
41
42
43
42
40
39
40
40
43
56
63
45
48
44
44
46
46
43
48
48
45
46
43
44
44
44
46
47
47
45
45
44
45
44
92
52
44
45
42
42
43
39
42
42
40
40
40
40
42
42
41
41
44
41
40
42
39
39
50
58
46
50
44
44
47
45
47
45
45
48
48
43
44
50
44
44
43
46
44
44
43
43
45
44
43
53
55
46
46
46
44
44
45
44
44
46
44
45
46
45
44
44
43
43
43
47
52
49
46
43
44
52
50
45
41
42
42
40
40
41
41
45
41
43
40
39
40
42
40
43
40
39
41
40
40
45
50
47
50
56
44
42
41
44
43
47
46
44
45
53
45
45
43
45
47
48
44
44
43
45
44
48
56
61
47
82
108
133
289
133
90
88
62
103
282
286
148
45
56
74
96
83
81
112
91
46
53
87
84
91
317
44
78
119
66
50
51
63
90
330
296
257
250
241
245
266
242
48
46
46
44
52
58
64
57
49
44
45
40
42
40
43
44
48
44
42
40
40
41
40
40
40
45
41
41
45
41
42
61
48
52
45
51
55
48
43
45
43
45
50
44
48
45
47
46
44
43
44
44
46
43
46
46
45
76
62
46
48
45
45
45
46
44
44
46
44
48
45
44
43
44
43
45
47
47
49
44
44
48
98
59
46
43
41
42
41
41
46
41
45
42
42
42
40
41
39
40
40
41
41
40
39
40
40
45
50
51
46
43
42
41
40
41
41
40
39
39
41
40
40
47
46
46
47
44
48
44
52
50
46
44
46
52
50
43
40
41
41
42
41
41
42
48
45
44
48
47
45
44
45
44
46
45
44
44
48
50
49
51
45
44
46
44
43
46
45
44
45
46
46
47
50
44
45
44
43
43
44
48
43
42
45
64
53
47
47
46
45
44
44
47
44
44
45
43
46
47
47
43
52
46
42
42
41
40
46
42
45
57
51
49
48
42
43
47
46
44
47
45
47
46
45
44
48
45
45
43
45
51
45
46
47
43
50
84
79
46
45
44
48
46
45
52
46
45
46
44
45
45
44
43
45
44
44
47
44
46
47
55
60
44
44
44
40
40
40
39
40
40
42
47
42
40
40
47
49
45
44
48
44
44
47
44
49
52
54
46
44
44
42
41
42
42
40
42
40
51
40
39
41
41
40
42
40
40
41
41
40
41
41
54
51
45
44
49
44
41
41
40
41
40
40
42
44
40
39
40
43
41
40
42
40
42
41
40
41
62
54
46
46
46
46
48
45
45
46
48
45
51
45
41
42
44
41
42
40
40
43
42
43
40
45
54
44
42
43
40
42
42
43
40
41
43
40
40
41
41
39
40
41
41
45
39
40
40
43
58
49
46
41
45
42
42
40
42
42
41
41
41
40
43
40
52
45
45
44
47
44
44
49
46
57
54
52
48
47
45
47
45
47
43
44
45
44
44
45
45
44
45
44
43
48
45
44
45
45
50
68
52
49
45
41
42
42
42
41
40
41
41
41
42
41
41
40
42
40
40
41
42
41
41
40
41
45
55
47
44
40
42
40
40
40
46
41
40
42
39
39
40
41
40
40
40
43
42
40
41
43
46
76
57
45
46
45
49
45
45
44
45
43
44
44
49
48
50
45
44
46
49
47
43
47
48
48
53
48
44
43
46
48
46
44
44
45
46
45
44
44
45
45
52
51
42
80
337
49
58
85
130
269
79
40
80
294
140
40
80
331
64
39
76
103
265
45
81
117
124
77
64
111
103
117
263
149
52
57
52
56
86
319
300
304
418
241
262
255
269
235
45
42
41
41
40
40
41
41
40
40
52
48
71
53
46
53
57
46
45
47
45
44
44
45
44
47
44
44
45
44
43
44
46
45
45
49
46
45
64
54
41
42
42
41
45
49
45
46
45
45
44
47
44
47
44
44
44
43
44
44
48
44
43
47
68
51
48
46
44
45
45
44
45
48
43
50
45
44
47
44
48
49
54
58
45
45
44
45
45
45
47
50
53
45
50
44
45
50
43
42
43
41
40
41
40
43
40
42
43
41
40
41
40
40
41
43
59
55
51
45
46
46
44
43
49
44
45
47
46
44
45
44
45
45
46
46
45
44
44
44
45
49
82
46
41
42
41
40
40
41
40
44
42
44
39
40
46
45
40
40
40
43
41
40
39
40
50
55
42
43
42
43
42
40
40
40
41
40
42
41
40
41
40
41
44
41
39
42
40
43
39
42
45
55
53
47
42
42
41
42
45
42
40
40
41
41
40
43
42
41
41
44
40
42
39
40
39
50
53
49
46
45
45
45
54
45
45
45
45
44
44
44
44
43
43
45
43
44
44
44
51
46
44
46
60
51
41
43
41
41
44
40
40
41
40
42
41
41
40
41
41
40
42
44
41
42
39
41
42
45
52
46
48
45
50
48
46
49
45
45
45
44
46
41
41
41
41
40
42
40
41
40
44
41
41
58
57
45
47
46
47
46
47
44
45
43
44
45
45
43
44
48
43
45
45
44
44
44
49
61
52
46
48
44
46
47
43
49
49
43
44
44
43
44
44
43
45
44
45
44
44
45
45
43
46
52
53
42
43
40
41
40
43
41
41
42
44
41
42
42
43
40
39
41
40
40
43
42
40
44
42
45
55
53
49
46
50
45
48
46
44
44
50
44
45
46
44
45
44
46
44
45
45
43
44
45
50
52
42
48
41
41
41
40
43
43
41
40
42
41
40
40
40
45
44
40
40
40
41
39
40
40
47
53
45
49
48
47
47
46
44
47
45
43
47
43
44
44
43
44
50
44
45
45
43
43
44
44
44
62
52
60
45
45
44
48
46
48
46
44
47
45
43
44
44
44
46
45
44
44
45
47
47
47
59
55
51
44
45
47
44
43
48
43
44
45
45
44
47
44
45
47
44
43
49
45
49
44
47
52
53
48
43
41
41
42
42
40
42
40
41
41
42
40
42
42
40
39
42
40
42
43
40
40
41
41
52
51
41
40
40
40
40
41
70
114
51
81
264
265
71
255
121
68
255
87
90
64
311
123
83
75
120
45
79
365
285
274
340
46
84
93
83
105
106
53
55
54
56
90
333
280
268
256
285
253
281
285
49
55
56
52
43
44
41
44
41
41
40
41
40
41
40
43
40
41
41
42
40
44
48
47
53
59
49
49
45
45
45
47
44
50
44
43
49
44
41
42
43
43
44
45
43
46
45
44
46
48
55
45
47
48
48
45
48
45
45
44
45
50
44
44
46
44
46
46
44
45
45
45
44
50
44
59
52
53
48
48
45
44
45
43
43
44
48
49
46
44
45
44
44
45
43
43
45
43
43
49
52
53
45
55
47
45
45
45
47
49
47
45
43
45
44
44
44
45
43
43
47
47
45
46
44
65
54
51
47
46
45
46
48
47
47
44
47
44
45
48
44
45
44
46
45
46
44
43
44
45
45
82
68
45
49
50
50
48
43
45
44
44
46
53
45
45
44
43
44
44
47
44
45
45
44
44
46
48
52
53
46
43
49
44
47
44
47
44
47
43
44
49
44
47
45
44
47
45
46
45
48
45
49
52
50
44
41
41
46
40
41
40
41
40
40
41
40
40
44
41
40
39
41
41
41
41
40
39
90
58
50
44
48
45
45
44
45
44
46
45
45
44
46
44
44
44
44
47
44
44
44
44
44
44
52
51
47
42
43
43
41
41
40
42
40
41
42
41
41
42
40
39
44
40
40
40
41
40
42
45
51
48
49
49
46
44
46
50
44
41
45
41
41
42
41
41
42
40
41
39
40
41
44
40
40
43
52
52
46
46
44
48
43
42
42
40
42
40
41
40
47
44
47
48
44
44
45
44
44
44
50
53
42
42
41
39
43
40
44
41
44
40
41
41
43
40
40
40
39
44
41
41
41
44
48
44
48
54
46
44
45
48
49
48
45
46
44
44
48
48
49
46
46
46
46
46
47
44
47
45
47
60
50
46
46
44
45
48
45
44
47
44
46
45
44
44
44
43
47
43
46
44
43
43
48
43
44
57
50
50
45
45
45
48
44
44
45
44
44
48
46
44
44
45
44
44
44
47
46
46
44
45
48
59
54
50
45
49
44
47
46
44
44
47
47
44
46
44
46
47
48
46
50
45
45
46
47
50
54
51
46
45
45
45
44
44
45
46
44
49
44
45
44
44
45
44
44
49
44
44
44
44
48
45
64
65
48
46
46
46
44
44
44
43
43
47
45
44
43
44
46
45
43
43
44
44
46
44
45
48
51
52
44
43
42
41
40
43
42
42
41
47
40
41
41
41
40
42
40
41
41
46
39
40
42
50
51
42
41
41
42
41
41
40
42
75
147
151
271
247
264
77
50
59
52
78
100
125
78
307
262
242
66
221
40
38
75
288
245
101
64
301
260
145
80
248
46
49
50
47
91
300
271
257
256
275
293
338
60
44
52
64
41
42
40
40
42
42
41
41
41
40
42
41
43
40
41
40
40
39
41
44
57
53
46
45
45
49
45
43
44
49
47
44
45
46
44
43
45
45
44
52
49
45
43
48
45
44
48
51
47
47
47
45
45
44
44
44
45
45
43
45
44
44
45
44
47
45
45
45
49
41
42
47
46
48
52
47
44
52
50
47
50
49
47
50
46
47
46
47
47
47
46
46
49
50
43
43
42
48
48
45
44
44
43
42
44
44
42
42
47
46
48
45
46
46
46
46
47
50
46
46
50
46
71
57
51
44
44
43
43
42
43
44
46
44
47
42
43
42
41
44
42
43
43
42
42
41
42
42
51
45
49
44
44
42
43
43
42
42
43
42
43
43
43
43
42
43
44
43
44
44
44
45
43
45
72
47
43
46
44
44
255
49
48
49
46
47
46
46
45
46
47
47
46
47
51
49
47
47
71
272
49
44
45
42
42
44
44
47
46
47
45
44
45
44
46
48
44
45
45
44
45
46
42
40
41
46
52
46
41
41
41
41
40
42
40
40
42
40
39
40
41
41
40
39
39
39
41
40
40
47
54
50
46
45
42
40
41
42
40
42
41
40
41
40
42
40
40
41
41
39
40
40
39
41
39
46
56
42
43
42
40
42
40
41
41
40
40
41
40
43
41
41
40
42
42
42
39
41
41
41
40
43
48
41
43
42
41
41
43
42
40
40
41
43
40
40
41
41
41
41
45
40
40
40
41
40
40
95
57
47
46
45
43
46
44
45
44
46
58
49
46
44
46
44
44
46
44
44
49
44
52
44
49
47
44
42
44
42
43
42
41
40
42
40
44
40
40
41
40
41
42
39
40
40
40
40
39
41
57
54
46
45
44
44
48
46
46
47
49
47
45
44
48
45
44
45
44
44
44
44
45
46
46
45
61
52
50
49
46
44
43
45
46
47
44
46
45
44
44
45
44
43
45
43
43
46
46
44
48
45
56
57
46
46
44
45
45
48
45
44
44
48
44
45
44
48
44
44
44
45
44
43
43
45
45
67
53
47
46
44
45
47
44
46
46
42
47
45
44
43
45
43
43
48
44
44
43
43
43
47
52
49
46
49
44
45
43
44
45
49
44
44
43
49
43
44
47
43
43
44
44
47
44
43
46
45
54
57
49
45
46
60
48
53
48
51
51
51
52
51
77
85
55
85
247
42
39
82
180
112
38
81
66
432
235
239
53
89
135
95
80
94
84
72
82
255
41
46
87
355
281
45
75
296
262
201
85
78
139
266
75
93
213
49
57
56
59
55
62
82
96
305
262
252
257
261
243
251
244
47
44
42
52
55
307
54
56
47
49
45
42
42
41
41
40
42
41
40
41
41
40
40
42
40
40
40
41
43
40
51
96
57
47
41
42
41
40
41
43
40
44
43
40
40
41
41
39
40
40
43
39
43
41
43
51
46
46
49
48
46
44
41
46
47
46
45
45
45
46
48
45
45
44
45
48
44
44
46
46
45
47
45
51
52
47
43
41
41
42
40
41
41
44
40
43
43
41
40
41
42
43
45
42
40
47
53
47
45
59
46
46
47
50
44
48
45
48
44
46
44
43
43
45
48
44
44
47
44
50
44
53
59
51
55
46
40
43
41
42
40
41
41
45
41
41
44
41
42
40
41
39
41
39
40
41
41
50
54
49
46
45
45
46
45
44
44
44
44
43
49
45
47
44
46
45
47
43
44
44
44
47
49
57
55
47
50
46
45
44
50
44
46
46
44
44
44
44
45
44
47
46
44
44
44
45
44
51
53
50
46
63
45
44
45
45
43
44
45
46
46
45
44
44
46
45
43
43
49
47
43
43
46
48
53
50
42
43
41
40
41
40
40
42
41
41
43
39
40
40
42
40
40
42
44
41
42
39
40
53
50
43
44
41
41
40
41
41
40
40
41
43
42
40
40
43
40
39
40
41
40
40
40
40
41
49
52
48
47
46
44
47
46
45
44
45
45
43
43
46
47
43
45
44
44
45
46
44
50
46
43
79
54
47
45
46
49
44
44
44
46
43
47
45
45
43
46
44
46
46
44
43
44
44
43
48
53
46
45
44
45
44
48
48
43
44
43
45
45
49
49
48
48
49
46
45
49
47
47
51
46
80
270
46
61
48
47
47
48
46
47
45
47
46
46
46
46
49
54
50
49
48
46
45
42
56
71
100
97
81
65
73
50
45
43
47
43
43
48
42
42
41
41
41
41
42
48
50
43
44
53
50
47
49
50
48
46
60
56
51
46
47
46
45
43
52
49
44
45
47
44
44
44
45
44
44
44
44
51
50
47
42
43
42
41
41
39
40
40
41
40
42
40
42
40
40
40
43
40
39
39
40
40
42
45
55
51
51
46
46
44
44
46
51
53
46
47
48
43
41
43
42
41
40
40
39
42
42
40
45
53
42
43
41
41
40
41
39
40
81
320
150
60
40
81
116
247
246
81
106
276
161
262
112
45
56
41
81
138
263
258
79
91
90
87
53
84
108
122
84
47
46
54
49
83
330
302
154
70
259
252
283
322
191
50
77
53
58
50
47
46
46
49
45
44
43
48
45
44
44
44
44
43
43
43
45
43
47
52
51
49
48
58
51
51
49
54
45
44
44
45
48
46
45
44
43
49
43
52
46
45
48
47
46
51
44
41
40
42
40
43
40
40
42
41
39
41
41
40
41
41
53
41
40
40
40
44
41
46
60
51
52
53
48
46
51
46
41
42
40
40
46
40
40
41
39
41
40
41
39
40
39
41
69
52
61
47
47
46
45
45
44
45
45
43
44
48
45
44
44
47
43
44
48
44
44
43
44
62
58
43
45
42
40
42
40
41
46
40
40
41
41
44
42
41
41
39
41
42
41
40
40
41
41
40
52
53
52
46
44
45
44
44
44
45
44
46
44
44
44
44
45
45
44
48
45
44
44
44
45
64
53
41
44
42
41
40
42
40
43
41
41
40
41
40
40
41
40
40
41
40
40
40
42
40
40
54
47
42
52
54
46
44
47
44
45
43
46
44
44
45
47
48
44
49
50
40
43
41
42
41
45
50
46
42
45
40
42
41
40
45
42
41
42
40
41
41
42
40
40
40
41
40
41
40
41
40
46
53
52
47
45
47
51
44
41
40
42
40
42
40
40
40
40
40
40
42
41
40
39
40
43
43
51
54
48
44
45
44
45
44
45
45
47
44
46
43
47
44
48
51
48
45
47
44
45
45
44
54
53
54
48
45
45
44
46
45
45
46
44
50
44
43
45
46
47
44
44
45
43
43
45
48
50
51
46
47
46
46
44
45
44
47
45
45
45
45
44
46
44
46
43
46
46
45
44
49
44
50
51
64
46
43
41
41
40
44
41
42
39
41
40
44
41
41
39
40
40
45
40
39
40
41
41
51
47
48
47
42
42
41
40
43
40
41
40
41
40
41
39
40
42
41
39
40
39
42
41
40
41
55
50
49
41
40
41
39
42
39
40
40
39
42
43
40
40
40
41
41
41
41
42
44
41
40
40
55
61
57
45
45
46
44
44
45
44
43
44
46
43
47
45
44
43
45
48
44
47
43
44
46
62
52
46
46
45
48
45
48
43
44
45
43
44
44
44
46
48
45
48
44
44
45
44
42
44
47
48
51
47
52
45
48
43
43
50
45
44
44
48
43
43
43
44
46
43
45
44
43
44
47
48
51
50
42
42
40
40
41
41
39
41
41
40
41
41
39
40
40
39
41
41
40
39
40
44
41
42
56
51
50
51
46
44
47
48
47
44
87
181
254
55
53
85
124
112
304
148
79
56
75
291
129
72
104
284
336
40
78
319
132
40
58
62
48
89
77
41
49
48
44
47
58
95
339
285
287
273
266
294
373
49
41
50
43
60
66
45
48
48
44
47
45
45
44
45
45
44
43
45
51
46
44
45
48
53
57
42
44
41
43
42
40
40
42
40
41
41
40
46
41
40
42
41
41
40
42
40
42
41
40
43
48
47
43
40
41
42
43
40
39
41
41
39
40
39
47
42
41
40
45
41
40
39
41
43
45
53
50
42
40
42
41
40
41
42
42
40
40
41
41
40
40
42
42
40
40
41
42
40
40
50
58
45
47
44
46
48
46
44
44
45
49
48
46
44
44
47
44
43
44
45
44
44
43
43
43
47
54
52
42
39
40
41
43
40
40
41
41
40
41
41
40
40
42
41
41
39
41
42
39
40
94
80
47
46
47
44
43
44
46
44
45
49
47
44
45
43
44
44
48
43
44
43
46
44
44
47
53
48
49
42
39
42
41
41
39
41
40
44
44
39
42
42
44
45
45
44
44
47
45
44
45
47
61
49
46
40
41
40
42
41
40
41
43
41
41
42
42
43
44
40
41
43
39
40
40
40
40
42
55
58
48
44
46
44
44
45
45
45
47
46
45
44
49
46
48
45
46
46
47
44
45
45
51
54
48
45
46
45
47
44
44
44
46
45
46
46
45
44
44
45
44
44
44
45
44
45
45
44
49
57
46
46
46
45
44
43
45
45
44
43
44
43
47
43
44
43
43
47
47
45
44
46
45
46
53
60
47
45
44
44
49
45
44
47
44
44
43
45
45
49
43
43
49
47
44
45
45
67
56
44
53
54
53
58
46
45
45
45
44
44
44
45
43
45
44
43
44
43
43
48
44
45
44
43
51
52
46
50
46
46
45
43
43
44
48
49
43
43
45
49
44
48
44
44
44
45
45
43
43
49
46
44
54
47
41
42
40
40
40
46
39
42
41
40
41
41
40
40
45
40
39
43
41
41
40
39
47
55
48
43
41
41
40
39
42
43
43
46
42
40
40
40
40
41
39
39
39
43
40
40
40
44
55
53
47
45
49
45
47
48
45
43
52
46
43
46
45
43
43
50
45
43
43
43
45
43
44
54
50
42
47
42
40
40
41
40
40
43
43
41
40
40
42
41
40
39
40
39
42
41
39
42
49
86
72
48
43
40
41
42
40
41
40
45
45
42
40
42
40
41
39
40
44
41
40
40
40
41
39
42
49
46
47
49
45
46
44
45
44
44
44
44
50
43
44
48
44
49
44
47
44
43
45
49
49
52
44
42
40
42
41
84
325
146
40
48
82
113
247
51
80
116
115
238
79
95
281
143
92
114
126
264
72
120
183
45
58
86
124
264
71
49
47
51
48
114
319
314
305
281
270
252
266
259
136
46
48
57
58
45
46
48
44
47
45
48
43
45
47
47
43
48
44
44
43
49
44
46
46
45
49
53
54
45
43
42
42
47
45
45
44
43
44
44
43
44
46
46
45
44
44
48
44
47
45
44
44
52
56
45
41
41
41
42
44
46
44
47
47
43
46
45
43
45
43
44
44
44
43
45
45
44
48
52
46
50
45
45
44
46
47
44
46
45
47
47
44
46
44
46
44
43
46
47
48
48
44
48
59
52
46
46
44
44
47
48
46
45
45
44
45
46
44
44
44
47
44
44
49
44
44
45
46
57
50
47
46
46
46
45
46
45
46
44
47
45
44
43
44
44
43
44
43
44
43
44
43
45
46
47
51
55
41
42
45
43
40
41
41
41
43
43
41
41
41
41
40
41
43
40
39
41
40
43
48
49
46
45
45
47
47
45
44
45
44
44
43
45
44
44
45
44
45
51
45
45
43
44
44
45
55
52
52
45
44
45
48
43
49
44
44
43
47
44
44
44
43
43
45
45
49
43
43
42
49
60
54
44
47
43
41
43
42
44
41
41
40
40
41
41
40
41
41
40
40
41
41
41
39
40
41
54
57
45
45
46
44
49
48
44
44
45
44
50
44
47
43
48
43
44
48
44
45
45
43
45
46
49
51
44
42
43
40
41
41
40
44
40
42
41
40
44
40
40
39
40
40
40
40
40
40
39
43
53
50
49
44
45
44
48
45
45
44
44
45
44
44
45
43
43
44
45
44
44
44
44
42
45
45
56
53
46
48
47
44
44
44
45
44
45
45
45
48
49
44
46
44
46
45
47
45
47
46
51
49
45
42
41
41
42
40
40
41
43
40
40
39
40
41
41
40
40
40
40
41
39
39
42
62
52
45
55
56
53
46
45
45
44
47
45
45
43
48
44
45
43
44
43
44
44
44
43
43
47
43
48
52
49
41
42
41
41
41
40
39
40
40
39
41
40
40
42
40
41
41
44
40
41
44
40
81
55
50
46
46
45
49
44
49
45
44
44
47
46
43
46
43
47
44
48
43
46
44
43
44
46
44
56
58
46
45
45
46
49
45
45
43
44
45
44
43
46
44
43
44
47
43
48
43
45
45
49
51
54
47
44
45
52
51
47
44
47
45
44
44
47
43
44
46
44
45
47
43
46
44
45
49
51
49
49
54
55
45
46
44
43
46
45
44
57
45
44
44
45
47
44
46
45
46
43
45
44
46
51
48
46
42
41
41
41
40
41
41
41
40
40
43
41
42
40
41
40
41
40
42
41
43
40
42
49
43
41
44
40
42
42
40
41
40
40
45
42
40
39
42
41
40
44
40
39
42
40
41
41
58
52
46
41
41
41
47
44
41
42
41
75
256
43
85
225
40
80
270
47
48
45
51
52
83
230
45
49
54
83
124
242
52
51
50
51
85
297
41
54
48
53
54
52
52
88
251
268
245
264
260
277
372
140
43
49
51
46
47
49
44
50
44
54
45
47
44
48
44
48
45
44
45
44
47
44
52
53
50
44
42
44
45
47
44
44
46
46
45
44
46
44
45
49
42
41
44
46
44
46
47
44
46
52
53
46
48
46
47
45
45
44
54
55
48
47
47
45
47
47
46
46
44
47
44
47
47
52
55
49
53
57
47
47
47
45
48
44
47
46
43
44
43
45
43
45
48
44
44
45
45
45
44
49
53
46
42
43
46
46
45
47
45
45
46
44
47
44
43
43
44
46
44
44
45
45
45
45
44
51
51
50
49
45
46
46
45
50
41
45
44
45
44
44
46
47
44
44
44
45
45
47
49
45
46
48
73
132
46
47
46
44
45
44
47
43
47
44
47
50
56
47
46
44
46
44
48
44
41
41
40
43
78
131
328
49
49
49
56
46
47
44
43
45
49
259
44
47
45
45
43
42
43
51
44
43
47
48
48
50
48
51
51
49
46
49
51
50
46
49
47
48
49
47
45
45
45
44
49
44
49
44
47
73
55
44
41
41
41
41
40
41
41
46
40
39
40
41
41
40
39
40
40
39
41
40
39
44
57
49
42
43
41
40
41
47
40
41
41
41
42
40
42
40
39
51
49
41
41
42
42
44
41
49
50
48
61
44
41
41
42
44
41
43
42
41
40
42
41
40
41
41
41
39
41
41
40
40
45
55
47
43
41
41
41
42
40
40
41
41
40
41
41
42
39
41
40
41
40
43
39
41
45
50
49
42
42
42
42
43
42
44
40
41
40
41
40
44
43
41
42
41
40
40
39
41
40
39
41
40
49
55
52
46
45
47
45
44
44
47
44
44
43
46
46
50
45
45
44
44
46
44
46
58
50
55
50
60
56
44
44
40
42
41
40
42
42
40
40
43
40
41
40
41
40
40
39
44
40
41
47
48
45
45
40
40
42
41
41
41
40
40
42
44
41
40
40
40
41
45
40
40
41
40
40
42
46
52
46
45
41
41
41
42
40
42
41
42
40
41
40
41
44
42
42
42
41
42
41
40
41
40
45
54
56
47
45
45
47
47
45
46
43
45
43
47
47
45
44
44
46
43
46
43
44
43
47
53
57
47
46
45
72
154
50
45
47
43
44
48
46
44
44
47
45
44
46
45
45
45
44
45
43
48
52
49
76
57
44
41
40
41
73
178
47
85
56
65
94
112
51
81
73
120
293
134
279
124
63
87
298
135
43
56
60
80
255
44
54
49
87
89
58
56
51
50
77
350
295
316
237
251
268
256
297
189
56
51
49
41
41
41
41
40
41
41
41
42
40
40
41
41
40
40
42
39
41
39
48
42
71
50
46
46
44
53
63
41
42
42
41
43
41
44
40
40
41
40
39
42
41
41
42
43
61
54
49
62
50
43
43
40
41
43
40
41
41
41
39
40
41
41
40
41
40
41
40
40
40
41
43
49
43
42
42
40
41
40
40
39
42
40
40
41
41
41
40
39
40
40
41
41
39
41
42
41
44
89
51
43
41
41
40
40
40
42
42
40
40
42
41
39
40
41
41
40
41
42
40
39
39
45
54
47
45
42
41
41
40
41
42
40
40
55
51
46
45
46
47
45
44
45
47
45
44
44
58
44
49
47
50
48
57
44
45
44
45
44
45
43
43
44
44
50
43
44
45
47
44
47
45
45
44
81
53
50
46
45
45
48
46
44
44
45
43
44
45
44
43
47
44
47
45
48
45
49
47
43
44
52
48
43
42
42
41
40
40
42
42
40
41
41
43
39
40
39
40
39
43
41
39
39
41
56
52
46
46
44
45
47
47
50
44
44
44
45
47
44
46
44
46
45
44
43
44
44
43
48
44
48
54
52
47
47
41
42
41
42
43
42
42
41
41
39
40
41
39
39
40
42
39
39
40
43
42
45
54
44
45
41
42
41
40
44
41
41
41
40
40
41
40
43
40
42
39
41
41
41
41
40
40
48
50
51
40
40
41
41
44
41
40
39
40
40
43
41
43
41
39
39
43
39
43
39
40
41
41
45
50
42
42
40
41
41
41
40
40
40
40
41
41
40
41
39
43
42
39
39
42
39
44
40
47
52
42
41
41
41
41
41
42
40
44
41
40
41
40
39
41
41
41
41
42
47
56
50
46
44
52
49
59
67
43
46
41
41
40
43
40
40
40
41
41
41
40
41
40
39
41
42
41
40
41
49
49
45
55
53
46
