29
127
169
121
167
124
133
130
137
81
136
124
119
123
121
129
64
124
106
150
110
119
180
145
113
134
108
114
101
109
102
93
133
98
96
105
90
89
99
160
90
101
94
94
137
93
91
101
120
107
100
112
66
107
82
91
77
82
82
148
102
85
94
96
95
143
99
93
85
85
96
66
104
103
74
73
78
86
94
84
92
79
100
87
85
78
77
82
82
76
75
77
77
92
76
88
89
92
129
108
72
85
77
68
71
72
109
86
67
88
127
121
103
140
93
80
81
168
158
135
124
176
71
102
123
181
90
199
181
139
149
179
85
110
143
150
105
58
173
162
162
132
81
83
106
173
188
132
202
99
219
148
139
172
183
130
81
104
80
74
73
75
89
83
89
93
83
83
84
79
84
85
74
112
101
79
88
85
77
78
156
76
84
99
90
86
84
78
72
84
83
82
73
71
83
117
86
64
77
87
85
78
80
90
90
88
87
77
71
84
85
87
79
80
70
79
81
91
85
86
74
75
62
78
117
72
79
80
68
69
100
83
78
89
84
81
72
71
80
85
82
90
79
97
94
81
85
79
76
92
84
116
155
107
91
94
75
77
90
78
79
93
130
87
65
86
84
83
79
94
77
86
76
71
69
83
94
80
101
70
75
98
82
88
84
87
87
88
82
90
88
87
83
78
86
85
79
79
85
80
102
81
99
55
101
79
79
80
92
81
86
86
88
85
79
88
86
90
84
75
97
107
82
50
123
76
110
91
80
82
76
80
85
86
86
88
82
82
80
88
96
92
78
75
105
81
92
98
87
82
89
133
83
124
84
88
84
86
87
86
90
83
82
76
75
85
87
91
83
94
100
88
93
98
87
73
77
85
91
89
85
86
82
105
94
80
84
86
89
84
82
98
93
80
86
118
90
93
75
88
81
72
90
118
83
95
96
94
91
80
83
82
92
78
89
125
86
83
87
86
80
87
121
101
83
81
85
90
73
130
86
108
119
95
87
73
77
78
74
87
88
82
95
80
82
95
84
83
86
81
89
75
85
76
90
114
95
88
92
84
84
89
96
91
87
85
122
83
84
89
73
81
84
84
80
90
85
91
81
106
141
88
81
85
94
87
79
79
95
85
98
96
81
86
86
93
90
93
86
91
91
77
96
89
73
79
123
81
86
83
85
87
90
74
84
94
91
86
96
91
80
84
89
83
94
84
85
91
98
71
90
101
89
81
87
81
89
83
81
81
78
113
81
82
84
89
84
92
86
81
87
82
88
85
60
116
78
79
108
80
84
94
87
86
88
80
82
86
89
83
82
74
83
83
84
94
88
84
87
85
87
72
83
112
90
80
89
93
83
98
99
84
93
89
84
83
80
79
82
76
83
78
92
87
85
120
106
100
76
72
78
93
82
81
89
94
81
86
92
80
84
96
91
90
88
85
93
93
85
83
93
87
77
90
97
93
98
143
191
100
88
175
130
179
120
139
81
200
102
83
61
96
96
258
63
133
130
141
199
102
125
89
115
92
88
100
89
119
240
149
169
210
206
117
46
35
20
16
17
543
135
112
91
211
191
178
109
108
88
86
90
84
89
88
87
86
80
91
121
87
88
88
82
82
80
87
85
73
66
94
104
79
82
79
88
84
79
83
87
83
79
82
82
88
96
79
72
83
97
81
72
87
83
86
73
112
81
154
73
113
76
107
90
96
97
82
77
72
92
98
100
89
131
107
76
87
80
78
72
82
75
68
73
105
71
76
80
85
86
153
133
113
117
102
80
81
104
87
97
86
83
105
95
139
83
96
75
72
77
76
84
89
131
169
89
88
82
92
89
95
92
93
93
87
89
76
98
83
90
87
75
81
95
89
88
85
91
100
81
99
91
86
81
88
91
72
84
89
101
89
95
89
98
78
94
87
91
87
88
87
82
82
90
88
102
96
85
97
80
85
86
88
88
69
129
83
85
85
93
80
128
87
88
75
95
97
85
90
83
92
88
91
78
102
91
90
88
92
86
90
90
88
89
89
82
94
94
80
73
88
98
94
80
95
82
94
95
85
96
106
91
96
91
84
94
89
102
89
84
96
95
143
82
79
76
87
101
87
88
80
88
80
125
83
90
87
82
83
82
92
90
86
87
85
91
86
85
87
84
84
94
93
83
82
93
90
80
95
84
82
92
88
81
104
84
89
86
94
94
82
85
78
83
89
81
71
74
85
128
108
96
102
88
87
84
91
91
88
86
117
88
84
90
86
90
89
83
89
86
82
77
74
75
87
115
110
98
117
94
81
95
85
81
71
97
94
86
100
103
82
98
89
84
92
84
81
88
79
76
89
92
87
104
80
89
86
87
88
90
82
89
90
94
75
88
87
88
86
87
85
72
141
77
79
121
94
138
83
84
85
84
100
81
80
86
90
86
62
109
90
90
88
85
88
83
93
92
83
89
94
77
71
79
78
82
83
89
96
87
81
84
88
89
94
86
89
94
93
82
85
85
90
79
94
120
108
78
82
84
86
144
83
87
86
98
83
85
86
95
94
98
91
96
97
90
94
76
100
88
111
104
85
93
94
84
101
82
89
86
87
91
126
93
105
94
94
92
94
88
93
89
94
98
77
73
75
123
96
97
79
91
91
82
87
89
96
98
87
95
90
86
88
92
96
111
93
95
86
119
77
86
157
199
13
221
20
186
208
206
175
181
184
170
186
212
254
130
187
171
155
123
178
212
152
130
226
160
214
143
163
112
86
160
171
174
127
13
312
184
182
247
219
202
182
122
114
90
88
92
83
87
73
108
125
123
106
87
93
90
92
91
84
102
92
98
89
90
84
83
91
94
94
91
81
91
82
117
137
97
88
90
91
92
85
86
84
83
88
77
77
81
74
138
115
115
82
94
92
90
83
83
79
84
101
227
83
101
89
98
78
75
89
88
86
84
83
113
85
87
91
92
87
80
93
87
82
80
76
103
105
89
96
89
91
90
89
95
89
82
92
90
94
87
84
89
88
100
101
89
82
97
88
84
96
91
108
99
94
95
99
93
88
90
84
90
85
75
92
95
82
92
126
68
112
81
84
92
51
130
86
141
78
82
77
77
80
81
87
85
89
100
85
91
88
84
78
76
92
86
98
90
86
90
86
78
89
91
106
114
89
81
89
87
91
95
88
86
83
91
84
102
84
95
89
95
94
95
88
100
93
81
99
84
109
83
115
103
87
93
89
82
98
94
100
95
87
134
101
88
74
88
90
111
95
81
88
83
85
93
79
174
90
80
78
89
86
88
102
85
95
90
86
88
94
96
99
93
89
94
110
90
93
84
125
101
90
88
88
92
90
97
96
91
89
95
88
137
78
84
83
89
88
83
91
91
81
78
87
103
113
96
90
99
89
102
101
98
92
99
90
128
94
79
98
94
97
92
99
92
91
116
77
79
104
98
81
153
89
118
96
86
89
96
100
83
84
86
98
95
95
90
92
93
102
97
91
89
90
106
87
105
92
115
86
96
80
87
98
99
103
93
93
89
103
98
90
99
88
85
90
86
87
82
90
99
100
92
86
81
92
93
132
78
78
83
95
87
90
80
109
90
89
89
82
96
91
92
89
83
87
86
99
106
122
89
100
90
96
91
97
95
91
82
100
93
94
87
108
91
83
89
84
78
78
77
98
102
90
89
97
97
100
102
97
93
97
97
113
89
89
86
93
87
90
92
87
95
97
95
123
83
152
240
14
409
184
262
148
239
108
263
210
95
149
133
99
239
113
143
162
190
146
99
181
146
112
14
305
61
44
293
183
146
166
115
128
225
103
233
371
35
306
234
244
154
126
84
91
86
82
76
79
77
91
182
200
90
87
80
81
78
78
89
101
83
106
90
82
89
88
106
89
86
90
86
80
80
71
110
103
95
103
93
93
88
94
90
98
97
92
103
82
94
91
89
90
90
78
127
83
82
81
75
80
111
98
89
85
88
83
90
97
82
82
92
78
79
82
78
81
122
75
85
83
86
97
89
86
100
94
114
97
89
83
94
87
95
89
94
94
89
90
83
92
91
92
93
98
88
86
90
91
89
82
83
92
141
96
83
99
85
85
87
85
117
84
104
86
85
91
88
98
87
103
92
92
86
90
84
90
119
107
95
89
90
87
90
85
90
89
92
93
85
82
91
85
85
92
93
88
95
93
97
98
88
93
84
92
123
170
141
110
101
96
93
100
85
148
88
94
87
78
104
84
88
134
89
88
91
84
78
85
82
112
178
118
119
98
113
90
82
93
93
96
93
91
81
77
77
85
86
85
88
105
95
89
82
89
116
111
82
93
82
85
86
97
98
78
93
89
102
88
91
86
94
95
98
92
94
91
88
91
92
121
103
91
124
92
90
92
93
102
93
83
148
94
93
102
92
91
93
91
94
88
142
86
87
83
81
124
127
102
94
111
89
90
82
83
85
82
82
80
87
92
91
87
85
91
101
57
23
21
25
22
21
31
32
26
25
40
29
43
23
23
23
680
273
129
129
111
80
110
114
99
106
111
109
105
109
113
137
100
183
188
156
138
118
108
99
111
104
81
88
98
85
89
86
149
93
90
90
96
84
82
84
83
132
129
107
89
107
88
112
97
89
77
87
95
91
92
96
97
88
93
82
86
91
87
89
90
96
119
101
78
125
83
91
81
81
83
89
104
84
84
90
81
105
95
97
95
88
95
93
106
80
82
113
111
134
112
94
82
86
86
91
90
84
93
136
84
84
82
100
76
88
102
88
106
95
93
88
91
90
115
155
99
87
95
111
95
93
86
90
90
92
87
101
88
95
93
95
91
88
91
88
103
89
127
101
88
81
99
87
93
87
95
97
89
98
90
100
100
97
91
100
94
97
102
89
94
97
97
88
88
149
117
88
94
94
95
90
86
89
81
136
105
100
109
95
98
93
89
103
94
81
90
96
95
120
93
102
85
90
92
93
85
86
92
109
91
97
93
90
91
105
89
96
106
87
98
91
92
91
101
79
129
103
89
92
96
90
93
94
104
88
93
88
91
92
89
94
89
92
135
96
98
83
112
97
100
195
48
187
224
243
42
238
137
110
109
165
78
171
109
138
207
170
139
180
158
115
112
169
218
157
146
144
175
151
137
96
108
197
187
312
199
247
228
174
216
124
144
91
95
88
91
87
94
96
83
107
133
111
130
95
94
105
93
96
92
96
88
87
85
103
101
93
92
89
90
101
92
98
96
101
90
92
108
122
116
102
93
86
108
104
100
97
101
95
139
106
94
95
90
96
99
95
93
83
96
86
98
105
81
88
105
102
94
89
97
93
94
91
103
92
96
98
91
96
96
92
103
96
92
95
89
83
93
95
97
98
97
101
103
92
96
97
97
95
101
108
146
93
91
95
99
94
93
98
89
98
89
95
155
119
105
90
91
141
89
88
92
91
91
84
89
106
96
85
102
100
97
92
109
99
88
88
102
100
98
94
93
95
87
89
97
114
90
98
95
97
108
85
94
89
92
90
88
109
98
102
96
87
107
102
91
83
96
97
103
114
111
114
95
95
85
82
100
95
107
88
102
91
147
83
91
101
89
81
84
134
137
102
94
94
99
108
92
94
85
95
93
92
96
92
95
97
97
88
89
89
101
94
89
92
103
160
105
100
120
86
93
113
94
86
96
96
94
94
99
96
94
102
96
93
93
96
93
91
93
96
134
153
218
101
91
97
95
93
93
94
95
94
104
102
92
106
97
96
97
93
97
95
93
87
102
113
104
137
90
88
105
99
98
102
103
83
90
88
91
100
102
97
95
85
110
87
91
93
98
90
104
148
140
124
89
98
119
97
87
98
96
98
101
102
110
104
95
101
98
102
101
98
132
89
99
136
135
155
142
128
177
172
129
176
187
227
236
232
128
104
107
121
107
179
164
80
196
117
61
74
41
102
42
22
218
148
117
97
93
93
101
146
92
195
113
119
186
137
127
117
115
154
21
19
364
221
20
425
247
246
242
203
248
308
164
284
260
264
220
417
197
254
323
182
230
186
209
201
192
230
245
215
202
188
136
99
106
144
93
187
242
237
215
278
318
189
315
225
159
156
199
185
131
97
92
90
90
109
98
90
87
106
98
97
110
168
183
111
169
124
111
112
96
88
96
94
94
102
101
102
93
91
94
91
114
151
122
120
120
111
95
121
105
92
93
97
97
116
98
96
114
105
109
89
86
89
94
89
87
96
178
80
119
132
95
136
83
101
89
88
83
59
68
65
66
95
58
92
95
103
107
93
104
89
97
105
138
109
99
97
86
93
91
94
84
81
88
88
89
85
88
93
93
94
87
99
101
95
94
91
89
105
125
121
111
105
93
101
99
119
93
97
101
106
96
99
103
109
102
100
98
97
98
101
109
94
94
176
121
99
63
119
105
88
104
94
118
99
97
92
96
96
103
106
116
92
98
103
94
96
96
95
108
157
154
91
97
98
92
95
109
103
103
114
96
94
128
97
92
102
104
144
113
103
103
100
104
111
185
142
189
235
196
111
95
95
115
104
131
101
107
99
122
99
112
101
139
132
136
104
132
111
141
181
139
270
158
130
97
99
105
124
114
94
97
97
96
95
90
94
99
100
99
98
95
97
97
85
94
112
127
169
116
142
97
103
96
120
99
118
88
112
102
99
116
118
113
99
108
124
131
69
147
113
116
135
176
184
199
139
112
112
118
155
111
111
112
111
99
97
103
98
98
97
91
95
92
97
117
147
176
134
297
128
119
118
106
103
111
93
100
101
103
97
105
102
107
98
104
92
105
106
98
89
110
227
145
243
116
108
106
100
104
112
102
103
102
91
104
100
104
98
98
96
107
111
97
94
104
95
96
133
155
159
128
117
103
99
113
109
97
90
101
99
94
97
89
96
96
98
111
93
102
104
105
99
87
127
124
127
100
121
108
102
105
108
97
103
97
108
111
93
105
106
104
117
170
97
102
102
99
92
115
122
127
99
90
105
97
89
167
92
94
97
105
101
110
104
116
95
106
112
99
99
70
65
27
53
43
113
140
59
55
54
25
101
123
96
101
108
117
104
139
94
95
91
93
112
104
99
102
98
94
91
104
146
125
103
109
127
154
154
145
188
138
167
119
82
151
137
125
220
152
220
197
185
263
140
105
257
140
245
97
195
160
219
162
105
110
209
173
179
241
142
198
254
280
233
216
170
108
95
96
99
87
173
163
178
165
108
101
107
113
95
100
95
98
110
105
101
104
104
154
114
91
96
104
101
94
89
101
115
131
104
121
92
101
91
124
108
103
90
113
100
96
101
102
97
100
98
103
106
102
98
102
88
128
117
116
99
119
96
105
98
97
103
90
96
95
99
98
96
143
92
97
106
107
102
104
109
116
119
102
153
98
100
102
97
104
108
100
101
96
97
72
31
30
32
32
30
33
31
33
31
33
30
31
43
65
43
65
33
33
35
32
34
33
1279
383
120
127
99
138
153
121
132
101
128
129
95
188
123
118
136
148
231
187
149
106
133
143
130
104
126
154
133
95
167
125
120
132
96
131
126
108
112
94
87
93
93
101
102
151
159
134
103
89
114
105
94
96
92
109
122
155
117
104
97
102
115
99
104
96
94
90
114
221
141
125
106
113
110
107
97
113
105
106
105
100
104
99
102
101
111
105
109
99
110
97
101
109
121
129
89
110
145
128
115
104
103
101
100
62
112
91
98
103
110
92
93
97
101
123
118
109
102
117
153
137
135
100
104
115
101
100
109
103
107
123
103
109
162
113
102
111
111
109
108
102
96
118
113
115
111
113
94
99
90
109
96
95
91
95
98
91
116
102
102
94
98
94
108
101
94
93
90
96
91
102
124
196
114
104
108
96
92
93
104
109
104
102
115
94
109
101
104
100
98
100
103
120
108
97
108
130
149
159
109
114
104
101
100
104
93
95
96
92
99
98
105
151
106
99
95
97
99
95
105
112
120
135
148
96
96
98
98
31
28
27
58
101
73
131
105
102
94
98
97
114
110
121
96
100
107
119
112
106
121
105
121
104
114
106
103
134
104
103
95
104
103
99
118
106
104
95
113
102
109
97
98
177
137
106
114
111
101
100
123
109
113
99
104
104
95
101
120
104
117
104
101
102
107
111
112
130
126
95
82
118
102
118
123
103
155
99
109
98
100
108
110
113
169
103
106
99
92
96
150
120
148
139
112
99
105
97
105
107
100
98
97
103
100
111
104
104
102
106
130
106
104
92
103
121
131
98
129
159
83
124
106
111
107
97
103
107
100
102
92
98
109
103
104
98
102
92
99
107
93
119
137
102
117
106
80
130
110
106
110
105
106
112
122
114
110
101
106
109
105
107
103
110
110
110
101
118
131
109
99
107
102
100
107
104
109
116
106
107
101
109
107
106
104
102
107
122
100
103
110
102
111
115
121
188
127
154
107
106
112
103
108
106
111
100
114
116
107
113
106
109
109
110
102
102
113
113
120
99
136
105
99
114
95
100
98
121
109
114
95
102
115
126
110
106
103
115
110
111
103
118
110
115
107
112
160
202
193
151
105
119
167
275
198
202
122
138
132
231
98
146
117
208
92
144
132
221
216
171
172
51
401
161
282
150
151
102
137
220
298
63
57
510
258
266
286
232
103
108
96
97
95
95
106
142
105
173
369
328
195
298
232
265
139
288
161
288
211
203
189
299
223
82
181
208
135
205
168
192
160
208
372
82
59
466
45
327
34
312
199
212
182
189
239
118
243
104
154
136
69
81
194
201
219
130
129
287
360
211
270
247
265
251
305
268
146
253
212
194
255
232
285
289
181
260
278
200
316
228
369
106
146
151
191
175
37
277
200
208
264
222
226
221
210
91
212
202
149
233
40
32
33
38
341
29
29
27
371
32
49
42
29
35
57
31
29
39
34
49
134
658
39
58
54
82
35
846
49
74
64
718
84
218
140
354
39
444
32
405
341
221
108
95
123
304
106
185
162
131
129
152
133
279
204
236
127
103
214
190
230
263
146
245
126
126
106
152
124
110
175
155
110
87
93
98
90
102
107
97
86
91
129
91
94
105
107
155
169
122
102
102
100
93
91
96
89
97
100
103
97
90
132
87
89
93
81
144
92
91
87
89
106
124
102
159
100
95
95
103
96
93
106
98
91
84
121
95
104
89
88
103
115
93
132
134
93
93
104
102
114
122
92
157
302
129
117
103
102
104
104
104
105
98
109
114
123
104
99
111
122
105
96
108
117
148
98
99
108
130
113
92
104
101
106
112
131
107
106
110
106
109
102
161
103
106
102
101
92
189
156
149
128
108
111
104
103
105
106
116
103
116
125
103
123
101
105
104
102
114
111
106
100
116
158
118
103
111
118
113
137
120
100
114
119
107
133
107
103
104
110
96
102
130
169
112
105
97
99
120
156
114
101
99
107
114
105
104
80
87
37
33
31
75
133
134
110
102
108
103
105
167
100
101
104
104
117
127
106
108
114
111
113
100
116
113
118
129
112
113
110
113
107
109
108
106
105
104
111
126
105
110
114
199
196
154
150
118
112
105
110
106
106
107
104
107
103
126
108
111
116
110
107
104
113
128
110
151
121
108
103
127
105
102
115
107
116
141
108
97
123
107
111
172
103
106
112
105
108
118
107
97
122
149
148
104
101
108
104
108
113
125
113
110
109
117
109
105
104
110
105
105
107
117
106
108
110
130
125
121
116
107
97
126
115
110
109
114
112
118
112
104
108
114
117
148
106
107
108
114
132
115
126
202
138
109
103
114
112
114
105
105
106
131
113
109
110
112
106
109
110
115
124
108
122
111
93
97
129
145
110
109
105
108
115
113
118
109
115
117
111
110
121
117
110
105
109
115
106
108
146
109
109
110
134
124
104
124
108
112
137
106
124
125
113
116
111
116
115
115
115
112
107
111
103
113
121
107
119
100
113
108
107
110
132
103
117
114
104
113
116
117
114
113
122
110
114
121
123
112
106
103
118
93
119
170
115
111
110
112
107
111
114
109
135
114
117
119
119
108
103
113
113
120
113
111
106
108
112
116
112
113
140
134
114
121
143
156
100
161
203
194
189
195
124
183
131
154
264
168
137
185
141
125
108
126
114
129
206
250
83
171
187
281
157
202
139
129
119
246
202
228
232
283
241
255
223
227
126
106
99
164
169
101
146
120
116
111
101
121
104
113
109
110
111
75
138
109
123
115
114
102
121
102
122
100
99
115
92
63
168
113
217
120
103
113
160
109
123
109
112
105
110
105
103
135
111
112
115
119
120
104
107
115
131
103
124
108
111
117
105
109
115
115
116
107
114
104
106
113
103
111
109
105
113
110
113
134
165
141
114
116
116
117
115
111
116
116
118
119
121
126
75
38
40
39
38
35
36
36
37
37
37
36
40
38
44
51
36
38
35
36
40
39
37
38
37
38
927
392
119
147
189
133
124
103
171
133
133
133
202
216
140
117
137
137
113
141
130
133
137
140
132
128
114
159
136
145
121
137
126
130
110
134
137
142
156
245
100
112
110
125
118
110
116
118
109
111
117
110
108
104
113
138
105
116
112
79
111
100
103
130
138
105
109
111
114
121
116
109
107
101
103
103
103
108
73
167
152
107
111
102
114
116
116
99
97
122
125
133
111
110
120
113
121
110
113
116
126
116
122
117
118
109
122
112
124
114
112
103
105
113
115
125
190
114
136
112
111
101
167
107
111
132
102
120
115
103
107
106
125
108
110
116
109
102
104
109
123
118
105
106
109
111
114
114
110
116
118
106
117
120
113
120
115
114
115
143
110
117
113
115
114
104
154
115
109
108
115
114
148
116
109
121
119
112
120
117
119
112
122
104
114
114
119
113
113
128
111
120
136
162
191
115
111
111
105
115
140
116
111
112
106
117
110
109
118
105
106
107
107
115
102
117
103
104
128
186
177
115
99
107
101
97
100
99
98
98
104
104
103
112
100
102
99
98
103
110
115
117
118
125
126
121
83
150
108
117
122
114
115
111
112
121
120
118
113
107
133
113
144
109
108
120
113
109
111
112
151
129
139
117
114
108
114
119
125
119
117
118
119
174
119
121
105
112
107
119
111
117
114
117
116
124
85
146
112
122
106
119
121
118
117
113
121
113
118
121
117
116
130
117
119
112
122
110
106
113
131
122
181
141
111
114
116
113
111
111
111
112
112
112
155
107
117
110
103
112
115
114
109
108
106
128
224
149
141
143
116
124
123
112
109
113
109
114
120
111
111
116
118
114
109
114
119
115
116
104
113
127
134
117
120
121
130
113
111
115
107
111
114
112
113
118
118
118
111
134
107
126
116
107
106
103
131
144
166
128
169
235
182
218
287
166
222
158
99
108
263
196
229
117
165
131
265
161
117
202
87
174
226
122
286
258
187
201
156
144
137
140
253
224
290
260
316
250
214
165
157
156
117
140
113
106
185
177
170
137
106
108
107
112
120
125
118
113
115
105
132
112
114
112
120
115
108
103
127
112
110
98
100
130
145
224
106
159
121
128
124
105
121
113
110
116
116
130
114
107
115
114
107
105
110
133
125
119
111
121
131
159
143
130
112
136
114
103
139
110
160
113
112
107
99
113
107
105
200
108
100
103
119
111
155
147
210
164
118
102
101
175
84
142
118
131
122
117
123
105
116
139
142
119
124
122
106
122
118
145
151
127
117
116
117
122
116
123
122
117
125
117
131
119
119
120
129
117
119
117
123
120
122
126
108
168
102
141
120
134
126
106
116
116
110
121
112
107
108
117
115
115
125
110
110
107
102
146
108
112
126
157
127
72
143
100
109
107
116
113
123
110
123
120
120
111
101
100
117
117
115
112
116
115
119
112
127
147
124
110
110
104
112
113
128
137
114
103
144
121
113
112
114
138
119
138
107
120
114
109
109
103
108
140
149
132
135
116
118
113
112
119
115
136
123
115
159
115
141
107
122
115
126
126
115
116
112
107
145
158
130
121
123
123
76
152
120
117
119
115
116
106
128
139
116
122
128
115
120
123
117
126
110
204
105
119
113
117
125
119
119
115
125
125
118
113
168
124
122
131
117
115
103
152
116
121
118
119
116
124
136
139
132
135
155
149
119
121
126
130
118
117
119
120
117
90
141
119
113
126
180
112
103
104
119
140
162
108
116
110
133
112
128
115
116
108
129
122
110
116
116
129
105
112
117
116
128
114
129
128
139
125
121
115
112
113
108
136
144
124
117
126
123
125
122
121
115
111
111
120
116
131
111
122
113
119
122
130
123
120
133
124
119
107
111
132
105
115
129
126
128
130
127
114
113
118
116
126
117
124
131
145
92
148
119
109
112
113
106
124
124
151
118
122
119
119
118
121
114
123
118
117
114
121
115
118
112
115
125
120
115
119
116
123
116
113
120
114
117
120
121
118
122
120
129
124
120
122
113
143
136
110
123
103
218
100
130
114
116
114
115
134
132
106
113
113
119
122
131
114
109
124
178
112
112
117
117
91
151
89
174
117
118
123
109
118
111
126
132
125
134
115
127
107
111
127
150
132
119
122
115
113
114
121
142
123
119
108
120
120
117
128
128
122
120
118
122
114
106
115
125
84
149
125
127
114
119
112
121
114
128
275
42
38
262
296
155
269
246
182
174
227
110
132
198
208
311
90
245
154
220
150
197
193
93
317
218
67
370
201
193
137
153
134
229
267
301
306
313
388
228
234
224
144
111
130
120
128
117
134
179
154
131
171
125
115
127
114
135
120
116
125
121
117
129
123
116
123
131
123
112
130
125
110
114
136
180
144
163
123
124
117
114
124
120
118
136
124
114
120
134
115
117
125
123
116
115
113
120
106
105
135
128
118
157
123
127
126
123
126
121
119
125
132
113
121
124
127
133
117
113
114
129
118
130
113
147
137
131
90
188
119
126
127
129
113
126
124
117
120
174
130
120
118
125
122
112
129
128
133
111
119
133
143
135
186
115
119
119
117
136
122
130
125
125
112
121
119
115
121
129
128
127
119
122
133
109
111
188
145
124
114
118
116
144
129
118
119
113
113
120
123
113
144
111
116
121
112
114
114
120
166
123
130
126
138
130
121
117
125
121
134
126
123
133
122
125
131
125
133
122
120
123
118
126
183
126
121
119
146
158
127
132
125
117
114
119
122
129
126
119
128
130
126
125
123
122
157
73
150
119
113
133
152
137
113
118
112
135
125
121
119
121
126
128
117
132
126
122
126
122
126
127
116
117
129
157
122
119
155
167
141
128
123
127
123
131
122
161
117
130
122
118
124
128
122
125
121
122
120
126
123
129
120
115
161
115
114
131
119
122
112
120
128
85
123
118
122
111
113
76
47
64
45
74
49
47
49
61
48
46
46
45
48
45
53
43
58
66
53
44
45
1543
392
501
308
145
335
174
275
208
194
226
303
238
141
225
165
190
178
260
213
183
165
206
268
253
261
408
308
275
267
333
270
224
287
269
156
97
120
132
176
319
246
320
167
243
392
117
456
40
40
307
268
323
41
531
42
54
571
294
161
359
233
275
201
257
290
186
242
42
596
221
77
392
133
265
284
39
538
205
318
349
176
208
242
117
160
295
227
191
242
46
41
617
102
74
496
168
167
130
220
269
185
204
168
196
131
157
149
131
124
126
124
120
124
118
115
117
129
179
152
115
114
140
115
112
115
125
80
168
124
113
121
135
124
162
114
133
118
122
123
139
111
111
124
160
143
125
114
117
127
131
118
135
110
123
119
130
121
128
121
124
119
115
121
158
110
117
124
132
153
131
121
117
125
125
129
137
139
136
118
127
142
141
121
119
137
131
127
122
129
124
144
120
118
165
148
151
190
122
118
118
131
126
129
119
133
118
129
122
121
116
129
124
124
123
121
119
127
118
120
141
133
114
118
122
125
131
129
133
126
118
120
123
130
134
122
146
128
128
132
123
162
130
132
108
136
144
138
140
190
123
120
131
129
128
123
128
117
119
125
129
120
113
121
223
124
127
116
116
128
129
123
172
202
153
133
122
113
127
115
115
112
112
112
118
120
114
109
119
123
114
118
117
113
120
114
185
157
160
129
117
114
109
117
109
117
110
115
113
107
110
130
114
110
111
117
120
146
127
123
135
117
160
155
189
106
134
116
115
115
112
110
141
114
112
112
116
113
110
111
111
110
117
112
113
113
123
130
120
122
173
126
116
108
112
112
110
117
128
109
112
115
161
125
144
114
141
115
128
125
119
119
137
150
124
137
145
133
125
118
129
129
126
120
135
117
203
128
159
132
145
163
147
117
120
118
124
128
144
151
147
153
140
145
157
201
143
160
143
139
138
144
165
113
151
155
145
140
145
132
125
138
140
175
171
251
177
141
128
126
133
128
133
125
126
123
123
117
119
126
129
119
142
136
127
131
126
124
132
131
193
148
123
127
127
130
122
123
126
122
128
130
119
123
151
148
115
127
120
142
130
136
119
124
157
215
152
127
124
121
120
117
119
119
116
116
118
139
114
116
120
117
122
117
117
164
120
130
125
141
180
200
123
113
122
119
114
113
117
116
125
135
134
120
118
124
132
141
128
120
120
138
133
126
122
189
125
144
136
129
180
130
144
125
128
127
140
141
126
137
129
134
138
139
129
132
128
128
141
133
124
133
131
125
125
131
132
123
124
121
122
114
125
133
137
162
134
124
130
128
129
118
136
120
118
122
140
182
122
202
115
144
260
227
298
158
131
151
352
183
237
126
221
190
301
110
244
209
171
159
241
188
160
282
125
200
195
221
114
320
204
159
159
141
265
263
300
277
238
244
212
292
220
158
124
126
123
117
124
151
199
174
140
122
130
125
124
130
144
118
125
137
131
128
124
138
125
128
122
119
119
141
120
121
128
138
223
113
218
141
138
123
126
124
128
130
133
138
126
122
177
134
123
123
131
152
124
121
119
139
142
149
126
127
125
144
134
155
124
129
131
121
129
133
149
140
145
136
122
136
127
127
139
133
135
140
136
167
152
125
129
126
148
126
136
153
133
132
126
153
127
128
130
140
133
130
132
138
127
123
127
252
155
149
121
121
123
128
123
121
104
152
116
125
126
131
135
134
134
132
133
134
132
120
124
131
122
131
161
127
130
127
172
134
144
148
134
131
135
127
129
127
131
127
131
134
128
129
132
125
142
126
171
141
147
130
124
136
142
132
127
130
131
133
138
131
127
131
140
131
133
130
126
119
138
126
135
124
130
147
132
177
132
131
135
133
132
141
130
183
130
147
136
130
136
130
137
129
132
138
132
135
132
234
99
282
140
136
168
153
146
131
138
125
132
128
126
180
141
154
141
131
132
135
147
156
170
119
124
123
132
173
186
189
134
136
129
130
133
131
130
136
144
139
131
134
147
139
137
139
142
137
133
138
147
160
128
150
138
133
135
133
147
145
134
135
142
128
134
123
127
124
130
156
127
135
131
129
134
129
142
136
135
128
133
135
135
131
133
127
139
135
129
127
127
125
130
134
130
132
137
141
128
130
131
144
146
145
141
140
141
131
130
141
140
131
134
133
137
143
139
142
134
147
132
120
122
134
136
133
136
164
147
125
120
124
137
135
134
137
133
131
137
125
130
130
123
127
130
140
135
127
128
125
133
125
132
170
173
137
215
166
129
155
127
97
151
130
158
139
155
179
157
133
152
144
161
175
162
127
132
136
139
146
158
136
128
127
127
125
126
125
121
127
124
137
139
126
140
141
131
133
145
140
133
137
133
226
125
170
130
134
137
137
135
133
134
130
137
132
130
124
134
133
131
158
134
136
136
136
153
131
115
124
141
224
245
167
128
151
144
140
139
124
121
128
191
127
121
122
129
132
131
137
128
132
135
121
126
132
137
170
162
140
149
150
134
135
151
134
126
132
151
132
127
133
132
133
133
148
150
133
127
141
133
137
180
151
133
128
124
127
133
151
144
129
118
124
141
131
123
132
135
127
129
126
156
241
214
168
203
448
52
85
378
160
300
164
247
317
234
169
340
422
149
338
270
293
263
230
282
335
213
299
313
163
180
172
168
183
169
185
239
300
313
294
281
345
297
303
208
271
242
233
122
134
142
187
127
128
130
131
166
272
214
176
140
138
127
149
126
139
124
128
124
123
130
131
125
128
126
132
123
139
135
95
166
181
137
165
169
130
134
133
135
129
143
98
153
130
136
142
136
126
127
136
133
125
130
133
129
146
130
156
155
132
135
137
137
135
132
127
127
135
132
141
152
138
135
148
133
131
134
133
135
143
138
136
147
162
149
144
134
133
177
141
139
142
148
138
151
54
54
54
53
52
53
53
54
51
52
51
56
59
77
62
55
52
52
52
54
100
51
52
1052
276
396
159
149
167
153
170
215
154
157
179
171
138
176
193
227
150
166
159
178
163
219
165
154
156
159
172
154
123
146
160
148
146
138
167
160
132
140
148
128
123
141
173
186
127
154
147
122
127
132
131
128
130
135
126
130
154
140
141
150
147
149
156
142
126
131
173
210
135
150
136
139
145
120
162
126
132
136
136
137
133
135
143
143
134
125
125
132
128
136
129
224
122
153
121
125
125
131
129
124
126
126
118
122
117
123
128
126
127
131
119
135
125
122
131
139
134
176
165
126
90
162
131
123
153
135
133
127
174
134
112
162
150
146
153
138
138
139
136
137
133
143
145
120
186
150
142
137
126
139
138
143
138
143
134
141
134
131
137
134
132
128
136
130
129
121
164
125
188
175
134
142
142
145
144
147
143
137
136
125
135
116
161
138
146
94
171
158
132
143
152
149
133
138
152
143
143
131
138
136
140
139
136
134
132
130
149
163
167
142
139
167
143
141
141
139
149
146
132
166
146
140
141
131
129
136
134
144
134
91
172
141
133
130
132
134
142
131
145
131
142
147
147
132
178
162
135
95
162
136
146
138
132
145
139
141
185
85
165
146
137
135
142
137
143
147
158
138
130
142
152
138
143
132
143
147
133
138
131
141
133
133
138
142
138
145
137
126
134
130
139
140
139
133
142
146
153
147
158
133
134
144
138
145
139
143
137
146
135
132
140
132
139
138
142
186
141
153
137
138
130
142
151
132
188
136
143
140
142
147
143
148
135
129
137
145
178
144
143
138
149
145
144
142
161
134
132
292
96
194
138
131
120
135
142
132
136
133
133
132
135
147
129
135
132
142
138
130
136
131
131
125
155
165
137
134
147
139
135
105
143
146
130
150
139
128
129
134
143
150
139
146
145
142
141
138
133
174
173
187
373
124
374
406
312
333
269
256
360
366
303
277
305
327
212
373
230
288
309
307
319
306
211
286
373
174
214
51
390
354
290
217
207
274
257
379
286
337
308
250
218
175
179
142
149
155
139
125
131
143
189
172
129
124
134
124
131
133
147
132
133
136
138
131
140
139
148
125
97
190
136
130
137
138
134
134
184
156
167
134
171
136
140
137
128
134
139
119
163
134
133
138
137
153
140
136
132
132
139
128
135
134
201
196
175
152
132
133
133
200
141
129
135
150
136
138
138
130
131
135
135
127
131
139
128
143
154
126
176
165
112
160
137
133
136
142
96
158
133
133
138
134
154
134
128
136
158
127
128
151
175
116
166
175
143
97
147
105
159
134
134
142
145
156
132
132
133
135
140
134
138
144
135
134
134
146
137
130
151
152
138
138
141
145
137
150
192
136
142
128
137
143
143
139
134
116
173
132
136
129
145
132
191
176
145
134
140
143
133
138
138
147
137
144
134
145
143
143
151
134
141
142
142
140
143
147
146
142
146
156
214
150
142
145
139
148
140
151
149
141
142
156
137
182
139
215
147
139
143
142
137
139
132
137
170
218
131
157
139
139
138
144
143
140
136
184
145
144
153
145
156
148
151
141
143
138
139
152
143
150
140
239
164
185
142
143
142
156
132
140
137
140
150
131
131
132
140
142
140
119
165
148
132
138
130
143
140
135
131
131
137
132
139
148
133
133
139
141
136
138
150
142
140
143
145
143
110
168
142
136
135
166
191
145
130
140
131
139
139
143
149
146
145
137
139
128
135
150
136
138
138
141
144
133
129
132
167
175
158
146
131
142
145
146
152
148
140
156
151
148
139
146
154
144
152
139
135
157
155
135
141
156
258
109
163
156
152
143
137
116
172
132
140
142
137
142
144
135
135
140
137
141
146
172
149
141
135
145
187
224
170
174
139
141
142
134
138
148
143
159
138
126
132
132
132
135
139
152
144
130
157
137
149
135
162
208
159
150
146
153
132
169
139
143
153
142
173
138
142
143
137
148
145
146
133
147
146
205
136
146
152
181
160
147
141
130
170
144
148
150
145
140
144
138
133
144
141
131
140
136
142
143
160
139
145
218
134
181
159
156
142
138
140
147
136
147
141
141
145
148
145
127
173
184
141
123
152
134
141
137
167
140
147
190
267
178
287
160
179
188
156
146
140
147
135
143
146
148
130
140
140
143
145
157
154
150
209
169
135
131
130
192
136
134
132
151
135
210
141
129
146
132
162
163
137
143
141
142
130
140
133
164
227
143
186
177
142
143
147
139
136
153
143
147
147
136
138
151
157
140
150
149
140
139
147
129
187
287
58
450
122
353
72
723
331
376
270
185
359
318
329
394
235
292
317
235
277
323
275
287
113
165
126
388
259
228
216
253
185
160
188
341
253
102
411
312
341
276
306
223
181
143
146
151
157
133
178
147
168
186
158
144
139
123
174
138
202
170
132
143
135
145
138
138
136
155
136
136
133
139
133
158
139
293
131
174
141
142
153
140
134
141
150
141
135
144
143
135
153
139
133
139
137
134
147
161
138
130
143
157
158
148
176
143
144
137
145
136
140
141
145
158
152
146
143
141
136
141
143
146
97
202
118
162
98
183
177
146
138
155
150
147
145
144
147
162
148
148
154
151
145
148
145
152
151
145
146
158
138
141
132
175
146
137
159
164
150
129
180
148
149
118
175
139
136
144
141
143
141
137
138
146
139
157
162
222
154
150
135
139
142
149
154
148
146
146
153
143
146
139
147
147
172
135
140
149
141
153
137
126
197
187
147
132
138
146
146
145
146
149
143
141
134
140
148
149
135
151
148
147
155
150
141
148
142
141
155
146
131
138
137
140
141
148
141
145
143
136
144
138
145
146
145
147
148
185
139
148
143
140
145
153
221
152
140
140
146
151
148
143
162
153
161
152
148
155
174
139
148
148
139
147
144
144
143
141
145
176
188
181
142
155
157
151
146
146
147
144
144
56
57
55
56
56
55
55
57
56
57
57
58
61
55
61
69
90
64
59
61
59
61
62
58
58
58
58
1448
393
168
180
193
185
160
145
189
167
208
149
166
179
161
187
211
198
197
171
174
161
165
165
173
146
168
170
174
194
165
160
157
137
173
172
157
154
173
167
184
158
151
143
145
144
146
140
136
138
139
141
170
144
166
146
142
145
144
153
165
143
143
157
165
119
167
150
133
132
137
130
139
146
145
162
148
120
159
144
142
145
147
149
140
138
142
130
153
134
171
152
158
142
134
138
139
139
139
140
138
145
144
145
144
138
144
136
140
143
142
137
139
139
158
188
145
152
149
142
140
155
145
145
152
140
147
143
147
141
117
161
140
139
141
144
142
146
141
176
177
145
194
145
151
140
140
139
145
147
143
149
144
154
140
154
142
143
143
143
140
145
147
150
149
165
181
176
147
145
136
138
137
138
149
137
154
138
142
145
162
139
151
148
136
137
138
149
146
143
173
158
180
185
144
95
153
135
139
147
151
187
149
144
138
173
154
134
143
149
147
143
150
142
148
146
140
145
189
165
185
140
151
154
97
188
167
162
155
153
145
143
144
151
141
146
152
153
144
149
140
162
145
234
200
236
160
141
157
143
146
144
145
142
143
133
139
146
145
147
141
132
142
147
147
265
188
254
58
258
250
93
340
117
292
225
294
217
319
94
377
193
170
369
194
155
294
161
173
188
290
325
302
164
174
217
205
272
303
535
318
341
223
472
356
139
374
182
180
166
133
164
150
137
142
146
163
145
134
143
166
184
160
135
149
139
155
143
156
143
138
142
157
148
141
164
153
140
144
157
142
149
116
171
165
160
137
172
157
137
138
138
141
143
142
145
139
145
147
151
106
158
142
133
144
140
142
136
150
176
137
166
186
152
156
130
139
138
147
146
139
142
145
144
131
144
147
147
154
145
141
150
149
147
143
144
155
218
174
175
167
156
151
156
136
165
144
145
155
148
147
143
148
146
143
143
145
151
144
147
151
154
144
159
167
147
144
135
184
140
150
152
141
138
157
143
144
145
150
144
157
148
148
153
155
151
144
138
177
157
139
138
145
141
135
144
145
150
146
144
146
148
145
152
151
150
143
146
149
145
100
177
175
154
153
189
137
168
143
144
140
146
153
148
150
149
147
142
180
141
150
150
143
144
153
121
168
130
171
153
187
151
143
140
148
150
153
156
149
127
171
151
149
145
157
144
156
154
143
147
139
146
154
149
95
230
291
80
170
157
140
140
141
154
144
148
166
145
151
138
131
139
145
154
142
162
154
151
158
99
188
155
172
136
141
153
150
151
146
151
154
162
155
156
145
156
151
146
146
188
135
168
148
138
139
184
171
133
169
144
162
157
121
179
153
157
156
150
148
143
153
94
187
147
142
147
133
151
150
146
156
179
187
141
147
145
143
150
144
118
186
141
148
143
150
147
150
156
146
150
147
147
153
149
141
169
164
153
192
190
173
216
147
194
155
151
144
145
146
167
145
161
152
95
175
150
145
158
156
160
161
155
149
140
161
169
154
148
142
138
148
150
144
147
144
147
158
138
139
150
157
155
148
148
152
148
153
138
173
216
163
146
158
157
147
155
154
87
134
130
152
189
171
200
203
138
148
151
147
155
159
173
188
143
199
146
151
163
163
205
180
228
168
143
139
141
142
142
148
139
143
141
141
143
142
147
143
139
139
163
159
149
122
178
143
144
143
148
167
143
166
160
157
159
161
98
187
167
153
155
157
161
149
154
146
165
208
162
141
155
149
163
144
153
163
148
158
152
152
153
151
158
146
120
184
155
154
95
175
159
187
190
143
161
156
145
139
136
170
145
147
160
143
154
144
147
183
145
147
151
145
144
149
149
153
166
200
192
151
153
149
152
163
150
146
144
156
161
155
152
149
153
143
147
147
150
146
144
145
151
148
139
270
122
206
142
146
147
152
151
100
178
172
155
154
154
153
147
208
165
186
312
267
191
156
228
109
299
281
200
357
216
281
266
271
257
59
378
57
231
291
137
242
260
187
138
193
190
166
164
359
63
60
117
821
275
272
344
265
207
202
176
186
182
164
168
175
153
161
144
137
148
142
146
150
148
158
153
187
193
143
148
148
172
145
142
144
150
152
147
151
150
161
154
153
148
142
152
149
147
161
142
146
160
178
225
167
156
145
149
141
150
159
146
151
150
141
144
144
148
138
145
153
151
146
149
146
165
144
157
192
160
148
137
153
136
158
160
163
160
155
165
158
157
205
105
202
170
149
148
181
152
155
147
165
219
144
140
161
148
159
155
150
152
154
150
153
158
153
145
146
153
154
150
145
145
144
149
154
141
201
173
143
145
178
160
164
154
141
152
156
148
161
153
148
152
154
152
147
151
163
160
149
151
206
137
187
184
178
156
153
169
152
144
143
147
98
176
156
150
147
144
147
151
155
151
145
142
150
156
163
176
177
150
160
150
156
161
155
165
159
148
152
149
151
145
149
148
156
160
158
151
100
186
131
191
159
164
160
148
162
153
154
158
110
160
193
194
166
165
180
164
155
157
164
154
152
154
141
145
155
164
147
185
235
160
149
149
146
151
171
175
161
157
157
153
159
102
176
169
164
155
161
154
150
150
149
162
172
192
171
149
155
156
156
161
150
151
144
158
152
102
195
135
158
158
149
151
149
155
157
155
148
148
257
124
209
155
144
175
169
100
196
180
148
211
160
166
151
154
156
156
158
98
178
156
156
159
159
145
186
195
176
147
144
150
151
153
149
155
148
148
176
152
144
144
154
153
157
125
194
150
155
157
151
156
172
164
156
151
145
157
162
169
149
153
155
152
129
179
166
160
155
151
151
160
161
158
196
150
165
200
162
149
159
147
151
161
164
162
157
169
159
153
161
157
161
155
155
152
158
169
159
159
163
160
146
180
192
150
148
165
162
155
157
155
154
156
146
102
63
63
63
62
61
62
62
63
62
61
61
68
67
83
76
69
64
65
64
64
62
64
64
67
63
65
63
1774
137
547
213
171
182
149
172
187
206
188
226
205
181
222
175
214
215
172
171
215
178
180
211
183
178
151
182
175
187
192
166
206
176
164
297
170
313
211
181
168
172
148
153
156
148
154
167
151
158
154
153
197
162
147
159
162
144
149
150
143
142
185
214
161
147
147
153
149
148
149
147
149
148
140
156
156
152
145
159
194
149
150
144
143
148
149
129
220
198
149
166
155
169
150
147
151
153
153
154
149
148
146
170
156
147
146
165
152
155
161
193
204
156
151
149
147
153
155
145
145
154
151
158
148
155
152
148
153
152
162
146
147
163
151
148
184
135
143
196
170
160
148
170
191
199
179
190
306
202
191
287
249
239
223
182
277
119
255
186
305
181
231
208
232
245
317
191
400
226
258
288
212
167
196
271
508
365
203
311
354
306
339
252
192
160
147
166
152
202
220
161
146
145
150
142
144
162
153
161
153
147
160
146
150
145
145
151
149
147
153
146
155
160
162
168
174
174
153
155
156
191
155
151
160
147
150
149
153
155
155
155
149
150
163
196
154
151
167
163
144
163
169
153
150
169
156
166
152
180
160
147
158
152
143
165
145
148
150
156
149
150
183
150
147
139
150
162
208
157
170
148
159
156
165
165
151
155
165
155
161
151
158
165
165
152
156
164
159
160
135
170
186
181
154
155
161
156
168
168
159
167
174
156
163
171
168
161
161
163
163
168
171
155
158
157
155
196
157
158
150
148
172
182
161
148
150
145
155
159
164
152
153
166
154
156
167
105
187
153
154
168
165
147
202
174
171
157
163
161
160
157
156
159
159
154
155
192
155
157
162
160
156
157
155
161
164
159
163
251
176
147
141
162
145
173
162
147
155
147
157
149
147
149
164
152
169
157
165
168
170
159
168
153
153
181
223
237
164
179
170
129
192
144
178
153
156
159
154
161
157
163
161
155
163
166
164
155
101
238
159
214
110
180
164
150
159
161
157
157
126
200
181
159
166
158
164
165
156
178
169
154
159
163
167
403
165
194
150
154
160
154
158
156
156
157
162
153
155
147
153
159
164
145
150
144
155
143
149
145
159
188
173
151
146
160
149
144
146
120
182
169
157
106
186
176
166
154
156
168
156
167
155
155
156
152
174
327
125
174
131
205
183
205
183
158
169
152
155
166
167
152
152
154
162
160
159
163
161
158
154
163
179
193
151
135
174
185
193
176
125
188
149
151
154
157
166
167
170
160
127
186
132
181
164
173
164
172
187
161
149
161
181
158
153
174
149
176
176
164
152
155
160
100
195
130
182
160
203
165
185
163
164
156
190
160
174
152
175
158
158
159
170
136
185
193
176
182
160
156
158
166
164
162
156
159
120
178
157
206
191
166
126
180
157
152
160
159
169
167
173
185
106
151
190
174
182
157
176
116
172
151
157
159
178
179
326
156
165
177
148
149
147
146
143
151
126
180
156
188
124
197
170
127
189
171
208
200
191
194
198
220
168
150
202
172
182
161
161
163
189
159
151
116
200
149
153
152
144
146
164
155
150
150
154
121
220
134
174
123
196
182
149
144
160
158
152
152
145
159
154
155
155
164
163
155
163
153
164
166
166
190
290
147
197
259
89
307
210
242
192
78
419
287
231
299
362
325
202
320
234
542
287
467
198
276
88
376
408
376
409
246
372
205
65
416
302
200
196
186
339
252
119
170
169
65
607
411
409
243
250
206
198
266
195
185
180
153
153
149
151
149
159
157
150
149
145
153
194
146
157
192
148
152
145
149
155
156
154
195
203
197
198
188
145
152
149
156
150
148
144
154
150
147
146
145
150
163
146
153
145
152
150
151
121
178
240
173
242
395
197
196
181
129
201
156
188
164
145
156
161
118
187
152
149
155
157
128
173
176
149
186
190
169
290
256
216
199
181
157
152
147
148
144
147
148
147
164
159
147
154
144
151
175
187
223
230
296
218
300
118
200
233
168
151
151
152
162
171
155
153
164
171
151
152
150
165
156
156
151
164
180
213
163
189
216
138
189
158
177
146
153
152
163
156
151
153
152
152
151
153
170
161
158
169
159
172
154
205
202
237
218
181
160
146
152
149
169
161
163
153
151
165
175
170
165
161
154
156
160
210
167
182
227
258
156
182
198
175
186
160
180
150
163
171
157
154
161
155
129
183
149
149
153
149
157
164
175
156
200
213
178
211
180
157
159
176
160
156
159
148
153
154
154
156
173
158
174
160
211
156
156
160
206
231
185
212
160
198
160
154
158
172
163
152
156
156
157
165
165
153
147
153
158
157
170
154
166
135
266
174
207
305
133
152
159
174
165
157
167
161
172
165
196
160
163
157
167
159
162
170
161
162
132
187
171
212
208
181
167
166
156
162
176
168
164
162
167
165
157
151
197
172
153
157
168
163
171
192
193
198
174
184
197
183
185
168
160
160
131
181
147
162
164
170
128
180
170
159
127
202
159
161
161
199
167
219
202
188
187
178
162
159
158
184
154
163
163
164
157
162
160
155
168
174
165
163
155
158
155
152
183
187
209
198
196
186
156
159
171
169
153
159
159
151
175
162
163
217
163
165
158
139
179
159
161
187
177
230
184
206
173
173
164
165
163
161
171
170
167
155
158
217
163
166
163
131
193
169
159
201
181
180
214
243
184
212
160
162
161
157
162
151
157
162
159
160
161
153
160
157
161
164
163
158
160
170
165
205
227
192
178
161
161
183
159
168
182
172
174
160
166
164
160
156
160
156
161
170
165
154
180
168
195
138
190
202
149
211
190
163
130
176
128
194
161
161
158
158
173
161
165
166
169
122
201
170
168
238
193
200
218
238
234
175
163
162
160
158
161
174
164
158
160
158
163
162
122
194
138
183
164
165
178
177
218
434
70
70
493
169
200
442
338
249
316
247
245
350
304
75
246
207
114
190
180
108
115
233
111
249
96
282
95
109
110
97
93
95
93
342
337
134
131
327
211
110
101
1707
132
649
183
174
171
264
222
261
302
204
239
179
148
213
202
161
169
175
282
180
159
157
176
170
164
161
164
205
189
174
175
180
166
235
384
255
198
216
204
202
195
181
189
169
147
149
149
151
146
152
168
156
154
152
146
152
149
155
165
192
213
195
176
153
177
153
158
154
157
198
156
157
159
174
140
175
162
151
171
145
157
160
173
199
208
229
211
196
157
160
152
154
151
149
153
216
166
170
154
160
153
156
151
156
146
151
151
161
157
195
217
214
131
194
154
159
152
148
145
155
152
165
155
155
152
151
149
151
167
151
156
155
159
164
166
203
163
185
176
165
154
161
167
159
123
198
158
160
156
162
157
156
162
157
153
156
175
158
161
158
318
165
229
126
192
152
167
168
150
152
155
156
155
160
156
151
176
164
160
156
152
154
194
166
171
166
203
161
205
194
160
157
158
175
156
205
163
160
161
159
161
161
232
168
155
123
192
166
160
173
164
165
181
265
146
207
168
162
179
156
168
154
151
153
157
158
150
150
152
151
160
151
151
172
165
183
173
356
205
243
179
161
159
180
180
167
172
154
170
154
159
156
152
182
165
150
167
167
167
139
199
176
207
226
203
155
194
178
186
164
162
149
157
167
116
193
162
163
165
157
158
157
156
234
176
167
164
165
200
259
184
182
184
167
158
156
152
166
158
153
161
163
161
152
162
172
161
162
186
163
171
173
143
219
222
233
166
208
174
162
155
162
153
168
165
177
168
162
169
168
141
188
176
173
163
167
166
162
172
126
243
180
209
198
211
187
176
162
161
157
159
158
163
164
158
169
166
168
162
168
162
163
151
188
182
202
170
220
177
164
162
160
163
208
172
162
161
156
137
177
158
182
158
153
166
167
164
174
169
198
222
234
215
157
173
163
169
161
189
155
178
154
159
124
175
153
156
158
153
164
152
151
151
171
155
158
165
186
226
201
205
166
155
157
165
166
160
156
157
161
158
154
157
154
159
165
164
158
159
162
170
169
174
242
196
207
187
179
166
156
169
156
166
155
152
164
164
159
206
154
208
233
164
161
158
158
169
187
198
234
178
181
199
165
156
160
161
169
164
165
162
162
157
163
155
160
161
155
154
147
194
161
205
198
452
248
220
147
195
173
161
163
161
158
159
171
171
231
337
386
199
362
179
216
182
174
418
252
269
526
185
142
450
300
283
378
275
231
224
373
317
371
230
196
262
322
192
192
176
187
342
430
349
92
465
389
170
393
480
299
242
205
165
159
184
166
161
165
151
160
155
156
121
180
160
166
164
155
167
171
171
184
190
174
154
157
163
159
164
155
151
152
152
155
195
159
160
161
154
178
157
157
176
162
161
190
190
202
338
190
162
161
168
156
185
154
152
162
166
173
161
158
160
168
152
162
190
126
178
180
176
206
201
171
163
156
159
158
160
160
154
155
166
164
157
162
164
161
162
160
163
162
157
162
164
175
179
207
194
186
166
164
165
164
165
162
163
155
155
151
158
208
169
171
160
171
166
166
148
193
190
216
228
184
163
157
174
203
156
158
174
156
154
157
160
154
182
172
164
171
169
155
155
155
158
156
168
212
193
195
159
171
166
174
175
171
166
169
163
172
170
168
141
110
194
163
157
197
183
160
202
183
206
204
139
254
194
163
168
163
157
163
170
158
139
197
162
162
161
171
166
169
172
172
168
168
181
164
195
242
191
186
158
160
187
156
169
162
183
188
162
157
173
166
124
189
194
166
114
207
153
161
174
235
201
206
172
163
168
156
157
158
152
156
159
208
158
160
154
178
164
162
166
170
170
176
179
182
188
117
230
152
192
202
174
226
238
161
156
156
155
158
161
167
166
172
171
166
168
172
167
118
183
181
192
200
252
135
208
171
176
155
169
159
166
162
163
160
164
123
190
180
155
161
157
155
157
175
194
157
163
198
171
211
199
196
157
159
159
160
155
157
155
174
175
170
169
168
167
166
173
182
193
167
171
176
187
202
217
181
185
156
192
180
178
173
110
192
175
159
157
156
153
165
163
165
173
161
165
169
170
169
287
227
183
180
155
165
160
153
167
154
162
163
168
173
172
164
171
167
174
192
180
175
172
166
173
246
170
162
186
163
159
164
172
182
171
169
166
186
165
113
206
157
209
170
163
162
167
166
172
177
162
176
203
177
195
127
198
168
172
172
176
168
171
132
192
181
170
170
174
175
179
170
170
170
168
177
181
241
177
168
164
179
168
162
167
172
164
168
174
175
172
154
190
168
167
167
174
161
165
167
175
180
173
160
204
199
129
189
193
190
198
200
162
192
164
171
162
169
164
174
186
160
204
129
115
192
203
166
263
246
215
184
178
165
161
152
159
157
162
168
163
154
152
153
160
176
167
153
158
172
163
158
172
166
194
279
78
514
363
249
454
76
380
135
203
342
231
89
593
164
422
145
327
249
260
308
349
320
138
228
252
218
260
175
374
245
167
192
193
376
281
258
249
242
325
230
446
466
365
336
446
418
444
327
473
311
427
267
219
179
177
201
163
174
182
178
182
170
159
202
164
160
168
162
166
166
166
167
175
172
189
229
187
238
209
175
168
162
169
162
158
174
161
188
165
173
163
161
182
159
155
179
157
166
165
167
188
187
200
197
266
258
217
215
164
166
161
162
158
156
166
158
168
177
158
156
165
162
157
160
178
211
156
192
165
161
181
174
164
170
160
137
182
167
210
110
204
187
175
167
164
125
210
114
207
185
194
197
220
253
196
199
190
173
177
174
178
175
139
223
176
197
118
213
175
175
167
165
166
166
169
173
207
172
212
157
167
207
206
200
200
210
226
226
258
132
188
162
158
164
164
163
162
158
161
162
169
177
179
175
225
192
214
176
211
141
182
159
204
165
165
161
163
167
164
166
166
169
159
114
77
77
78
76
82
89
117
93
89
86
82
124
143
136
100
81
78
79
81
77
77
78
76
1905
249
323
235
242
194
188
210
209
244
204
318
281
227
219
190
195
199
201
167
197
190
187
191
163
192
200
203
182
167
201
215
236
360
261
197
170
165
171
165
167
164
169
161
180
159
164
160
162
161
165
168
192
167
166
164
157
207
157
221
206
197
198
232
192
209
168
165
165
163
163
181
177
163
160
162
169
165
163
157
162
164
171
183
205
209
192
162
194
183
191
178
167
168
181
180
142
193
175
179
179
167
177
168
171
176
131
191
184
200
214
179
172
178
171
173
160
186
167
166
162
177
161
172
165
168
172
165
165
169
166
167
166
217
163
172
176
242
129
246
174
174
167
165
166
172
167
170
174
174
150
187
170
165
165
160
174
165
165
165
183
175
149
226
167
196
192
232
267
248
195
165
165
166
162
162
184
178
169
170
163
169
176
164
168
177
185
171
205
231
200
182
175
169
162
165
159
164
165
163
168
163
166
159
174
173
173
176
176
172
215
159
200
232
209
202
195
201
172
167
174
185
187
195
156
202
190
174
210
173
175
168
175
168
171
175
197
172
199
240
201
263
176
187
180
172
169
164
164
173
178
243
151
168
168
168
168
161
184
161
178
186
179
173
342
155
222
196
168
168
163
178
174
162
163
171
167
172
164
162
170
117
199
191
158
203
188
183
178
198
210
201
158
258
199
462
205
283
222
201
167
163
165
162
168
165
170
164
159
164
164
161
167
161
145
204
206
284
201
287
245
198
193
167
170
168
163
170
166
168
167
162
173
168
160
165
166
164
172
176
185
238
198
209
177
168
168
166
165
169
164
161
218
183
172
163
172
178
187
155
217
210
186
116
211
188
338
442
