17
107
56
65
49
57
43
52
49
64
88
82
51
57
57
51
54
41
39
41
41
45
41
39
44
46
57
45
44
44
45
45
72
84
57
64
61
78
50
52
51
53
48
41
46
49
39
42
49
43
46
57
43
65
55
42
46
41
68
55
46
40
44
41
42
40
47
46
65
44
84
55
39
38
42
45
44
41
54
45
41
42
40
59
50
131
62
63
48
53
44
41
53
41
43
46
46
56
49
66
46
42
46
56
53
40
42
44
104
48
48
54
48
94
193
96
110
62
45
47
43
46
47
52
50
56
48
51
48
38
39
40
41
29
33
37
41
34
49
44
39
34
33
35
34
33
32
30
38
37
37
36
36
34
36
32
28
30
36
31
54
35
34
37
35
41
34
39
33
39
33
37
38
45
38
30
45
38
33
36
34
33
41
35
36
36
38
115
47
34
37
36
34
38
41
30
33
35
37
34
38
33
33
38
38
42
36
31
30
31
33
37
38
38
37
34
32
43
39
46
37
37
41
35
33
42
34
39
37
34
31
40
68
33
33
35
36
33
39
38
37
37
34
40
33
31
36
35
38
35
34
39
36
46
39
38
36
32
34
33
39
39
98
41
126
45
38
36
34
40
38
39
32
39
35
36
35
42
39
37
36
37
36
36
38
36
37
34
41
85
51
38
37
49
28
36
33
34
38
40
44
42
44
34
38
44
33
34
38
32
35
31
42
35
48
83
38
38
42
37
33
38
39
37
35
32
34
40
32
40
41
37
39
33
40
38
39
38
45
35
84
43
44
35
36
46
102
35
41
83
37
50
40
40
39
38
36
32
37
38
37
38
35
38
41
39
40
34
52
42
42
37
37
34
34
40
33
33
52
105
38
52
41
35
35
32
40
37
43
33
105
26
60
50
57
40
39
43
43
40
41
39
78
39
40
36
38
41
45
39
41
89
44
39
38
42
37
42
69
36
44
42
43
39
39
40
39
39
38
36
40
41
42
39
35
43
42
41
39
36
35
34
36
65
58
33
38
40
37
40
35
39
36
35
36
34
37
36
42
38
41
44
41
35
32
43
54
53
94
56
153
116
163
132
120
125
102
121
100
134
103
31
114
108
135
139
105
93
144
127
141
136
105
123
129
133
102
116
153
57
84
77
84
146
76
61
110
52
89
82
84
108
54
50
40
53
43
45
105
45
45
92
45
37
38
38
36
37
38
35
36
37
38
36
36
36
36
38
47
59
39
38
42
77
27
47
57
27
37
41
48
46
32
44
40
32
39
50
39
37
41
40
43
30
48
39
39
33
31
40
48
85
48
39
43
37
38
43
39
31
30
38
43
41
37
42
29
40
32
44
30
53
77
42
43
74
60
40
43
31
39
37
44
40
36
37
38
38
43
38
32
32
31
37
38
30
40
36
36
42
35
21
43
52
53
41
49
46
39
42
42
42
39
43
40
45
44
42
44
43
47
44
42
45
43
41
37
58
117
49
34
35
33
31
45
36
30
38
42
33
32
39
38
32
40
47
39
40
30
32
36
33
57
102
53
34
40
39
34
32
32
37
34
35
32
45
39
43
33
37
51
40
37
34
34
34
48
39
47
113
79
38
35
31
36
35
37
34
33
35
48
33
37
48
34
36
32
41
33
32
47
34
49
68
25
45
42
50
42
43
53
55
41
41
40
98
44
43
48
42
39
39
44
42
46
44
51
41
44
40
70
113
35
47
34
51
35
55
35
44
38
34
34
36
34
41
44
44
41
41
38
39
46
51
50
35
51
46
35
43
37
45
45
37
44
36
42
37
38
49
36
40
35
41
35
35
39
42
38
44
57
55
44
44
43
54
45
44
37
35
43
49
46
40
44
45
45
56
44
34
46
50
34
42
47
36
154
53
37
35
39
37
40
41
36
44
46
34
34
43
34
36
34
34
38
35
38
33
37
34
35
40
111
39
44
35
38
39
35
35
37
36
35
36
100
41
49
43
37
36
34
35
45
36
39
103
66
207
61
51
27
30
27
32
27
27
30
26
47
28
28
55
43
30
27
28
30
29
28
26
45
32
135
27
55
39
50
36
46
42
35
38
48
36
40
42
40
38
38
51
40
46
47
37
44
47
39
46
63
26
44
42
39
39
40
40
38
39
41
41
41
39
41
39
39
39
37
37
40
47
37
41
43
82
44
29
63
55
42
48
75
45
47
78
42
111
38
40
38
40
43
38
40
39
41
37
46
49
44
76
35
236
115
101
169
23
224
68
67
130
116
86
110
133
98
91
96
77
197
54
61
124
70
73
114
153
149
117
117
149
140
36
34
85
56
323
205
166
67
130
105
103
105
93
29
48
62
63
70
56
124
79
26
43
40
44
40
41
25
39
42
41
43
42
41
55
43
45
52
87
42
52
41
54
40
46
49
53
29
53
39
43
39
40
40
38
39
37
43
40
39
40
40
43
27
39
37
38
36
41
45
46
50
29
68
48
41
42
43
112
40
40
28
40
39
27
45
40
26
38
42
40
46
26
42
55
49
50
31
46
30
31
48
45
63
28
28
28
44
45
29
32
31
54
30
30
28
29
45
28
29
31
34
48
86
52
39
31
29
30
32
30
29
30
32
29
43
42
45
52
46
56
43
43
42
46
48
55
60
45
30
43
50
41
29
44
40
28
28
31
28
51
27
29
28
27
27
28
41
40
42
48
36
76
59
34
46
47
47
79
35
46
31
30
62
34
32
31
34
35
30
35
65
79
88
92
87
99
68
122
44
54
43
72
57
98
70
93
75
99
58
40
57
46
33
34
35
69
49
55
64
43
57
52
63
86
35
33
31
33
35
54
46
31
30
30
32
32
30
31
52
33
31
75
57
36
50
34
55
57
45
45
51
62
30
32
50
50
49
49
52
45
49
46
44
54
46
53
49
62
52
46
45
43
46
62
49
46
34
50
45
49
45
55
50
48
46
44
44
46
46
59
47
56
46
34
56
48
50
48
49
57
53
110
39
33
61
32
33
31
36
31
30
30
39
33
32
31
101
43
32
32
30
30
58
33
55
50
55
38
31
32
57
30
30
36
30
30
31
32
32
31
30
32
31
30
31
44
31
30
31
31
62
81
40
34
33
33
31
32
31
31
31
47
39
31
31
31
31
31
30
31
32
33
32
31
31
46
77
40
35
57
49
62
33
55
51
49
55
47
36
60
34
54
35
55
61
37
54
51
34
53
34
35
82
142
37
40
32
32
31
31
31
34
33
34
32
31
32
35
34
57
34
52
57
35
48
51
50
71
58
37
54
51
35
57
52
35
34
38
61
51
49
38
48
35
34
34
36
50
55
35
56
35
51
83
55
37
32
32
34
36
33
55
33
43
34
34
33
33
33
36
35
36
35
34
33
63
32
33
48
82
39
33
52
34
32
69
32
35
36
52
37
33
33
36
105
64
351
35
30
294
259
243
174
32
213
169
120
178
277
238
34
184
165
36
193
79
37
267
96
88
185
133
111
175
33
212
148
155
120
203
150
34
217
144
81
108
70
51
61
77
87
164
360
241
247
55
147
274
161
103
89
36
65
40
38
49
45
46
38
130
48
49
41
90
83
60
126
61
42
42
42
37
37
61
38
40
54
56
36
62
44
99
41
39
37
35
60
35
36
35
33
37
35
36
33
34
35
36
37
60
53
37
60
37
56
36
68
71
89
43
38
37
61
37
59
61
55
36
58
38
39
57
38
64
38
38
63
39
38
42
73
52
73
47
39
38
40
68
42
59
37
57
40
39
41
112
40
48
62
43
38
39
59
38
41
49
40
47
67
150
43
39
48
39
36
36
36
37
65
37
38
35
35
36
35
35
37
35
76
36
37
37
49
83
45
43
44
38
86
41
41
39
39
63
41
39
39
60
39
39
64
40
40
38
59
41
64
39
51
91
71
45
39
46
38
36
35
35
40
38
37
35
35
35
54
39
40
40
60
39
60
39
60
54
126
95
45
43
45
46
42
41
46
45
40
43
43
43
40
99
53
48
42
41
41
41
43
39
45
52
113
58
51
40
41
63
65
40
78
41
60
40
67
40
40
101
41
41
63
38
63
40
45
40
53
58
75
57
47
47
44
46
50
42
42
54
41
46
50
42
47
43
47
47
45
41
41
42
44
46
44
51
92
85
44
53
47
44
46
45
43
43
48
42
48
48
39
66
47
42
53
42
46
42
43
46
95
82
44
41
44
40
44
41
40
40
42
42
41
40
48
41
39
39
41
43
42
39
39
39
49
42
54
99
61
44
43
43
42
43
43
42
47
45
67
46
76
46
45
63
44
80
41
44
67
44
44
65
83
69
62
45
50
42
42
46
45
47
45
43
58
45
40
60
50
46
59
44
43
42
42
46
70
56
67
144
66
42
45
50
45
42
42
45
42
44
47
46
52
44
43
41
49
47
39
44
41
41
44
57
92
57
46
52
46
44
66
46
43
44
44
48
54
42
43
45
44
44
44
46
47
59
45
47
63
100
70
46
44
47
42
44
41
46
78
56
80
48
58
72
72
62
64
63
60
56
56
58
52
53
50
181
73
175
52
54
51
55
59
55
56
57
56
57
57
65
74
56
59
49
57
53
44
47
100
82
92
84
116
57
52
49
383
70
56
59
61
72
55
57
55
46
45
44
45
48
44
47
43
45
47
45
51
53
46
45
43
44
43
41
44
46
42
43
42
41
44
42
49
59
59
53
55
47
50
82
255
44
43
53
52
71
238
45
84
142
286
158
97
295
274
273
255
298
178
86
53
60
52
91
85
52
51
54
102
221
315
265
278
265
274
272
256
182
57
54
52
51
46
53
46
46
49
47
46
47
47
46
52
53
53
49
51
48
50
48
48
47
47
49
46
46
49
46
48
45
49
45
46
46
47
48
46
52
54
62
50
46
51
52
51
50
48
50
47
49
49
48
48
48
46
48
47
53
43
48
43
44
43
78
310
77
48
54
45
46
46
52
49
51
48
50
47
53
49
49
48
53
47
45
51
44
41
43
74
274
73
303
40
43
43
44
45
43
43
44
42
44
43
43
44
44
43
73
69
62
50
49
47
48
49
55
79
87
43
46
45
48
45
43
43
42
44
45
44
42
43
43
44
43
41
43
43
44
41
44
49
52
72
51
48
43
43
44
43
42
44
44
42
42
41
45
42
45
42
42
41
41
45
44
42
44
51
56
48
75
61
46
47
46
46
46
48
46
45
45
48
45
48
46
47
47
47
45
49
48
54
55
50
46
45
43
43
41
43
44
44
42
42
43
43
43
44
42
43
43
42
42
43
44
41
43
47
78
132
46
46
43
43
42
43
42
47
43
47
44
44
46
43
44
41
43
43
44
43
43
42
48
53
49
52
49
48
53
46
43
47
44
43
43
42
44
43
42
44
41
43
43
42
44
44
42
43
48
52
54
52
51
55
62
58
51
47
49
45
46
50
48
46
47
47
46
47
46
46
49
50
47
48
48
53
51
49
48
48
49
46
47
49
46
48
47
47
46
45
47
45
46
46
48
47
49
47
48
51
57
53
44
48
43
44
44
43
44
44
42
43
43
53
48
43
44
45
42
46
42
44
44
47
45
59
50
50
47
44
44
43
43
42
41
47
51
47
47
49
45
46
49
47
46
47
47
48
45
46
64
50
53
48
47
46
47
46
48
50
46
46
45
47
50
46
46
49
47
45
49
46
45
46
45
53
51
48
45
46
44
43
43
44
43
42
43
44
42
43
46
44
44
43
44
48
42
43
43
44
41
45
51
57
51
45
45
52
47
49
47
46
45
46
53
47
47
48
47
49
46
46
46
49
47
49
49
49
51
49
62
49
50
45
43
42
44
42
46
45
43
42
43
43
41
42
44
45
42
42
42
42
43
48
50
51
45
48
42
42
43
42
43
44
44
44
45
42
42
42
42
42
45
45
41
41
43
43
43
45
46
88
397
161
47
58
86
102
86
86
86
99
78
112
118
90
87
56
82
92
109
76
96
45
86
112
43
102
78
282
123
85
62
70
135
51
51
63
90
358
263
269
264
273
230
263
241
227
50
48
48
56
58
52
49
49
48
51
47
48
46
48
49
46
47
50
48
47
46
47
49
46
47
47
47
55
53
50
48
48
48
45
48
46
49
49
49
47
47
47
50
50
47
48
46
47
49
46
46
47
45
50
61
47
48
43
46
50
46
48
47
46
55
47
48
45
48
46
49
48
49
46
47
52
48
47
47
70
51
48
51
49
48
50
50
46
47
50
48
48
49
45
46
49
48
47
48
48
47
49
46
48
50
64
48
44
45
48
46
43
42
42
43
42
49
48
46
47
48
46
45
48
48
46
49
46
46
48
49
60
49
50
47
50
48
48
51
48
47
45
48
46
46
50
45
45
48
46
46
46
47
46
46
49
51
52
49
46
47
46
50
48
46
48
46
47
47
45
49
46
48
45
45
48
49
45
47
48
47
49
57
55
49
46
49
46
46
47
49
48
48
47
46
46
53
46
50
46
47
47
45
52
47
47
49
46
55
54
49
46
49
47
48
47
46
45
47
48
46
45
46
45
46
46
49
45
46
52
48
50
57
54
57
47
51
47
46
48
47
45
46
51
47
46
50
45
46
46
49
46
45
47
48
46
46
50
51
72
126
47
46
46
46
50
45
46
49
48
45
45
49
45
47
46
46
45
46
45
46
46
46
47
61
51
51
84
55
46
43
46
45
43
44
42
43
43
43
42
44
43
44
43
43
41
44
46
42
52
50
45
43
46
43
42
45
42
43
44
43
42
44
42
43
44
45
42
43
42
42
43
42
45
42
45
50
50
46
53
49
46
47
47
46
48
48
46
48
47
49
56
50
47
46
46
47
45
46
51
82
125
44
48
43
44
43
42
43
43
42
43
43
42
42
43
43
42
43
43
43
43
44
43
45
47
48
54
51
43
43
45
43
43
44
42
44
43
43
45
44
41
42
42
45
42
42
42
42
42
44
42
67
50
44
45
45
44
44
42
44
45
43
43
43
42
43
43
42
43
48
47
45
43
42
42
43
46
59
55
48
48
46
46
48
47
47
47
46
46
48
47
47
50
45
45
49
45
45
45
46
47
50
53
47
45
45
43
48
43
45
43
42
42
46
42
48
44
41
43
42
42
43
42
44
41
43
45
56
55
48
58
46
47
49
46
51
47
49
47
48
46
45
49
47
45
45
47
45
46
46
46
46
49
51
53
52
47
47
47
47
46
47
48
46
46
46
45
48
48
47
48
45
45
50
46
46
48
48
54
53
47
45
43
44
43
42
42
41
43
43
42
45
43
43
42
84
360
233
44
55
88
121
85
89
52
66
82
328
135
47
89
293
239
44
53
82
248
49
83
94
52
83
102
111
102
110
57
51
57
54
101
341
407
332
306
296
261
254
273
285
50
50
49
47
50
47
46
47
48
46
46
47
45
46
48
57
51
46
46
44
47
46
47
47
47
45
53
47
48
46
47
46
47
47
48
46
48
45
46
48
47
53
53
48
47
47
51
46
48
46
48
47
49
47
48
49
49
46
47
46
45
46
50
45
45
47
52
58
45
46
45
43
45
46
47
50
47
50
48
51
47
46
46
47
46
46
50
46
46
45
47
45
50
50
50
49
49
49
47
48
50
46
49
47
49
45
50
50
47
45
48
49
49
46
46
47
47
50
56
50
46
50
47
46
47
48
48
49
47
47
46
45
45
47
46
48
46
45
45
47
48
51
48
48
54
48
47
49
51
47
49
46
47
46
49
47
46
49
45
47
46
45
47
46
47
46
47
47
45
53
51
53
48
48
46
48
48
45
45
46
47
45
46
47
47
47
47
47
48
46
45
46
45
46
53
52
54
45
42
44
42
42
47
45
42
44
42
43
42
47
42
43
43
43
42
45
42
45
42
43
47
50
53
44
43
44
43
42
43
44
42
44
43
42
42
43
42
42
44
42
42
44
43
43
44
44
52
49
44
47
45
44
43
46
44
44
42
43
42
42
42
44
42
43
43
45
42
43
44
43
43
44
54
55
46
46
43
43
44
42
44
42
43
45
42
44
42
42
42
44
45
47
45
48
46
48
48
52
58
48
47
47
46
47
49
48
48
49
46
46
49
47
49
48
47
47
47
47
46
48
47
45
88
59
49
43
49
44
42
43
42
42
42
44
41
44
42
43
42
42
42
42
42
43
42
42
45
42
42
53
53
45
43
42
43
42
43
44
43
45
43
44
41
42
43
43
42
43
45
42
41
42
44
48
58
51
48
49
46
46
46
46
47
45
49
47
45
47
45
47
45
45
47
47
45
45
46
49
48
85
61
58
46
44
43
43
42
42
43
43
42
43
42
44
41
42
42
42
46
47
50
46
49
47
49
54
53
47
47
47
47
47
46
50
50
46
47
46
45
45
46
46
48
48
45
44
47
48
45
49
51
55
52
45
43
47
43
43
44
44
42
47
47
44
43
42
44
42
44
43
41
43
42
43
43
43
51
53
47
47
53
48
46
51
45
45
46
46
49
46
48
46
45
48
47
49
45
45
46
46
46
51
67
66
48
92
292
139
80
296
248
130
73
64
86
106
71
82
99
117
299
61
53
59
68
55
54
56
53
87
317
152
47
55
55
52
53
95
310
285
255
242
234
269
257
230
51
47
46
51
46
49
47
50
58
54
46
44
45
44
43
42
43
43
44
43
43
42
45
42
41
42
45
42
42
43
43
44
49
52
54
43
44
47
44
43
42
42
43
43
42
43
42
42
43
44
42
42
41
42
42
42
48
56
50
45
45
42
43
43
44
44
42
41
43
44
45
42
43
43
42
42
43
42
41
42
43
44
43
45
51
52
44
43
43
45
43
44
43
45
42
43
42
42
42
44
43
44
41
42
42
41
43
43
43
53
54
47
52
47
47
46
45
49
51
47
46
45
47
47
47
47
46
45
46
46
45
48
47
48
55
51
54
45
45
43
46
42
42
43
43
43
48
44
44
42
42
42
42
43
42
43
43
42
43
42
44
49
50
44
42
43
45
44
42
43
46
45
43
43
42
42
42
43
43
43
42
42
43
43
42
67
54
47
45
44
43
43
43
43
43
42
45
44
43
44
42
42
43
43
42
41
45
43
45
44
45
51
48
43
46
43
43
43
44
42
43
42
46
42
44
43
42
42
43
42
42
42
43
43
43
43
49
62
49
47
44
44
43
42
43
43
47
42
44
46
42
44
43
42
42
44
42
44
42
42
46
43
71
55
45
44
44
44
42
42
43
44
42
47
42
43
43
43
42
42
45
42
41
43
42
44
42
41
44
55
54
47
48
49
46
47
48
46
48
47
45
46
46
48
47
50
50
48
46
48
45
46
48
50
71
52
46
43
44
47
44
45
43
44
43
48
42
42
43
44
43
43
43
44
44
42
46
43
47
52
54
49
54
46
47
47
46
47
47
47
58
46
42
44
43
42
43
43
43
42
43
45
42
43
51
57
54
50
54
46
46
44
43
43
43
42
45
43
46
44
46
42
43
42
42
43
46
42
43
47
54
58
48
47
49
47
46
47
46
46
47
46
47
46
46
47
51
48
46
45
47
50
48
46
49
47
51
57
53
44
44
43
44
43
45
44
43
43
43
45
42
44
42
42
43
43
42
42
45
42
44
48
51
50
44
44
42
43
44
43
45
43
50
43
45
43
43
45
45
42
42
42
44
42
49
49
51
51
54
67
53
53
50
52
43
42
44
43
47
44
43
47
42
42
43
45
42
44
46
42
43
42
45
51
79
92
49
49
47
42
43
43
44
43
42
43
43
43
42
43
41
44
42
44
42
42
45
44
45
46
63
75
47
65
89
107
59
50
83
126
280
132
77
79
274
263
261
263
176
272
135
53
72
285
125
53
78
99
453
141
47
43
97
103
59
58
51
55
82
367
253
239
251
238
241
266
243
257
80
90
51
51
57
56
50
80
129
54
52
54
52
53
49
49
49
47
50
48
48
49
47
49
46
48
50
49
51
50
51
52
78
82
52
53
55
48
47
50
60
50
44
46
45
43
44
43
43
42
44
44
46
51
51
54
72
57
55
51
49
47
47
48
46
48
47
47
48
46
48
46
45
49
48
46
46
54
60
56
45
48
44
45
43
43
43
43
43
43
43
43
44
44
42
43
43
42
42
44
42
43
43
48
55
53
49
60
52
46
47
48
50
47
46
51
48
46
46
51
47
49
46
45
48
46
47
48
47
52
54
60
58
49
49
48
45
46
48
48
46
46
47
45
47
46
45
46
45
48
49
47
46
48
45
53
50
54
50
47
46
56
46
48
45
47
49
45
47
47
46
49
47
51
46
46
46
45
49
47
47
55
57
57
46
48
52
50
46
49
48
46
47
48
45
52
48
50
47
45
46
49
45
48
55
52
54
47
44
46
44
45
43
43
44
45
45
43
44
45
43
44
41
45
43
43
43
42
42
42
42
44
50
53
51
45
43
47
44
43
44
43
42
45
42
43
42
43
43
43
42
42
45
44
42
45
52
52
56
59
48
48
47
46
46
50
47
46
47
47
45
48
46
47
46
48
47
45
45
47
46
52
58
55
48
47
43
43
42
42
43
44
42
42
43
45
42
42
42
43
42
44
43
42
42
44
42
42
44
51
57
44
44
43
48
42
42
41
42
44
43
42
44
43
43
42
42
41
42
42
45
42
42
48
58
50
46
46
43
44
43
44
42
44
43
44
44
43
46
45
42
43
42
41
43
48
48
49
47
51
60
53
50
47
48
47
49
48
49
49
48
46
47
46
45
45
46
47
45
46
46
48
45
50
50
98
122
47
53
43
43
45
43
41
47
46
42
43
42
43
43
42
42
43
42
41
44
42
44
45
44
50
55
49
49
47
50
45
45
47
48
46
51
49
50
47
48
46
47
47
45
46
49
46
45
54
58
46
54
47
45
46
46
46
47
47
46
45
55
50
46
46
49
46
54
46
43
44
48
44
42
45
49
47
44
44
43
43
45
42
43
46
43
44
44
45
43
44
42
41
42
44
42
44
44
43
45
45
52
51
49
48
50
47
46
48
47
48
47
54
45
46
45
47
46
48
47
46
47
48
46
47
52
51
49
81
50
47
92
269
295
139
78
105
303
120
77
253
46
88
267
140
110
77
260
124
54
87
92
110
72
57
89
291
48
91
139
306
147
62
54
54
83
362
290
417
62
78
242
236
235
247
193
51
52
52
59
61
50
48
48
50
50
48
50
47
46
49
46
47
45
47
48
45
45
46
46
47
51
48
49
52
61
53
53
47
50
48
49
46
47
49
47
47
47
47
48
47
48
46
52
46
48
46
50
51
49
55
52
57
47
52
47
48
49
46
47
46
49
48
47
47
47
46
46
51
48
45
46
46
46
49
53
76
80
89
49
48
47
49
46
47
47
49
48
47
45
48
47
56
53
47
44
44
45
43
49
51
50
54
50
45
47
63
52
45
43
43
44
43
44
42
44
43
42
43
42
44
42
42
43
42
50
51
58
44
44
44
46
44
45
42
44
45
46
43
46
51
46
47
46
48
47
45
46
48
48
51
54
54
49
49
49
47
46
49
48
48
47
48
49
47
46
45
46
48
46
45
47
48
46
47
57
59
52
54
47
51
46
47
49
49
46
46
48
46
46
48
45
57
47
43
43
43
44
42
43
45
45
50
52
51
48
55
51
48
48
46
48
46
46
48
49
47
45
45
48
47
47
46
48
45
46
52
76
57
54
49
47
51
47
51
46
54
51
48
46
48
46
46
49
46
46
46
48
47
44
49
44
45
45
53
58
49
48
46
49
47
46
47
50
47
52
46
44
45
43
44
45
44
44
43
44
41
44
50
60
55
44
50
43
47
43
45
42
42
45
42
46
44
44
45
43
42
42
45
42
42
44
42
45
48
53
61
48
51
47
49
47
46
46
48
49
49
46
50
47
47
47
46
46
46
45
45
49
47
51
52
76
92
53
51
58
48
43
43
44
44
43
46
42
44
44
45
44
47
41
43
42
42
44
41
50
55
54
47
46
47
48
46
47
46
48
50
46
48
51
48
50
46
48
46
46
50
47
48
46
48
57
54
44
45
45
44
43
47
43
43
45
43
43
43
43
43
44
44
42
44
43
42
42
43
43
50
60
48
48
48
47
47
46
46
47
49
46
48
45
48
51
46
45
46
50
46
46
51
45
46
47
47
57
50
44
43
43
44
43
44
43
42
43
44
42
43
43
45
43
45
42
44
43
43
45
44
51
62
53
64
46
49
48
46
45
49
48
45
45
46
43
45
43
45
43
43
44
50
43
43
45
43
43
54
58
51
47
48
49
48
46
47
47
50
49
47
43
44
45
43
43
46
48
43
44
43
43
44
46
52
70
48
48
46
47
46
48
45
47
45
80
320
49
62
56
54
83
86
42
80
92
83
89
257
47
58
84
284
265
62
80
311
245
45
77
83
105
43
80
118
111
80
58
55
53
52
87
331
148
91
325
242
41
41
71
74
53
52
50
46
47
46
48
45
45
45
48
45
45
54
47
44
43
44
43
53
63
51
48
49
50
45
47
47
46
46
50
45
49
48
49
46
46
46
48
45
47
46
46
49
54
50
45
43
42
44
44
42
42
43
42
47
45
43
44
42
43
43
43
42
43
42
44
42
43
43
49
53
45
47
46
44
42
43
47
43
44
43
43
42
43
43
45
46
42
44
42
44
44
42
43
44
47
52
47
56
45
45
44
46
42
45
47
47
46
45
45
47
45
47
55
49
48
46
46
50
46
49
53
52
45
43
42
44
42
44
44
46
42
43
43
43
42
41
46
43
44
43
49
44
42
43
45
51
52
44
46
48
43
43
42
44
49
43
44
43
43
42
42
42
43
41
42
43
43
42
45
48
58
53
57
48
51
48
47
46
47
47
47
47
46
48
46
49
47
51
46
46
46
46
46
45
46
62
54
59
57
49
46
48
48
46
46
49
48
51
46
47
48
45
45
47
46
47
47
46
47
47
53
52
56
48
56
50
46
47
47
45
48
47
48
45
46
46
46
47
45
46
50
46
46
46
47
46
48
53
52
52
43
43
43
43
42
42
46
42
42
45
43
42
44
42
42
42
42
41
42
49
45
47
46
49
53
46
44
45
44
44
45
42
44
42
44
42
44
41
42
43
44
41
43
43
41
41
43
43
41
67
75
47
43
44
44
46
42
43
42
42
43
43
43
43
43
43
44
44
42
43
44
43
43
43
43
50
51
43
46
43
43
42
44
42
43
42
43
43
43
45
46
44
45
43
43
44
43
44
46
46
51
55
48
48
49
47
46
50
45
48
47
48
48
47
47
49
47
46
48
48
45
48
45
47
46
53
51
50
44
45
44
43
44
43
42
44
43
42
43
41
43
43
42
44
45
44
41
44
44
42
43
49
55
44
44
43
43
43
43
41
44
43
43
43
43
44
43
43
42
43
44
42
42
42
43
42
56
55
45
43
43
45
42
43
43
43
43
44
43
42
43
43
42
45
44
42
44
43
44
42
43
43
44
61
56
45
45
43
44
43
44
43
43
44
43
46
42
43
45
43
44
43
42
43
43
43
43
44
50
54
55
49
46
50
46
47
48
46
47
48
46
45
49
45
46
46
47
47
49
47
46
48
46
92
83
44
44
44
42
42
45
44
43
42
44
41
47
43
43
42
42
43
49
42
42
42
44
44
47
55
59
46
47
44
44
43
43
44
43
45
44
43
45
42
43
42
43
41
42
42
43
44
42
42
54
53
47
43
44
47
42
42
43
43
42
46
44
41
44
43
45
43
44
44
43
43
43
42
44
44
61
51
48
43
43
48
43
76
298
44
76
93
116
97
118
281
132
76
104
77
281
145
267
66
265
121
74
100
83
267
43
60
61
62
80
109
120
62
230
54
58
63
91
355
283
298
235
238
236
309
267
186
307
66
56
48
45
44
45
43
45
44
43
43
44
42
43
45
45
42
44
43
42
43
43
42
49
58
54
51
53
49
49
46
47
50
49
48
47
46
47
48
47
47
47
46
47
45
46
52
49
52
60
46
46
50
48
50
49
46
47
48
46
49
47
46
47
48
46
46
47
47
45
48
45
50
51
58
46
48
48
50
50
48
46
53
46
46
49
45
47
46
47
47
48
46
46
45
47
47
46
47
48
48
56
52
46
44
45
44
51
46
47
49
46
45
47
47
47
48
48
48
48
49
52
44
45
48
47
62
65
47
48
46
49
46
47
47
49
48
46
46
48
46
45
50
47
45
50
45
49
47
48
46
54
52
48
44
42
45
46
42
41
44
43
43
42
43
43
42
45
44
43
42
44
42
42
46
43
45
51
54
45
45
43
45
44
42
44
45
44
44
43
44
45
42
42
44
42
44
45
43
42
44
45
48
47
44
43
46
43
42
46
43
44
41
45
43
44
43
42
42
43
42
43
42
44
43
43
43
52
55
57
45
44
43
43
42
44
43
44
42
44
42
42
43
46
41
43
42
45
42
44
41
42
43
43
52
56
50
48
46
46
48
49
45
47
47
49
46
47
46
49
47
46
46
46
47
46
45
47
46
101
54
50
44
45
45
43
44
46
42
44
43
43
45
42
43
42
43
43
47
44
42
42
44
44
49
54
49
46
46
44
45
45
43
46
44
42
46
43
44
42
45
43
42
42
43
42
42
42
48
48
75
57
48
46
44
42
42
42
50
43
44
42
42
42
45
45
42
42
43
41
41
41
42
42
43
44
43
49
51
45
43
43
43
43
42
42
44
44
45
42
44
42
42
41
45
42
42
42
42
44
43
49
52
52
44
45
42
43
43
42
45
43
42
42
43
42
42
42
42
44
43
41
44
41
42
43
43
51
46
49
44
44
46
42
45
42
41
42
43
41
42
41
46
43
43
42
43
43
42
41
44
44
45
49
44
43
46
44
47
55
52
50
50
49
47
50
47
52
58
47
48
49
48
44
45
43
49
51
49
51
53
51
47
45
44
43
43
44
43
44
44
43
43
44
42
43
44
43
42
48
42
43
44
44
46
54
60
57
50
46
45
44
44
43
43
42
45
42
43
43
43
43
42
43
43
42
43
43
45
42
61
94
611
145
43
42
88
119
266
245
77
93
94
80
266
116
79
282
270
283
170
248
84
97
74
50
50
53
84
112
48
97
287
176
47
86
77
52
54
61
52
46
54
49
47
46
46
46
48
73
64
55
53
54
86
131
52
85
160
44
111
308
258
249
272
264
239
84
263
169
46
55
50
55
72
244
85
49
47
46
50
77
115
53
47
47
47
46
46
49
49
50
52
45
48
44
45
45
45
48
48
47
56
54
45
51
46
46
49
45
47
46
86
313
332
315
88
279
90
343
140
54
95
281
43
53
47
50
55
54
50
82
286
46
76
107
72
240
55
51
47
67
217
62
50
50
50
49
53
48
62
51
55
88
121
67
55
62
52
49
49
46
44
45
48
45
47
46
45
45
49
48
44
45
47
44
44
46
52
52
59
71
59
49
51
50
48
50
48
47
49
47
49
49
52
51
48
49
48
48
58
49
48
53
94
101
53
56
69
48
51
54
54
49
50
53
48
46
53
48
47
49
50
48
50
48
50
47
54
49
73
103
54
50
46
48
46
47
47
46
63
50
46
47
47
46
44
48
44
49
43
45
42
43
43
58
55
49
55
55
91
470
49
45
85
272
224
254
231
258
176
269
46
89
72
79
96
119
243
50
88
136
275
308
157
46
88
90
166
276
64
90
127
266
55
49
57
50
54
86
325
264
277
267
280
350
80
76
46
77
61
59
60
57
45
58
85
60
106
90
110
73
47
49
61
59
51
53
48
56
61
49
54
51
49
54
49
47
44
42
45
42
41
44
43
43
45
48
78
228
51
51
53
47
44
45
43
76
267
45
75
267
40
48
48
50
49
48
49
49
49
47
48
48
78
219
73
236
84
79
71
233
47
46
51
56
63
54
46
46
46
48
49
48
50
48
51
49
55
46
56
48
49
49
53
46
47
43
85
57
59
56
56
50
53
51
63
63
57
63
54
50
54
64
57
55
52
56
61
63
58
53
55
52
81
153
63
77
44
45
46
42
49
48
48
46
47
46
48
46
49
45
49
57
47
46
46
51
52
76
314
49
58
61
48
47
59
46
48
46
47
49
46
46
47
53
48
46
46
48
47
46
49
45
65
51
226
264
101
61
49
52
47
48
48
47
47
49
46
47
47
50
45
47
48
46
51
47
45
46
51
78
116
243
59
46
57
46
46
46
47
49
46
47
46
45
46
48
46
46
45
49
45
46
48
47
53
56
53
57
48
50
46
48
48
45
47
46
46
51
46
46
50
48
50
47
47
47
46
47
48
46
55
59
58
49
47
44
45
44
44
43
43
42
46
42
43
42
42
45
43
42
42
43
41
42
44
45
58
55
57
54
45
45
44
44
48
48
51
47
46
50
46
46
48
46
47
47
46
46
46
47
49
57
57
59
51
45
49
43
46
43
45
43
45
42
45
43
42
43
43
44
44
43
42
43
42
42
42
55
58
57
56
47
47
47
50
46
46
49
46
48
45
49
46
46
47
48
45
46
47
48
45
46
55
54
61
50
48
46
49
47
49
46
46
46
47
46
46
45
48
45
50
49
46
46
45
46
45
51
54
53
59
50
48
47
48
47
46
50
46
49
46
51
45
47
45
45
48
46
46
47
46
47
50
58
55
76
58
50
50
49
47
48
48
49
48
49
47
44
44
44
43
43
43
43
41
42
45
45
42
48
52
57
64
45
48
46
44
45
44
43
43
44
45
44
43
43
42
44
43
42
42
44
43
43
42
49
84
123
50
49
46
46
48
46
45
45
52
47
49
45
45
47
45
46
45
46
45
45
46
46
49
51
53
56
46
55
89
170
86
63
92
109
256
55
53
87
117
245
55
84
97
105
117
130
59
81
72
89
76
119
65
79
288
144
100
57
69
60
49
51
53
77
333
296
314
260
235
232
237
246
167
45
55
56
55
54
47
48
46
47
45
47
47
45
56
47
46
49
46
47
48
47
45
47
47
49
45
56
52
52
52
49
45
46
44
42
44
44
42
43
42
43
42
43
45
41
44
42
42
44
44
48
54
58
59
55
49
46
43
44
42
43
41
45
45
43
43
46
43
43
41
43
43
42
42
45
42
51
53
51
54
53
54
55
49
49
47
49
47
46
46
50
46
47
46
46
46
45
48
47
46
45
47
45
50
50
55
56
51
43
44
43
44
42
43
44
43
44
42
46
42
41
45
50
51
47
48
48
46
51
54
55
56
61
54
47
48
45
48
45
50
49
45
45
47
46
50
46
46
45
47
45
48
47
47
49
53
51
48
48
51
47
50
46
48
48
47
48
49
46
49
46
48
47
46
47
48
48
46
54
51
46
45
45
44
44
41
44
42
45
44
43
43
42
42
43
42
42
44
42
41
42
44
42
43
42
50
63
49
44
44
43
43
44
49
43
44
43
43
43
44
42
42
42
43
43
45
43
43
43
44
46
54
49
48
44
43
43
47
43
47
43
46
44
43
42
42
43
47
42
41
43
42
42
43
43
42
50
56
52
52
59
48
49
47
45
47
46
47
49
48
47
50
45
46
48
47
47
45
46
52
46
47
47
89
64
49
51
47
46
47
47
47
47
46
47
50
46
58
47
46
45
49
45
48
45
48
47
45
69
57
50
52
47
47
46
49
48
49
47
49
45
48
45
45
48
48
50
45
47
45
45
50
49
51
50
50
45
44
43
43
44
45
42
45
43
43
42
43
45
43
42
43
41
42
43
43
42
42
53
54
50
51
49
47
48
47
47
50
47
46
50
49
49
50
48
46
46
49
46
47
45
47
47
48
64
53
44
43
45
47
44
44
42
44
43
44
43
47
41
46
44
43
46
43
41
43
43
43
42
43
53
52
49
48
46
48
46
48
46
46
49
48
45
47
46
48
49
47
45
47
48
47
45
45
46
56
53
48
49
42
44
43
44
43
43
42
44
43
44
43
42
43
44
42
44
43
41
42
45
43
43
57
52
51
49
56
47
48
48
48
51
47
50
48
46
50
48
47
48
50
48
46
48
47
47
47
49
52
47
46
44
45
43
45
44
43
43
43
41
43
43
43
44
43
43
44
42
44
42
42
43
45
58
47
46
43
43
43
46
82
319
143
41
87
265
142
77
86
99
102
86
51
73
283
257
83
89
56
87
130
284
113
40
88
316
252
248
78
86
92
46
47
52
83
349
247
263
232
234
234
266
266
170
50
65
59
52
45
46
40
45
42
43
41
43
44
46
42
42
42
42
42
44
44
43
42
44
44
45
48
54
55
47
47
46
48
45
50
45
50
46
46
47
45
45
46
46
45
44
46
47
47
45
48
58
52
44
45
43
45
44
45
42
43
42
44
44
46
42
48
43
44
42
44
42
42
42
43
43
53
52
44
46
48
48
49
51
47
46
46
48
47
48
49
47
46
46
47
48
47
48
45
50
46
46
73
56
57
50
47
46
46
46
47
47
47
47
50
52
47
43
43
44
45
42
42
44
41
42
43
43
59
53
50
55
45
47
48
46
51
46
46
47
47
49
47
45
45
46
46
49
46
49
47
46
45
46
65
54
51
48
47
51
45
48
49
47
48
47
48
49
48
46
50
46
45
47
47
47
45
49
59
52
55
52
48
50
47
45
47
48
47
46
46
48
46
47
46
47
49
47
46
46
47
46
45
47
45
49
57
59
47
46
50
46
47
50
45
46
50
45
45
48
47
47
46
46
50
51
47
45
46
47
51
60
51
47
46
50
46
46
46
45
45
51
46
53
46
47
46
48
49
47
45
45
48
46
45
45
51
52
45
45
42
47
44
43
42
44
42
42
41
43
42
42
43
42
41
42
48
41
43
43
43
50
54
49
45
45
42
43
49
52
64
56
52
51
51
51
48
50
49
49
52
69
261
69
78
112
61
77
285
88
64
49
54
49
54
55
55
73
112
52
54
51
75
292
300
240
47
49
51
60
52
83
77
96
48
49
50
76
64
65
258
134
53
58
53
54
50
48
48
46
82
315
364
338
302
281
77
336
47
48
48
55
62
53
55
48
53
46
49
50
49
88
140
83
74
265
43
53
83
267
149
76
302
296
153
43
75
54
77
305
46
91
379
189
53
82
119
285
255
166
92
58
85
151
122
101
112
268
72
56
57
56
54
61
55
60
92
285
291
261
432
275
249
250
249
279
51
47
49
47
46
48
48
47
47
47
53
53
57
55
49
47
46
49
49
48
48
47
46
47
47
46
46
47
45
45
48
50
50
52
46
53
53
66
55
47
49
49
50
51
45
47
49
48
46
51
48
48
48
47
45
49
49
45
47
46
48
51
81
140
52
48
48
47
48
48
48
47
48
46
47
47
46
46
46
49
46
46
47
47
51
47
50
53
49
51
54
53
46
44
42
44
43
44
45
44
43
46
43
44
42
42
42
42
43
42
49
50
53
81
63
54
49
47
47
45
46
46
47
51
45
45
43
43
42
43
44
43
43
43
42
43
45
54
62
50
44
44
43
44
44
42
44
42
43
51
54
48
48
43
43
42
44
43
42
43
41
43
51
85
60
53
75
51
50
45
45
44
45
42
43
45
43
41
42
42
45
43
41
41
42
43
42
43
48
51
54
57
45
44
43
42
44
42
43
44
43
42
41
43
50
48
47
47
48
47
48
48
50
48
55
51
52
65
64
52
49
51
52
54
51
47
48
47
46
48
46
49
51
57
52
48
48
44
52
57
55
52
49
49
51
52
50
56
60
52
277
55
54
61
58
51
67
70
61
58
58
47
49
54
68
86
60
58
61
55
59
61
53
44
44
42
44
45
43
45
44
42
44
49
51
55
54
44
44
44
50
69
63
65
52
50
48
48
49
47
46
46
46
46
51
48
51
48
45
47
48
48
49
54
70
52
72
318
51
58
58
46
45
44
43
43
44
48
43
43
43
43
43
44
44
43
44
43
42
42
44
50
53
59
66
63
53
46
43
45
42
44
44
43
42
43
43
42
42
43
43
44
43
42
43
42
42
43
50
59
54
46
46
45
45
43
43
42
46
42
42
44
43
42
44
43
43
42
43
42
43
43
42
65
59
57
56
50
48
48
48
46
47
47
47
47
48
48
46
51
46
45
46
49
46
47
49
48
50
49
49
48
45
43
44
43
44
43
42
45
41
44
46
42
42
42
42
40
45
43
43
41
49
42
45
82
153
43
53
47
44
45
43
44
46
43
42
45
48
48
46
47
48
47
47
46
45
46
48
51
55
53
56
52
47
47
48
48
47
48
47
47
45
47
45
51
46
50
46
46
46
45
46
60
76
93
157
48
61
101
73
295
168
75
284
142
92
269
262
54
86
259
127
80
277
143
87
81
85
85
85
84
94
256
44
54
57
52
54
49
54
48
76
327
281
297
234
236
255
257
238
52
55
50
50
47
51
51
49
77
118
55
51
48
47
47
48
51
48
46
49
46
46
48
49
49
45
49
47
46
54
48
56
54
50
48
48
47
48
46
47
46
46
48
46
47
45
49
46
45
45
47
48
48
44
49
50
51
67
54
58
50
53
46
46
46
48
45
46
48
46
46
48
49
48
48
46
45
45
51
47
47
46
50
57
62
45
43
42
46
43
42
46
43
42
43
42
43
42
44
42
44
42
41
42
43
43
44
47
55
54
53
48
47
48
47
51
46
48
47
52
46
47
50
47
46
47
48
46
48
47
46
45
46
53
80
120
48
48
47
46
50
45
45
47
48
46
45
48
46
52
46
48
48
48
45
45
45
50
46
72
53
52
47
49
49
47
49
48
48
49
45
47
45
48
46
47
45
46
45
49
47
45
49
48
49
60
55
57
48
46
49
46
48
46
48
45
46
46
48
45
47
47
49
45
47
49
46
47
46
48
46
56
58
63
48
47
47
46
47
46
55
46
46
43
43
42
43
45
45
46
42
43
42
44
44
43
48
58
54
50
44
42
44
46
43
42
43
41
43
44
43
42
42
43
42
42
45
41
44
42
46
49
57
57
52
49
49
47
46
46
46
47
47
48
46
46
45
46
45
48
46
49
48
46
46
46
48
51
53
54
51
51
48
49
48
47
47
47
47
46
46
48
46
46
50
45
46
48
49
46
45
47
53
56
53
51
49
48
47
46
46
46
50
45
49
48
46
47
46
46
50
46
48
45
46
48
45
45
85
51
53
49
43
44
47
43
44
42
42
43
42
42
44
41
43
44
43
42
43
43
42
43
42
52
55
56
48
46
43
44
46
44
42
46
44
46
46
46
54
46
46
44
44
46
42
43
42
48
48
53
55
53
51
48
51
50
50
46
48
46
48
52
47
47
47
49
47
49
53
48
47
45
48
47
77
287
44
56
57
44
50
70
270
47
52
49
48
47
46
49
47
51
45
47
46
46
59
48
44
44
45
53
57
58
48
43
44
42
44
43
45
43
44
43
43
42
43
43
44
42
44
43
44
43
42
43
62
55
55
57
49
43
44
44
47
44
43
43
43
44
51
46
49
46
45
56
48
46
47
47
47
51
52
51
55
49
57
49
50
51
47
50
50
46
48
49
45
53
57
47
50
48
79
298
48
57
51
50
84
135
381
142
43
77
283
46
87
101
272
138
257
48
56
88
86
53
82
102
73
86
69
99
91
52
57
53
59
91
344
371
151
46
76
307
224
256
237
50
47
47
46
47
48
47
47
61
47
50
57
52
56
52
49
46
46
47
47
46
48
46
67
48
50
46
46
48
46
46
46
46
46
45
46
46
51
55
77
53
54
44
43
44
42
43
43
42
43
42
48
45
44
43
44
47
42
41
43
44
43
77
58
52
55
51
47
44
44
42
43
47
42
42
44
41
42
45
43
44
44
44
43
42
42
44
50
55
54
55
57
53
52
48
48
46
44
41
44
43
43
42
49
48
43
43
46
47
48
46
47
46
51
51
72
65
49
47
46
46
48
46
55
53
44
44
43
43
43
44
42
43
42
43
43
42
44
44
78
121
55
56
52
46
51
43
44
44
42
43
42
46
42
42
45
42
43
44
44
47
45
47
46
75
89
256
49
81
285
101
49
48
50
49
50
47
48
51
49
48
54
44
46
44
44
45
46
46
48
76
124
284
94
75
50
45
53
45
45
47
45
44
45
45
44
51
46
76
72
76
220
77
52
48
76
262
297
117
57
60
57
57
51
53
49
45
45
44
45
43
44
47
43
44
43
47
43
44
44
43
49
56
56
49
54
56
45
44
44
43
45
42
46
44
42
44
42
43
43
42
45
41
41
41
42
45
77
128
45
42
44
45
42
43
42
42
46
43
41
42
43
43
42
43
42
51
47
44
43
45
44
45
54
50
55
46
44
43
42
44
43
43
45
43
45
44
43
43
42
43
42
42
41
44
42
42
47
51
51
48
44
44
43
44
42
42
44
42
43
42
44
43
42
46
43
43
42
44
45
41
43
46
53
51
49
48
45
42
43
44
46
45
45
43
44
42
43
42
44
43
43
41
44
43
42
42
44
43
51
53
53
51
55
59
49
46
47
47
47
48
46
46
48
47
45
46
46
46
48
47
46
47
48
45
50
52
55
62
48
49
49
50
52
49
50
48
51
50
49
46
54
51
45
44
44
43
44
42
43
43
49
57
55
54
50
43
44
42
43
44
43
43
42
46
42
43
42
42
47
44
42
43
44
43
42
45
112
55
49
49
45
48
43
45
44
43
44
43
44
42
44
43
43
43
42
45
43
44
42
42
60
54
52
53
50
50
48
47
49
47
48
47
49
47
46
50
48
46
46
46
46
47
46
48
47
71
52
48
49
54
50
43
43
43
44
44
45
43
44
43
42
43
45
42
43
43
44
42
41
43
44
42
59
97
53
43
56
42
53
89
133
50
82
286
250
250
271
303
152
74
116
89
250
122
78
145
80
284
237
44
59
87
113
248
53
61
86
299
268
46
101
252
52
66
58
54
63
60
89
319
369
310
291
275
339
405
270
257
263
153
46
51
49
48
49
52
47
54
51
56
55
57
57
51
52
50
60
54
56
47
48
58
51
56
77
318
66
87
84
167
175
72
53
55
60
67
53
72
68
65
53
57
50
54
77
312
272
42
63
53
57
57
52
68
46
50
46
46
46
49
45
78
251
244
151
54
56
55
71
52
52
54
50
57
56
56
52
53
53
58
99
116
87
271
43
63
49
49
50
51
50
48
45
47
47
62
54
55
56
56
55
54
50
54
48
50
49
48
48
48
53
49
47
50
53
49
51
49
50
50
69
59
55
50
52
49
50
49
50
51
48
48
50
49
50
57
47
48
44
45
44
45
46
47
43
72
55
52
69
52
51
47
46
43
44
44
47
43
44
42
42
43
42
42
44
41
44
44
46
47
44
44
60
49
80
285
292
59
56
48
47
47
47
46
46
45
47
47
46
45
47
46
57
52
47
46
47
47
54
54
45
44
44
44
43
44
42
43
43
42
49
45
43
44
42
42
43
42
46
43
42
42
44
59
56
52
46
44
44
45
47
54
45
46
55
49
52
74
52
48
55
51
49
48
48
49
53
46
293
56
46
47
52
50
73
225
220
232
234
232
223
219
210
227
57
75
63
69
65
52
49
53
62
82
75
73
92
45
93
104
83
80
88
81
250
65
79
248
242
251
308
46
45
44
45
44
48
43
43
44
45
45
45
43
44
60
58
55
64
42
84
53
53
75
44
41
83
84
129
315
251
151
81
67
87
98
56
51
51
54
52
84
104
93
318
341
205
57
59
317
288
78
270
300
50
47
47
49
54
56
77
324
54
55
57
65
54
65
52
47
44
45
44
48
48
49
46
50
49
47
47
48
47
49
58
51
50
88
64
52
50
52
63
54
48
49
47
52
48
48
47
49
46
46
47
54
47
51
46
48
49
54
50
52
58
55
50
48
46
49
50
46
47
47
51
48
47
46
51
47
46
48
46
46
46
46
47
50
52
54
46
45
45
44
45
51
49
50
46
51
49
48
48
47
51
46
46
47
46
50
47
47
48
46
50
66
54
49
48
48
47
47
47
51
47
47
49
48
48
45
47
45
50
50
47
48
48
48
47
63
58
48
50
47
46
46
48
46
49
49
47
50
47
48
48
47
45
46
47
48
46
48
46
46
48
51
60
46
43
48
45
42
45
44
44
44
44
42
45
43
44
43
42
43
42
45
43
42
42
43
46
50
52
47
46
51
49
46
46
47
45
46
51
48
45
46
47
45
47
46
47
51
47
46
49
51
166
50
48
48
49
48
48
48
45
49
46
48
47
51
46
45
47
47
46
47
47
46
47
49
51
55
52
47
46
44
43
50
44
47
42
42
44
44
43
45
42
43
44
44
42
43
43
44
42
42
46
81
61
50
47
48
46
50
48
47
50
48
49
50
49
50
48
46
43
44
44
45
44
45
59
51
50
58
52
47
48
46
48
50
47
46
50
46
46
46
47
47
48
46
49
48
50
47
46
46
47
48
68
55
45
44
44
43
43
50
48
43
44
43
44
43
44
43
43
42
42
43
44
43
47
43
46
43
50
52
46
49
46
47
46
48
48
47
54
51
43
43
44
42
43
43
42
42
43
42
43
42
47
58
50
46
45
44
45
43
44
48
42
43
47
43
44
46
42
45
43
43
44
43
43
42
42
42
41
44
54
55
47
53
53
46
43
43
43
45
43
43
43
43
42
50
42
41
42
43
42
45
41
42
50
51
46
46
44
50
48
44
44
43
43
44
44
42
42
42
44
45
42
44
43
45
44
42
43
44
44
56
56
52
56
46
47
48
46
48
47
46
45
47
46
45
46
46
46
47
45
47
49
47
48
50
57
48
51
47
47
46
47
45
47
48
46
50
46
47
48
49
47
46
48
45
49
49
45
46
47
47
55
55
49
48
48
47
48
46
49
49
47
47
46
47
47
51
47
45
46
47
47
45
47
48
53
51
56
51
48
49
52
48
50
46
50
49
49
46
46
47
46
46
46
49
48
45
46
48
48
47
62
52
45
44
45
43
45
48
48
46
47
46
47
49
50
46
46
45
46
46
46
48
46
51
48
46
46
51
50
44
47
42
44
44
45
45
47
45
43
43
44
51
85
134
240
43
82
98
47
79
94
132
116
52
55
58
57
85
115
108
77
42
83
116
84
264
149
260
56
74
96
51
48
49
58
87
284
164
44
77
359
316
293
233
231
188
50
47
50
50
49
47
46
52
53
46
44
46
46
48
47
48
45
65
50
50
47
48
47
42
43
46
44
42
47
42
44
48
49
50
50
48
49
47
48
47
46
47
53
52
48
57
49
48
49
50
48
46
47
52
49
48
48
45
47
47
48
50
48
47
47
47
49
48
50
54
50
47
47
47
52
46
49
46
47
46
47
47
47
45
50
46
50
47
49
47
49
46
52
53
49
45
45
49
44
45
47
46
50
46
48
47
47
48
47
46
47
47
50
47
45
45
46
47
46
55
62
44
44
45
44
42
50
43
43
43
44
43
42
43
45
43
43
44
45
45
43
44
43
44
53
51
51
43
50
44
43
43
43
44
42
42
43
44
42
42
42
42
43
42
42
43
42
42
43
46
52
55
52
47
49
49
45
51
48
45
45
47
46
45
47
49
46
48
45
50
47
46
46
46
46
47
65
52
50
46
42
45
44
42
43
46
41
43
42
44
42
43
43
43
42
41
42
43
43
43
51
56
51
45
45
44
48
44
41
42
42
43
45
44
44
43
41
46
41
45
48
42
43
43
43
43
43
45
58
53
44
44
43
45
45
45
42
43
47
43
43
46
42
43
43
43
44
43
42
43
42
44
58
54
48
49
46
51
47
49
46
48
48
48
46
46
43
43
44
43
42
43
44
42
42
49
45
45
59
53
44
46
43
41
44
45
43
45
42
42
44
42
43
47
47
49
47
47
45
47
47
45
45
46
48
51
55
46
46
47
48
48
46
46
49
49
47
48
46
46
55
56
48
48
48
47
47
47
46
50
58
50
44
45
44
44
44
43
43
43
43
43
43
43
42
45
48
46
46
47
47
48
45
50
46
49
56
49
46
47
47
47
49
45
45
46
45
45
47
45
47
47
46
47
46
46
50
45
54
48
53
50
43
44
43
44
42
42
45
46
43
43
42
43
42
43
45
42
43
42
42
43
43
44
43
85
52
45
46
44
43
43
43
42
45
43
43
41
44
44
43
43
43
43
41
42
43
44
44
42
46
47
56
56
51
44
45
42
43
43
44
43
44
42
43
43
42
42
43
41
44
43
45
42
45
42
42
48
80
50
51
48
47
48
46
48
47
47
46
47
48
47
46
46
47
47
47
51
48
51
47
51
51
84
376
44
42
60
91
92
82
89
109
76
79
260
239
150
86
83
81
86
269
117
82
282
122
77
287
308
337
49
87
282
44
51
48
48
54
91
274
50
82
239
236
243
257
237
222
48
47
48
48
48
51
66
57
50
53
46
47
46
46
50
46
49
47
48
45
48
46
46
46
47
47
46
45
47
49
45
57
59
49
48
48
48
48
47
47
51
49
47
47
49
46
47
50
51
49
46
45
52
51
46
112
78
45
44
48
46
47
50
46
46
48
48
48
46
47
46
48
52
46
48
47
50
48
48
47
48
118
62
48
49
47
51
50
46
46
48
50
48
57
47
49
46
47
48
46
46
47
51
48
46
50
49
47
64
56
46
44
43
45
45
45
42
44
44
44
47
44
43
42
42
46
43
42
42
45
43
42
44
57
48
44
44
42
42
43
46
42
45
42
42
42
42
42
43
43
42
42
43
42
42
42
44
43
49
60
47
44
44
43
43
42
44
43
42
43
46
42
43
43
42
41
41
42
42
42
46
43
43
42
44
59
50
45
42
43
44
42
42
43
43
43
43
43
42
42
45
43
42
42
45
43
44
47
44
42
46
49
46
43
43
43
42
45
43
44
43
43
44
42
42
46
42
42
44
42
43
42
43
43
45
96
57
48
51
55
52
48
51
47
50
47
48
46
45
45
46
46
46
45
46
46
48
46
47
45
46
48
50
45
44
44
46
42
44
44
43
42
42
42
43
42
41
43
42
43
44
43
42
42
43
46
47
54
47
46
45
44
53
52
48
48
47
49
48
49
48
48
47
48
48
48
53
45
48
44
49
74
280
46
46
45
45
47
45
44
44
44
51
49
50
48
48
48
49
50
48
49
49
48
48
48
50
49
55
54
47
45
45
44
45
44
43
44
45
46
47
47
48
49
47
50
48
48
48
47
48
50
48
77
56
51
49
51
48
49
45
46
44
44
46
45
46
49
45
47
45
46
44
43
44
43
45
45
95
245
51
51
48
49
48
52
47
48
47
46
49
47
49
49
49
47
47
53
44
49
45
43
42
46
78
58
52
45
47
43
44
42
42
44
43
42
42
43
42
42
42
45
42
42
42
42
42
43
44
44
55
50
48
43
45
42
42
42
43
43
43
42
41
44
42
42
44
44
41
50
48
47
45
49
46
51
57
48
44
46
43
43
45
42
41
44
43
45
43
42
43
44
41
42
42
43
42
44
42
44
45
55
48
47
47
52
46
46
47
46
46
48
47
46
46
48
47
46
46
46
49
85
157
46
45
60
45
57
61
53
79
96
83
117
113
259
67
81
252
48
83
277
230
134
88
244
43
86
271
62
81
90
46
51
57
52
60
84
301
276
280
328
297
260
267
276
50
50
44
45
43
43
43
43
43
43
44
47
50
53
49
46
46
46
48
47
45
46
46
47
49
49
48
47
46
46
50
46
46
46
49
46
54
47
77
50
49
48
50
47
47
46
52
46
48
48
49
47
46
47
46
45
47
46
47
48
47
46
54
53
49
47
48
53
45
43
46
46
47
47
45
45
48
48
47
51
47
47
48
45
49
47
47
48
51
53
46
45
48
51
48
46
46
48
49
46
47
46
45
46
48
48
46
46
45
47
46
49
45
48
60
50
47
46
53
52
46
46
48
48
47
47
45
47
47
46
45
47
45
45
49
46
47
47
47
52
60
45
44
48
47
43
43
44
44
42
43
44
44
42
42
43
42
44
41
45
44
44
42
45
43
47
57
267
53
77
101
71
54
50
50
50
48
50
59
51
50
59
88
53
53
53
66
64
66
60
51
182
254
56
55
68
60
98
151
52
55
72
280
53
45
50
44
43
44
44
43
44
45
50
44
51
90
152
51
53
79
65
57
50
48
53
59
49
51
48
46
47
47
47
47
46
46
47
46
48
54
70
264
73
56
53
46
51
48
50
50
46
46
48
55
52
48
46
48
47
46
46
45
47
47
46
47
66
51
53
53
50
54
48
47
51
46
46
48
47
46
46
46
47
48
47
45
47
49
47
46
45
50
49
52
60
55
50
52
48
46
46
46
48
49
46
45
47
45
46
47
48
46
47
45
46
46
47
50
56
51
61
55
49
46
49
47
47
47
49
48
50
47
46
48
46
46
48
45
47
48
46
47
47
46
57
52
50
48
55
50
56
47
45
43
44
42
46
55
47
47
48
51
46
48
47
48
46
47
47
54
50
50
58
56
51
48
47
49
48
47
46
46
50
48
47
47
49
47
49
45
47
47
46
80
55
49
46
55
50
52
53
44
45
44
44
42
49
41
43
44
42
44
44
46
42
43
43
43
48
50
53
50
55
56
49
44
45
43
44
42
46
45
48
48
48
46
47
48
50
50
47
49
48
48
46
53
51
59
57
53
65
47
45
44
46
50
45
44
43
44
43
44
42
42
44
44
42
44
44
44
47
54
58
55
54
48
48
46
49
48
46
46
48
51
48
52
47
52
49
46
46
47
48
45
47
46
54
52
53
52
54
44
44
43
43
42
43
43
42
43
43
43
46
51
49
47
46
44
46
45
50
47
53
50
47
50
52
51
43
43
44
50
57
56
53
53
49
47
