42
130
112
155
182
146
84
150
146
135
137
144
112
126
126
134
132
120
114
105
76
108
101
94
114
113
111
119
113
124
118
107
104
108
99
105
102
94
90
101
148
101
96
105
95
104
125
98
111
92
131
109
96
95
92
105
95
92
90
87
95
83
93
82
94
88
90
86
111
108
86
86
84
89
83
84
77
82
80
81
75
81
75
80
82
78
79
80
82
84
77
79
78
80
82
73
74
72
82
71
74
72
69
84
81
75
70
73
69
79
88
77
71
77
76
72
81
71
81
67
74
76
75
76
76
79
86
71
81
74
81
74
66
66
75
67
95
119
80
81
68
83
81
69
66
80
74
77
81
76
88
87
135
78
75
80
83
75
94
71
75
72
72
86
89
89
76
75
79
72
76
81
87
92
75
87
82
75
87
81
83
80
81
77
77
79
82
82
79
79
75
74
73
75
82
75
87
90
78
73
75
73
85
71
92
86
83
76
116
80
75
75
84
78
74
97
75
76
88
76
84
82
80
74
74
86
88
76
84
80
86
74
77
75
75
83
77
70
76
76
75
76
73
81
74
72
72
84
80
70
79
83
73
74
76
79
80
81
82
86
83
78
78
72
76
80
77
97
87
75
75
81
77
77
78
82
80
84
71
80
70
72
77
88
76
74
76
79
90
82
92
86
79
80
88
80
77
80
92
80
80
72
73
77
71
65
69
62
69
76
66
64
63
64
65
65
90
62
64
61
65
72
72
64
66
67
77
87
79
69
81
75
75
83
78
81
76
85
81
78
82
100
75
79
75
76
81
79
77
81
79
82
85
76
73
78
74
89
85
77
80
83
72
73
77
82
72
74
76
83
81
74
79
80
78
72
83
77
76
80
81
74
81
86
76
73
79
74
86
83
86
92
79
77
82
79
84
77
85
91
82
77
80
76
84
83
72
82
80
74
74
81
82
78
74
88
76
81
85
73
70
84
87
89
86
78
70
100
74
76
79
73
78
78
73
81
75
74
84
92
85
74
80
82
85
80
88
79
76
77
79
97
82
73
87
82
81
77
74
79
83
84
86
79
76
81
78
82
86
79
72
84
77
82
76
83
84
83
80
80
83
78
81
80
82
83
85
81
77
87
77
81
77
87
85
90
81
77
87
83
79
75
76
84
83
73
76
77
75
86
83
91
83
79
90
77
82
93
94
74
74
76
79
86
88
81
77
83
83
83
91
76
76
77
81
82
73
77
78
84
81
75
80
75
67
68
69
66
69
77
82
82
80
82
81
82
93
83
80
89
79
76
78
82
83
83
82
79
78
71
80
85
83
83
79
74
73
78
85
95
93
85
81
85
84
80
89
93
77
83
80
76
86
88
92
97
80
78
92
88
88
81
89
82
78
83
78
84
95
89
82
130
90
91
95
79
81
89
93
91
77
81
81
83
82
87
99
84
93
87
91
90
85
96
78
90
84
82
89
92
88
91
83
89
95
96
92
90
83
85
86
85
112
85
75
90
87
86
91
93
91
78
88
91
80
89
84
90
78
95
88
91
88
95
91
77
85
90
116
79
85
87
78
81
87
87
91
86
84
89
81
91
84
88
86
89
80
81
84
87
80
88
88
82
79
81
81
82
78
83
85
98
84
80
83
85
94
85
87
84
93
80
88
91
89
81
94
98
80
76
96
82
86
92
82
103
86
88
90
88
79
81
82
101
83
77
88
117
86
86
88
96
82
98
90
80
91
88
89
79
96
80
86
90
88
95
93
84
97
94
84
85
93
91
81
101
97
86
85
87
88
80
101
80
81
85
81
86
87
83
95
80
82
82
96
76
93
83
86
89
92
88
91
79
90
84
92
81
91
78
83
95
98
88
97
79
87
85
79
86
97
80
81
87
81
85
84
82
89
88
81
79
80
84
78
87
80
98
83
90
84
86
85
87
84
85
83
93
81
87
80
93
93
90
87
92
81
90
88
83
93
81
83
100
93
99
78
79
79
79
80
89
92
88
86
90
85
88
79
87
84
84
97
89
91
86
82
78
97
87
84
89
89
100
90
91
103
91
85
102
103
96
93
97
98
100
100
106
95
93
89
95
91
87
93
91
87
83
96
90
94
86
99
120
86
84
88
95
101
92
97
94
90
89
91
92
89
87
93
92
88
84
85
97
97
87
90
92
99
90
85
90
96
85
108
85
103
75
72
73
79
74
85
146
89
84
81
92
93
94
93
93
92
97
96
91
97
94
92
101
94
87
84
83
94
90
92
122
91
90
86
90
98
103
93
93
100
97
94
99
90
100
92
95
97
100
96
99
93
108
96
89
97
87
88
89
94
87
92
99
91
91
92
84
85
89
96
91
93
94
94
93
108
94
91
87
94
95
88
92
94
83
89
87
90
102
97
97
85
97
94
95
98
91
84
99
96
94
89
90
88
96
90
93
101
88
90
90
106
84
88
91
100
91
89
93
97
99
84
92
89
91
96
90
97
108
106
106
98
96
93
93
92
96
98
95
93
94
92
94
89
94
98
97
87
92
99
95
94
88
83
82
88
84
87
126
79
92
96
88
86
94
84
103
83
87
94
86
90
88
92
93
85
102
94
90
97
94
97
91
97
108
96
99
95
90
95
92
89
101
87
89
98
100
100
100
97
107
97
91
97
92
91
89
94
105
85
96
84
94
93
99
91
89
90
96
97
100
92
84
108
93
92
101
70
101
87
85
88
91
87
92
97
92
95
110
87
83
86
91
92
94
111
94
97
93
96
86
99
96
89
84
88
86
93
96
86
97
95
86
86
78
86
95
96
83
88
95
99
95
89
85
86
87
90
102
87
93
101
92
95
95
98
108
86
90
88
71
81
83
85
85
104
104
85
88
83
79
76
75
77
76
84
90
82
73
81
71
69
76
75
75
76
72
70
72
70
76
74
86
74
76
77
75
84
77
113
124
86
93
84
87
92
91
87
88
102
88
98
94
60
22
19
19
21
21
21
22
20
22
21
23
22
1068
219
118
107
85
115
78
116
107
95
127
129
90
133
108
95
126
124
190
87
126
122
87
89
96
89
99
97
85
94
88
90
124
88
92
82
92
87
83
89
82
85
87
93
86
83
84
83
91
80
76
85
78
77
81
77
82
77
79
74
72
77
73
70
74
72
72
76
78
84
88
92
89
85
89
99
96
93
97
95
94
95
95
95
87
91
91
87
93
88
92
89
91
95
94
83
87
94
94
97
96
91
94
104
93
97
104
100
84
85
102
95
96
91
89
88
95
94
95
96
91
97
97
92
87
94
96
91
90
91
91
95
89
103
96
94
96
99
92
86
91
94
91
99
91
92
92
91
91
96
104
99
84
96
94
99
91
99
92
102
90
92
97
101
109
89
94
89
97
103
97
89
97
92
96
94
88
101
96
84
99
90
84
90
95
100
122
83
86
90
90
93
91
92
95
95
95
97
94
95
89
94
92
96
87
89
95
96
94
90
95
89
92
93
92
85
91
95
92
92
95
90
99
94
90
105
97
96
87
92
88
94
93
103
93
112
89
97
95
95
94
87
102
86
92
89
95
94
98
92
94
101
96
92
100
105
102
90
98
86
86
107
97
99
89
95
99
95
99
89
104
95
90
85
95
109
123
90
90
92
156
64
98
97
90
92
90
94
122
91
99
82
87
91
95
96
93
95
110
88
105
135
95
96
98
97
93
93
90
101
90
90
103
103
88
95
103
93
94
92
95
88
90
90
83
85
93
89
104
80
80
76
100
115
101
98
94
105
103
92
98
94
104
103
109
102
98
103
91
94
90
85
94
85
79
69
91
82
79
78
88
87
78
79
79
80
93
108
135
93
99
91
94
98
84
89
90
93
94
88
88
90
89
94
95
88
97
93
95
89
91
101
87
88
93
84
86
84
89
92
90
94
92
81
90
94
100
105
91
88
93
99
92
99
94
104
94
103
99
85
103
93
108
88
101
93
94
86
84
87
100
96
87
94
98
91
99
92
92
90
93
94
98
96
95
98
108
105
92
88
77
84
94
98
102
98
92
93
107
97
90
92
90
91
87
91
93
91
107
109
94
91
93
105
91
87
103
85
105
95
95
90
132
101
88
104
103
77
91
136
87
86
90
92
95
100
90
104
86
87
82
92
89
88
87
93
89
86
83
79
85
99
83
73
74
72
78
74
92
102
102
107
103
97
100
97
90
87
100
103
85
88
97
97
99
93
88
93
99
91
98
95
88
96
94
112
101
95
102
98
101
93
86
93
101
105
94
90
91
92
95
97
87
123
90
98
107
99
95
93
95
97
90
105
93
92
109
100
94
93
98
91
99
100
95
94
88
104
96
100
102
102
95
158
92
94
106
96
102
91
95
97
102
102
96
96
102
99
96
112
111
95
100
96
98
95
94
89
95
87
91
90
89
93
91
89
109
88
95
97
100
96
115
102
92
97
93
94
92
101
97
123
93
92
88
95
99
99
94
104
89
97
94
100
105
87
101
109
98
86
91
87
94
81
75
101
92
85
87
92
93
86
83
89
86
87
83
85
87
87
88
84
84
84
84
92
83
88
93
84
89
89
113
87
84
89
92
89
86
89
88
90
88
87
86
86
85
84
92
86
86
106
91
87
89
100
93
89
100
105
89
90
93
97
101
96
90
91
88
96
92
90
89
87
85
86
99
104
90
86
86
100
98
80
135
89
82
73
86
74
78
84
92
95
98
94
95
93
95
92
96
89
88
89
89
94
95
96
100
88
91
87
84
83
93
100
95
99
94
98
106
99
90
89
89
91
94
95
100
89
93
89
92
95
95
104
89
100
95
95
95
88
87
91
86
89
90
84
88
100
107
95
100
95
91
94
90
90
97
94
94
88
110
92
105
95
92
89
102
106
89
96
92
89
87
94
96
95
86
89
92
103
94
98
91
93
97
89
102
103
96
101
93
102
91
98
94
87
88
96
86
89
90
86
94
95
94
113
101
76
125
91
92
101
94
105
96
96
98
102
93
89
94
102
103
91
90
90
92
91
96
106
92
89
102
95
99
94
95
103
88
94
94
91
96
95
97
102
105
92
87
95
85
85
89
101
93
87
91
92
94
95
105
96
103
92
89
95
95
93
95
94
91
98
92
92
104
88
87
91
102
90
91
103
99
93
106
93
97
105
97
92
87
93
95
105
95
89
87
97
93
108
88
89
92
98
102
90
93
88
98
87
95
98
94
87
96
100
96
102
92
91
100
95
97
92
95
92
98
97
97
94
93
97
94
100
94
98
92
95
109
100
96
97
92
90
96
98
105
94
96
90
102
96
94
95
108
94
96
97
93
90
92
91
89
92
93
97
90
90
96
96
89
89
100
92
95
106
93
102
94
94
95
100
94
101
94
98
103
94
87
123
80
87
102
110
96
88
86
94
93
94
90
94
95
96
91
91
93
89
81
126
87
78
84
93
101
96
91
90
97
85
85
81
87
85
80
92
85
84
80
84
90
91
101
95
102
93
102
87
84
75
112
76
82
76
82
74
83
60
120
86
79
83
108
102
85
84
92
89
87
77
78
81
88
122
100
90
91
94
91
95
101
100
107
103
99
92
97
100
100
99
114
81
95
105
91
95
94
115
101
96
93
89
84
87
136
98
119
95
95
89
97
105
102
99
98
143
100
106
97
90
95
89
83
110
87
96
87
85
106
84
109
85
87
93
112
93
105
89
99
94
96
95
98
94
98
96
91
100
95
91
88
94
86
117
91
104
90
86
92
100
104
95
94
103
106
97
93
95
90
95
97
94
106
105
101
119
104
93
87
84
79
78
90
100
85
126
93
82
97
90
90
87
97
99
100
91
92
94
94
100
95
91
100
93
98
86
82
82
88
88
95
92
90
93
90
94
90
93
88
75
58
139
99
94
98
101
94
89
58
27
23
23
24
24
24
22
22
436
166
139
119
102
124
114
127
151
109
113
119
130
87
93
92
99
92
99
121
88
87
94
97
101
93
93
91
90
88
93
98
93
101
97
90
90
101
101
106
94
102
98
91
91
90
87
95
90
104
98
94
95
91
94
101
89
119
95
88
96
94
93
102
93
90
92
103
99
91
101
102
96
93
94
100
91
105
94
95
106
94
94
99
94
95
99
96
89
91
96
93
104
99
99
96
89
94
97
89
89
96
96
97
90
95
106
92
112
97
93
93
98
94
102
92
95
99
104
94
98
96
91
93
97
98
93
91
96
88
89
90
101
98
95
95
95
99
93
96
96
94
94
95
93
99
93
94
118
89
97
92
86
97
85
84
91
79
95
84
95
89
106
98
95
92
88
94
90
90
83
87
88
84
83
89
96
81
81
80
84
88
93
87
89
84
81
84
81
80
80
83
81
82
82
85
87
89
95
85
106
97
96
104
97
97
95
111
97
92
102
95
96
96
98
94
92
87
90
100
95
94
123
95
99
105
95
103
94
96
95
93
93
95
105
102
95
123
96
99
100
98
101
102
90
95
84
111
96
99
105
98
96
89
94
94
93
108
69
126
93
90
88
92
96
106
96
99
98
92
104
106
98
105
112
123
94
87
98
101
101
103
102
96
104
90
92
88
91
112
92
92
99
104
90
126
103
108
101
84
108
120
87
84
105
111
99
97
96
99
94
91
99
94
103
89
79
89
90
103
98
92
109
86
89
95
97
86
83
96
91
99
88
85
91
100
98
97
100
97
99
94
90
102
110
93
84
94
100
90
120
105
109
84
97
100
97
94
93
86
87
93
92
93
115
103
92
94
102
93
97
91
102
103
107
92
82
94
103
92
89
97
92
91
91
95
92
97
100
94
90
94
92
92
97
99
97
94
103
111
123
93
116
94
109
88
88
90
107
101
110
88
96
98
86
91
91
98
100
88
89
102
98
92
100
126
86
79
106
98
89
91
89
90
103
100
94
97
102
96
90
89
94
86
88
93
90
92
91
95
94
87
84
101
96
92
83
85
86
100
94
97
89
100
130
98
97
101
104
98
100
99
107
99
101
97
103
104
94
95
99
98
105
97
97
116
98
99
94
94
97
99
92
99
95
100
93
93
88
98
90
92
88
88
93
90
104
97
95
93
94
93
102
89
112
99
99
97
99
98
99
100
97
101
91
104
95
95
91
97
92
94
97
91
102
101
97
99
94
99
88
96
97
103
97
96
94
101
98
105
98
104
96
97
94
100
96
101
100
94
96
96
107
98
97
99
124
103
100
99
99
93
102
95
92
94
96
93
93
96
100
94
100
94
109
100
105
94
100
100
99
97
93
105
94
106
91
100
94
97
93
99
99
94
109
112
105
97
94
107
94
108
101
98
107
103
112
102
98
100
99
95
108
100
103
104
90
97
100
105
106
100
96
98
95
96
94
91
107
101
96
101
96
98
98
93
97
104
110
105
103
101
92
100
99
90
96
98
91
104
97
96
103
97
122
101
99
116
95
96
101
109
107
98
99
95
96
94
101
94
107
98
93
105
102
101
98
97
102
107
106
104
111
98
100
117
97
105
99
98
103
104
97
101
100
106
100
104
99
105
100
114
97
98
100
107
103
109
106
88
91
96
95
96
103
98
101
118
103
98
100
94
100
95
91
85
94
93
100
102
99
98
99
91
97
104
103
102
94
99
95
93
94
92
101
97
104
105
122
95
99
98
100
94
108
106
99
97
119
95
105
103
95
104
96
101
100
98
93
105
100
110
110
102
99
106
105
108
100
110
95
94
94
90
101
67
134
100
105
154
103
101
109
100
112
87
92
85
91
107
145
93
85
117
111
121
105
115
91
98
129
103
97
96
100
97
97
103
124
109
107
107
99
104
91
96
98
90
87
144
117
99
91
97
94
151
99
106
105
108
104
102
98
103
107
102
98
111
97
114
95
96
96
86
94
100
103
105
103
109
104
104
96
102
108
115
113
109
101
104
105
106
106
103
103
100
103
104
97
93
136
116
126
108
99
101
103
106
105
111
100
99
100
106
101
97
89
90
99
102
101
106
99
94
97
108
123
108
96
89
103
103
143
86
96
107
109
106
110
100
100
108
103
107
107
152
105
101
92
124
122
94
93
102
105
107
102
102
103
100
106
101
101
102
103
103
100
105
106
99
98
105
105
96
93
110
98
103
99
103
101
105
101
107
100
105
99
102
100
92
98
102
104
106
107
103
104
102
107
94
104
99
87
93
109
105
102
152
115
100
111
100
107
107
103
108
101
94
96
99
99
105
103
116
108
96
104
128
100
95
97
99
101
96
104
93
103
104
103
98
112
125
103
110
111
131
97
89
91
88
96
92
105
102
102
108
102
110
110
98
102
114
109
103
110
105
106
106
102
99
109
103
109
111
103
96
90
102
100
95
100
140
102
126
110
107
96
95
95
97
95
100
106
104
101
102
108
111
106
101
110
103
89
89
108
97
98
107
113
104
96
100
100
101
107
104
103
100
102
99
100
101
118
102
132
97
105
95
113
96
99
85
102
98
104
100
96
101
112
104
106
104
106
118
104
102
101
103
98
99
130
111
104
88
83
94
93
103
100
100
98
100
102
102
108
108
107
101
112
99
102
100
111
101
104
104
89
105
91
109
139
107
109
101
99
95
96
100
99
103
99
97
99
100
95
101
99
96
112
122
108
106
102
106
119
94
89
109
101
99
126
89
95
106
102
111
95
94
100
100
102
116
99
102
105
102
110
103
110
121
93
89
97
99
100
105
96
87
95
93
99
101
83
125
104
103
105
98
114
108
109
102
106
103
105
95
102
98
101
101
104
96
127
101
103
106
111
97
101
102
100
85
71
140
111
106
101
95
102
99
97
87
85
96
105
104
97
108
103
99
61
31
28
32
30
30
29
31
34
29
28
30
29
32
33
43
621
213
131
147
136
148
108
145
147
109
149
115
142
136
103
126
120
97
138
127
127
120
92
133
145
108
109
103
111
108
105
103
100
108
107
114
106
113
108
100
100
105
103
100
98
109
107
108
113
105
117
127
101
101
94
94
92
105
108
94
124
102
81
122
102
98
97
96
100
98
93
94
86
102
103
103
116
100
99
108
105
102
102
112
97
96
103
101
113
112
107
115
101
109
110
113
110
105
111
110
99
105
100
106
94
99
94
99
109
111
110
113
100
107
102
112
105
104
121
138
97
100
104
109
102
98
106
94
100
108
98
108
108
149
101
101
112
111
106
115
98
102
102
97
105
112
98
106
115
114
108
108
105
107
98
100
96
95
94
105
106
104
104
110
108
112
103
105
100
108
101
98
104
103
108
111
100
103
99
143
106
100
99
97
105
110
111
107
102
101
104
119
108
107
105
101
114
104
118
107
101
107
98
104
115
90
90
100
108
118
99
110
101
115
114
110
113
106
119
112
106
106
106
106
101
106
104
109
107
120
91
91
90
96
113
111
107
109
100
101
105
102
104
118
102
107
115
106
112
102
109
119
101
109
107
105
94
100
100
102
109
111
130
105
110
117
119
105
106
98
107
109
105
105
108
108
116
107
98
103
107
104
96
105
98
109
105
147
105
106
112
111
104
112
107
112
105
110
112
103
101
109
104
97
110
101
109
105
109
101
105
106
104
103
103
102
111
100
110
104
108
104
116
118
101
115
115
103
115
107
117
114
97
88
89
88
112
106
104
113
108
104
104
110
106
129
103
108
114
104
104
99
119
107
109
103
107
118
92
93
90
106
107
112
103
109
108
112
108
108
110
102
107
104
108
104
99
104
104
113
106
111
106
103
98
96
100
108
113
105
109
101
101
103
105
112
110
100
105
103
105
105
100
119
107
108
103
111
103
100
100
124
109
109
115
105
101
99
107
112
108
108
102
105
102
106
103
107
99
103
115
105
107
112
109
90
96
104
103
118
112
108
132
100
92
97
110
100
101
101
101
95
103
108
122
105
105
100
104
105
112
101
105
179
124
121
98
129
91
102
95
95
92
91
87
88
93
99
101
106
104
109
111
103
101
104
104
103
131
104
104
123
76
139
101
104
100
107
102
103
101
96
117
98
97
99
104
111
105
101
96
101
98
109
137
109
102
102
159
93
102
97
101
104
105
103
113
107
111
112
112
139
102
112
109
117
100
100
118
153
148
127
113
111
114
121
116
118
121
111
111
159
114
111
107
107
113
109
106
106
116
107
116
104
116
106
115
108
110
110
109
116
104
105
104
107
104
117
106
129
108
120
115
109
106
106
118
120
122
123
103
99
114
111
106
114
108
106
107
114
109
124
115
106
103
115
105
106
106
110
112
112
113
105
99
112
120
109
97
102
112
112
168
139
112
115
109
112
107
122
105
108
114
112
115
106
114
108
129
104
100
107
128
134
95
104
106
108
114
120
111
105
104
117
113
108
108
111
110
118
109
107
116
111
104
99
114
103
109
114
115
109
121
115
106
114
110
108
119
108
167
107
116
107
103
104
107
114
107
121
101
101
107
120
110
99
108
99
115
109
110
109
120
115
115
109
106
105
144
104
117
103
111
111
109
108
104
113
109
111
108
103
106
111
109
107
112
119
104
105
120
109
109
127
103
118
110
107
117
108
106
123
123
139
107
99
103
118
115
114
107
125
103
114
104
114
121
106
111
104
110
116
107
118
116
105
122
113
94
119
120
99
104
100
112
123
111
110
109
118
118
108
114
109
113
116
120
105
109
118
123
112
102
146
171
144
110
101
99
120
107
107
108
121
106
111
103
109
105
127
119
129
119
122
98
120
122
128
131
181
130
221
136
119
112
122
120
119
115
110
121
98
108
104
108
104
104
114
134
99
107
112
107
114
118
150
197
113
112
119
100
103
109
96
121
111
113
109
103
74
151
137
76
110
145
134
107
101
106
116
125
228
140
147
107
114
122
113
112
118
107
112
106
111
106
113
107
107
103
109
110
106
95
100
106
101
112
172
104
103
105
101
97
101
112
111
114
110
110
107
105
108
107
101
92
100
113
104
112
112
102
110
126
105
96
119
117
108
109
104
110
105
105
104
100
104
103
105
103
102
106
107
105
113
109
117
107
106
122
111
104
115
105
117
107
99
113
109
117
119
123
115
116
108
111
118
139
107
113
107
111
111
113
127
117
113
118
123
115
109
115
115
118
115
109
109
125
116
112
112
116
114
110
118
116
121
126
113
109
114
115
116
110
112
117
109
118
116
125
102
118
107
113
118
108
110
121
106
111
121
114
112
111
101
110
116
117
93
110
98
113
114
118
107
109
108
117
115
114
113
111
140
101
105
109
126
106
119
103
109
112
115
111
104
104
101
108
116
112
108
103
109
106
113
116
112
115
104
115
111
113
117
106
116
113
124
146
117
108
101
106
114
116
107
111
111
107
113
113
110
112
119
115
112
141
112
109
116
111
120
199
140
116
100
102
98
104
121
112
106
117
120
122
121
114
110
106
116
128
116
113
113
113
150
117
110
121
124
117
100
106
114
110
115
125
112
118
108
114
119
109
123
106
107
112
109
113
110
113
119
122
120
127
107
97
98
98
113
119
118
110
114
141
111
113
118
105
109
147
105
110
114
115
112
115
126
120
141
110
120
117
113
104
100
118
117
105
118
111
112
112
111
113
114
113
112
120
107
117
115
110
108
105
123
107
101
110
109
122
117
113
124
112
117
109
110
118
109
126
118
110
112
110
115
109
111
112
131
107
136
110
99
116
116
110
118
107
117
114
114
110
108
112
119
92
80
136
145
122
106
112
111
115
105
121
104
106
97
106
109
105
115
104
110
108
119
124
109
114
114
112
111
110
109
130
112
111
114
107
114
86
42
38
36
38
36
36
37
37
35
36
37
39
36
36
35
698
380
99
120
136
121
115
103
121
142
136
146
118
150
135
142
143
132
128
136
140
111
163
137
139
113
112
112
117
119
115
113
112
108
105
108
114
115
107
116
116
114
112
101
103
108
111
112
123
103
102
102
109
114
109
109
120
111
120
105
114
177
111
115
115
110
108
122
107
108
116
114
116
110
108
115
114
116
118
150
116
109
117
110
108
112
106
113
116
107
99
108
103
110
111
113
117
111
108
110
115
111
109
122
113
109
106
110
117
121
110
104
120
123
121
115
120
118
108
113
110
122
111
114
106
117
116
111
107
113
110
115
117
113
114
106
113
111
108
114
148
106
104
111
119
109
110
113
111
119
109
113
117
113
124
111
119
123
119
115
109
77
132
132
106
111
106
100
102
116
109
112
106
122
121
109
107
109
110
119
116
122
118
115
113
114
118
110
160
129
162
110
100
106
105
111
113
118
105
116
115
108
117
113
111
110
120
112
162
114
108
115
141
108
113
113
120
120
111
116
106
111
111
107
111
108
106
115
108
109
115
115
104
109
112
102
113
74
144
108
121
114
112
116
113
118
111
109
112
113
109
124
106
116
115
121
110
116
116
130
113
109
107
111
114
117
122
135
113
107
105
117
114
106
116
120
112
109
119
103
112
114
117
120
116
104
109
111
107
111
116
113
107
118
122
103
109
125
121
115
125
109
118
112
119
109
130
108
116
113
121
113
116
107
121
117
122
113
124
115
109
112
114
111
115
113
108
113
111
114
120
115
110
115
123
112
118
125
110
115
112
121
116
103
111
129
116
112
115
112
110
120
118
112
114
117
114
109
112
113
123
115
113
115
114
112
111
113
121
115
114
110
112
114
108
113
127
111
114
112
117
112
104
112
108
115
114
110
117
114
112
112
119
113
116
109
115
121
109
117
114
110
113
114
108
118
108
122
124
116
113
116
110
108
116
124
108
122
126
111
109
119
112
127
106
106
115
116
110
111
112
107
118
114
105
113
109
111
113
112
110
108
122
116
110
116
111
114
115
112
112
113
106
114
123
106
109
111
109
107
106
108
113
109
109
108
110
101
111
114
100
101
116
110
107
108
113
114
124
120
111
117
109
117
114
115
112
107
113
114
115
105
109
116
110
117
109
113
109
109
102
153
113
119
121
112
116
107
110
121
118
115
113
119
114
115
115
126
112
104
115
109
116
115
117
115
110
114
105
121
114
116
126
109
108
111
111
114
112
118
108
108
118
111
114
130
113
114
118
108
109
112
114
109
111
115
129
118
108
118
114
119
116
121
129
116
112
108
111
113
110
120
122
113
119
116
116
107
110
130
112
110
109
106
118
120
118
123
116
112
113
74
144
117
113
111
120
117
112
116
122
120
119
126
113
111
111
111
122
108
116
120
116
108
112
118
130
109
115
121
133
118
107
112
118
114
119
124
110
109
113
109
115
120
113
123
117
112
124
119
118
127
111
116
112
114
111
114
108
115
125
113
114
115
112
126
125
111
108
109
112
110
111
116
110
129
113
115
111
120
112
116
114
122
115
116
117
117
110
117
109
120
123
120
114
124
110
110
117
111
114
116
109
120
120
127
115
109
110
125
109
117
118
111
111
124
111
120
114
109
121
122
112
118
121
121
115
115
113
112
131
117
117
116
108
109
124
116
113
113
109
111
120
114
118
118
116
113
110
113
113
117
117
125
123
113
141
112
118
110
109
115
110
117
112
108
125
120
116
119
112
114
125
80
133
119
118
119
129
121
123
117
121
87
120
145
110
110
107
106
108
112
118
117
137
117
127
115
110
118
111
113
110
113
118
115
119
115
114
109
117
112
114
117
119
118
111
106
115
109
116
114
112
119
133
112
108
115
115
119
123
121
127
118
119
118
120
125
118
111
114
119
115
119
112
108
120
121
119
119
111
115
117
124
123
128
110
123
110
116
120
109
108
117
116
116
113
110
114
111
118
115
117
119
110
121
115
110
118
118
116
113
117
116
124
117
108
130
118
123
124
126
115
126
125
118
126
122
121
114
119
114
130
117
116
114
116
126
116
114
117
116
122
117
118
133
116
113
118
114
116
123
110
119
107
112
130
119
111
122
121
120
118
126
114
112
121
116
117
117
116
114
116
116
109
115
110
113
124
117
120
121
116
111
114
112
107
124
109
120
118
112
117
119
112
113
120
117
117
118
117
113
126
116
118
115
117
120
115
118
126
115
111
120
124
113
119
116
127
121
116
116
117
119
125
115
124
118
112
122
112
120
110
119
124
126
115
122
115
114
117
127
117
123
118
116
129
111
116
118
112
119
114
117
127
126
119
124
112
110
120
116
125
121
110
109
118
121
112
114
115
114
117
124
114
126
116
116
110
116
119
116
114
123
116
119
120
135
131
113
114
119
130
121
112
111
119
111
117
122
115
113
117
113
119
125
119
116
119
112
125
124
116
115
116
116
118
114
113
125
112
114
120
123
121
111
109
111
121
117
111
120
114
111
110
124
116
115
134
115
115
112
120
129
116
121
131
116
119
122
131
124
115
117
119
117
121
118
118
118
125
120
122
114
106
107
105
105
106
108
108
106
109
103
103
111
109
100
99
106
108
130
107
111
106
109
108
108
113
106
99
99
102
102
101
101
103
129
102
105
99
104
100
102
102
102
101
101
101
103
100
103
103
98
99
102
102
100
102
100
103
100
102
106
107
103
94
99
101
101
101
106
100
106
101
98
100
100
99
101
98
98
52
39
41
186
160
112
128
145
155
158
123
125
118
114
116
118
131
128
120
125
115
155
114
117
114
115
100
112
120
115
120
115
114
126
107
103
110
123
119
127
121
114
119
110
115
126
115
123
124
115
126
113
113
120
114
121
129
123
118
130
120
123
128
124
119
119
124
110
126
118
113
120
121
113
119
128
116
120
59
44
42
39
40
39
41
43
45
44
44
46
43
506
325
140
124
231
204
175
149
123
133
117
136
139
136
134
135
127
138
133
159
120
116
117
119
112
122
117
114
120
114
126
154
130
124
113
120
115
113
111
145
127
113
116
115
147
107
111
112
115
113
131
118
119
123
125
121
111
121
121
116
130
121
116
130
120
131
114
122
120
119
123
124
122
118
115
128
125
124
122
120
117
114
125
111
104
106
107
110
106
107
107
108
108
102
101
107
102
105
106
106
101
104
104
101
106
113
107
120
110
117
111
117
117
110
109
104
105
152
114
113
108
125
126
121
126
118
121
113
125
126
125
123
130
116
122
114
125
114
120
122
117
117
122
127
125
121
126
121
121
123
128
122
114
131
122
121
113
120
128
120
114
131
118
116
119
117
113
127
119
128
123
127
115
115
120
120
120
127
134
128
119
134
112
111
131
120
123
117
115
112
125
114
122
124
112
116
113
118
100
139
115
116
123
117
118
118
118
118
120
127
119
121
121
115
123
127
115
116
118
117
117
118
117
118
122
121
120
115
118
126
126
122
127
119
122
123
119
114
118
118
114
115
114
116
115
115
115
123
112
123
115
114
124
119
118
124
118
118
118
127
120
118
122
111
121
123
121
119
121
115
122
121
119
119
126
119
125
128
123
120
116
121
131
114
132
124
130
115
124
125
123
124
118
117
127
118
115
123
122
114
120
126
140
119
113
113
110
119
125
124
116
116
113
129
122
119
124
115
126
116
119
122
122
112
124
143
116
117
112
123
123
124
128
116
116
117
118
118
118
120
111
134
113
127
123
120
116
121
114
121
126
125
127
122
123
126
119
113
120
128
118
122
121
122
117
123
123
120
120
119
117
113
123
123
125
122
122
119
114
122
118
115
133
117
116
116
117
121
118
122
119
121
123
122
116
116
119
125
122
124
122
125
120
115
119
121
117
122
122
113
116
118
118
120
125
122
116
113
120
121
117
118
117
123
125
128
120
130
121
122
115
115
121
130
121
117
124
122
113
114
117
115
115
115
114
117
112
116
115
117
117
114
105
109
109
107
112
113
118
130
150
128
117
124
123
119
120
136
120
121
118
166
122
121
121
123
114
126
126
123
114
112
111
116
114
117
122
120
133
124
127
121
122
123
119
119
121
128
114
124
134
124
122
123
123
120
123
120
126
125
126
126
116
126
114
129
115
122
122
115
114
131
121
117
125
133
118
133
119
124
120
121
119
128
124
124
124
112
123
125
135
123
131
118
142
120
129
123
122
118
122
121
125
117
126
126
122
117
121
128
130
125
120
120
124
119
132
114
129
124
125
120
132
124
125
118
126
129
115
121
123
121
134
145
120
126
115
127
123
127
121
136
124
126
120
126
122
119
119
126
114
118
122
120
122
121
124
117
117
122
125
122
121
119
119
123
122
117
121
122
123
140
139
119
115
93
114
157
103
148
121
125
93
144
124
130
139
78
148
136
112
120
119
123
125
128
124
122
121
121
121
122
118
124
125
123
117
125
120
116
116
131
125
123
123
123
120
120
120
135
126
126
124
122
121
125
123
150
129
119
119
124
119
126
120
124
116
127
120
125
120
116
124
126
116
122
126
121
122
124
121
125
121
119
124
119
120
120
144
134
120
121
122
126
121
122
129
123
121
113
123
122
118
123
119
124
130
127
140
120
115
125
124
126
117
124
119
121
122
123
123
124
122
115
135
130
124
119
126
123
128
128
123
126
121
136
132
123
124
125
130
121
123
134
116
117
123
121
123
117
122
124
124
117
137
123
126
124
128
116
115
126
123
124
120
121
130
118
117
122
119
121
118
119
127
119
122
120
116
117
122
124
115
115
116
129
117
124
127
119
121
120
122
125
126
124
123
128
122
127
121
127
123
114
120
122
123
121
130
123
116
123
117
117
127
126
122
122
132
122
123
126
123
129
121
122
122
124
119
128
118
122
119
133
119
124
135
122
127
128
118
132
122
123
118
118
124
129
124
120
119
118
121
124
125
118
120
121
139
125
126
122
125
121
126
122
123
126
124
121
130
120
130
124
122
115
129
123
132
130
126
123
124
126
123
127
124
121
122
122
124
128
122
118
120
119
118
130
122
118
122
125
125
127
116
128
124
123
137
123
116
124
125
125
118
117
122
118
125
132
121
124
125
121
125
123
118
125
114
123
131
118
123
129
126
120
123
122
135
122
126
121
122
126
124
122
123
116
125
126
118
122
125
125
125
117
121
121
121
140
122
119
132
128
136
122
119
126
78
154
130
122
123
131
122
123
120
141
133
120
132
127
131
126
123
122
128
115
129
129
130
137
138
123
125
160
127
129
122
124
125
126
129
130
130
136
128
122
132
125
126
126
126
122
125
123
133
119
122
130
126
132
122
123
134
128
123
121
118
126
127
131
120
132
117
121
122
137
125
126
121
127
124
126
132
132
122
130
123
124
131
124
123
122
117
127
122
121
121
123
127
125
122
135
124
120
116
125
122
132
118
138
122
126
135
119
123
122
122
122
126
130
126
135
128
124
126
125
131
124
125
124
127
130
122
123
117
125
125
126
122
118
119
126
126
123
124
126
120
122
120
128
125
125
120
129
122
127
124
134
133
136
127
125
128
118
123
122
130
119
125
125
127
126
124
131
132
132
124
122
129
122
125
129
121
126
123
126
125
128
122
124
134
131
127
124
120
128
121
121
135
130
124
131
119
127
125
123
124
126
126
124
138
134
128
123
120
134
123
127
141
129
128
125
121
128
130
126
121
122
124
122
126
130
129
106
95
141
124
130
119
124
126
125
124
136
125
131
117
127
124
128
125
120
129
119
121
128
124
137
130
129
143
131
122
126
119
130
122
122
122
126
125
122
128
124
122
123
123
130
121
125
131
124
123
123
122
121
123
119
129
117
121
130
124
127
126
127
124
118
75
47
43
45
46
45
46
47
51
49
47
47
47
629
172
143
170
158
125
155
188
135
168
162
165
171
140
171
163
195
120
160
170
167
154
134
132
144
136
133
140
127
125
130
138
137
128
131
104
148
117
125
124
126
124
214
127
124
122
122
117
148
126
123
127
127
128
129
131
121
123
123
126
125
123
123
121
123
118
124
125
130
128
128
140
125
124
125
131
126
131
130
128
128
128
129
125
140
125
128
122
126
129
128
130
121
132
123
124
126
122
121
122
130
126
123
126
125
126
125
119
126
125
124
118
126
127
124
131
129
129
128
126
127
128
133
125
125
119
132
124
124
126
125
128
126
134
128
123
130
121
134
128
131
127
121
134
120
125
120
127
119
128
126
127
127
127
126
130
121
133
122
126
123
127
122
133
125
134
128
136
124
125
121
125
120
122
124
123
128
128
134
129
124
125
124
136
128
133
124
127
129
128
125
126
124
123
123
123
137
126
129
128
120
128
126
130
125
129
133
90
134
148
153
130
79
154
133
131
126
80
170
151
117
113
120
124
122
130
137
129
126
132
128
130
128
126
128
134
126
124
130
123
135
128
134
123
122
119
132
137
140
127
125
132
129
127
121
128
138
122
146
130
130
135
136
137
127
128
126
125
125
126
128
131
134
127
131
128
130
130
137
125
135
126
133
139
133
134
131
125
126
137
134
128
134
126
129
128
133
134
126
129
124
166
127
139
132
127
128
127
128
127
135
121
119
124
122
124
123
127
131
134
121
123
126
133
121
129
143
140
132
132
125
126
127
132
131
128
122
122
124
127
126
134
124
132
118
124
127
125
128
126
129
127
126
133
128
124
127
121
132
120
124
133
124
133
129
128
120
129
143
124
126
127
126
124
123
129
137
131
122
124
123
130
124
124
124
129
124
121
124
138
125
134
125
134
133
128
120
125
128
128
126
126
131
128
127
136
125
132
125
128
134
122
126
125
126
135
129
133
125
125
126
127
127
123
132
126
118
131
124
126
126
129
121
119
125
123
122
116
124
124
131
113
121
124
121
121
125
122
124
123
126
131
121
120
133
126
124
131
126
126
134
139
123
130
123
80
145
121
129
118
119
128
127
130
121
125
124
134
143
123
129
125
127
126
126
135
135
127
124
129
127
130
123
129
122
126
128
123
128
135
126
127
125
122
130
133
125
125
134
128
132
130
122
124
120
131
126
125
124
122
125
126
123
127
126
121
127
131
139
130
125
128
122
123
130
130
127
136
123
126
127
129
131
124
127
123
132
133
133
126
135
125
125
128
127
127
129
125
123
134
130
132
125
133
126
125
141
125
127
124
120
130
129
132
123
140
126
125
142
126
140
133
130
131
126
128
133
132
125
130
130
128
130
127
132
134
126
124
132
125
119
127
135
128
129
133
125
126
127
127
131
133
122
129
132
127
124
129
135
124
126
130
132
140
135
129
144
133
143
124
125
124
122
131
134
130
128
126
128
129
134
133
129
130
125
133
137
125
127
126
131
135
125
129
136
127
121
129
128
131
134
129
123
131
132
127
129
129
125
129
136
135
125
130
128
131
131
131
134
152
128
128
128
129
131
137
131
124
131
120
126
129
125
128
126
128
147
128
134
123
122
124
130
122
127
128
125
123
127
124
128
124
124
130
129
129
124
131
134
128
128
136
134
133
132
121
129
135
129
133
132
129
126
133
125
125
134
131
136
134
124
130
134
133
121
129
129
137
119
127
125
129
123
133
132
134
134
127
125
126
133
128
130
131
127
133
129
128
125
126
125
126
123
124
145
125
125
126
136
142
128
132
130
132
127
135
134
131
132
132
127
131
135
130
137
131
128
130
127
134
86
118
162
137
118
179
155
89
157
135
126
129
124
156
122
131
134
126
124
127
135
149
132
131
137
137
130
129
135
133
129
128
131
140
130
134
126
133
134
134
133
130
137
130
150
137
142
127
129
129
136
133
134
144
130
131
128
136
133
130
125
138
136
138
128
127
127
128
146
137
130
133
124
144
132
131
133
140
133
127
134
142
133
148
131
132
130
129
139
145
131
128
141
138
132
131
129
131
144
130
133
143
124
132
128
131
129
130
143
133
129
143
132
129
129
130
135
132
130
133
131
130
127
132
131
132
134
138
128
135
141
135
138
133
137
130
170
129
135
133
129
135
136
133
133
125
141
131
132
133
135
128
132
133
142
125
129
131
132
132
132
143
127
134
135
137
133
136
141
140
128
137
125
132
145
121
130
146
130
141
135
132
133
132
140
129
125
136
131
134
145
133
130
129
141
127
133
131
135
132
126
139
141
130
143
128
125
128
142
125
134
130
133
128
134
128
134
131
132
146
135
128
131
134
132
133
132
133
137
137
129
126
134
131
128
133
134
131
127
127
126
133
125
128
137
128
129
142
137
130
127
129
141
135
138
128
124
130
136
133
132
135
155
135
123
132
128
127
126
131
135
124
131
131
130
127
132
129
130
130
134
130
126
133
123
129
124
150
131
135
134
132
135
128
133
121
124
126
128
130
129
135
123
127
125
125
130
133
121
121
129
131
131
131
133
130
139
126
129
131
131
125
137
130
134
135
132
129
125
129
123
128
128
132
126
132
136
137
135
127
126
125
139
132
134
128
128
135
121
125
132
128
133
130
133
137
132
127
131
129
135
128
134
130
137
131
129
129
134
132
131
130
138
131
133
124
129
127
137
130
129
124
141
128
125
126
129
136
133
132
135
129
128
133
130
123
127
128
140
129
126
128
129
134
127
134
141
134
129
133
131
139
132
139
137
131
132
136
133
141
137
135
135
133
136
126
130
130
143
143
131
130
133
130
134
134
137
127
129
132
128
141
137
134
141
132
135
135
137
128
133
137
143
134
134
137
131
140
140
129
141
138
134
128
138
128
141
127
143
131
138
134
132
132
131
132
134
135
136
131
129
63
49
51
48
50
50
50
51
51
52
512
325
157
138
164
154
178
172
131
170
167
141
173
165
142
156
172
187
158
148
137
140
143
135
137
143
138
135
126
132
139
132
135
134
140
132
127
131
130
134
130
134
142
132
144
131
132
136
130
141
136
130
139
130
136
132
129
136
133
132
145
129
142
130
131
136
126
141
148
123
139
132
139
134
136
142
127
135
138
130
138
138
136
132
138
137
131
127
133
136
139
135
134
134
133
132
143
137
130
133
136
140
136
131
134
133
129
130
126
129
130
149
123
133
136
126
129
127
134
130
136
136
135
136
128
131
131
130
133
130
132
131
129
126
122
128
137
127
133
127
133
133
125
130
139
136
129
132
127
135
128
134
131
138
132
131
137
135
132
132
135
138
129
131
132
139
131
129
133
130
127
140
131
131
131
132
135
134
138
127
129
135
50
58
116
148
173
171
149
128
130
126
132
122
125
124
122
124
142
132
127
131
130
124
122
131
129
136
134
131
132
130
138
138
146
132
144
140
133
132
129
132
135
128
133
134
127
132
134
140
135
123
129
133
130
130
126
136
134
135
130
129
130
131
136
126
133
139
131
141
136
134
132
137
135
134
134
136
128
126
139
137
129
126
142
129
146
136
137
134
131
127
133
134
137
129
135
136
138
130
134
132
128
135
136
138
130
130
138
134
135
133
131
140
132
131
130
128
131
135
130
126
133
130
137
134
132
132
131
131
127
131
137
132
137
148
137
134
134
133
133
131
134
126
133
130
135
133
133
128
136
136
139
126
131
132
129
131
130
132
137
131
134
140
136
139
132
131
131
129
131
137
131
128
135
138
136
134
135
136
137
139
137
133
132
144
130
132
130
132
137
136
130
140
130
141
142
134
131
136
139
133
126
133
143
140
134
135
134
130
132
134
133
135
136
133
141
137
135
127
133
129
126
133
130
134
132
136
142
139
129
141
132
135
126
136
129
127
126
124
129
128
130
123
122
123
125
141
131
125
124
125
132
124
133
134
132
135
136
132
132
138
131
128
137
128
133
134
132
128
132
131
128
143
137
144
128
133
132
132
135
136
131
143
137
141
131
139
131
135
132
135
131
132
137
130
136
131
135
144
129
128
131
154
140
123
130
137
143
131
129
132
130
130
131
132
125
123
132
129
132
147
130
131
133
134
134
134
133
132
134
131
141
134
131
129
134
139
152
131
136
130
137
134
135
138
131
139
130
134
131
135
142
134
130
130
132
137
130
131
134
135
133
132
132
128
135
132
136
140
134
132
133
132
130
130
129
137
136
138
138
133
144
130
135
134
135
132
140
129
127
136
138
134
132
131
137
133
135
133
133
132
135
133
134
129
133
129
131
132
128
134
136
143
140
134
131
136
141
137
146
132
133
132
133
138
142
134
140
134
138
138
134
129
140
137
131
136
146
134
134
131
132
135
137
131
130
134
137
136
133
133
140
144
135
130
138
134
127
131
130
134
130
131
131
129
138
132
137
134
139
130
131
140
131
126
134
130
133
137
131
131
134
136
136
135
132
136
140
130
141
136
133
139
140
138
134
133
134
133
131
136
133
135
139
128
134
139
131
132
131
131
136
134
135
131
142
137
134
143
129
130
135
131
131
129
131
131
139
140
138
136
139
127
135
129
128
130
151
135
130
136
138
141
135
139
135
132
135
146
127
132
137
159
132
135
135
133
140
136
138
134
134
137
140
133
135
133
139
137
140
135
130
132
137
132
132
135
140
132
133
135
134
130
137
139
136
144
135
149
138
135
131
135
134
133
141
128
128
132
145
133
139
133
141
142
128
135
125
133
131
138
131
133
138
134
129
140
132
139
131
131
135
129
129
136
133
132
130
127
131
128
136
135
129
134
138
132
134
147
143
129
133
134
139
132
134
135
132
132
136
128
132
141
133
135
132
135
130
133
126
130
139
132
132
133
136
133
130
131
136
138
134
139
137
136
125
138
133
135
134
134
134
135
131
134
131
128
138
138
134
136
136
141
131
146
135
130
141
139
128
136
138
145
136
134
136
131
133
136
138
133
141
129
131
136
139
131
136
137
129
137
137
142
143
132
140
131
136
128
135
137
137
133
136
137
143
135
136
155
135
133
136
140
136
140
136
135
140
138
133
127
131
138
143
130
135
134
138
148
136
146
135
139
139
135
134
136
139
140
139
132
130
133
133
130
147
144
133
132
132
140
145
135
136
140
135
137
135
133
148
137
130
132
129
136
136
141
135
131
134
134
136
137
136
139
136
143
134
144
135
134
137
131
136
133
139
155
141
130
135
135
139
135
135
137
145
144
140
147
150
142
127
131
138
138
136
145
143
134
137
142
138
136
132
137
134
156
80
65
215
143
170
173
194
139
149
141
131
170
149
129
133
138
127
136
136
132
136
138
137
139
137
134
140
134
132
149
142
137
136
142
139
141
139
138
140
146
152
143
144
131
167
130
136
138
137
148
137
138
141
135
151
144
135
148
148
142
153
139
144
135
137
140
129
136
122
123
118
138
137
130
133
132
137
135
140
137
152
143
131
133
138
135
137
136
128
144
135
145
134
142
133
181
132
133
159
133
135
200
141
139
134
136
140
138
139
133
141
136
130
141
138
139
140
138
140
138
147
141
140
141
142
169
136
131
136
139
136
137
138
134
138
143
138
136
142
140
139
137
150
137
141
137
120
146
147
133
146
134
138
132
142
131
139
133
180
139
146
139
136
124
96
178
137
132
162
144
151
138
127
138
138
137
138
141
139
133
140
149
143
134
136
130
127
139
136
143
143
137
144
138
142
139
133
138
141
138
131
133
146
151
141
140
139
139
135
149
135
134
132
151
136
132
137
132
123
137
266
100
151
137
137
142
141
141
134
147
144
153
141
143
142
140
154
139
144
140
141
154
183
134
149
153
153
152
154
145
142
144
154
141
155
137
142
134
146
151
146
139
140
145
142
137
142
150
142
150
168
141
136
140
142
163
139
138
141
150
142
151
140
142
144
143
143
146
145
142
149
169
146
142
142
145
148
134
141
136
131
134
138
137
135
142
156
166
165
134
133
137
140
141
149
129
133
135
137
135
140
139
136
134
132
135
149
137
145
147
140
148
140
141
142
140
140
149
149
147
144
143
145
138
140
147
156
153
135
133
144
150
143
149
143
149
152
145
168
139
145
144
137
141
148
142
140
141
150
144
141
142
126
129
130
135
144
136
143
145
142
142
141
153
140
137
144
142
134
133
140
142
145
132
134
134
141
135
136
136
136
123
155
147
140
135
138
140
133
143
137
134
159
128
168
131
143
147
141
145
142
134
141
155
162
130
141
159
137
139
136
149
133
110
160
141
148
149
144
140
141
134
123
127
129
143
134
137
138
143
146
133
127
136
142
189
115
144
146
137
146
144
139
146
140
89
163
175
143
137
130
139
143
139
145
143
151
146
147
135
152
142
146
139
111
155
138
153
149
146
137
148
144
136
145
134
143
139
141
137
140
149
140
144
137
139
142
140
137
138
147
137
143
132
134
136
128
136
149
136
138
134
138
135
137
154
134
207
148
158
140
143
143
146
145
145
145
140
147
148
146
150
133
133
140
137
138
139
149
148
143
148
145
137
140
146
133
147
140
144
136
138
139
147
141
139
137
135
139
134
141
130
140
145
132
145
144
142
149
145
133
137
137
140
143
139
133
140
171
160
144
149
147
147
145
145
165
152
152
154
132
138
135
138
132
134
134
138
151
142
139
137
130
140
156
142
158
154
140
156
148
147
154
150
149
144
146
144
153
138
128
127
147
138
149
147
147
146
171
135
136
137
143
138
131
134
200
129
140
149
148
142
144
160
154
141
138
137
139
132
130
161
143
139
137
137
138
138
132
133
137
133
133
134
122
122
129
137
139
148
128
123
123
134
133
133
144
141
145
137
128
125
125
128
140
144
144
136
147
145
138
129
129
124
140
95
159
140
135
138
139
158
136
173
143
138
144
114
165
147
139
142
137
139
143
139
146
143
141
140
144
146
134
135
142
140
148
141
143
144
138
141
135
156
138
139
140
143
141
141
136
143
140
147
138
135
149
137
140
144
148
132
137
152
147
154
140
135
137
134
135
145
136
138
119
163
148
138
151
148
142
115
166
136
154
144
143
141
138
145
138
139
141
140
139
141
151
146
142
141
135
134
143
150
141
143
143
148
141
134
140
144
139
165
144
159
154
138
146
167
153
152
140
143
140
139
142
130
124
133
147
146
145
139
137
141
142
141
134
141
142
146
139
133
141
148
143
143
140
145
139
141
135
145
138
136
144
141
145
133
135
140
150
144
144
150
140
136
138
140
132
161
143
138
143
141
140
140
142
142
142
140
145
137
152
162
144
133
139
141
136
144
139
139
134
137
153
140
152
151
138
146
138
138
137
139
136
137
144
141
148
134
155
135
135
131
136
147
142
140
142
143
153
135
144
138
148
145
139
135
148
139
139
142
148
136
153
138
141
134
139
151
146
134
140
142
150
143
144
146
140
148
138
140
142
149
137
140
141
138
140
161
136
144
148
139
145
161
148
154
142
147
151
135
135
164
159
160
144
139
142
120
167
133
125
145
134
160
148
139
144
141
147
137
167
152
173
157
115
218
143
147
193
100
185
185
139
164
154
149
159
141
183
142
137
137
140
129
156
141
216
169
143
188
148
191
177
299
234
268
315
238
187
194
142
144
143
141
139
135
136
132
235
250
110
164
158
149
140
204
148
187
277
226
242
168
260
253
202
159
160
169
142
142
247
215
312
288
298
386
138
288
404
101
393
272
296
268
337
200
327
224
351
311
251
249
318
61
410
168
323
250
285
95
133
622
118
58
530
149
408
670
200
56
458
367
69
502
75
503
306
308
252
272
345
317
357
110
498
103
510
267
240
414
81
459
252
524
124
418
336
258
423
349
294
316
390
402
338
364
276
334
206
350
258
277
364
262
334
333
199
374
339
238
344
216
166
188
307
214
244
262
206
234
242
136
154
169
191
225
263
274
307
299
214
158
146
144
171
148
138
139
141
136
136
146
146
170
154
150
135
156
139
135
141
154
174
157
162
153
149
186
147
155
140
268
138
169
151
148
148
198
161
153
167
283
186
301
303
283
251
246
286
250
278
305
328
156
309
269
158
290
122
272
322
188
148
318
228
182
150
175
205
340
308
251
208
159
171
157
139
145
136
145
146
152
149
140
151
149
153
144
144
141
153
139
146
119
173
142
147
152
151
148
149
148
141
141
141
146
142
158
146
142
169
144
139
142
141
144
147
147
154
145
143
152
141
144
145
147
144
143
141
149
150
170
168
169
150
155
153
165
148
143
143
140
138
141
140
145
143
137
147
171
137
174
196
161
261
132
172
155
164
160
151
153
170
154
146
157
142
139
147
178
160
155
261
169
245
171
307
187
226
214
146
148
137
134
142
135
141
140
135
153
165
159
169
142
142
161
164
156
151
168
191
174
184
128
216
218
137
203
137
162
189
143
144
136
147
157
151
151
160
152
149
152
148
164
166
154
143
146
147
174
131
167
145
145
152
152
156
155
151
157
153
149
153
154
148
157
149
162
142
161
162
193
149
156
157
145
147
153
152
149
150
151
155
158
150
150
146
148
144
156
154
148
143
138
143
145
149
153
161
150
144
156
158
141
151
157
144
150
147
145
157
146
159
152
145
149
150
151
143
145
152
148
158
152
155
148
151
147
152
153
150
153
143
147
149
151
147
145
149
151
144
150
156
150
164
148
152
149
161
158
151
148
153
158
155
166
148
155
152
151
153
166
173
149
150
160
149
149
149
153
148
156
152
149
151
147
156
145
96
61
60
62
59
60
62
63
63
61
66
65
67
66
67
70
73
70
71
78
70
70
68
70
71
69
71
69
68
73
69
71
66
1735
735
159
174
138
159
146
169
163
217
164
128
145
140
154
168
144
206
175
150
180
151
182
172
152
169
170
176
165
175
171
158
176
165
168
171
140
166
162
162
159
173
171
163
168
135
179
167
159
154
139
138
140
141
140
140
141
148
146
142
147
136
136
148
137
145
141
145
132
140
139
131
139
138
137
136
152
139
140
149
130
136
143
141
144
165
147
147
138
145
144
147
146
144
141
145
146
146
142
140
145
143
141
149
147
141
141
143
143
140
144
142
151
148
147
147
144
143
143
141
141
141
148
143
145
145
153
148
140
141
147
143
145
136
139
147
149
154
146
153
152
146
146
141
145
139
144
147
147
145
147
155
143
145
150
147
160
147
153
145
145
147
142
144
149
146
142
148
141
101
183
171
149
153
146
144
143
152
150
155
152
155
151
152
154
145
150
146
145
149
143
154
148
147
152
145
140
151
143
156
149
146
153
143
147
154
149
144
146
150
144
146
149
151
152
141
154
146
150
140
144
143
150
155
148
155
141
169
149
141
145
151
154
147
145
149
146
146
143
151
153
149
150
152
152
149
153
146
152
152
145
145
142
142
145
150
150
144
154
147
149
147
148
148
156
150
149
149
148
151
140
139
151
142
172
164
152
147
149
194
161
158
154
144
142
148
145
142
142
144
143
147
141
149
150
155
156
147
143
155
172
152
156
142
135
138
137
137
134
134
135
137
136
132
133
133
132
138
132
133
131
131
141
143
138
148
145
141
139
148
147
154
139
153
153
162
146
150
154
144
142
152
144
144
151
147
152
146
149
140
156
155
154
150
145
151
166
142
148
150
149
154
147
150
148
153
150
150
149
147
145
150
149
151
148
149
152
152
150
140
147
140
138
145
143
142
140
139
151
138
138
136
136
137
139
142
141
141
136
155
149
147
143
146
141
150
149
148
143
149
150
149
152
161
96
170
141
139
144
145
139
146
147
157
111
173
150
149
150
142
146
146
143
152
142
147
153
144
148
150
154
146
145
141
147
147
145
155
153
140
154
143
155
147
169
165
157
150
162
148
146
156
158
147
152
151
158
160
144
150
153
149
150
147
149
151
150
153
155
145
187
148
149
156
160
149
152
155
154
151
149
165
152
149
156
166
150
162
154
147
159
155
152
155
152
162
153
146
149
162
147
143
156
149
148
141
154
154
148
147
143
151
147
148
143
150
149
155
141
141
149
149
144
147
150
145
148
151
158
147
149
146
150
148
145
148
147
143
151
152
154
144
149
142
150
148
147
146
142
139
146
144
156
144
146
152
152
145
144
144
161
150
148
151
154
149
155
148
148
150
152
142
144
142
143
149
151
152
147
156
146
148
158
152
146
150
147
148
151
146
148
143
152
158
153
149
145
150
148
150
157
149
164
156
154
156
150
151
154
148
154
145
149
142
156
149
151
151
146
148
147
141
156
148
148
142
147
152
145
147
145
153
147
148
156
149
146
149
151
148
148
147
147
141
145
151
143
152
147
148
152
153
150
166
143
142
150
152
150
149
147
145
154
151
154
146
147
149
149
147
153
149
155
145
145
141
150
148
149
151
146
155
149
152
149
147
144
151
147
145
144
145
147
151
157
147
155
149
160
149
157
149
153
158
147
153
150
148
146
152
151
149
148
169
154
155
153
153
151
146
158
159
155
151
148
150
151
150
150
147
142
151
151
141
143
146
149
158
149
151
150
149
157
155
146
162
151
155
150
134
170
155
147
149
168
151
150
151
147
151
145
145
145
157
150
148
153
148
150
143
144
149
147
148
150
149
150
158
157
146
156
149
147
155
153
152
154
145
161
156
149
154
150
144
158
150
155
148
157
151
146
152
156
150
161
151
150
145
143
143
142
147
153
148
144
147
147
147
154
151
156
149
142
151
148
148
151
146
147
149
153
145
148
146
150
149
141
154
146
155
150
146
148
155
156
153
152
148
149
164
157
155
151
153
155
154
151
150
148
149
149
147
143
150
147
151
155
149
158
164
147
147
148
148
151
150
148
151
164
151
147
149
156
145
147
145
151
149
155
149
149
147
147
148
148
145
151
150
151
143
150
151
162
148
165
152
146
146
159
147
151
156
158
154
147
156
135
175
155
152
143
147
148
149
131
145
195
167
171
96
181
158
158
155
153
154
149
148
145
144
147
148
153
159
147
146
151
147
159
153
165
172
153
150
147
148
147
157
151
152
151
152
148
155
153
149
150
147
149
166
149
146
151
150
146
150
153
151
162
165
152
147
166
146
147
153
152
159
151
158
156
151
156
158
150
164
152
156
157
154
154
165
153
164
152
151
154
145
147
153
151
153
155
150
156
153
148
152
150
162
147
158
152
160
162
160
146
156
147
152
165
149
156
154
152
150
154
159
158
155
160
158
152
155
154
147
158
152
149
162
159
154
155
155
155
166
156
157
160
153
154
160
151
152
160
152
151
153
159
165
157
179
162
148
154
153
154
156
151
159
154
161
143
151
148
151
155
167
145
158
151
151
149
148
153
152
150
151
145
149
148
151
157
152
151
153
153
154
148
153
112
165
151
151
