16
102
75
44
49
40
53
70
56
61
57
116
107
60
57
62
48
60
47
49
52
45
41
54
43
50
50
44
43
55
60
43
41
46
58
67
76
57
58
44
55
48
49
63
42
48
39
45
41
46
50
57
43
41
42
40
41
46
47
48
65
121
54
48
44
44
45
43
44
46
52
52
53
45
52
42
64
47
42
48
70
49
41
48
47
66
56
54
52
44
59
42
50
53
50
50
43
47
47
42
48
70
91
59
61
62
45
60
48
54
55
49
48
81
48
60
52
53
47
49
44
59
60
49
36
45
27
27
29
31
21
25
23
25
36
35
51
56
42
28
28
31
24
30
24
33
24
25
27
26
28
24
25
26
24
24
23
23
35
23
13
32
120
83
40
34
25
33
32
30
29
34
26
25
26
25
28
36
32
35
40
41
39
31
37
36
34
32
42
54
36
39
42
32
38
40
38
30
63
35
37
31
33
31
36
36
31
41
35
39
33
46
37
77
137
60
41
37
42
44
33
35
39
34
38
39
42
35
37
32
40
31
32
38
38
35
32
29
75
170
139
161
130
88
94
134
90
108
34
84
145
95
53
116
78
103
106
113
120
89
94
142
108
127
74
89
63
162
165
83
33
31
31
34
68
189
126
58
95
80
73
72
68
71
52
117
45
38
44
113
41
53
54
38
39
35
38
36
38
41
39
36
37
37
39
34
27
36
37
39
38
36
38
38
109
50
96
55
40
36
36
33
34
35
33
33
39
33
39
33
42
30
39
52
36
36
35
33
43
34
48
128
46
37
42
41
53
38
38
35
38
36
43
42
37
39
35
34
33
38
36
40
40
36
28
38
37
102
45
52
39
37
40
45
38
39
37
38
34
40
35
42
39
39
40
37
40
39
36
38
51
45
87
35
41
41
38
40
42
38
43
44
47
42
41
38
41
40
41
45
36
41
37
43
43
31
38
41
102
53
37
36
40
37
36
35
39
35
35
43
43
46
36
38
34
39
37
52
37
35
33
54
121
71
109
38
38
34
34
42
41
34
48
38
38
34
34
32
34
17
42
42
45
43
40
42
43
43
37
38
139
98
48
50
42
42
38
36
40
38
42
42
40
36
37
37
42
35
37
40
34
35
37
120
99
22
38
40
37
31
37
36
39
29
38
37
36
37
38
35
36
36
45
36
40
53
45
47
51
41
39
41
48
44
41
47
55
94
46
47
47
42
44
46
43
44
91
46
46
51
42
43
39
44
43
42
95
63
93
41
46
47
46
41
40
45
45
41
47
47
45
39
45
43
39
45
42
47
45
38
42
24
70
22
39
48
39
31
41
35
37
40
43
37
40
30
36
41
37
38
39
45
34
30
38
38
55
25
85
42
44
42
45
50
45
46
41
41
47
45
43
66
40
47
44
43
44
51
41
44
42
41
47
51
21
43
46
98
34
33
35
33
34
37
41
37
46
40
43
40
40
43
44
42
44
39
42
47
81
28
37
39
45
36
47
41
45
38
46
33
31
30
32
32
32
49
32
34
47
33
31
43
78
52
26
41
58
36
42
46
56
148
43
70
44
43
39
45
44
47
42
47
45
43
45
45
51
44
38
39
24
38
47
42
45
40
42
44
46
41
42
44
42
38
47
47
45
51
46
40
44
41
51
45
26
79
132
60
55
21
165
128
124
96
192
59
137
98
149
147
169
78
112
121
73
56
149
34
175
199
87
65
119
48
124
132
61
74
116
59
47
58
100
94
52
315
224
66
182
103
74
69
100
73
25
49
29
28
45
26
51
27
34
106
99
157
62
84
48
56
53
37
49
42
49
48
46
47
49
45
46
49
81
24
47
54
47
46
44
45
44
42
42
47
44
40
41
45
44
42
43
45
42
42
50
25
53
75
34
57
42
58
37
39
36
49
41
38
37
42
40
45
38
40
46
28
38
36
35
40
39
112
54
73
44
41
41
39
52
50
40
37
45
43
42
38
41
42
42
39
50
37
40
36
38
38
53
30
44
26
45
43
22
36
42
38
38
37
39
24
38
67
46
39
43
37
38
39
38
36
37
41
51
47
25
46
39
51
37
39
37
45
40
46
39
42
39
37
37
36
38
43
37
36
39
37
39
51
102
89
49
43
38
36
37
42
38
36
38
36
37
37
39
41
43
40
38
37
39
36
38
36
37
56
78
29
44
47
37
42
53
51
40
42
38
42
56
42
40
39
54
39
39
44
49
39
38
45
43
46
111
49
26
50
80
40
39
39
41
39
38
40
39
38
40
38
38
64
29
40
37
40
27
50
37
52
42
150
37
43
43
27
44
51
41
40
40
39
39
45
39
104
93
38
38
39
42
38
38
40
45
71
31
49
45
41
42
40
42
40
42
48
47
42
41
40
43
41
40
42
38
39
41
24
40
53
86
104
44
66
43
44
27
42
44
40
41
30
42
42
41
50
41
57
45
46
42
42
52
41
45
54
108
29
43
47
51
44
41
42
39
41
43
40
40
40
43
57
43
41
42
42
33
29
41
44
43
33
31
47
49
86
40
35
55
35
44
44
45
42
42
43
54
42
42
35
42
43
41
39
27
48
39
43
35
60
39
53
41
45
43
42
28
42
39
41
54
42
41
42
26
43
27
45
61
44
45
58
53
106
30
45
42
42
43
45
27
28
42
42
52
41
42
51
42
44
29
27
40
39
40
27
45
31
40
183
74
72
53
100
48
44
44
47
45
106
45
51
30
30
31
31
30
30
30
44
31
50
30
47
42
51
114
59
32
46
46
44
44
48
46
45
50
29
45
35
30
44
41
43
48
48
29
43
29
63
100
87
85
42
49
45
48
45
46
30
32
32
52
31
30
31
32
31
35
30
33
31
33
48
61
45
49
111
103
108
142
93
33
68
44
37
34
38
35
42
40
33
37
33
34
33
33
42
32
38
118
104
201
91
178
91
48
34
57
34
46
45
199
76
128
138
152
132
93
84
198
117
148
135
110
145
218
34
198
253
32
377
112
205
188
126
31
184
134
155
84
124
104
45
45
55
51
193
309
261
221
196
187
274
292
205
46
97
151
219
138
64
64
50
30
33
35
32
47
35
34
34
32
34
36
35
47
65
60
56
41
53
49
55
50
49
47
48
32
47
34
49
47
48
45
45
48
49
48
50
33
49
45
73
51
34
51
33
47
37
35
49
48
35
68
94
42
84
59
69
91
71
72
44
69
68
68
66
63
175
224
284
193
52
70
44
72
71
69
71
44
52
44
91
46
70
68
45
76
46
64
78
68
79
169
157
285
197
121
88
76
70
70
69
67
83
71
65
71
74
60
80
71
71
50
86
47
52
39
43
82
47
58
43
39
47
39
36
37
38
36
38
44
43
36
45
79
56
90
50
46
109
67
160
80
71
41
68
35
36
35
35
33
33
35
34
36
33
32
32
100
32
32
33
31
37
32
32
34
54
33
37
88
40
56
36
53
51
37
49
35
51
49
36
52
39
35
35
35
64
56
51
53
54
184
279
125
135
109
278
301
177
164
250
149
237
232
255
259
248
203
46
85
52
52
42
39
36
84
37
36
48
54
51
74
49
36
39
39
36
35
58
54
68
50
38
37
39
36
36
51
37
37
42
38
36
55
126
119
38
39
39
105
38
37
37
38
37
50
77
49
38
36
64
40
56
53
39
68
37
40
38
63
45
55
55
44
57
167
49
45
36
40
40
36
36
35
35
34
37
35
36
59
37
38
37
34
37
48
93
55
65
39
42
42
61
37
54
62
39
51
41
41
41
36
42
42
66
41
41
38
37
40
89
106
49
39
51
45
41
39
56
41
61
38
44
39
40
39
63
40
38
38
65
39
61
39
64
40
77
72
59
112
45
40
53
65
79
39
39
40
40
62
40
39
41
42
41
40
38
87
38
39
42
39
55
81
91
68
58
39
42
38
40
77
47
39
42
38
39
64
38
38
37
39
41
39
38
36
42
41
102
95
99
48
43
40
65
40
69
65
39
71
41
62
39
39
39
40
39
108
41
40
40
66
52
51
47
55
112
87
64
42
38
41
38
47
40
41
37
39
80
39
43
43
42
40
42
65
39
63
40
60
56
55
47
226
71
57
54
44
44
44
44
96
44
45
41
44
43
42
43
50
47
44
42
57
63
77
76
52
141
82
42
159
227
262
279
390
268
41
40
245
58
153
78
107
78
165
177
116
333
40
204
181
39
270
74
157
223
38
199
185
228
281
103
216
236
132
109
115
67
81
53
279
379
268
160
250
44
45
45
62
103
89
91
54
64
156
83
76
45
76
62
93
45
53
48
58
46
41
42
65
48
45
80
58
224
64
47
49
42
41
43
65
43
66
42
42
43
43
50
44
44
42
48
85
44
55
76
53
72
105
81
81
55
63
151
66
80
80
47
43
42
41
40
43
43
41
43
43
53
47
39
52
75
72
56
92
111
93
42
43
52
41
42
41
43
40
40
42
41
42
40
43
49
41
50
44
42
49
100
76
174
101
56
61
92
43
45
43
48
52
43
45
44
74
43
69
75
64
47
45
41
42
43
44
85
82
58
58
115
80
58
43
50
46
111
44
46
41
89
41
43
44
43
43
46
46
42
44
43
42
68
90
140
84
79
49
48
42
45
42
43
44
42
41
44
48
59
50
47
45
44
44
46
44
44
47
51
54
51
44
43
42
41
41
43
44
42
41
40
41
40
39
44
40
41
43
44
41
41
41
41
46
50
51
46
40
42
39
40
42
46
40
43
41
40
41
41
40
40
42
45
42
45
40
41
49
83
52
43
46
43
43
41
41
43
41
43
42
42
46
44
45
46
45
46
47
45
45
46
46
45
46
48
49
51
46
43
42
42
45
40
42
42
41
40
41
40
40
42
44
45
41
40
42
43
39
39
43
45
45
53
56
56
51
47
46
47
46
44
49
44
45
49
45
45
45
49
46
52
50
49
55
49
50
50
54
57
50
46
50
48
45
46
45
45
44
44
44
45
44
47
43
44
45
48
51
46
43
48
53
50
44
43
41
43
44
40
41
40
41
43
43
42
40
39
41
40
41
42
39
40
43
47
49
49
50
52
46
47
45
46
44
44
43
44
43
44
45
46
45
45
44
44
45
44
44
44
44
44
46
70
50
48
43
41
45
41
40
45
40
40
41
41
40
41
42
40
41
41
41
40
40
42
40
44
45
54
45
44
40
41
44
42
40
40
43
42
39
40
43
40
40
40
41
41
40
40
40
41
51
50
63
100
319
273
45
76
282
117
70
101
53
76
82
42
83
117
47
83
107
45
79
119
51
82
268
41
79
113
127
48
80
132
47
55
53
52
81
326
266
266
245
250
245
245
235
233
51
46
44
45
45
53
51
61
47
44
45
45
44
43
45
45
43
45
45
49
43
46
44
44
43
44
46
44
44
45
49
50
51
56
46
44
45
45
44
43
45
51
42
41
43
41
41
41
41
40
40
40
42
41
39
43
47
49
42
43
41
40
40
40
40
41
42
41
44
40
40
39
40
41
40
40
41
40
39
40
40
46
47
43
43
43
41
40
41
41
40
40
41
40
42
41
40
40
41
41
40
40
41
40
40
39
41
41
47
50
50
46
45
46
45
44
48
45
44
44
45
43
44
46
44
44
46
44
43
43
44
43
44
47
53
55
43
41
42
41
40
41
39
41
42
40
39
41
40
40
41
41
40
41
40
43
42
40
78
48
52
53
46
45
44
47
44
45
44
43
47
45
43
47
45
46
44
44
44
44
45
44
43
48
50
50
45
46
45
45
44
44
43
48
47
43
44
45
44
44
43
45
45
47
44
44
45
43
45
46
51
53
56
52
49
46
45
51
45
43
44
45
44
45
44
43
44
48
45
43
44
44
45
44
46
45
69
56
43
41
43
44
40
41
41
42
41
40
40
42
40
40
40
40
40
41
41
40
39
40
40
48
70
54
48
51
45
45
44
45
44
43
44
44
44
44
45
45
44
45
45
44
43
46
45
48
45
57
44
43
41
45
41
41
39
41
42
44
39
41
41
40
40
40
41
39
39
40
41
41
40
39
42
47
56
41
41
44
41
41
41
41
41
40
42
41
40
40
41
40
40
43
41
40
40
41
40
45
47
50
46
46
56
45
44
45
49
45
46
44
45
46
46
45
45
44
43
43
45
44
44
44
46
47
77
58
51
45
46
45
45
44
46
45
45
45
44
44
45
46
43
43
45
44
43
43
43
44
43
47
57
54
46
42
41
40
39
41
40
40
42
40
40
41
40
43
40
40
41
40
39
39
42
44
41
50
51
48
46
44
44
45
44
45
43
45
44
48
44
45
45
44
43
48
45
43
43
48
47
46
48
47
47
44
46
51
48
45
44
44
48
45
49
43
41
43
41
39
40
41
40
42
43
41
40
43
48
52
51
47
48
45
45
45
45
44
46
51
44
45
45
46
43
43
46
46
43
46
45
45
44
49
56
55
46
49
48
44
44
43
44
43
44
45
45
44
44
46
44
45
57
42
41
41
41
47
46
47
43
85
132
72
76
116
105
77
68
87
83
284
245
39
75
98
289
135
44
59
48
78
268
92
38
73
44
42
59
90
279
261
271
44
43
89
143
40
75
91
62
53
52
85
343
284
268
265
372
273
321
186
71
303
360
265
53
45
41
43
40
42
41
41
50
41
43
42
41
40
39
44
42
40
41
42
49
48
55
56
48
45
45
46
44
49
44
44
45
44
44
44
45
46
44
45
44
44
48
44
44
49
52
49
46
46
47
45
44
44
44
44
45
45
44
43
43
45
43
43
45
45
44
42
43
44
48
58
47
45
44
45
45
44
44
45
43
44
44
44
44
44
45
43
45
45
43
43
43
44
44
48
58
48
48
45
53
44
44
45
45
44
44
45
44
44
43
47
44
44
44
44
44
45
43
45
47
49
54
47
45
41
41
40
41
41
40
41
42
41
41
41
42
40
41
40
40
41
41
40
40
40
40
41
46
48
43
40
42
41
41
40
45
41
40
40
40
43
40
40
44
41
41
40
40
44
40
40
45
55
45
48
44
44
48
45
45
45
46
47
47
43
48
44
44
44
43
43
44
44
46
44
45
43
46
53
49
48
45
44
43
45
44
44
47
47
46
44
47
47
47
44
43
44
44
43
44
43
43
43
48
74
56
48
46
45
45
44
44
44
46
46
44
45
44
43
45
44
44
43
47
45
45
43
46
50
54
47
45
47
44
49
45
45
44
44
44
46
45
44
43
44
45
43
44
44
44
43
46
45
47
51
56
48
57
44
45
44
47
45
44
43
45
44
44
43
46
44
43
46
45
43
44
43
45
45
51
51
47
45
44
45
47
45
46
45
44
45
43
44
45
44
45
43
43
43
44
47
43
45
43
46
51
51
47
45
44
48
43
45
46
45
45
44
44
43
46
44
43
44
43
43
45
45
43
44
44
48
69
53
45
41
40
41
40
41
40
41
41
41
42
41
40
43
40
40
40
43
40
39
39
40
41
44
49
47
47
48
45
44
45
48
44
44
45
44
44
45
45
45
45
46
44
44
45
44
45
45
45
49
51
48
41
42
42
40
42
40
41
41
42
40
39
44
40
40
40
41
42
39
40
40
40
41
40
48
53
45
45
43
45
44
44
48
45
44
45
48
47
47
44
43
44
45
43
44
43
45
45
45
52
54
47
41
47
41
39
43
41
40
41
39
41
40
40
41
43
39
39
40
41
39
39
40
44
40
50
49
47
48
42
41
41
41
39
40
40
42
39
40
41
40
43
43
41
39
39
41
40
42
40
48
47
47
43
40
41
47
69
165
105
77
270
127
48
83
120
92
72
259
270
40
72
124
245
76
122
112
43
61
83
115
102
43
54
84
188
289
45
51
52
49
64
78
85
289
304
259
250
236
249
283
308
46
74
53
44
41
42
40
45
41
42
39
41
41
44
49
47
45
45
44
45
45
44
44
45
45
46
49
53
51
50
45
46
43
45
45
44
46
49
45
47
45
44
51
43
41
41
41
40
40
41
49
50
53
68
48
52
46
51
48
44
45
47
44
44
44
45
45
44
45
44
51
43
45
45
44
46
45
53
51
42
45
41
40
40
40
41
45
42
41
41
40
39
41
41
40
40
40
39
41
41
43
42
46
52
56
45
46
45
47
43
48
44
45
47
53
44
45
44
44
44
48
44
44
45
46
43
45
55
50
47
43
40
41
51
41
40
42
40
40
40
41
41
39
41
41
39
40
40
41
40
40
40
41
40
49
66
51
46
44
44
47
48
44
44
49
43
43
44
45
44
47
43
45
43
44
47
45
45
64
54
43
42
44
40
41
41
41
42
41
40
40
40
41
40
41
46
39
40
39
41
40
41
40
44
43
50
54
42
41
42
41
42
41
39
41
41
41
41
42
42
42
41
41
41
43
39
41
42
43
44
52
48
47
43
40
43
41
44
40
40
41
41
40
40
42
40
41
41
40
40
40
39
44
40
40
43
75
100
44
42
40
42
42
39
44
45
45
50
47
46
43
44
45
43
44
43
45
45
43
43
43
48
51
49
45
46
44
46
45
44
44
43
45
48
42
46
43
43
45
44
43
45
43
48
45
46
49
51
52
45
42
42
41
40
40
45
41
41
42
40
41
41
41
39
39
41
40
42
40
40
41
45
50
47
51
42
41
42
44
40
40
41
40
41
41
44
40
42
41
42
39
40
40
40
40
40
41
48
50
45
46
45
47
44
45
44
44
47
43
43
45
44
45
44
48
49
44
43
44
44
43
47
51
54
44
43
41
41
42
50
44
48
42
43
47
47
45
46
46
45
52
48
65
45
46
46
46
53
45
51
52
53
58
45
42
40
40
40
40
42
41
40
40
40
40
39
39
40
44
40
40
40
41
41
44
48
45
49
49
47
44
44
46
45
43
46
46
46
44
44
43
44
46
46
44
43
45
43
49
47
46
50
50
59
54
48
46
45
44
43
46
46
44
48
45
45
43
44
47
43
43
44
45
43
44
50
49
54
55
51
45
47
48
46
49
54
48
49
52
53
48
48
48
48
46
53
48
53
53
67
57
51
68
295
142
38
38
79
270
266
151
264
42
94
289
278
43
53
85
102
58
85
307
127
39
68
281
151
51
79
127
265
260
238
75
96
82
76
96
109
60
50
57
48
48
51
50
52
48
47
53
49
48
50
74
100
50
51
50
54
49
51
92
337
309
272
251
285
269
260
266
261
206
49
48
49
49
82
271
49
49
48
59
51
50
69
75
100
70
332
63
77
219
81
66
58
63
46
59
50
45
60
57
59
92
60
90
90
52
162
64
47
46
43
46
47
75
238
221
97
44
42
43
42
43
42
47
43
51
48
82
49
79
122
42
44
45
43
42
42
42
43
41
47
42
43
42
42
41
42
41
42
41
42
47
52
50
77
101
73
46
43
43
53
50
43
46
44
42
45
42
41
42
44
42
41
43
43
43
39
45
48
70
125
51
53
46
47
45
45
46
49
46
47
46
55
47
42
43
42
43
41
43
44
48
43
52
67
48
52
48
44
43
48
42
45
42
42
44
44
41
43
42
40
40
40
40
41
40
40
41
45
53
48
47
57
49
69
94
328
284
41
78
282
45
82
103
43
50
82
252
262
285
278
152
86
277
269
69
105
335
43
38
82
216
295
47
64
108
300
142
49
55
50
56
81
311
289
238
260
272
271
323
162
77
77
56
47
42
41
42
42
40
41
40
40
41
45
40
40
42
49
45
48
45
44
44
52
69
55
51
46
57
91
107
48
44
49
46
45
46
45
46
47
47
44
44
43
47
46
43
41
42
79
43
76
276
41
46
45
48
44
42
78
247
74
77
76
96
40
43
40
41
40
41
40
43
41
41
72
124
52
49
47
49
53
47
51
47
51
60
52
50
264
65
57
59
49
53
49
52
61
54
57
174
68
102
79
59
52
53
55
61
56
57
49
55
46
46
45
44
44
44
44
43
46
46
44
54
50
72
282
169
92
60
48
45
46
46
44
50
44
46
46
45
43
44
44
43
45
49
45
44
44
45
50
80
155
80
51
51
45
47
47
47
45
44
44
44
47
44
45
45
43
43
44
47
44
45
43
44
48
76
56
56
52
42
42
40
40
40
40
42
40
40
41
41
39
40
41
40
39
41
43
40
40
39
45
53
56
64
51
46
44
45
49
44
43
45
43
45
44
48
43
47
44
47
46
45
44
45
48
46
53
53
42
47
41
41
42
41
42
40
41
47
44
42
41
44
41
40
44
41
40
42
41
40
39
41
52
57
51
48
45
42
42
41
41
41
44
40
40
42
40
42
39
41
41
43
40
39
40
40
40
43
50
58
49
48
42
44
40
41
41
42
40
41
40
40
42
41
39
41
39
39
40
40
40
41
46
53
50
49
50
42
42
41
41
40
40
41
40
39
41
41
40
40
42
41
41
39
40
39
43
40
41
45
47
46
42
42
42
40
41
40
40
41
40
43
39
41
41
39
40
39
39
40
41
41
41
45
49
45
48
43
43
42
40
41
41
41
40
40
45
42
40
42
40
41
40
43
41
43
41
40
44
46
56
65
46
48
44
45
47
44
45
45
44
45
44
44
45
44
44
48
47
44
47
43
44
44
44
48
48
64
73
53
43
42
43
44
40
40
41
40
41
41
41
40
40
40
41
40
39
39
41
41
41
48
47
49
42
42
43
40
39
40
42
41
40
40
39
41
39
41
41
40
43
40
44
41
39
40
40
50
60
78
50
44
46
45
46
45
44
45
44
44
46
44
44
43
46
44
44
43
43
43
45
63
48
46
46
47
46
40
41
42
39
41
40
41
40
40
41
41
40
42
40
44
41
40
39
44
43
50
55
50
49
45
42
41
40
41
42
40
40
41
40
40
41
44
41
40
39
41
41
40
40
41
41
49
52
50
56
42
41
42
40
40
40
42
41
40
40
40
41
41
40
39
40
41
39
39
40
41
53
54
53
50
43
42
42
48
42
42
41
43
44
40
40
41
40
39
40
39
39
39
43
41
40
42
41
52
48
48
47
41
40
41
46
39
40
40
42
40
40
40
41
39
40
41
41
42
40
40
41
40
50
54
68
61
47
45
45
50
51
71
187
289
133
51
87
266
239
84
265
66
73
76
94
52
57
43
52
57
41
83
153
44
74
93
44
76
254
41
70
266
45
84
267
261
268
54
81
60
73
55
50
57
57
53
49
45
49
53
50
49
57
79
113
56
48
51
57
47
56
52
57
50
50
49
48
52
82
55
69
191
313
484
306
253
253
268
270
278
175
46
56
48
53
48
48
52
49
48
48
68
252
56
66
77
63
53
53
58
53
52
54
48
48
46
52
53
48
54
48
69
247
66
61
75
338
260
150
75
269
49
46
53
48
49
47
50
50
51
46
48
46
44
46
48
43
48
45
43
46
48
44
46
45
49
48
50
54
51
45
47
44
47
47
45
43
44
45
43
43
47
46
44
44
44
45
43
44
46
51
52
50
51
46
48
45
44
46
47
44
45
44
43
43
45
44
45
46
47
49
41
46
45
44
47
44
48
50
51
49
41
42
40
40
41
42
40
40
40
40
43
40
40
41
40
39
40
40
40
40
39
45
53
53
51
46
45
45
44
46
44
43
44
46
44
44
45
45
43
58
42
42
42
42
41
41
43
47
44
80
84
46
51
48
45
45
47
45
45
45
43
46
45
43
46
45
45
43
43
45
45
43
49
47
51
51
44
44
41
40
41
40
41
40
39
41
43
40
41
41
39
43
48
46
45
46
48
43
47
59
48
43
44
41
42
44
46
42
41
41
41
40
41
42
41
41
40
45
286
45
45
45
48
49
52
50
58
53
53
47
42
41
42
40
42
40
40
42
40
45
44
41
40
42
41
40
39
41
48
57
58
46
47
45
46
47
45
45
46
44
45
47
45
49
48
45
44
50
53
53
49
42
43
44
44
53
53
51
54
50
42
40
40
41
41
40
47
47
48
52
48
51
44
44
49
48
51
47
45
54
51
60
56
50
47
57
58
56
59
52
50
56
46
56
53
59
48
243
55
54
46
60
63
67
55
47
48
64
50
55
46
46
43
44
47
49
47
50
49
64
44
53
42
43
49
45
46
50
46
50
72
244
62
59
60
54
48
49
45
46
46
51
50
47
45
44
44
48
44
44
47
44
44
45
45
47
61
57
72
121
52
44
43
53
41
40
42
40
43
41
42
40
44
39
42
40
41
42
40
41
42
39
47
59
53
62
46
51
46
45
45
44
44
45
44
43
44
45
44
45
45
44
44
43
44
44
44
45
49
52
54
52
46
43
44
45
45
43
43
44
44
43
43
44
45
43
42
44
47
44
47
47
45
50
87
79
91
144
39
77
253
235
45
82
267
127
71
279
45
73
291
113
71
94
47
52
85
92
47
53
53
39
96
86
149
290
130
41
45
45
45
46
55
95
321
394
269
237
247
257
250
238
53
46
49
52
55
51
46
43
41
41
41
41
40
41
42
41
39
40
40
39
45
40
40
41
39
39
40
41
58
73
67
46
45
45
46
44
44
43
44
44
48
45
44
49
43
44
45
43
47
43
46
44
45
44
50
50
47
45
46
41
41
41
43
40
40
41
41
40
41
43
40
40
40
40
39
39
39
40
41
50
50
53
52
44
41
40
41
40
39
44
46
48
49
46
47
45
45
44
47
50
48
47
43
46
44
50
51
43
50
51
45
47
44
44
48
44
45
44
45
43
42
45
46
44
44
43
45
44
43
45
47
46
42
41
44
43
40
42
40
42
41
39
40
40
39
41
41
40
40
42
42
40
39
42
41
41
51
49
49
54
47
45
45
45
46
44
44
44
44
45
44
44
43
44
44
44
44
43
44
45
44
49
52
49
57
47
44
44
45
44
44
44
45
43
46
44
43
44
44
48
43
44
44
45
43
47
53
44
54
54
58
57
50
48
45
45
44
45
44
44
44
48
46
45
46
44
46
45
47
48
44
44
47
51
50
55
44
42
45
43
42
40
41
41
40
40
41
41
41
39
40
39
40
51
44
152
45
45
49
56
54
56
47
45
44
45
45
44
48
45
51
40
42
40
40
42
40
40
40
41
40
40
42
42
49
51
48
54
46
45
46
49
48
46
44
44
46
44
50
45
44
46
44
43
45
43
44
45
45
49
50
50
51
47
46
44
44
45
44
45
44
44
44
45
44
44
46
44
45
43
43
43
45
44
48
44
52
47
51
49
43
41
41
41
44
40
42
41
40
40
39
39
39
42
47
39
39
40
42
42
41
45
56
47
48
54
50
44
49
45
44
46
44
44
45
48
44
43
45
45
47
45
44
44
43
51
50
52
55
48
42
43
42
42
41
53
46
48
48
44
46
45
46
45
44
43
45
46
44
45
47
47
51
51
48
58
50
41
40
41
40
42
40
40
40
42
41
41
45
41
41
40
40
41
41
40
40
47
97
56
52
45
50
48
45
46
44
46
45
45
43
45
43
45
44
45
44
45
44
44
43
43
48
85
53
48
50
43
40
43
40
40
41
40
41
41
41
41
40
41
41
40
41
40
45
41
40
41
49
52
53
49
45
44
46
44
47
47
44
45
43
44
45
52
48
45
46
44
43
44
45
47
49
44
48
49
86
54
45
45
44
46
45
44
44
45
43
45
44
44
43
44
47
47
44
44
44
44
45
50
55
46
49
47
51
51
41
41
41
41
40
41
41
41
40
41
40
40
40
41
40
41
40
41
41
49
53
47
47
45
46
45
76
146
295
249
56
79
69
100
68
52
64
65
85
291
133
101
111
95
70
92
92
293
336
45
84
304
139
39
79
155
91
55
49
50
77
124
76
314
283
162
291
238
243
288
266
65
53
51
58
52
42
41
41
43
43
41
45
41
41
40
41
41
39
40
40
40
40
41
40
41
47
74
125
46
46
45
45
45
44
46
43
52
45
45
46
44
44
43
43
43
44
43
43
47
45
54
54
48
52
52
49
46
41
41
43
47
45
44
44
45
45
46
50
45
45
45
45
44
43
44
46
46
47
54
51
47
45
45
45
45
46
45
43
49
47
44
45
45
44
44
52
47
50
41
40
44
40
45
54
50
49
47
50
48
45
47
47
45
44
45
43
47
45
43
45
44
45
43
43
45
46
44
49
58
53
48
46
45
49
46
44
46
46
47
49
45
47
44
44
44
45
43
50
49
47
43
44
45
49
52
50
52
50
44
45
45
45
44
43
45
44
51
45
45
44
44
44
44
44
43
44
44
44
43
51
49
51
54
47
45
50
47
44
45
44
43
43
47
44
43
45
45
43
43
48
44
46
44
45
78
55
49
45
43
40
41
41
42
39
42
41
43
44
41
41
41
40
40
42
41
40
42
39
40
43
47
54
50
48
43
41
45
40
41
42
41
40
42
40
40
40
41
40
42
39
40
41
46
45
44
41
50
53
53
52
40
43
41
44
43
41
41
40
41
41
41
41
40
41
41
40
42
41
41
41
41
46
50
50
46
43
40
41
41
39
40
41
41
40
40
43
42
43
40
39
39
40
42
41
40
42
46
53
52
51
44
42
41
40
43
44
40
41
40
39
40
40
40
41
41
42
40
40
42
45
47
44
48
80
52
50
45
48
90
48
47
50
48
45
49
44
49
46
41
42
42
40
41
40
40
39
40
41
41
48
59
50
46
46
45
44
47
49
47
44
45
45
43
45
45
43
44
44
43
44
45
45
45
47
53
53
56
45
50
44
43
45
45
44
45
45
44
45
47
44
44
44
45
43
45
45
43
44
43
48
50
61
49
45
44
45
46
46
50
43
42
45
40
41
41
41
41
42
40
39
40
40
40
40
47
50
47
44
41
46
41
40
41
43
40
40
44
43
41
41
40
40
40
42
43
42
40
42
40
43
47
83
143
45
46
52
51
44
47
56
52
51
45
43
45
42
42
43
47
52
45
61
46
52
43
79
65
50
49
49
70
325
325
42
39
82
116
40
46
80
273
137
40
50
51
82
111
266
260
286
41
84
295
329
348
41
52
78
292
145
76
112
147
119
68
129
312
281
141
82
102
55
54
48
51
53
47
57
74
143
54
91
57
57
71
88
297
46
90
62
49
42
84
283
287
326
278
325
349
79
50
45
47
50
50
48
52
67
200
40
47
48
45
45
48
47
49
56
45
44
45
44
65
271
230
234
72
87
78
287
48
47
46
44
44
43
50
64
49
46
46
44
46
69
44
43
44
44
51
47
48
49
47
46
48
51
55
48
54
54
50
44
43
43
44
42
44
43
43
44
43
42
42
43
44
44
56
48
46
47
70
122
49
46
46
49
42
46
44
44
46
45
43
45
45
44
44
45
43
44
47
43
49
56
50
51
69
114
57
44
42
44
41
41
41
41
41
40
41
40
42
42
41
41
40
41
41
40
40
40
46
66
52
47
42
40
40
40
41
40
39
42
39
41
40
41
43
39
41
41
40
40
41
39
40
41
47
54
44
50
88
86
119
84
65
60
100
64
58
48
48
45
47
42
42
40
40
42
40
40
41
44
50
46
44
41
40
41
42
39
41
40
40
41
41
41
40
41
41
39
42
41
44
43
49
48
49
46
47
44
42
40
40
41
40
40
40
41
44
43
50
44
51
49
52
43
42
45
42
44
44
44
74
305
137
39
38
44
43
42
42
46
41
41
42
41
44
41
69
274
64
143
67
50
41
40
41
46
45
57
53
46
45
44
48
46
46
46
48
48
43
44
46
44
52
49
48
46
48
48
49
43
48
49
292
48
140
56
60
60
57
58
46
55
45
46
45
45
44
44
44
43
49
50
46
45
44
46
47
50
52
83
54
42
42
40
42
41
40
40
41
40
42
42
43
45
41
40
40
40
42
40
42
40
40
40
54
56
44
42
41
42
42
42
41
43
41
41
41
40
40
40
41
39
39
43
41
40
40
41
51
47
43
42
41
40
40
42
39
39
41
42
40
39
40
41
39
40
41
44
42
41
40
39
41
41
48
53
43
42
40
45
41
41
40
42
40
45
40
44
40
40
40
40
40
41
40
39
40
41
40
48
51
51
45
46
44
44
45
44
43
43
44
44
44
45
44
44
44
43
44
44
49
43
46
45
45
55
50
50
46
48
47
45
44
44
43
44
45
43
45
46
43
46
46
48
56
56
47
46
50
51
85
266
44
55
53
53
83
104
49
46
52
50
44
47
50
90
250
40
47
46
47
50
49
102
58
44
46
51
58
90
313
313
250
312
347
238
256
245
52
45
44
46
44
44
44
47
47
49
44
45
44
47
51
56
46
41
41
41
39
45
50
44
46
47
44
45
45
43
46
45
47
43
44
46
44
43
45
44
53
50
46
43
41
44
45
45
47
44
49
46
44
43
45
44
45
45
44
45
43
44
45
44
45
54
51
57
45
44
51
45
47
43
42
44
46
49
46
47
45
45
45
43
44
44
45
45
44
60
42
46
51
46
45
44
45
44
44
45
44
46
51
48
44
44
45
43
49
45
44
43
44
44
44
46
47
49
50
45
44
47
49
45
45
44
45
45
44
47
48
41
41
41
42
44
42
45
46
43
44
48
51
46
42
43
41
41
39
42
44
45
46
44
44
43
44
44
47
48
41
40
41
40
40
42
40
40
44
46
50
41
43
43
45
40
40
40
42
41
41
39
40
41
40
40
41
43
49
45
44
44
47
59
52
56
46
46
45
45
44
52
52
46
46
45
46
45
45
43
44
44
47
44
44
50
46
52
74
55
47
51
46
48
45
45
45
44
47
45
55
46
45
44
44
45
43
43
45
44
44
46
44
46
47
49
45
42
41
44
44
41
42
40
41
45
41
40
45
44
42
41
40
39
41
41
40
40
43
42
54
52
47
49
45
48
44
45
44
44
44
44
46
52
43
44
45
46
48
44
45
45
47
44
47
47
50
54
53
45
45
47
60
44
46
44
44
46
43
44
44
43
44
45
44
45
45
43
45
45
45
48
50
46
41
41
42
43
40
42
42
44
44
40
42
41
43
40
40
41
40
39
39
41
42
41
48
52
45
45
46
46
44
47
43
44
47
45
44
49
45
42
42
43
40
40
41
40
39
41
40
41
43
57
52
43
41
40
40
40
40
40
40
41
41
41
46
41
41
40
41
40
40
43
40
39
40
41
77
50
44
41
41
40
41
41
40
40
39
40
41
43
41
40
45
39
43
40
41
41
42
40
42
49
42
42
41
39
41
40
41
40
40
40
40
40
41
44
40
41
40
41
41
40
39
40
41
41
42
46
55
46
46
44
44
48
45
44
47
44
44
44
44
44
44
44
44
44
44
45
44
43
44
44
49
60
50
43
42
41
41
41
41
40
41
40
42
41
41
40
42
42
41
40
42
40
41
40
42
41
40
54
52
42
42
42
42
41
43
40
80
288
43
81
277
253
45
81
276
134
301
111
77
253
44
54
86
84
55
81
311
51
50
58
84
101
128
97
97
119
99
56
49
64
127
75
326
286
266
269
253
285
296
121
41
48
50
41
41
43
41
44
41
41
40
40
44
40
40
42
41
40
40
40
44
50
49
51
49
46
41
40
42
41
40
40
41
40
40
42
42
41
40
42
39
40
40
44
40
40
39
40
41
52
53
41
43
40
40
41
41
40
40
45
42
39
40
45
42
41
40
39
39
40
39
40
41
40
47
53
49
46
46
45
46
46
44
44
46
43
44
44
43
44
44
48
44
43
43
44
44
43
43
47
49
49
46
40
41
40
40
41
40
40
41
44
41
40
40
41
40
40
40
40
44
50
45
47
47
76
290
44
54
48
49
47
60
46
45
49
45
42
42
42
42
41
42
43
42
48
42
42
43
43
49
48
87
74
43
45
44
41
43
43
48
42
42
41
43
41
42
44
46
41
50
42
44
45
42
45
41
66
361
135
77
73
53
64
49
48
45
41
42
40
42
40
42
41
39
40
44
40
41
40
41
42
50
51
49
50
50
44
44
45
45
44
45
45
44
44
43
44
45
46
43
47
50
46
49
49
51
50
51
47
45
60
46
61
44
47
44
44
45
49
43
44
43
44
44
44
47
47
43
46
43
48
49
50
53
46
46
45
44
44
44
45
43
44
45
47
43
44
45
44
44
44
45
45
44
44
43
45
44
60
50
47
42
41
41
42
41
41
44
41
40
45
41
43
40
41
40
41
41
39
40
39
41
44
81
51
47
44
41
41
43
42
42
43
51
49
48
45
43
45
43
43
43
48
44
44
44
44
44
46
52
47
46
44
48
45
44
41
40
42
40
40
42
41
43
40
40
40
40
40
40
40
41
43
41
61
47
42
40
43
41
43
42
40
40
41
41
41
41
40
43
40
41
39
43
40
41
39
41
41
42
53
52
48
46
44
44
44
45
44
43
43
44
44
44
48
44
45
44
45
45
44
44
43
44
44
53
47
43
43
41
44
53
54
47
47
45
46
45
46
45
46
48
47
46
46
45
45
45
46
45
45
72
93
47
48
45
42
43
42
42
44
46
47
47
45
44
45
49
44
46
46
45
45
49
45
46
79
295
43
49
47
47
45
46
45
45
46
46
52
46
47
47
45
47
46
46
46
45
47
86
290
126
40
48
72
274
43
84
257
73
256
255
40
47
81
115
253
125
42
81
73
53
70
86
234
239
243
44
56
70
293
140
39
38
78
262
278
121
77
282
122
71
48
52
68
294
305
245
231
246
241
248
271
319
52
65
116
43
50
44
45
44
44
44
44
46
44
43
46
43
43
45
43
43
44
44
44
44
44
49
57
47
43
44
41
42
41
43
41
63
54
48
44
44
43
45
43
44
44
45
44
44
46
45
48
50
48
45
42
42
42
43
41
41
41
39
41
41
40
43
40
42
40
40
40
41
39
39
40
45
41
52
47
44
45
40
41
40
40
44
40
40
40
41
41
40
42
39
39
41
40
40
41
41
41
40
47
48
42
42
43
42
44
40
40
40
40
41
42
43
40
39
40
39
41
40
40
40
40
39
42
42
48
48
42
42
41
40
40
41
41
41
40
40
41
40
40
40
40
43
40
40
42
41
40
40
40
48
50
46
46
46
45
45
45
44
44
43
44
44
44
44
45
49
45
45
43
44
44
45
46
45
45
47
69
46
46
45
44
45
44
44
46
46
44
47
44
45
46
44
43
45
45
44
44
44
44
46
50
51
48
42
41
41
40
40
41
42
40
40
39
40
42
40
40
47
46
44
46
45
47
43
45
52
51
49
45
45
46
44
47
46
44
45
44
44
44
43
43
44
47
48
43
41
42
43
41
41
42
44
60
50
47
47
46
43
43
44
45
44
43
43
47
45
44
45
45
43
44
43
43
45
44
44
48
47
43
44
43
40
40
42
41
40
40
40
40
41
40
39
39
40
39
40
39
39
41
40
39
40
55
51
41
45
48
48
46
46
46
57
45
46
43
53
54
46
47
45
45
45
49
48
49
48
52
59
68
67
46
52
66
59
151
81
128
138
52
58
67
112
51
46
41
41
42
41
43
45
50
54
50
49
73
57
47
51
74
127
60
56
50
42
47
41
43
41
40
39
41
42
42
44
41
43
40
39
52
79
64
56
57
49
53
49
44
46
44
44
45
45
43
44
44
44
43
46
43
45
45
47
43
45
49
50
49
52
50
47
46
45
44
44
43
45
44
43
45
44
45
45
44
44
48
45
43
44
45
44
47
56
52
50
43
41
41
42
41
40
40
45
47
48
44
44
46
43
44
45
45
43
45
44
44
47
49
50
47
60
53
52
46
44
46
45
51
48
42
41
41
43
44
42
40
40
41
42
40
39
41
43
50
48
65
44
44
48
44
44
45
45
45
43
43
44
44
44
43
44
43
46
43
44
44
45
45
70
43
45
42
40
44
41
41
40
42
43
41
40
40
43
41
40
41
41
42
40
43
40
45
45
40
58
52
44
41
41
40
40
40
41
39
41
40
42
43
40
39
39
40
41
39
43
40
40
40
47
53
50
45
46
44
45
48
47
45
43
43
44
44
44
46
42
44
49
44
46
43
45
44
44
44
44
93
62
87
321
140
43
81
106
48
54
86
109
97
81
109
58
109
105
252
83
286
127
50
54
52
48
48
64
44
89
138
241
49
46
49
53
86
295
296
298
243
243
238
272
263
48
46
46
48
46
43
41
45
59
46
43
41
42
43
40
42
40
42
41
40
47
44
43
40
39
42
40
40
41
40
41
41
47
54
51
45
46
45
44
44
47
44
44
45
47
44
45
44
44
44
45
49
50
45
44
44
47
47
48
47
51
54
44
47
45
44
45
45
43
43
44
44
44
43
44
46
45
43
43
43
44
43
53
47
46
62
45
45
47
46
43
47
45
45
47
45
45
48
48
43
45
45
43
43
43
45
44
44
44
47
52
47
47
45
44
46
45
44
45
44
44
45
46
43
43
43
44
43
43
44
43
44
47
47
54
48
49
45
42
41
44
44
43
43
45
45
51
44
45
45
43
45
45
43
44
44
44
44
44
78
131
46
47
45
44
44
45
44
48
44
44
45
44
43
44
46
44
44
44
45
43
45
43
43
49
51
46
45
45
45
43
44
44
44
44
43
44
44
44
45
43
44
43
44
43
43
48
47
42
41
45
61
51
46
44
46
49
44
43
46
44
46
44
46
45
43
43
45
44
43
43
45
46
45
43
43
51
51
43
43
41
40
41
41
39
44
45
52
47
43
45
45
47
45
45
45
44
43
45
43
49
47
50
47
52
45
46
45
43
46
47
43
44
44
44
44
44
48
43
45
44
44
47
43
46
43
45
45
48
63
45
49
45
48
43
44
46
45
46
46
45
44
43
43
45
44
43
44
44
44
44
44
43
57
47
43
40
40
41
41
40
40
41
43
40
39
41
40
40
41
44
45
47
47
48
46
43
43
45
52
67
43
43
40
41
41
41
40
42
40
46
40
42
42
40
40
40
41
40
39
42
39
40
41
43
55
53
42
41
48
50
51
48
55
49
46
54
47
52
49
47
48
45
46
47
47
47
46
49
72
287
47
49
48
46
47
50
45
42
44
42
45
43
44
43
47
41
42
40
40
41
41
39
43
45
48
42
42
46
43
40
40
42
41
40
39
41
40
41
39
40
41
41
39
41
41
40
39
39
41
49
45
46
46
46
44
44
45
45
45
43
45
43
43
44
46
43
43
43
45
43
43
44
49
44
44
89
50
42
42
40
40
41
40
40
42
41
40
41
39
40
40
41
40
41
39
40
40
41
41
40
40
45
57
53
44
48
45
44
44
48
44
46
43
45
43
47
43
46
44
44
44
46
43
47
42
47
79
52
47
49
45
46
44
46
46
46
44
44
45
44
44
44
43
43
43
44
44
43
43
44
43
45
74
49
44
41
42
41
40
40
40
44
41
41
40
40
41
40
41
39
40
40
40
43
87
123
132
87
261
43
54
61
61
52
82
144
275
43
52
84
127
69
103
120
274
77
70
82
93
132
70
75
117
105
50
72
64
50
46
48
50
88
282
322
252
247
250
235
240
253
55
49
45
45
45
44
45
47
48
46
52
49
43
42
42
47
52
47
46
46
45
44
44
44
44
44
43
46
44
43
47
44
44
44
48
50
48
77
54
46
47
45
45
44
44
45
46
44
44
44
49
45
45
44
44
44
44
47
45
48
43
51
52
45
42
40
40
41
41
40
39
41
42
42
39
39
40
40
39
40
40
39
39
43
40
40
43
55
45
42
42
40
44
42
40
41
40
40
39
41
39
40
40
40
40
41
39
40
43
39
44
51
44
47
44
43
41
41
40
41
40
43
41
45
42
40
40
39
42
41
40
40
42
42
41
41
41
66
53
47
45
45
45
44
46
46
47
45
45
44
48
44
44
44
46
44
43
45
44
46
44
46
54
52
46
46
44
46
44
44
46
44
45
47
48
44
44
44
43
47
44
47
42
43
47
46
44
44
65
51
45
47
44
44
45
46
43
45
47
44
45
46
44
45
43
45
44
43
43
45
43
45
46
44
53
51
48
45
45
45
45
45
43
44
47
46
45
45
48
46
43
47
43
46
45
44
43
44
57
53
50
41
43
42
40
41
40
40
42
40
41
40
43
41
40
40
40
40
42
39
40
40
41
41
41
45
50
48
45
44
47
45
46
44
44
43
44
45
44
43
45
46
48
44
46
45
46
43
43
50
51
52
46
43
42
43
42
41
41
39
41
41
46
42
50
47
44
45
44
43
43
43
45
43
44
43
48
53
50
48
45
43
45
44
44
48
44
45
48
48
46
44
45
43
45
43
44
44
43
44
45
72
48
44
59
44
45
44
51
45
43
47
44
44
43
43
43
44
44
43
45
44
47
46
44
44
48
49
49
48
47
47
46
44
44
44
44
47
45
44
46
45
45
47
46
44
43
45
42
44
46
47
49
52
45
44
46
44
44
44
45
45
47
45
46
45
45
46
44
45
44
43
44
44
43
45
44
44
48
52
69
46
46
43
46
43
48
45
45
44
46
43
44
43
46
45
44
43
46
43
45
49
45
48
49
48
43
45
41
41
42
41
40
40
42
40
40
39
42
40
44
39
40
42
42
40
41
39
41
73
80
45
44
44
45
44
44
46
44
43
44
45
43
56
44
45
46
44
44
45
44
47
44
44
49
47
48
49
44
40
40
42
42
41
40
41
41
41
40
40
41
42
40
40
39
40
41
41
40
45
53
47
50
50
44
44
49
45
44
45
43
44
44
50
44
49
43
45
45
43
46
45
43
44
45
45
48
50
48
45
42
40
40
39
43
41
39
40
41
40
39
41
41
40
39
40
43
43
40
39
40
41
51
48
43
41
41
39
41
41
43
44
40
41
40
40
40
63
41
87
297
55
72
286
275
51
75
299
117
68
284
41
79
68
106
98
72
276
257
165
106
272
151
95
277
248
55
52
51
50
54
48
54
60
44
50
82
297
330
310
247
255
45
46
47
48
48
49
49
45
43
45
45
44
44
44
45
48
51
50
45
52
44
45
46
47
50
47
43
44
44
45
44
46
45
45
44
43
45
44
43
43
45
48
50
52
54
65
51
46
45
46
44
45
44
44
44
48
44
47
43
45
44
43
44
44
44
43
44
49
53
52
44
43
45
41
40
40
40
41
40
40
41
41
41
41
40
40
45
40
41
44
39
40
45
44
46
45
42
43
41
41
41
40
39
40
41
40
39
43
41
40
41
40
44
40
40
42
40
41
43
79
50
46
45
45
48
45
46
46
43
45
77
55
46
44
46
44
45
44
45
44
44
43
44
47
43
92
104
45
54
55
47
45
45
44
43
45
47
45
43
45
44
47
45
44
43
44
44
43
46
46
48
48
54
45
45
44
44
45
44
48
43
45
43
47
43
49
43
45
44
47
45
48
43
47
48
44
50
49
43
43
40
40
40
39
42
41
39
41
40
40
40
40
39
40
40
41
39
40
41
41
41
53
48
43
43
45
42
42
39
41
42
40
42
39
41
40
44
49
49
44
46
45
45
46
45
44
52
54
49
57
47
41
41
43
42
41
40
42
40
44
40
40
42
46
40
40
39
41
40
40
40
40
47
50
43
42
40
40
41
39
43
41
41
40
40
40
40
40
40
41
42
41
40
41
40
41
40
40
48
54
49
48
45
44
44
44
45
44
44
44
45
44
45
45
46
44
47
43
44
43
44
45
47
48
50
52
46
44
45
45
47
44
45
46
45
43
44
43
44
46
44
44
45
45
44
55
46
43
43
47
50
84
58
45
46
44
45
48
46
44
44
44
44
45
47
43
44
44
43
43
47
44
44
44
50
50
46
48
45
44
45
44
44
44
47
44
43
45
45
43
43
44
45
44
45
45
43
44
45
44
50
55
49
47
51
49
45
44
44
44
45
43
44
44
48
44
45
44
44
45
47
47
48
45
44
47
55
49
49
42
43
40
40
40
41
40
40
44
41
41
41
42
40
39
40
40
40
40
41
40
60
80
73
46
52
46
45
44
47
45
45
44
44
47
44
44
44
42
45
43
45
45
46
43
43
45
45
47
53
44
51
53
45
47
45
45
45
44
44
45
44
46
44
45
44
46
43
44
43
46
43
45
48
49
54
45
44
45
44
44
43
45
43
46
44
46
47
48
43
43
44
44
44
48
44
48
44
47
55
88
160
44
51
53
54
81
254
236
42
79
237
44
51
49
87
201
41
82
236
40
49
49
50
57
52
53
87
70
263
45
57
54
56
81
320
286
292
326
258
250
236
249
233
45
41
43
43
41
45
48
46
49
57
50
41
45
40
40
40
41
40
47
45
45
45
47
49
44
44
44
47
43
44
44
46
50
57
53
45
48
44
50
44
44
44
45
44
45
44
46
45
43
44
43
45
45
43
44
44
43
48
47
45
50
45
46
46
45
44
46
43
43
49
45
44
46
44
46
44
44
44
44
44
44
43
44
52
49
44
51
46
45
51
47
45
48
46
49
45
45
44
43
46
51
43
43
44
46
47
45
45
45
49
51
55
50
47
43
43
46
44
46
46
48
45
46
43
45
45
47
43
44
43
44
45
43
52
51
50
44
46
44
44
44
44
43
45
45
44
43
46
44
44
44
45
43
43
42
44
50
44
45
47
50
55
41
42
41
40
39
41
41
40
39
40
41
40
40
39
43
40
42
40
40
40
40
39
40
43
46
44
43
40
41
40
44
44
42
41
40
41
41
44
43
40
43
40
41
40
40
40
41
41
56
46
47
55
54
44
44
45
44
45
43
45
44
43
44
44
44
43
43
44
44
44
44
46
44
44
44
49
51
43
44
42
41
43
40
41
40
40
40
41
40
43
41
41
41
39
39
40
40
40
41
42
50
47
46
41
40
41
44
46
44
45
44
45
45
45
43
45
44
43
43
44
45
44
43
43
46
45
43
56
50
49
45
45
46
44
49
44
45
44
44
44
44
45
45
45
77
54
48
44
44
45
45
51
50
47
48
49
42
43
41
40
41
41
40
40
39
41
40
40
41
42
40
39
40
41
40
40
46
53
50
46
48
44
44
44
45
45
43
43
45
43
44
43
47
44
44
44
45
43
49
45
50
45
47
49
50
45
45
43
44
45
44
46
44
43
48
44
48
45
44
43
44
46
44
43
43
44
45
50
47
42
43
41
41
41
43
40
39
41
43
40
46
39
41
40
40
39
44
41
41
42
44
54
51
58
46
48
53
43
42
40
41
41
40
40
41
41
40
40
39
41
40
39
39
40
40
39
43
42
42
44
58
54
45
46
49
44
44
44
43
44
48
45
44
47
45
44
43
43
42
46
44
44
44
44
44
75
51
48
45
46
45
44
46
44
43
43
44
43
45
46
44
45
48
43
45
44
43
43
45
44
49
50
47
46
45
45
47
44
43
45
44
43
43
46
44
45
44
43
43
44
46
48
44
44
45
45
50
51
45
46
45
55
49
54
59
46
82
245
44
51
53
48
51
49
47
52
48
47
54
47
47
48
83
231
45
77
251
50
50
76
264
52
49
53
54
95
273
253
249
248
234
235
238
245
47
46
44
53
54
50
46
44
44
44
44
44
48
44
43
45
44
44
44
43
45
43
44
43
44
44
44
44
44
48
50
51
56
45
44
44
43
44
46
49
44
44
45
45
43
43
46
44
44
44
43
43
44
44
46
57
49
46
41
44
47
39
41
40
40
41
39
42
40
43
40
40
41
41
39
40
39
42
41
41
55
59
52
41
42
42
40
42
41
42
41
40
39
42
41
41
42
44
42
41
41
40
43
39
42
41
75
48
42
41
40
40
40
41
41
41
40
40
39
40
41
41
40
40
39
44
41
43
40
39
74
61
42
43
41
42
41
40
42
44
39
41
40
41
40
40
40
41
44
43
40
40
40
41
39
43
50
50
43
44
40
40
42
40
40
42
40
40
40
41
41
41
39
40
40
41
41
42
40
40
42
40
55
50
47
42
42
46
40
42
41
40
41
41
41
40
40
42
39
41
40
41
41
43
39
41
40
40
45
54
48
42
41
42
41
41
41
41
41
44
40
41
41
43
41
42
40
41
42
40
40
45
45
72
263
47
73
132
95
61
49
42
40
42
43
40
42
40
39
39
43
42
39
39
40
40
41
41
47
51
46
45
47
44
46
45
44
44
44
44
44
44
46
43
44
44
45
43
46
44
45
44
43
44
63
52
52
43
42
41
42
41
41
42
40
40
45
41
41
40
41
42
47
40
40
40
39
40
41
41
40
51
50
42
41
40
43
40
43
40
43
41
40
40
40
40
40
40
39
39
39
41
40
40
40
42
63
54
46
46
46
44
45
43
43
44
45
44
43
48
47
43
43
43
45
43
46
44
45
45
56
51
43
45
45
50
51
45
44
46
45
44
45
47
44
44
44
44
46
43
45
44
45
46
46
45
58
53
44
47
45
48
46
45
43
46
45
44
43
42
48
44
44
44
43
47
45
47
45
45
42
48
52
51
47
45
46
43
46
44
44
46
43
46
45
44
47
44
43
43
44
45
46
45
43
43
49
49
55
47
46
48
49
45
44
46
46
44
43
45
44
44
45
44
44
44
42
43
44
45
43
45
47
40
91
52
46
47
45
47
44
44
43
45
44
47
44
48
44
44
43
47
43
43
43
45
44
43
46
47
52
52
45
48
43
43
44
46
44
44
45
44
43
43
44
44
47
44
45
46
44
43
43
44
72
283
42
56
89
124
85
262
267
231
238
85
160
111
93
234
79
268
123
76
112
93
78
287
69
70
284
52
74
115
40
67
101
65
123
44
55
53
84
296
267
203
249
261
258
238
238
227
48
43
45
46
46
47
59
67
62
56
45
47
51
49
45
44
44
43
44
44
45
44
44
43
45
43
44
43
46
50
52
54
50
49
45
46
48
45
47
44
44
44
46
44
47
46
46
44
47
44
43
47
43
43
48
49
51
48
45
42
48
44
45
43
45
45
44
44
46
45
44
44
45
43
44
44
46
43
43
45
53
48
42
42
42
41
44
46
45
44
48
43
44
47
44
46
46
44
57
44
45
43
45
44
48
47
50
48
52
46
44
43
46
44
44
43
44
43
50
46
48
43
45
45
44
45
44
44
45
44
44
44
45
80
57
45
47
45
48
45
45
43
44
45
46
44
44
45
44
47
43
44
44
44
43
43
45
47
47
276
46
51
44
45
45
47
44
46
44
45
43
44
44
44
42
44
45
44
43
44
43
44
51
50
47
47
44
45
44
44
44
45
43
46
45
47
43
44
43
46
43
44
43
46
44
43
44
43
45
80
147
45
48
42
44
41
41
41
40
41
40
41
41
39
41
42
39
43
40
39
45
41
40
43
58
51
49
47
44
47
44
45
43
44
47
48
44
50
44
44
43
44
45
45
44
44
46
44
44
57
50
46
45
45
49
46
50
44
45
44
47
44
44
45
44
47
44
45
42
44
45
43
43
49
44
48
55
46
45
45
44
44
45
44
47
43
44
48
44
44
46
44
44
43
43
43
43
44
44
44
43
47
49
48
44
45
45
43
44
43
47
44
46
46
49
45
43
44
45
44
44
43
44
43
47
44
44
60
52
45
46
45
44
44
45
45
45
44
49
45
45
44
47
42
43
44
46
44
47
43
45
46
50
49
44
41
42
41
40
43
40
41
40
41
42
40
40
40
41
40
40
39
40
39
40
40
41
41
40
54
52
47
45
46
44
44
44
46
45
46
44
45
45
45
44
45
46
43
44
45
44
45
46
49
50
48
41
43
41
42
42
40
40
41
41
40
40
43
40
43
39
41
39
40
40
40
40
41
44
47
44
41
40
48
42
40
43
40
40
40
40
42
39
40
39
40
41
39
40
40
39
41
39
40
44
49
41
42
41
41
41
41
40
39
40
40
39
42
40
43
40
39
40
41
40
40
39
42
41
41
45
61
52
46
41
45
40
41
40
40
40
40
40
40
43
40
40
39
43
40
39
39
40
39
43
58
52
47
46
47
46
48
45
44
44
44
43
47
44
44
52
44
44
44
44
47
49
47
45
44
45
62
49
41
42
41
39
40
41
40
40
41
41
41
40
40
41
40
39
40
40
40
40
40
40
40
40
44
52
49
44
46
43
44
44
45
43
43
43
44
83
266
42
77
246
43
79
110
251
235
77
109
82
87
84
108
247
44
50
56
51
82
110
65
71
91
78
103
264
123
79
80
48
46
49
77
368
312
395
292
264
294
155
40
39
49
42
41
41
41
40
42
40
44
47
44
49
45
44
43
46
45
45
43
50
61
50
44
44
45
46
44
45
43
43
44
44
44
46
43
44
44
43
46
45
45
44
44
47
52
46
43
43
41
46
49
49
44
44
46
45
44
43
44
46
43
43
44
43
44
44
44
44
44
44
47
52
47
42
46
41
40
40
40
40
41
41
49
45
45
46
46
45
43
45
45
51
45
46
48
44
50
52
45
44
48
44
44
50
44
43
48
44
43
45
44
45
44
45
47
45
44
43
45
45
71
47
42
43
42
43
41
40
41
45
46
47
43
44
43
44
44
45
48
44
43
45
46
47
44
44
60
50
46
46
43
44
45
43
44
48
45
43
43
44
43
47
46
43
43
43
43
46
46
44
46
44
65
51
47
46
45
48
46
45
44
44
44
46
43
45
45
45
42
44
44
48
46
43
42
44
45
43
84
120
45
40
46
40
41
40
40
40
42
41
42
41
41
40
40
40
42
39
40
42
42
41
44
44
46
44
41
43
41
40
39
40
41
39
40
40
40
40
41
42
39
39
40
40
40
39
42
41
39
55
53
46
47
45
44
44
45
44
46
43
43
44
43
43
44
48
45
52
41
43
40
39
46
43
56
49
47
46
45
45
44
44
44
45
45
45
47
44
44
44
44
50
44
46
43
44
42
44
46
43
53
51
47
46
44
48
44
44
47
48
45
48
44
45
44
