33
246
187
165
164
138
127
130
120
116
131
132
115
148
137
118
122
124
125
126
126
133
129
124
120
136
136
139
133
124
124
124
134
123
130
119
121
127
131
117
124
121
175
125
120
133
124
122
127
128
168
153
138
127
110
120
115
117
121
114
106
116
102
106
118
104
101
100
102
102
100
96
94
102
97
109
105
108
93
98
102
95
100
103
98
113
106
135
98
88
101
104
96
108
101
112
100
110
106
94
98
100
97
95
100
102
104
101
104
101
100
111
98
103
105
100
98
99
104
99
103
104
98
100
109
106
111
133
104
107
109
108
100
106
108
107
105
100
118
108
103
99
110
108
116
105
113
107
113
104
100
108
111
107
115
112
117
105
127
109
106
106
108
110
109
115
106
105
103
115
109
108
108
143
103
105
103
103
112
109
115
115
118
120
118
110
112
117
113
116
128
123
112
113
120
112
122
118
113
118
125
119
113
116
126
114
115
124
123
117
121
113
136
115
194
127
126
116
114
123
117
106
112
118
112
113
113
111
111
107
168
128
115
114
110
112
114
107
113
107
113
113
116
113
120
116
110
103
119
116
104
111
112
125
120
115
115
121
116
119
123
119
128
118
114
122
113
125
120
113
119
120
111
109
125
122
125
114
116
134
123
118
118
113
120
115
118
113
112
114
109
113
115
111
116
119
117
123
126
116
115
114
114
117
120
117
116
119
113
111
112
121
116
117
113
110
116
117
121
120
134
132
127
127
132
129
128
128
126
126
130
125
129
124
125
119
127
135
121
125
130
126
125
119
127
156
131
129
146
132
130
130
128
122
130
127
126
136
139
131
135
136
129
129
138
129
125
128
124
134
141
148
129
126
141
131
136
113
129
121
115
113
123
123
118
117
112
119
111
129
104
106
105
109
103
110
108
103
96
102
109
110
111
103
105
110
108
118
178
109
110
109
117
104
110
112
107
118
119
110
113
118
118
114
109
110
114
122
118
116
113
117
119
123
113
120
118
115
124
126
113
115
127
114
112
117
112
118
117
120
117
121
115
121
117
124
115
121
116
113
115
118
115
117
117
114
120
123
115
119
141
121
119
116
120
123
125
119
120
120
122
119
125
131
149
125
128
121
121
119
124
80
28
29
267
226
152
158
118
116
119
120
118
117
116
126
113
115
112
114
122
129
113
115
118
110
119
124
113
120
115
115
119
115
120
117
116
110
116
113
112
117
113
118
118
117
109
120
162
118
130
124
122
133
123
128
129
131
127
132
125
125
139
129
121
135
132
131
131
126
130
132
125
129
139
135
126
125
132
122
128
145
126
130
131
122
126
130
125
129
128
129
131
130
124
132
140
127
135
121
125
129
128
121
130
130
122
130
131
152
132
135
129
128
138
132
134
126
128
131
129
124
129
123
129
124
129
129
134
126
127
141
143
125
132
136
133
132
123
121
143
128
125
127
120
112
113
109
111
99
94
105
96
100
102
110
104
92
100
96
114
89
100
86
99
108
97
96
101
94
94
101
162
96
107
95
133
99
97
96
94
100
99
99
105
106
105
94
98
107
91
98
94
107
104
105
104
103
102
108
103
106
93
99
91
89
87
91
82
115
131
93
88
87
85
82
93
109
114
111
75
77
78
88
93
84
73
81
79
90
89
79
127
76
96
83
92
91
94
86
81
95
85
94
90
93
93
96
103
90
99
94
94
102
101
90
92
94
93
96
93
102
106
87
90
101
106
97
97
94
97
104
97
100
94
104
94
96
100
94
104
105
101
96
101
97
104
104
100
105
102
119
121
91
101
105
100
96
104
102
100
131
93
104
133
92
90
104
103
101
101
105
97
104
101
93
110
96
104
90
99
102
97
104
100
107
106
100
102
112
105
104
96
96
100
109
100
96
102
113
106
103
122
107
108
108
107
101
106
109
108
107
105
106
108
104
111
104
106
103
96
104
122
106
136
100
114
105
105
109
105
100
110
116
109
121
114
111
119
112
112
110
114
111
115
114
107
115
117
113
121
112
115
112
120
127
138
127
121
114
117
116
111
116
110
114
113
111
118
115
109
126
124
111
114
110
109
121
112
109
121
126
126
112
120
110
123
118
118
111
165
114
150
117
123
113
113
116
121
114
110
124
126
115
129
123
121
133
126
119
121
124
119
120
123
122
131
125
126
127
123
117
119
118
119
138
127
118
130
122
120
118
119
114
121
121
118
124
125
117
128
123
116
129
127
121
121
122
119
143
127
123
130
129
166
125
122
125
124
129
118
124
120
122
122
116
119
197
128
126
119
128
123
127
127
125
128
128
127
136
121
131
135
151
126
124
136
132
141
139
131
138
143
134
130
138
127
135
130
133
131
134
127
134
137
131
130
139
131
152
133
136
128
124
141
133
131
154
138
139
135
132
137
130
137
140
136
127
132
132
138
136
135
142
138
136
136
146
138
131
136
133
144
135
130
137
142
143
139
160
151
144
132
140
137
139
136
134
133
137
142
141
145
141
139
141
134
140
141
145
136
142
138
137
133
146
139
141
135
135
146
140
135
215
141
142
140
143
138
136
137
144
136
137
134
135
138
135
135
142
145
141
136
133
86
39
36
36
38
37
713
187
176
190
132
199
182
181
116
122
140
136
131
138
133
133
133
135
140
136
135
150
143
132
130
135
135
131
128
129
138
135
129
123
127
131
136
126
134
129
132
122
124
128
126
126
134
172
134
133
136
141
128
129
143
137
133
134
133
144
138
137
136
131
134
137
136
138
231
139
135
134
136
135
143
140
135
127
140
135
141
143
134
134
139
140
137
135
142
134
139
139
132
137
139
133
141
132
133
136
144
133
140
140
134
132
136
142
138
144
178
149
154
139
142
131
131
138
137
134
138
133
140
130
135
132
139
128
131
129
131
133
135
144
153
157
155
147
153
151
149
148
150
143
135
131
130
133
137
131
149
128
125
127
129
133
128
139
148
143
137
130
130
127
131
140
139
123
132
134
129
133
136
165
133
123
130
127
141
140
138
124
123
120
122
119
124
131
132
129
131
127
133
126
130
130
133
146
148
147
143
146
140
145
138
131
128
126
133
125
144
124
130
122
124
124
123
134
136
126
131
121
124
123
127
120
123
124
132
132
133
127
132
135
136
168
134
132
134
132
134
133
132
128
136
129
135
149
130
135
138
145
136
131
134
130
128
134
138
129
130
133
135
135
131
124
135
132
135
144
144
143
136
125
127
126
131
126
122
125
132
125
135
129
136
137
133
135
133
132
123
134
137
147
155
145
150
146
153
195
147
150
146
143
148
162
138
140
145
141
144
139
133
138
137
125
124
126
140
131
133
137
230
149
145
151
155
150
153
149
152
133
141
145
146
144
142
138
147
149
148
155
145
144
146
143
143
144
148
141
143
142
147
144
138
128
138
131
130
139
148
154
150
131
139
150
142
148
141
129
127
131
134
137
124
109
114
114
116
115
115
108
108
113
112
108
106
111
110
125
106
106
108
109
104
105
98
109
110
104
104
110
110
104
103
92
104
107
102
105
104
103
103
107
106
108
112
108
111
148
113
108
110
112
111
107
111
108
112
118
110
105
108
121
112
107
116
113
111
110
111
114
111
111
115
108
112
111
107
112
120
114
114
111
116
116
117
122
115
126
120
127
121
122
121
120
122
115
120
121
126
124
117
112
115
117
124
134
117
124
118
117
118
117
133
119
127
121
126
119
121
122
128
126
140
134
123
124
128
135
129
128
132
135
129
129
138
131
130
131
130
126
132
136
138
133
130
133
126
139
133
127
125
130
130
124
125
138
131
132
142
137
134
130
127
129
132
127
156
129
128
130
127
129
128
130
130
131
133
136
129
134
134
134
135
124
131
132
131
143
138
143
140
141
140
145
145
143
144
153
138
142
148
143
149
151
144
138
145
151
148
141
144
142
140
143
138
142
147
145
141
138
135
141
144
143
144
147
137
145
172
148
148
143
145
141
142
137
143
140
143
150
142
139
148
145
143
147
145
152
138
142
143
146
158
145
147
145
145
145
148
146
149
152
163
143
150
147
139
158
56
44
42
43
41
170
481
129
190
201
184
148
179
167
274
128
134
133
135
134
130
135
132
128
135
167
131
132
136
126
135
135
144
141
143
136
140
143
139
144
151
144
141
147
143
142
142
143
141
149
152
141
140
143
152
146
145
140
149
142
146
143
146
141
143
140
147
144
148
142
144
138
148
146
150
137
141
138
147
168
146
142
139
139
144
140
143
152
170
139
141
140
136
149
145
143
145
138
144
144
137
146
146
140
142
144
144
147
146
146
145
149
141
145
148
142
143
147
145
140
167
151
149
142
142
139
136
141
140
150
136
146
149
148
145
147
143
157
145
149
144
145
143
144
161
170
158
145
151
149
143
154
145
156
140
144
139
149
148
141
146
143
142
151
143
139
148
154
162
168
152
146
150
149
149
150
145
157
158
159
164
157
166
147
150
149
143
143
140
145
148
139
148
143
142
142
140
143
147
147
149
150
146
146
167
141
144
141
141
147
142
142
148
149
162
145
150
147
139
141
154
144
152
147
153
143
139
144
152
157
146
148
146
140
149
153
147
146
150
140
146
145
147
143
154
143
146
138
169
165
169
159
158
164
161
168
162
149
146
151
138
144
156
149
142
250
144
148
153
138
149
144
147
143
144
141
145
170
148
149
145
147
147
139
143
143
145
147
146
144
142
146
145
152
149
142
149
142
148
146
149
144
151
166
141
164
149
148
148
141
146
145
155
149
152
163
167
161
170
169
171
162
162
165
148
143
154
145
153
148
144
144
152
149
142
145
152
149
146
144
182
146
144
153
161
168
164
159
159
163
163
167
162
163
167
172
162
163
162
165
169
158
167
163
166
157
166
152
148
149
144
144
144
145
147
145
145
153
141
146
146
142
149
146
150
146
148
143
162
155
165
161
166
167
167
167
152
149
148
142
151
146
141
175
149
153
148
162
145
145
149
142
151
144
142
159
146
144
142
148
146
145
155
146
143
149
144
149
147
147
146
143
153
150
146
152
161
166
164
169
155
138
148
154
148
151
156
149
152
148
145
155
149
144
148
149
145
154
153
150
146
148
162
161
164
163
196
164
164
152
152
173
153
149
149
150
145
152
146
147
145
140
151
142
144
145
155
143
145
146
145
149
163
165
148
151
152
157
149
147
243
146
145
149
145
149
150
152
150
147
144
156
148
152
154
149
147
160
185
183
170
164
157
147
154
149
157
144
151
149
185
151
150
151
155
145
151
144
160
145
156
154
149
145
153
165
155
145
155
141
150
144
146
148
145
153
152
144
149
144
147
145
148
150
148
146
151
150
149
161
159
147
153
149
164
148
144
150
150
151
152
145
153
141
144
152
147
156
147
150
149
151
155
199
168
166
164
166
162
155
148
164
151
150
151
149
156
150
149
152
149
154
156
146
154
156
153
149
151
158
146
149
153
168
159
152
143
142
150
151
151
145
154
153
147
149
149
150
153
151
149
156
147
147
158
108
51
51
50
49
51
51
1192
232
167
222
164
205
209
201
157
211
189
145
147
149
150
161
151
144
150
204
152
146
147
157
143
141
150
171
148
145
155
149
150
146
153
151
146
150
148
149
147
157
146
150
148
151
160
147
159
152
141
146
150
153
152
150
147
146
145
141
147
152
148
151
148
146
155
157
154
150
152
152
152
148
147
147
151
144
153
147
151
181
153
145
151
150
148
151
152
146
160
145
146
151
145
150
146
145
147
146
148
147
154
153
147
151
149
149
155
143
147
144
146
145
151
144
143
147
148
152
157
162
164
166
166
169
173
162
157
150
154
157
165
145
145
148
150
247
154
144
151
152
147
181
146
149
150
146
157
147
153
152
150
150
150
151
147
154
142
151
152
153
152
144
152
147
149
147
155
147
148
145
149
169
167
173
167
171
177
150
157
149
149
148
149
146
157
147
143
145
144
148
154
152
145
147
152
147
148
145
154
173
175
158
147
184
153
151
152
150
145
147
151
152
149
138
150
164
161
158
160
157
146
171
174
170
171
153
153
152
138
154
152
148
152
154
144
146
149
149
154
146
157
153
164
149
151
164
171
172
168
173
158
155
151
151
153
151
150
152
167
166
149
156
149
152
148
151
157
172
149
152
147
153
155
162
156
153
157
153
181
149
160
154
149
146
159
147
150
153
156
144
159
145
148
155
153
145
152
164
156
151
148
151
149
150
151
156
153
149
159
152
149
159
149
144
151
153
153
161
155
151
152
160
156
149
154
144
158
149
149
186
149
146
158
164
145
158
152
145
154
150
146
152
156
152
156
167
157
152
151
150
150
147
149
154
157
151
147
160
154
152
152
148
157
150
150
150
154
146
159
164
178
176
170
174
169
145
149
163
157
148
148
156
156
149
152
149
153
153
252
157
150
141
176
155
158
155
155
146
155
155
146
153
155
149
151
151
148
155
155
148
155
145
155
159
154
146
152
149
146
152
160
172
180
154
148
152
149
148
149
157
145
155
147
147
151
149
154
156
157
148
156
157
149
152
164
152
169
160
157
155
160
147
154
152
155
173
159
148
156
153
152
147
154
150
153
145
149
156
150
148
150
165
158
158
152
144
159
148
143
149
149
145
149
154
151
158
153
150
157
155
146
154
152
151
153
171
156
157
157
147
150
151
151
158
157
155
163
156
153
153
152
145
157
147
151
150
152
148
185
162
184
176
166
156
154
147
158
162
174
168
175
175
176
171
163
157
153
153
150
160
152
154
148
151
153
152
156
156
151
152
150
155
149
154
153
151
162
174
167
150
157
152
150
153
158
160
155
150
156
158
156
154
166
155
151
152
156
152
160
154
196
176
164
154
164
154
154
156
153
151
151
151
152
159
158
153
162
151
158
169
166
165
156
151
151
157
150
166
178
172
156
153
155
163
152
163
164
167
166
159
156
163
171
158
161
161
162
160
173
157
154
164
156
159
150
155
157
155
60
52
129
57
57
57
754
357
180
228
202
155
213
197
201
161
189
184
147
140
195
146
143
142
142
141
145
135
149
141
143
148
143
140
139
139
154
164
155
153
156
155
155
164
163
157
157
169
151
155
166
158
158
156
161
153
160
166
161
153
162
158
156
152
162
148
120
156
157
174
158
154
154
157
169
152
163
169
150
154
160
153
163
182
156
161
155
154
159
158
159
157
156
156
159
152
156
156
167
151
161
152
154
162
159
161
161
156
156
153
153
150
159
155
151
155
157
154
162
156
160
166
151
151
154
150
155
158
158
161
157
159
158
160
156
157
164
151
164
162
160
157
156
154
161
162
191
158
156
155
157
157
161
154
160
153
158
158
156
161
193
163
156
163
153
158
164
151
157
158
164
155
164
155
161
157
161
152
166
161
162
173
161
171
172
166
158
157
155
161
156
162
151
151
158
156
164
154
156
166
157
155
171
158
169
178
165
166
187
193
154
162
167
155
167
153
162
158
160
165
159
159
158
163
160
158
172
155
161
163
159
152
159
169
163
160
159
160
164
156
158
157
158
156
162
163
154
162
158
154
171
156
153
168
157
160
158
154
249
174
176
174
181
161
156
160
160
161
172
177
174
220
171
159
169
156
159
156
157
153
176
162
163
159
158
160
164
162
153
168
164
156
171
159
158
167
174
178
190
180
173
185
180
179
158
164
169
174
178
178
162
158
158
162
162
164
165
160
162
177
158
156
166
166
158
164
165
164
176
180
168
166
164
161
162
208
161
172
173
181
179
173
181
180
175
185
176
174
171
173
171
173
176
173
177
172
170
174
174
165
154
153
159
174
161
149
151
152
153
155
161
147
160
155
156
161
158
147
149
152
150
160
176
179
173
173
171
172
161
157
159
152
158
152
151
149
154
152
189
155
156
155
150
165
173
169
170
174
168
172
171
174
166
157
161
152
155
155
148
152
159
155
157
155
149
157
162
147
169
173
168
178
175
172
165
171
170
165
164
173
163
168
162
151
160
156
159
151
157
156
152
152
151
157
155
158
147
176
167
174
180
213
173
171
179
169
178
179
171
171
178
179
178
172
177
172
173
175
182
174
169
176
177
167
178
174
172
174
177
173
174
174
179
177
169
173
175
180
170
171
179
178
172
180
180
175
258
161
157
159
158
153
152
151
156
162
158
156
148
148
165
162
164
160
203
156
176
147
144
153
146
170
172
173
164
150
145
152
153
156
148
156
158
154
170
168
180
173
183
168
179
169
171
178
174
173
181
178
177
183
172
174
184
166
163
153
156
152
159
154
163
157
163
166
156
154
155
175
181
178
174
173
177
174
178
181
185
173
203
157
153
150
161
155
159
161
154
154
178
146
154
159
165
172
183
179
175
178
180
177
171
173
179
181
186
174
173
175
177
180
177
177
197
172
156
162
161
151
155
157
152
157
158
168
171
156
164
175
184
176
179
177
173
178
180
173
113
64
63
61
581
173
222
171
199
201
200
165
158
157
159
163
202
156
156
156
164
163
162
260
160
152
167
157
158
165
154
157
163
162
158
150
154
161
159
159
156
158
164
160
158
167
164
158
163
162
163
156
152
155
150
163
160
161
155
170
155
156
159
164
161
153
158
166
162
159
161
161
162
150
153
158
158
164
159
164
167
194
156
175
178
177
183
177
182
173
174
180
183
179
186
179
186
176
177
189
170
173
157
152
153
155
157
163
153
157
157
170
157
165
168
167
165
180
174
167
158
159
158
164
170
163
162
166
153
169
171
162
183
190
191
177
169
169
168
164
161
168
168
203
161
190
163
166
263
181
163
175
168
166
166
168
173
171
164
164
168
170
170
168
168
169
174
171
179
171
173
184
194
189
177
162
183
163
165
168
175
174
177
172
168
167
176
175
171
170
172
171
173
170
169
172
176
170
165
170
186
186
198
175
167
166
167
202
169
168
178
170
174
173
166
177
181
172
166
172
175
172
181
169
167
171
173
173
184
196
183
170
174
167
175
167
167
170
167
168
171
165
168
178
170
170
170
171
186
183
195
175
164
176
170
171
168
169
170
167
168
172
178
166
171
169
177
174
169
170
195
174
168
173
168
172
175
193
195
189
185
166
179
168
167
173
172
168
171
175
169
171
167
163
169
173
165
169
168
166
176
174
170
169
189
196
177
176
168
166
169
173
166
175
180
190
189
170
169
174
186
195
183
178
168
177
168
184
178
170
175
176
201
169
178
170
176
172
173
178
165
176
172
165
178
174
166
175
172
181
174
170
171
169
172
175
165
171
173
172
177
175
170
169
170
169
172
171
184
168
167
173
174
171
169
173
183
194
182
179
187
172
195
173
175
168
164
172
169
172
180
181
177
195
171
187
210
242
170
173
176
170
176
173
183
176
177
175
175
182
191
198
183
175
172
173
171
152
177
166
167
171
168
172
172
174
179
175
185
181
177
165
176
176
165
186
166
177
169
169
174
173
175
166
172
173
173
171
175
167
172
170
165
172
173
177
172
172
175
204
176
168
169
169
178
170
178
174
173
179
181
166
182
175
175
171
175
173
177
182
167
186
173
180
176
173
178
180
176
170
173
172
179
182
175
179
178
169
173
174
173
176
177
183
170
174
174
176
187
198
206
183
175
184
178
171
188
183
171
171
179
172
201
174
174
180
174
176
175
176
170
183
172
174
177
180
190
187
199
181
180
179
178
174
178
174
171
186
173
180
181
176
175
178
177
182
187
172
183
176
168
175
181
185
175
198
198
207
186
179
176
177
180
181
173
175
174
177
174
186
193
195
200
181
205
176
177
182
181
186
180
180
183
176
182
178
181
182
183
192
198
211
195
182
178
180
180
182
174
178
176
181
176
188
179
179
173
179
187
178
174
180
181
174
177
177
173
181
175
178
178
189
175
177
183
187
172
176
180
185
182
180
185
175
80
76
75
78
74
71
999
320
272
187
223
229
186
224
226
224
222
196
199
170
160
175
169
167
159
163
163
158
160
164
159
168
183
184
179
180
182
181
178
175
177
180
179
175
181
189
187
187
174
191
181
176
181
191
183
175
141
183
184
174
188
186
184
186
180
182
178
173
179
187
184
185
174
180
182
189
183
177
179
180
172
181
202
182
178
190
181
182
180
174
187
178
178
188
183
176
178
171
178
176
174
172
173
178
184
184
179
179
178
181
181
176
174
177
179
184
179
180
180
201
179
179
177
176
187
178
183
185
182
190
183
180
180
187
190
180
181
185
184
179
183
183
183
184
177
223
187
186
184
179
177
179
179
182
188
171
179
182
182
184
182
181
180
187
178
178
179
181
185
183
180
178
171
182
184
177
190
184
182
179
175
184
178
182
180
182
175
185
181
178
177
178
191
185
174
173
182
182
181
177
176
176
182
190
176
185
183
125
124
251
226
230
180
179
179
177
182
178
184
180
186
185
189
181
182
180
182
183
179
178
186
173
178
178
177
193
183
175
175
180
185
175
190
186
182
185
181
186
187
180
181
185
177
179
184
174
198
177
187
175
179
176
178
178
185
186
190
183
183
188
180
189
185
225
191
180
189
186
189
181
180
177
185
187
182
179
183
188
191
181
182
187
179
182
187
189
184
183
183
184
183
186
185
197
205
186
187
183
180
183
184
184
181
183
180
186
181
191
187
183
176
182
182
178
188
179
184
183
185
180
183
184
188
204
187
182
177
216
199
188
173
192
182
180
178
177
178
183
176
186
186
181
180
182
185
179
176
184
179
179
181
195
206
190
176
179
181
181
178
179
181
178
187
176
181
182
183
186
179
177
181
183
181
190
179
181
183
180
182
187
173
181
193
204
210
178
190
194
185
183
215
181
182
198
182
190
186
186
176
186
188
192
180
184
183
185
186
189
183
185
181
181
186
191
202
197
185
197
179
181
180
177
180
182
188
185
182
186
191
194
183
181
186
183
184
193
189
191
188
189
196
192
183
181
180
205
208
193
182
184
188
190
183
219
185
187
187
183
190
184
190
193
191
184
190
185
290
189
182
184
201
186
188
208
184
185
176
190
182
186
180
196
185
187
183
187
192
178
197
193
177
182
188
186
192
188
192
182
188
180
194
189
179
185
180
64
99
233
62
98
66
306
258
234
186
186
200
192
185
180
192
215
182
186
184
203
196
195
187
191
184
180
187
192
189
196
193
183
191
185
189
192
181
176
183
185
184
177
182
181
184
184
185
181
179
179
187
186
184
185
190
189
177
177
184
181
183
176
176
183
183
183
178
175
174
181
182
189
176
176
181
179
189
173
186
186
180
190
274
202
196
178
192
193
193
194
190
192
197
205
186
189
197
171
177
187
176
178
180
168
172
175
178
175
174
174
173
170
176
174
183
170
168
167
170
169
175
166
185
185
192
187
186
187
190
139
73
74
73
70
71
69
653
375
263
413
183
207
209
203
192
208
170
166
165
162
165
169
167
167
172
164
168
167
167
166
205
165
168
175
177
174
169
159
165
182
164
174
173
178
176
165
172
172
177
162
166
166
164
165
164
166
166
170
165
161
169
173
166
177
169
164
178
177
182
181
187
192
189
188
183
180
186
183
187
187
205
189
184
187
179
183
183
190
190
186
183
200
188
212
178
184
182
186
200
192
185
195
192
190
187
186
188
186
182
175
168
169
171
171
168
170
187
203
190
195
185
187
187
184
191
187
188
183
189
184
201
187
182
187
189
184
190
183
194
195
185
184
186
188
183
197
193
188
185
186
189
184
186
193
190
167
213
191
195
192
189
187
188
190
185
189
193
188
184
192
186
186
187
189
185
188
183
187
190
189
186
185
185
186
184
187
188
179
187
188
186
182
185
185
192
185
187
186
188
186
187
187
184
185
185
187
182
198
182
194
190
186
182
183
190
185
184
185
194
214
182
185
186
205
184
193
183
194
190
194
203
194
190
286
198
198
192
197
200
194
196
201
193
196
194
200
187
191
188
190
192
191
188
194
204
191
188
182
174
195
168
173
174
173
175
175
177
191
195
194
195
195
197
164
171
172
179
185
181
179
171
182
169
171
190
265
195
188
190
186
193
202
202
209
197
189
196
184
170
170
179
173
178
180
176
189
195
190
188
189
187
194
189
189
193
193
203
194
190
191
191
193
198
192
195
195
206
193
199
192
192
190
189
194
192
203
189
205
190
190
195
190
193
198
192
193
194
191
226
188
194
187
199
190
190
191
189
218
190
198
202
197
193
191
207
203
196
202
193
200
193
191
193
194
195
195
189
196
192
193
196
201
195
189
191
195
193
194
203
200
189
197
219
216
204
197
196
193
195
200
196
198
195
194
195
196
190
196
193
195
194
191
222
194
214
196
193
193
190
197
196
192
198
197
201
216
200
194
197
191
195
205
191
199
205
196
206
196
191
196
194
199
194
194
209
194
197
198
195
192
203
198
199
199
195
210
194
195
202
200
200
199
196
192
198
214
202
195
197
199
198
201
193
199
197
197
245
227
295
195
207
195
197
194
197
196
190
200
197
195
197
203
200
197
192
196
197
197
193
205
202
196
201
193
203
195
200
195
198
195
200
203
201
203
197
193
199
198
197
201
194
194
192
198
206
201
195
212
227
224
202
196
197
194
196
197
191
192
227
200
203
203
197
193
204
198
201
195
204
199
199
216
197
200
203
203
200
201
202
201
198
194
205
227
227
212
202
207
207
205
200
202
203
199
196
196
207
224
214
227
211
202
206
211
132
256
198
205
209
197
203
204
201
207
200
201
206
199
199
204
206
209
196
257
206
205
205
199
204
197
199
198
200
204
207
195
197
200
195
198
205
201
195
202
198
194
199
199
213
201
197
206
194
205
204
194
196
201
199
196
190
195
199
202
196
208
130
81
81
83
88
90
90
545
399
226
284
215
246
247
247
203
241
241
226
186
179
186
185
185
178
175
180
181
180
184
181
178
179
185
179
182
212
176
184
187
190
184
175
187
200
201
191
200
203
193
199
205
205
196
202
269
196
197
193
201
202
198
200
196
201
194
205
204
201
195
194
204
201
195
199
206
196
199
197
199
201
209
192
197
192
194
194
196
205
194
193
200
203
205
207
196
212
208
209
202
205
247
205
201
199
206
196
200
199
213
213
208
209
206
208
205
202
205
205
200
202
205
202
201
206
204
199
200
198
209
205
204
200
202
206
211
196
197
200
201
205
199
198
199
198
197
198
204
205
202
206
204
203
199
197
199
200
206
204
198
204
200
202
202
227
203
200
205
205
204
203
203
203
203
204
199
197
209
202
202
198
200
206
198
195
206
201
204
199
203
194
201
203
208
200
210
200
203
204
198
204
205
204
210
205
198
204
198
205
202
202
200
202
209
203
206
228
205
208
207
206
207
203
208
201
203
213
228
197
206
202
201
203
203
203
205
205
202
205
205
210
295
204
201
199
208
207
199
197
205
205
200
206
198
210
206
205
208
208
208
208
201
207
204
215
202
202
205
202
201
207
202
201
212
213
206
208
227
211
206
206
206
201
213
206
202
202
202
215
206
234
207
203
206
198
203
200
212
203
207
208
200
203
214
224
211
199
204
202
205
202
207
200
203
200
206
196
201
207
203
202
204
222
203
200
205
196
202
198
214
205
216
206
208
205
201
198
213
243
210
209
201
199
209
200
206
206
203
201
200
201
216
213
210
234
198
202
213
210
216
205
202
206
198
200
212
201
203
203
204
202
203
202
213
205
205
199
205
206
201
203
203
205
208
209
211
205
211
213
199
205
212
211
206
202
206
207
206
201
204
198
206
204
204
208
200
205
224
228
213
208
203
198
205
209
201
201
235
199
202
201
206
213
200
206
204
206
206
212
212
204
201
203
204
202
203
205
206
205
208
206
202
201
209
206
204
201
207
202
208
217
212
201
206
204
206
208
203
203
207
204
222
204
201
205
207
204
209
203
204
206
206
210
203
208
206
205
219
240
229
241
203
197
207
203
201
204
216
203
206
284
206
199
205
210
202
200
207
208
210
210
202
208
208
209
226
208
205
210
206
206
212
211
204
219
220
205
212
204
213
208
207
203
201
211
202
207
215
204
209
214
205
201
209
207
198
203
211
217
208
205
210
206
235
205
205
201
204
227
238
238
213
203
204
208
209
205
211
200
206
206
205
204
221
198
208
202
214
211
207
202
208
211
212
205
209
203
202
205
210
214
222
210
201
214
201
210
206
214
203
206
206
209
224
237
207
207
206
202
209
208
203
206
204
209
217
208
211
239
208
208
206
201
207
217
218
209
216
198
208
200
198
198
203
194
213
209
205
226
212
216
218
207
243
275
250
254
231
223
203
204
196
205
204
210
205
215
96
74
73
74
73
658
283
225
219
244
192
206
205
202
210
209
214
207
209
198
216
210
204
200
207
207
202
200
206
202
202
205
207
206
203
202
208
221
262
202
213
211
211
200
216
204
205
197
207
217
204
202
199
212
213
201
204
203
202
207
203
208
204
205
206
201
202
203
215
205
226
214
206
205
205
204
205
210
214
204
200
204
204
212
200
210
220
212
207
